[ 2018-12-27T09:31:26+08:00 ] 127.0.0.1 /index.php/Home/index/register
INFO: [ app_init ] --START--
INFO: Run Behavior\BuildLiteBehavior [ RunTime:0.000000s ]
INFO: [ app_init ] --END-- [ RunTime:0.000000s ]
INFO: [ app_begin ] --START--
INFO: Run Behavior\ReadHtmlCacheBehavior [ RunTime:0.001000s ]
INFO: [ app_begin ] --END-- [ RunTime:0.001000s ]
INFO: [ view_parse ] --START--
INFO: [ template_filter ] --START--
INFO: Run Behavior\ContentReplaceBehavior [ RunTime:0.000000s ]
INFO: [ template_filter ] --END-- [ RunTime:0.000000s ]
NOTIC: [2] include(errors.php): failed to open stream: No such file or directory D:\temporary folder\Personal-project\registration system using thinkphp framework\Application\Runtime\Cache\Home\e2f1e8739761dd1b07196da7c9136d50.php 第 13 行.
NOTIC: [2] include(errors.php): failed to open stream: No such file or directory D:\temporary folder\Personal-project\registration system using thinkphp framework\Application\Runtime\Cache\Home\e2f1e8739761dd1b07196da7c9136d50.php 第 13 行.
NOTIC: [2] include(): Failed opening 'errors.php' for inclusion (include_path='.;C:\php\pear') D:\temporary folder\Personal-project\registration system using thinkphp framework\Application\Runtime\Cache\Home\e2f1e8739761dd1b07196da7c9136d50.php 第 13 行.
NOTIC: [8] Undefined variable: username D:\temporary folder\Personal-project\registration system using thinkphp framework\Application\Runtime\Cache\Home\e2f1e8739761dd1b07196da7c9136d50.php 第 16 行.
NOTIC: [8] Undefined variable: error D:\temporary folder\Personal-project\registration system using thinkphp framework\Application\Runtime\Cache\Home\e2f1e8739761dd1b07196da7c9136d50.php 第 42 行.
INFO: Run Behavior\ParseTemplateBehavior [ RunTime:0.020001s ]
INFO: [ view_parse ] --END-- [ RunTime:0.020001s ]
INFO: [ view_filter ] --START--
INFO: Run Behavior\WriteHtmlCacheBehavior [ RunTime:0.000000s ]
INFO: [ view_filter ] --END-- [ RunTime:0.000000s ]
INFO: [ app_end ] --START--
INFO: Run Behavior\ShowPageTraceBehavior [ RunTime:0.001000s ]
INFO: [ app_end ] --END-- [ RunTime:0.001000s ]

[ 2018-12-27T09:33:30+08:00 ] 127.0.0.1 /index.php/Home/index/register
INFO: [ app_init ] --START--
INFO: Run Behavior\BuildLiteBehavior [ RunTime:0.000000s ]
INFO: [ app_init ] --END-- [ RunTime:0.000000s ]
INFO: [ app_begin ] --START--
INFO: Run Behavior\ReadHtmlCacheBehavior [ RunTime:0.002000s ]
INFO: [ app_begin ] --END-- [ RunTime:0.002000s ]
INFO: [ view_parse ] --START--
INFO: [ template_filter ] --START--
INFO: Run Behavior\ContentReplaceBehavior [ RunTime:0.000000s ]
INFO: [ template_filter ] --END-- [ RunTime:0.000000s ]
NOTIC: [2] include(errors.php): failed to open stream: No such file or directory D:\temporary folder\Personal-project\registration system using thinkphp framework\Application\Runtime\Cache\Home\e2f1e8739761dd1b07196da7c9136d50.php 第 13 行.
NOTIC: [2] include(errors.php): failed to open stream: No such file or directory D:\temporary folder\Personal-project\registration system using thinkphp framework\Application\Runtime\Cache\Home\e2f1e8739761dd1b07196da7c9136d50.php 第 13 行.
NOTIC: [2] include(): Failed opening 'errors.php' for inclusion (include_path='.;C:\php\pear') D:\temporary folder\Personal-project\registration system using thinkphp framework\Application\Runtime\Cache\Home\e2f1e8739761dd1b07196da7c9136d50.php 第 13 行.
NOTIC: [8] Undefined variable: username D:\temporary folder\Personal-project\registration system using thinkphp framework\Application\Runtime\Cache\Home\e2f1e8739761dd1b07196da7c9136d50.php 第 16 行.
NOTIC: [8] Undefined variable: error D:\temporary folder\Personal-project\registration system using thinkphp framework\Application\Runtime\Cache\Home\e2f1e8739761dd1b07196da7c9136d50.php 第 42 行.
INFO: Run Behavior\ParseTemplateBehavior [ RunTime:0.007000s ]
INFO: [ view_parse ] --END-- [ RunTime:0.007000s ]
INFO: [ view_filter ] --START--
INFO: Run Behavior\WriteHtmlCacheBehavior [ RunTime:0.001000s ]
INFO: [ view_filter ] --END-- [ RunTime:0.001000s ]
INFO: [ app_end ] --START--
INFO: Run Behavior\ShowPageTraceBehavior [ RunTime:0.000000s ]
INFO: [ app_end ] --END-- [ RunTime:0.001000s ]

[ 2018-12-27T09:33:45+08:00 ] 127.0.0.1 /index.php/Home/index/register.html
INFO: [ app_init ] --START--
INFO: Run Behavior\BuildLiteBehavior [ RunTime:0.000000s ]
INFO: [ app_init ] --END-- [ RunTime:0.000000s ]
INFO: [ app_begin ] --START--
INFO: Run Behavior\ReadHtmlCacheBehavior [ RunTime:0.001000s ]
INFO: [ app_begin ] --END-- [ RunTime:0.001000s ]
SQL: SHOW COLUMNS FROM `account` [ RunTime:0.0050s ]
NOTIC: [8] Undefined index: validate D:\temporary folder\Personal-project\registration system using thinkphp framework\ThinkPHP\Library\Think\Model.class.php 第 1185 行.
NOTIC: [8] Undefined index: auto D:\temporary folder\Personal-project\registration system using thinkphp framework\ThinkPHP\Library\Think\Model.class.php 第 1128 行.
SQL: SELECT * FROM `account` WHERE `username` = 'yuchen' LIMIT 1   [ RunTime:0.0000s ]
INFO: [ view_parse ] --START--
INFO: [ template_filter ] --START--
INFO: Run Behavior\ContentReplaceBehavior [ RunTime:0.001000s ]
INFO: [ template_filter ] --END-- [ RunTime:0.001000s ]
NOTIC: [2] include(errors.php): failed to open stream: No such file or directory D:\temporary folder\Personal-project\registration system using thinkphp framework\Application\Runtime\Cache\Home\e2f1e8739761dd1b07196da7c9136d50.php 第 13 行.
NOTIC: [2] include(errors.php): failed to open stream: No such file or directory D:\temporary folder\Personal-project\registration system using thinkphp framework\Application\Runtime\Cache\Home\e2f1e8739761dd1b07196da7c9136d50.php 第 13 行.
NOTIC: [2] include(): Failed opening 'errors.php' for inclusion (include_path='.;C:\php\pear') D:\temporary folder\Personal-project\registration system using thinkphp framework\Application\Runtime\Cache\Home\e2f1e8739761dd1b07196da7c9136d50.php 第 13 行.
NOTIC: [8] Undefined variable: username D:\temporary folder\Personal-project\registration system using thinkphp framework\Application\Runtime\Cache\Home\e2f1e8739761dd1b07196da7c9136d50.php 第 16 行.
INFO: Run Behavior\ParseTemplateBehavior [ RunTime:0.006001s ]
INFO: [ view_parse ] --END-- [ RunTime:0.006001s ]
INFO: [ view_filter ] --START--
INFO: Run Behavior\WriteHtmlCacheBehavior [ RunTime:0.000000s ]
INFO: [ view_filter ] --END-- [ RunTime:0.000000s ]
INFO: [ app_end ] --START--
INFO: Run Behavior\ShowPageTraceBehavior [ RunTime:0.001000s ]
INFO: [ app_end ] --END-- [ RunTime:0.001000s ]

[ 2018-12-27T09:35:44+08:00 ] 127.0.0.1 /index.php/Home/index/register.html
INFO: [ app_init ] --START--
INFO: Run Behavior\BuildLiteBehavior [ RunTime:0.000000s ]
INFO: [ app_init ] --END-- [ RunTime:0.001000s ]
INFO: [ app_begin ] --START--
INFO: Run Behavior\ReadHtmlCacheBehavior [ RunTime:0.000000s ]
INFO: [ app_begin ] --END-- [ RunTime:0.000000s ]
SQL: SHOW COLUMNS FROM `account` [ RunTime:0.0050s ]
NOTIC: [8] Undefined index: validate D:\temporary folder\Personal-project\registration system using thinkphp framework\ThinkPHP\Library\Think\Model.class.php 第 1185 行.
NOTIC: [8] Undefined index: auto D:\temporary folder\Personal-project\registration system using thinkphp framework\ThinkPHP\Library\Think\Model.class.php 第 1128 行.
SQL: SELECT * FROM `account` WHERE `username` = 'yuchen' LIMIT 1   [ RunTime:0.0000s ]
SQL: INSERT INTO `account` (`username`,`email`) VALUES ('yuchen','yaoyuchen1998@gmail.com') [ RunTime:0.0000s ]
INFO: [ view_parse ] --START--
INFO: [ template_filter ] --START--
INFO: Run Behavior\ContentReplaceBehavior [ RunTime:0.000000s ]
INFO: [ template_filter ] --END-- [ RunTime:0.000000s ]
NOTIC: [2] include(errors.php): failed to open stream: No such file or directory D:\temporary folder\Personal-project\registration system using thinkphp framework\Application\Runtime\Cache\Home\e2f1e8739761dd1b07196da7c9136d50.php 第 13 行.
NOTIC: [2] include(errors.php): failed to open stream: No such file or directory D:\temporary folder\Personal-project\registration system using thinkphp framework\Application\Runtime\Cache\Home\e2f1e8739761dd1b07196da7c9136d50.php 第 13 行.
NOTIC: [2] include(): Failed opening 'errors.php' for inclusion (include_path='.;C:\php\pear') D:\temporary folder\Personal-project\registration system using thinkphp framework\Application\Runtime\Cache\Home\e2f1e8739761dd1b07196da7c9136d50.php 第 13 行.
NOTIC: [8] Undefined variable: username D:\temporary folder\Personal-project\registration system using thinkphp framework\Application\Runtime\Cache\Home\e2f1e8739761dd1b07196da7c9136d50.php 第 16 行.
INFO: Run Behavior\ParseTemplateBehavior [ RunTime:0.006000s ]
INFO: [ view_parse ] --END-- [ RunTime:0.007000s ]
INFO: [ view_filter ] --START--
INFO: Run Behavior\WriteHtmlCacheBehavior [ RunTime:0.000000s ]
INFO: [ view_filter ] --END-- [ RunTime:0.000000s ]
INFO: [ app_end ] --START--
INFO: Run Behavior\ShowPageTraceBehavior [ RunTime:0.001000s ]
INFO: [ app_end ] --END-- [ RunTime:0.001000s ]

[ 2018-12-27T09:37:45+08:00 ] 127.0.0.1 /index.php/Home/index/register
INFO: [ app_init ] --START--
INFO: Run Behavior\BuildLiteBehavior [ RunTime:0.000000s ]
INFO: [ app_init ] --END-- [ RunTime:0.001000s ]
INFO: [ app_begin ] --START--
INFO: Run Behavior\ReadHtmlCacheBehavior [ RunTime:0.001000s ]
INFO: [ app_begin ] --END-- [ RunTime:0.001000s ]
INFO: [ view_parse ] --START--
INFO: [ template_filter ] --START--
INFO: Run Behavior\ContentReplaceBehavior [ RunTime:0.000000s ]
INFO: [ template_filter ] --END-- [ RunTime:0.001000s ]
NOTIC: [2] include(errors.php): failed to open stream: No such file or directory D:\temporary folder\Personal-project\registration system using thinkphp framework\Application\Runtime\Cache\Home\e2f1e8739761dd1b07196da7c9136d50.php 第 13 行.
NOTIC: [2] include(errors.php): failed to open stream: No such file or directory D:\temporary folder\Personal-project\registration system using thinkphp framework\Application\Runtime\Cache\Home\e2f1e8739761dd1b07196da7c9136d50.php 第 13 行.
NOTIC: [2] include(): Failed opening 'errors.php' for inclusion (include_path='.;C:\php\pear') D:\temporary folder\Personal-project\registration system using thinkphp framework\Application\Runtime\Cache\Home\e2f1e8739761dd1b07196da7c9136d50.php 第 13 行.
NOTIC: [8] Undefined variable: username D:\temporary folder\Personal-project\registration system using thinkphp framework\Application\Runtime\Cache\Home\e2f1e8739761dd1b07196da7c9136d50.php 第 16 行.
NOTIC: [8] Undefined variable: error D:\temporary folder\Personal-project\registration system using thinkphp framework\Application\Runtime\Cache\Home\e2f1e8739761dd1b07196da7c9136d50.php 第 42 行.
INFO: Run Behavior\ParseTemplateBehavior [ RunTime:0.009001s ]
INFO: [ view_parse ] --END-- [ RunTime:0.009001s ]
INFO: [ view_filter ] --START--
INFO: Run Behavior\WriteHtmlCacheBehavior [ RunTime:0.000000s ]
INFO: [ view_filter ] --END-- [ RunTime:0.000000s ]
INFO: [ app_end ] --START--
INFO: Run Behavior\ShowPageTraceBehavior [ RunTime:0.000000s ]
INFO: [ app_end ] --END-- [ RunTime:0.001000s ]

[ 2018-12-27T09:37:57+08:00 ] 127.0.0.1 /index.php/Home/index/register.html
INFO: [ app_init ] --START--
INFO: Run Behavior\BuildLiteBehavior [ RunTime:0.000000s ]
INFO: [ app_init ] --END-- [ RunTime:0.001000s ]
INFO: [ app_begin ] --START--
INFO: Run Behavior\ReadHtmlCacheBehavior [ RunTime:0.001000s ]
INFO: [ app_begin ] --END-- [ RunTime:0.001000s ]
SQL: SHOW COLUMNS FROM `account` [ RunTime:0.0070s ]
NOTIC: [8] Undefined index: validate D:\temporary folder\Personal-project\registration system using thinkphp framework\ThinkPHP\Library\Think\Model.class.php 第 1185 行.
NOTIC: [8] Undefined index: auto D:\temporary folder\Personal-project\registration system using thinkphp framework\ThinkPHP\Library\Think\Model.class.php 第 1128 行.
SQL: SELECT * FROM `account` WHERE `username` = 'yuchen' LIMIT 1   [ RunTime:0.0010s ]
INFO: [ view_parse ] --START--
INFO: [ template_filter ] --START--
INFO: Run Behavior\ContentReplaceBehavior [ RunTime:0.000000s ]
INFO: [ template_filter ] --END-- [ RunTime:0.000000s ]
NOTIC: [2] include(errors.php): failed to open stream: No such file or directory D:\temporary folder\Personal-project\registration system using thinkphp framework\Application\Runtime\Cache\Home\e2f1e8739761dd1b07196da7c9136d50.php 第 13 行.
NOTIC: [2] include(errors.php): failed to open stream: No such file or directory D:\temporary folder\Personal-project\registration system using thinkphp framework\Application\Runtime\Cache\Home\e2f1e8739761dd1b07196da7c9136d50.php 第 13 行.
NOTIC: [2] include(): Failed opening 'errors.php' for inclusion (include_path='.;C:\php\pear') D:\temporary folder\Personal-project\registration system using thinkphp framework\Application\Runtime\Cache\Home\e2f1e8739761dd1b07196da7c9136d50.php 第 13 行.
NOTIC: [8] Undefined variable: username D:\temporary folder\Personal-project\registration system using thinkphp framework\Application\Runtime\Cache\Home\e2f1e8739761dd1b07196da7c9136d50.php 第 16 行.
INFO: Run Behavior\ParseTemplateBehavior [ RunTime:0.010001s ]
INFO: [ view_parse ] --END-- [ RunTime:0.010001s ]
INFO: [ view_filter ] --START--
INFO: Run Behavior\WriteHtmlCacheBehavior [ RunTime:0.001000s ]
INFO: [ view_filter ] --END-- [ RunTime:0.001000s ]
INFO: [ app_end ] --START--
INFO: Run Behavior\ShowPageTraceBehavior [ RunTime:0.001000s ]
INFO: [ app_end ] --END-- [ RunTime:0.001000s ]

[ 2018-12-27T15:01:03+08:00 ] 127.0.0.1 /index.php/Home/Application/register
INFO: [ app_init ] --START--
INFO: Run Behavior\BuildLiteBehavior [ RunTime:0.000000s ]
INFO: [ app_init ] --END-- [ RunTime:0.001000s ]
INFO: [ app_begin ] --START--
INFO: Run Behavior\ReadHtmlCacheBehavior [ RunTime:0.001000s ]
INFO: [ app_begin ] --END-- [ RunTime:0.001000s ]
SQL: SHOW COLUMNS FROM `account` [ RunTime:0.0070s ]
SQL: SELECT * FROM `account` WHERE `username` = null LIMIT 1   [ RunTime:0.0000s ]
NOTIC: [2] pathinfo() expects parameter 1 to be string, object given D:\temporary folder\Personal-project\registration system using thinkphp framework\ThinkPHP\Common\functions.php 第 720 行.

[ 2018-12-27T15:02:55+08:00 ] 127.0.0.1 /index.php/Home/Application/register
INFO: [ app_init ] --START--
INFO: Run Behavior\BuildLiteBehavior [ RunTime:0.000000s ]
INFO: [ app_init ] --END-- [ RunTime:0.001000s ]
INFO: [ app_begin ] --START--
INFO: Run Behavior\ReadHtmlCacheBehavior [ RunTime:0.000000s ]
INFO: [ app_begin ] --END-- [ RunTime:0.000000s ]
SQL: SHOW COLUMNS FROM `account` [ RunTime:0.0050s ]
SQL: SELECT * FROM `account` WHERE `username` = null LIMIT 1   [ RunTime:0.0010s ]
NOTIC: [2] pathinfo() expects parameter 1 to be string, object given D:\temporary folder\Personal-project\registration system using thinkphp framework\ThinkPHP\Common\functions.php 第 720 行.

[ 2018-12-27T15:04:35+08:00 ] 127.0.0.1 /index.php/Home/Application/register
INFO: [ app_init ] --START--
INFO: Run Behavior\BuildLiteBehavior [ RunTime:0.000000s ]
INFO: [ app_init ] --END-- [ RunTime:0.000000s ]
INFO: [ app_begin ] --START--
INFO: Run Behavior\ReadHtmlCacheBehavior [ RunTime:0.001000s ]
INFO: [ app_begin ] --END-- [ RunTime:0.001000s ]
SQL: SHOW COLUMNS FROM `account` [ RunTime:0.0040s ]
SQL: SELECT * FROM `account` WHERE `username` = null LIMIT 1   [ RunTime:0.0000s ]
SQL: SELECT * FROM `account` WHERE ( username='%s' ) LIMIT 1   [ RunTime:0.0000s ]
INFO: [ app_end ] --START--
INFO: Run Behavior\ShowPageTraceBehavior [ RunTime:0.000000s ]
INFO: [ app_end ] --END-- [ RunTime:0.001000s ]

[ 2018-12-27T15:05:33+08:00 ] 127.0.0.1 /index.php/Home/Application/register
INFO: [ app_init ] --START--
INFO: Run Behavior\BuildLiteBehavior [ RunTime:0.000000s ]
INFO: [ app_init ] --END-- [ RunTime:0.000000s ]
INFO: [ app_begin ] --START--
INFO: Run Behavior\ReadHtmlCacheBehavior [ RunTime:0.001000s ]
INFO: [ app_begin ] --END-- [ RunTime:0.001000s ]
SQL: SHOW COLUMNS FROM `account` [ RunTime:0.0040s ]
SQL: SELECT * FROM `account` WHERE `username` = null LIMIT 1   [ RunTime:0.0010s ]
SQL: SELECT * FROM `account` WHERE ( username='%s' ) LIMIT 1   [ RunTime:0.0000s ]
INFO: [ view_parse ] --START--
INFO: [ template_filter ] --START--
INFO: Run Behavior\ContentReplaceBehavior [ RunTime:0.000000s ]
INFO: [ template_filter ] --END-- [ RunTime:0.000000s ]
NOTIC: [2] include(errors.php): failed to open stream: No such file or directory D:\temporary folder\Personal-project\registration system using thinkphp framework\Application\Runtime\Cache\Home\1892cd3e84dc8c99d319e166f66229fc.php 第 13 行.
NOTIC: [2] include(errors.php): failed to open stream: No such file or directory D:\temporary folder\Personal-project\registration system using thinkphp framework\Application\Runtime\Cache\Home\1892cd3e84dc8c99d319e166f66229fc.php 第 13 行.
NOTIC: [2] include(): Failed opening 'errors.php' for inclusion (include_path='.;C:\php\pear') D:\temporary folder\Personal-project\registration system using thinkphp framework\Application\Runtime\Cache\Home\1892cd3e84dc8c99d319e166f66229fc.php 第 13 行.
NOTIC: [8] Undefined variable: username D:\temporary folder\Personal-project\registration system using thinkphp framework\Application\Runtime\Cache\Home\1892cd3e84dc8c99d319e166f66229fc.php 第 16 行.
NOTIC: [8] Undefined variable: error D:\temporary folder\Personal-project\registration system using thinkphp framework\Application\Runtime\Cache\Home\1892cd3e84dc8c99d319e166f66229fc.php 第 42 行.
INFO: Run Behavior\ParseTemplateBehavior [ RunTime:0.017001s ]
INFO: [ view_parse ] --END-- [ RunTime:0.017001s ]
INFO: [ view_filter ] --START--
INFO: Run Behavior\WriteHtmlCacheBehavior [ RunTime:0.000000s ]
INFO: [ view_filter ] --END-- [ RunTime:0.000000s ]
INFO: [ app_end ] --START--
INFO: Run Behavior\ShowPageTraceBehavior [ RunTime:0.001000s ]
INFO: [ app_end ] --END-- [ RunTime:0.001000s ]

[ 2018-12-27T15:44:18+08:00 ] 127.0.0.1 /index.php/Home/Application/register
INFO: [ app_init ] --START--
INFO: Run Behavior\BuildLiteBehavior [ RunTime:0.000000s ]
INFO: [ app_init ] --END-- [ RunTime:0.001000s ]
INFO: [ app_begin ] --START--
INFO: Run Behavior\ReadHtmlCacheBehavior [ RunTime:0.001000s ]
INFO: [ app_begin ] --END-- [ RunTime:0.001000s ]
SQL: SHOW COLUMNS FROM `account` [ RunTime:0.0050s ]
SQL: SELECT * FROM `account` WHERE `username` = null LIMIT 1   [ RunTime:0.0000s ]
SQL: SELECT * FROM `account` WHERE ( username='%s' ) LIMIT 1   [ RunTime:0.0010s ]
INFO: [ view_parse ] --START--
INFO: [ template_filter ] --START--
INFO: Run Behavior\ContentReplaceBehavior [ RunTime:0.000000s ]
INFO: [ template_filter ] --END-- [ RunTime:0.000000s ]
NOTIC: [2] include(errors.php): failed to open stream: No such file or directory D:\temporary folder\Personal-project\registration system using thinkphp framework\Application\Runtime\Cache\Home\1892cd3e84dc8c99d319e166f66229fc.php 第 13 行.
NOTIC: [2] include(errors.php): failed to open stream: No such file or directory D:\temporary folder\Personal-project\registration system using thinkphp framework\Application\Runtime\Cache\Home\1892cd3e84dc8c99d319e166f66229fc.php 第 13 行.
NOTIC: [2] include(): Failed opening 'errors.php' for inclusion (include_path='.;C:\php\pear') D:\temporary folder\Personal-project\registration system using thinkphp framework\Application\Runtime\Cache\Home\1892cd3e84dc8c99d319e166f66229fc.php 第 13 行.
NOTIC: [8] Undefined variable: username D:\temporary folder\Personal-project\registration system using thinkphp framework\Application\Runtime\Cache\Home\1892cd3e84dc8c99d319e166f66229fc.php 第 16 行.
INFO: Run Behavior\ParseTemplateBehavior [ RunTime:0.018001s ]
INFO: [ view_parse ] --END-- [ RunTime:0.018001s ]
INFO: [ view_filter ] --START--
INFO: Run Behavior\WriteHtmlCacheBehavior [ RunTime:0.000000s ]
INFO: [ view_filter ] --END-- [ RunTime:0.000000s ]
INFO: [ app_end ] --START--
INFO: Run Behavior\ShowPageTraceBehavior [ RunTime:0.001000s ]
INFO: [ app_end ] --END-- [ RunTime:0.001000s ]

[ 2018-12-27T15:45:02+08:00 ] 127.0.0.1 /index.php/Home/Application/register.html
INFO: [ app_init ] --START--
INFO: Run Behavior\BuildLiteBehavior [ RunTime:0.000000s ]
INFO: [ app_init ] --END-- [ RunTime:0.001000s ]
INFO: [ app_begin ] --START--
INFO: Run Behavior\ReadHtmlCacheBehavior [ RunTime:0.001000s ]
INFO: [ app_begin ] --END-- [ RunTime:0.001000s ]
SQL: SHOW COLUMNS FROM `account` [ RunTime:0.0040s ]
NOTIC: [8] Undefined index: validate D:\temporary folder\Personal-project\registration system using thinkphp framework\ThinkPHP\Library\Think\Model.class.php 第 1185 行.
NOTIC: [8] Undefined index: auto D:\temporary folder\Personal-project\registration system using thinkphp framework\ThinkPHP\Library\Think\Model.class.php 第 1128 行.
SQL: SELECT * FROM `account` WHERE `username` = 'yuchen' LIMIT 1   [ RunTime:0.0000s ]
SQL: SELECT * FROM `account` WHERE ( username='yuchen' ) LIMIT 1   [ RunTime:0.0000s ]
INFO: [ view_parse ] --START--
INFO: [ template_filter ] --START--
INFO: Run Behavior\ContentReplaceBehavior [ RunTime:0.000000s ]
INFO: [ template_filter ] --END-- [ RunTime:0.000000s ]
NOTIC: [2] include(errors.php): failed to open stream: No such file or directory D:\temporary folder\Personal-project\registration system using thinkphp framework\Application\Runtime\Cache\Home\1892cd3e84dc8c99d319e166f66229fc.php 第 13 行.
NOTIC: [2] include(errors.php): failed to open stream: No such file or directory D:\temporary folder\Personal-project\registration system using thinkphp framework\Application\Runtime\Cache\Home\1892cd3e84dc8c99d319e166f66229fc.php 第 13 行.
NOTIC: [2] include(): Failed opening 'errors.php' for inclusion (include_path='.;C:\php\pear') D:\temporary folder\Personal-project\registration system using thinkphp framework\Application\Runtime\Cache\Home\1892cd3e84dc8c99d319e166f66229fc.php 第 13 行.
NOTIC: [8] Undefined variable: username D:\temporary folder\Personal-project\registration system using thinkphp framework\Application\Runtime\Cache\Home\1892cd3e84dc8c99d319e166f66229fc.php 第 16 行.
INFO: Run Behavior\ParseTemplateBehavior [ RunTime:0.006001s ]
INFO: [ view_parse ] --END-- [ RunTime:0.006001s ]
INFO: [ view_filter ] --START--
INFO: Run Behavior\WriteHtmlCacheBehavior [ RunTime:0.001000s ]
INFO: [ view_filter ] --END-- [ RunTime:0.001000s ]
INFO: [ app_end ] --START--
INFO: Run Behavior\ShowPageTraceBehavior [ RunTime:0.000000s ]
INFO: [ app_end ] --END-- [ RunTime:0.000000s ]

[ 2018-12-27T15:49:56+08:00 ] 127.0.0.1 /index.php/Home/Application/register.html
INFO: [ app_init ] --START--
INFO: Run Behavior\BuildLiteBehavior [ RunTime:0.000000s ]
INFO: [ app_init ] --END-- [ RunTime:0.001000s ]
INFO: [ app_begin ] --START--
INFO: Run Behavior\ReadHtmlCacheBehavior [ RunTime:0.000000s ]
INFO: [ app_begin ] --END-- [ RunTime:0.000000s ]
SQL: SHOW COLUMNS FROM `account` [ RunTime:0.0050s ]
NOTIC: [8] Undefined index: validate D:\temporary folder\Personal-project\registration system using thinkphp framework\ThinkPHP\Library\Think\Model.class.php 第 1185 行.
NOTIC: [8] Undefined index: auto D:\temporary folder\Personal-project\registration system using thinkphp framework\ThinkPHP\Library\Think\Model.class.php 第 1128 行.
SQL: SELECT * FROM `account` WHERE `username` = 'yuchen' LIMIT 1   [ RunTime:0.0010s ]
SQL: SELECT * FROM `account` WHERE ( username='yuchen' ) LIMIT 1   [ RunTime:0.0000s ]
INFO: [ view_parse ] --START--
INFO: [ template_filter ] --START--
INFO: Run Behavior\ContentReplaceBehavior [ RunTime:0.000000s ]
INFO: [ template_filter ] --END-- [ RunTime:0.000000s ]
NOTIC: [2] include(errors.php): failed to open stream: No such file or directory D:\temporary folder\Personal-project\registration system using thinkphp framework\Application\Runtime\Cache\Home\1892cd3e84dc8c99d319e166f66229fc.php 第 13 行.
NOTIC: [2] include(errors.php): failed to open stream: No such file or directory D:\temporary folder\Personal-project\registration system using thinkphp framework\Application\Runtime\Cache\Home\1892cd3e84dc8c99d319e166f66229fc.php 第 13 行.
NOTIC: [2] include(): Failed opening 'errors.php' for inclusion (include_path='.;C:\php\pear') D:\temporary folder\Personal-project\registration system using thinkphp framework\Application\Runtime\Cache\Home\1892cd3e84dc8c99d319e166f66229fc.php 第 13 行.
NOTIC: [8] Undefined variable: username D:\temporary folder\Personal-project\registration system using thinkphp framework\Application\Runtime\Cache\Home\1892cd3e84dc8c99d319e166f66229fc.php 第 16 行.
INFO: Run Behavior\ParseTemplateBehavior [ RunTime:0.007001s ]
INFO: [ view_parse ] --END-- [ RunTime:0.007001s ]
INFO: [ view_filter ] --START--
INFO: Run Behavior\WriteHtmlCacheBehavior [ RunTime:0.000000s ]
INFO: [ view_filter ] --END-- [ RunTime:0.000000s ]
INFO: [ app_end ] --START--
INFO: Run Behavior\ShowPageTraceBehavior [ RunTime:0.000000s ]
INFO: [ app_end ] --END-- [ RunTime:0.000000s ]

[ 2018-12-27T15:51:34+08:00 ] 127.0.0.1 /index.php/Home/Application/register
INFO: [ app_init ] --START--
INFO: Run Behavior\BuildLiteBehavior [ RunTime:0.000000s ]
INFO: [ app_init ] --END-- [ RunTime:0.001000s ]
INFO: [ app_begin ] --START--
INFO: Run Behavior\ReadHtmlCacheBehavior [ RunTime:0.000000s ]
INFO: [ app_begin ] --END-- [ RunTime:0.000000s ]
SQL: SHOW COLUMNS FROM `account` [ RunTime:0.0060s ]
SQL: SELECT * FROM `account` WHERE `username` = null LIMIT 1   [ RunTime:0.0020s ]
SQL: SELECT * FROM `account` WHERE ( username='%s' ) LIMIT 1   [ RunTime:0.0010s ]
INFO: [ view_parse ] --START--
INFO: [ template_filter ] --START--
INFO: Run Behavior\ContentReplaceBehavior [ RunTime:0.000000s ]
INFO: [ template_filter ] --END-- [ RunTime:0.000000s ]
NOTIC: [2] include(errors.php): failed to open stream: No such file or directory D:\temporary folder\Personal-project\registration system using thinkphp framework\Application\Runtime\Cache\Home\1892cd3e84dc8c99d319e166f66229fc.php 第 13 行.
NOTIC: [2] include(errors.php): failed to open stream: No such file or directory D:\temporary folder\Personal-project\registration system using thinkphp framework\Application\Runtime\Cache\Home\1892cd3e84dc8c99d319e166f66229fc.php 第 13 行.
NOTIC: [2] include(): Failed opening 'errors.php' for inclusion (include_path='.;C:\php\pear') D:\temporary folder\Personal-project\registration system using thinkphp framework\Application\Runtime\Cache\Home\1892cd3e84dc8c99d319e166f66229fc.php 第 13 行.
NOTIC: [8] Undefined variable: username D:\temporary folder\Personal-project\registration system using thinkphp framework\Application\Runtime\Cache\Home\1892cd3e84dc8c99d319e166f66229fc.php 第 16 行.
INFO: Run Behavior\ParseTemplateBehavior [ RunTime:0.017001s ]
INFO: [ view_parse ] --END-- [ RunTime:0.017001s ]
INFO: [ view_filter ] --START--
INFO: Run Behavior\WriteHtmlCacheBehavior [ RunTime:0.001000s ]
INFO: [ view_filter ] --END-- [ RunTime:0.001000s ]
INFO: [ app_end ] --START--
INFO: Run Behavior\ShowPageTraceBehavior [ RunTime:0.001000s ]
INFO: [ app_end ] --END-- [ RunTime:0.001000s ]

[ 2018-12-27T15:51:50+08:00 ] 127.0.0.1 /index.php/Home/Application/register.html
INFO: [ app_init ] --START--
INFO: Run Behavior\BuildLiteBehavior [ RunTime:0.000000s ]
INFO: [ app_init ] --END-- [ RunTime:0.000000s ]
INFO: [ app_begin ] --START--
INFO: Run Behavior\ReadHtmlCacheBehavior [ RunTime:0.001000s ]
INFO: [ app_begin ] --END-- [ RunTime:0.001000s ]
SQL: SHOW COLUMNS FROM `account` [ RunTime:0.0060s ]
SQL: SELECT * FROM `account` WHERE `username` = null LIMIT 1   [ RunTime:0.0020s ]
SQL: SELECT * FROM `account` WHERE ( username='%s' ) LIMIT 1   [ RunTime:0.0000s ]
INFO: [ view_parse ] --START--
INFO: [ template_filter ] --START--
INFO: Run Behavior\ContentReplaceBehavior [ RunTime:0.000000s ]
INFO: [ template_filter ] --END-- [ RunTime:0.000000s ]
NOTIC: [2] include(errors.php): failed to open stream: No such file or directory D:\temporary folder\Personal-project\registration system using thinkphp framework\Application\Runtime\Cache\Home\1892cd3e84dc8c99d319e166f66229fc.php 第 13 行.
NOTIC: [2] include(errors.php): failed to open stream: No such file or directory D:\temporary folder\Personal-project\registration system using thinkphp framework\Application\Runtime\Cache\Home\1892cd3e84dc8c99d319e166f66229fc.php 第 13 行.
NOTIC: [2] include(): Failed opening 'errors.php' for inclusion (include_path='.;C:\php\pear') D:\temporary folder\Personal-project\registration system using thinkphp framework\Application\Runtime\Cache\Home\1892cd3e84dc8c99d319e166f66229fc.php 第 13 行.
NOTIC: [8] Undefined variable: username D:\temporary folder\Personal-project\registration system using thinkphp framework\Application\Runtime\Cache\Home\1892cd3e84dc8c99d319e166f66229fc.php 第 16 行.
INFO: Run Behavior\ParseTemplateBehavior [ RunTime:0.007001s ]
INFO: [ view_parse ] --END-- [ RunTime:0.007001s ]
INFO: [ view_filter ] --START--
INFO: Run Behavior\WriteHtmlCacheBehavior [ RunTime:0.000000s ]
INFO: [ view_filter ] --END-- [ RunTime:0.000000s ]
INFO: [ app_end ] --START--
INFO: Run Behavior\ShowPageTraceBehavior [ RunTime:0.001000s ]
INFO: [ app_end ] --END-- [ RunTime:0.001000s ]

[ 2018-12-27T15:53:24+08:00 ] 127.0.0.1 /index.php/Home/Application/register
INFO: [ app_init ] --START--
INFO: Run Behavior\BuildLiteBehavior [ RunTime:0.000000s ]
INFO: [ app_init ] --END-- [ RunTime:0.000000s ]
INFO: [ app_begin ] --START--
INFO: Run Behavior\ReadHtmlCacheBehavior [ RunTime:0.000000s ]
INFO: [ app_begin ] --END-- [ RunTime:0.000000s ]
INFO: [ view_parse ] --START--
INFO: [ template_filter ] --START--
INFO: Run Behavior\ContentReplaceBehavior [ RunTime:0.000000s ]
INFO: [ template_filter ] --END-- [ RunTime:0.000000s ]
NOTIC: [2] include(errors.php): failed to open stream: No such file or directory D:\temporary folder\Personal-project\registration system using thinkphp framework\Application\Runtime\Cache\Home\1892cd3e84dc8c99d319e166f66229fc.php 第 13 行.
NOTIC: [2] include(errors.php): failed to open stream: No such file or directory D:\temporary folder\Personal-project\registration system using thinkphp framework\Application\Runtime\Cache\Home\1892cd3e84dc8c99d319e166f66229fc.php 第 13 行.
NOTIC: [2] include(): Failed opening 'errors.php' for inclusion (include_path='.;C:\php\pear') D:\temporary folder\Personal-project\registration system using thinkphp framework\Application\Runtime\Cache\Home\1892cd3e84dc8c99d319e166f66229fc.php 第 13 行.
NOTIC: [8] Undefined variable: username D:\temporary folder\Personal-project\registration system using thinkphp framework\Application\Runtime\Cache\Home\1892cd3e84dc8c99d319e166f66229fc.php 第 16 行.
NOTIC: [8] Undefined variable: error D:\temporary folder\Personal-project\registration system using thinkphp framework\Application\Runtime\Cache\Home\1892cd3e84dc8c99d319e166f66229fc.php 第 42 行.
INFO: Run Behavior\ParseTemplateBehavior [ RunTime:0.006000s ]
INFO: [ view_parse ] --END-- [ RunTime:0.006000s ]
INFO: [ view_filter ] --START--
INFO: Run Behavior\WriteHtmlCacheBehavior [ RunTime:0.001000s ]
INFO: [ view_filter ] --END-- [ RunTime:0.001000s ]
INFO: [ app_end ] --START--
INFO: Run Behavior\ShowPageTraceBehavior [ RunTime:0.000000s ]
INFO: [ app_end ] --END-- [ RunTime:0.000000s ]

[ 2018-12-27T15:59:30+08:00 ] 127.0.0.1 /index.php/Home/Application/register
INFO: [ app_init ] --START--
INFO: Run Behavior\BuildLiteBehavior [ RunTime:0.000000s ]
INFO: [ app_init ] --END-- [ RunTime:0.000000s ]
INFO: [ app_begin ] --START--
INFO: Run Behavior\ReadHtmlCacheBehavior [ RunTime:0.001000s ]
INFO: [ app_begin ] --END-- [ RunTime:0.001000s ]
INFO: [ view_parse ] --START--
INFO: [ template_filter ] --START--
INFO: Run Behavior\ContentReplaceBehavior [ RunTime:0.000000s ]
INFO: [ template_filter ] --END-- [ RunTime:0.000000s ]
NOTIC: [2] include(errors.php): failed to open stream: No such file or directory D:\temporary folder\Personal-project\registration system using thinkphp framework\Application\Runtime\Cache\Home\1892cd3e84dc8c99d319e166f66229fc.php 第 13 行.
NOTIC: [2] include(errors.php): failed to open stream: No such file or directory D:\temporary folder\Personal-project\registration system using thinkphp framework\Application\Runtime\Cache\Home\1892cd3e84dc8c99d319e166f66229fc.php 第 13 行.
NOTIC: [2] include(): Failed opening 'errors.php' for inclusion (include_path='.;C:\php\pear') D:\temporary folder\Personal-project\registration system using thinkphp framework\Application\Runtime\Cache\Home\1892cd3e84dc8c99d319e166f66229fc.php 第 13 行.
NOTIC: [8] Undefined variable: username D:\temporary folder\Personal-project\registration system using thinkphp framework\Application\Runtime\Cache\Home\1892cd3e84dc8c99d319e166f66229fc.php 第 16 行.
NOTIC: [8] Undefined variable: error D:\temporary folder\Personal-project\registration system using thinkphp framework\Application\Runtime\Cache\Home\1892cd3e84dc8c99d319e166f66229fc.php 第 42 行.
INFO: Run Behavior\ParseTemplateBehavior [ RunTime:0.024002s ]
INFO: [ view_parse ] --END-- [ RunTime:0.025002s ]
INFO: [ view_filter ] --START--
INFO: Run Behavior\WriteHtmlCacheBehavior [ RunTime:0.002000s ]
INFO: [ view_filter ] --END-- [ RunTime:0.002000s ]
INFO: [ app_end ] --START--
INFO: Run Behavior\ShowPageTraceBehavior [ RunTime:0.001000s ]
INFO: [ app_end ] --END-- [ RunTime:0.001000s ]

[ 2018-12-27T16:02:35+08:00 ] 127.0.0.1 /index.php/Home/Application/register.html
INFO: [ app_init ] --START--
INFO: Run Behavior\BuildLiteBehavior [ RunTime:0.000000s ]
INFO: [ app_init ] --END-- [ RunTime:0.001000s ]
INFO: [ app_begin ] --START--
INFO: Run Behavior\ReadHtmlCacheBehavior [ RunTime:0.001000s ]
INFO: [ app_begin ] --END-- [ RunTime:0.001000s ]
SQL: SHOW COLUMNS FROM `account` [ RunTime:0.0070s ]
NOTIC: [8] Undefined index: validate D:\temporary folder\Personal-project\registration system using thinkphp framework\ThinkPHP\Library\Think\Model.class.php 第 1185 行.
NOTIC: [8] Undefined index: auto D:\temporary folder\Personal-project\registration system using thinkphp framework\ThinkPHP\Library\Think\Model.class.php 第 1128 行.
SQL: SELECT * FROM `account` WHERE `username` = 'yuchen' LIMIT 1   [ RunTime:0.0010s ]
SQL: SELECT * FROM `account` WHERE ( username='yuchen' ) LIMIT 1   [ RunTime:0.0000s ]
INFO: [ view_parse ] --START--
INFO: [ template_filter ] --START--
INFO: Run Behavior\ContentReplaceBehavior [ RunTime:0.000000s ]
INFO: [ template_filter ] --END-- [ RunTime:0.000000s ]
NOTIC: [2] include(errors.php): failed to open stream: No such file or directory D:\temporary folder\Personal-project\registration system using thinkphp framework\Application\Runtime\Cache\Home\1892cd3e84dc8c99d319e166f66229fc.php 第 13 行.
NOTIC: [2] include(errors.php): failed to open stream: No such file or directory D:\temporary folder\Personal-project\registration system using thinkphp framework\Application\Runtime\Cache\Home\1892cd3e84dc8c99d319e166f66229fc.php 第 13 行.
NOTIC: [2] include(): Failed opening 'errors.php' for inclusion (include_path='.;C:\php\pear') D:\temporary folder\Personal-project\registration system using thinkphp framework\Application\Runtime\Cache\Home\1892cd3e84dc8c99d319e166f66229fc.php 第 13 行.
NOTIC: [8] Undefined variable: username D:\temporary folder\Personal-project\registration system using thinkphp framework\Application\Runtime\Cache\Home\1892cd3e84dc8c99d319e166f66229fc.php 第 16 行.
INFO: Run Behavior\ParseTemplateBehavior [ RunTime:0.006001s ]
INFO: [ view_parse ] --END-- [ RunTime:0.006001s ]
INFO: [ view_filter ] --START--
INFO: Run Behavior\WriteHtmlCacheBehavior [ RunTime:0.001000s ]
INFO: [ view_filter ] --END-- [ RunTime:0.001000s ]
INFO: [ app_end ] --START--
INFO: Run Behavior\ShowPageTraceBehavior [ RunTime:0.000000s ]
INFO: [ app_end ] --END-- [ RunTime:0.000000s ]

[ 2018-12-27T16:04:57+08:00 ] 127.0.0.1 /index.php/Home/Application/register.html
INFO: [ app_init ] --START--
INFO: Run Behavior\BuildLiteBehavior [ RunTime:0.000000s ]
INFO: [ app_init ] --END-- [ RunTime:0.000000s ]
INFO: [ app_begin ] --START--
INFO: Run Behavior\ReadHtmlCacheBehavior [ RunTime:0.000000s ]
INFO: [ app_begin ] --END-- [ RunTime:0.000000s ]
SQL: SHOW COLUMNS FROM `account` [ RunTime:0.0040s ]
NOTIC: [8] Undefined index: validate D:\temporary folder\Personal-project\registration system using thinkphp framework\ThinkPHP\Library\Think\Model.class.php 第 1185 行.
NOTIC: [8] Undefined index: auto D:\temporary folder\Personal-project\registration system using thinkphp framework\ThinkPHP\Library\Think\Model.class.php 第 1128 行.
SQL: SELECT * FROM `account` WHERE `username` = 'yuchen' LIMIT 1   [ RunTime:0.0000s ]
SQL: SELECT * FROM `account` WHERE ( username='yuchen' ) LIMIT 1   [ RunTime:0.0000s ]
SQL: INSERT INTO `account` (`username`,`password`,`email`) VALUES ('yuchen','MFys980304','yaoyuchen1998@gmail.com') [ RunTime:0.0000s ]
INFO: [ view_parse ] --START--
INFO: [ template_filter ] --START--
INFO: Run Behavior\ContentReplaceBehavior [ RunTime:0.000000s ]
INFO: [ template_filter ] --END-- [ RunTime:0.000000s ]
INFO: Run Behavior\ParseTemplateBehavior [ RunTime:0.012000s ]
INFO: [ view_parse ] --END-- [ RunTime:0.012000s ]
INFO: [ view_filter ] --START--
INFO: Run Behavior\WriteHtmlCacheBehavior [ RunTime:0.000000s ]
INFO: [ view_filter ] --END-- [ RunTime:0.000000s ]
INFO: [ view_parse ] --START--
INFO: [ template_filter ] --START--
INFO: Run Behavior\ContentReplaceBehavior [ RunTime:0.000000s ]
INFO: [ template_filter ] --END-- [ RunTime:-0.003000s ]
NOTIC: [2] include(errors.php): failed to open stream: No such file or directory D:\temporary folder\Personal-project\registration system using thinkphp framework\Application\Runtime\Cache\Home\1892cd3e84dc8c99d319e166f66229fc.php 第 13 行.
NOTIC: [2] include(errors.php): failed to open stream: No such file or directory D:\temporary folder\Personal-project\registration system using thinkphp framework\Application\Runtime\Cache\Home\1892cd3e84dc8c99d319e166f66229fc.php 第 13 行.
NOTIC: [2] include(): Failed opening 'errors.php' for inclusion (include_path='.;C:\php\pear') D:\temporary folder\Personal-project\registration system using thinkphp framework\Application\Runtime\Cache\Home\1892cd3e84dc8c99d319e166f66229fc.php 第 13 行.
NOTIC: [8] Undefined variable: username D:\temporary folder\Personal-project\registration system using thinkphp framework\Application\Runtime\Cache\Home\1892cd3e84dc8c99d319e166f66229fc.php 第 16 行.
NOTIC: [8] Undefined variable: error D:\temporary folder\Personal-project\registration system using thinkphp framework\Application\Runtime\Cache\Home\1892cd3e84dc8c99d319e166f66229fc.php 第 42 行.
INFO: Run Behavior\ParseTemplateBehavior [ RunTime:0.002000s ]
INFO: [ view_parse ] --END-- [ RunTime:-0.001000s ]
INFO: [ view_filter ] --START--
INFO: Run Behavior\WriteHtmlCacheBehavior [ RunTime:0.000000s ]
INFO: [ view_filter ] --END-- [ RunTime:-0.003000s ]
INFO: [ app_end ] --START--
INFO: Run Behavior\ShowPageTraceBehavior [ RunTime:0.001000s ]
INFO: [ app_end ] --END-- [ RunTime:0.001000s ]

[ 2018-12-27T16:04:58+08:00 ] 127.0.0.1 /index.php/Home/Application/test
INFO: [ app_init ] --START--
INFO: Run Behavior\BuildLiteBehavior [ RunTime:0.000000s ]
INFO: [ app_init ] --END-- [ RunTime:0.001000s ]
INFO: [ app_begin ] --START--
INFO: Run Behavior\ReadHtmlCacheBehavior [ RunTime:0.000000s ]
INFO: [ app_begin ] --END-- [ RunTime:0.000000s ]
INFO: [ view_parse ] --START--
INFO: [ template_filter ] --START--
INFO: Run Behavior\ContentReplaceBehavior [ RunTime:0.000000s ]
INFO: [ template_filter ] --END-- [ RunTime:0.000000s ]
NOTIC: [8] A session had already been started - ignoring session_start() D:\temporary folder\Personal-project\registration system using thinkphp framework\Application\Runtime\Cache\Home\31e61444e42dae58dcb88771f6cbe5ec.php 第 1 行.
INFO: Run Behavior\ParseTemplateBehavior [ RunTime:0.007001s ]
INFO: [ view_parse ] --END-- [ RunTime:0.007001s ]
INFO: [ view_filter ] --START--
INFO: Run Behavior\WriteHtmlCacheBehavior [ RunTime:0.000000s ]
INFO: [ view_filter ] --END-- [ RunTime:0.000000s ]
INFO: [ app_end ] --START--
INFO: Run Behavior\ShowPageTraceBehavior [ RunTime:0.001000s ]
INFO: [ app_end ] --END-- [ RunTime:0.001000s ]

[ 2018-12-27T16:20:27+08:00 ] 127.0.0.1 /index.php/Home/Application/register
INFO: [ app_init ] --START--
INFO: Run Behavior\BuildLiteBehavior [ RunTime:0.000000s ]
INFO: [ app_init ] --END-- [ RunTime:0.001000s ]
INFO: [ app_begin ] --START--
INFO: Run Behavior\ReadHtmlCacheBehavior [ RunTime:0.000000s ]
INFO: [ app_begin ] --END-- [ RunTime:0.000000s ]

[ 2018-12-27T16:20:42+08:00 ] 127.0.0.1 /index.php/Home/Application/register
INFO: [ app_init ] --START--
INFO: Run Behavior\BuildLiteBehavior [ RunTime:0.000000s ]
INFO: [ app_init ] --END-- [ RunTime:0.001000s ]
INFO: [ app_begin ] --START--
INFO: Run Behavior\ReadHtmlCacheBehavior [ RunTime:0.000000s ]
INFO: [ app_begin ] --END-- [ RunTime:0.000000s ]
INFO: [ view_parse ] --START--
INFO: [ template_filter ] --START--
INFO: Run Behavior\ContentReplaceBehavior [ RunTime:0.000000s ]
INFO: [ template_filter ] --END-- [ RunTime:0.000000s ]
NOTIC: [2] include(errors.php): failed to open stream: No such file or directory D:\temporary folder\Personal-project\registration system using thinkphp framework\Application\Runtime\Cache\Home\1892cd3e84dc8c99d319e166f66229fc.php 第 13 行.
NOTIC: [2] include(errors.php): failed to open stream: No such file or directory D:\temporary folder\Personal-project\registration system using thinkphp framework\Application\Runtime\Cache\Home\1892cd3e84dc8c99d319e166f66229fc.php 第 13 行.
NOTIC: [2] include(): Failed opening 'errors.php' for inclusion (include_path='.;C:\php\pear') D:\temporary folder\Personal-project\registration system using thinkphp framework\Application\Runtime\Cache\Home\1892cd3e84dc8c99d319e166f66229fc.php 第 13 行.
NOTIC: [8] Undefined variable: username D:\temporary folder\Personal-project\registration system using thinkphp framework\Application\Runtime\Cache\Home\1892cd3e84dc8c99d319e166f66229fc.php 第 16 行.
NOTIC: [8] Undefined variable: error D:\temporary folder\Personal-project\registration system using thinkphp framework\Application\Runtime\Cache\Home\1892cd3e84dc8c99d319e166f66229fc.php 第 42 行.
INFO: Run Behavior\ParseTemplateBehavior [ RunTime:0.023002s ]
INFO: [ view_parse ] --END-- [ RunTime:0.023002s ]
INFO: [ view_filter ] --START--
INFO: Run Behavior\WriteHtmlCacheBehavior [ RunTime:0.001000s ]
INFO: [ view_filter ] --END-- [ RunTime:0.001000s ]
INFO: [ app_end ] --START--
INFO: Run Behavior\ShowPageTraceBehavior [ RunTime:0.000000s ]
INFO: [ app_end ] --END-- [ RunTime:0.000000s ]

[ 2018-12-27T16:20:45+08:00 ] 127.0.0.1 /index.php/Home/Application/register.html
INFO: [ app_init ] --START--
INFO: Run Behavior\BuildLiteBehavior [ RunTime:0.000000s ]
INFO: [ app_init ] --END-- [ RunTime:0.000000s ]
INFO: [ app_begin ] --START--
INFO: Run Behavior\ReadHtmlCacheBehavior [ RunTime:0.001000s ]
INFO: [ app_begin ] --END-- [ RunTime:0.001000s ]
SQL: SHOW COLUMNS FROM `account` [ RunTime:0.0050s ]
NOTIC: [8] Undefined index: validate D:\temporary folder\Personal-project\registration system using thinkphp framework\ThinkPHP\Library\Think\Model.class.php 第 1185 行.
NOTIC: [8] Undefined index: auto D:\temporary folder\Personal-project\registration system using thinkphp framework\ThinkPHP\Library\Think\Model.class.php 第 1128 行.
SQL: SELECT * FROM `account` WHERE `username` = '' LIMIT 1   [ RunTime:0.0010s ]
SQL: SELECT * FROM `account` WHERE ( username='' ) LIMIT 1   [ RunTime:0.0000s ]
SQL: INSERT INTO `account` (`username`,`password`,`email`) VALUES ('','','') [ RunTime:0.0010s ]
INFO: [ view_parse ] --START--
INFO: [ template_filter ] --START--
INFO: Run Behavior\ContentReplaceBehavior [ RunTime:0.000000s ]
INFO: [ template_filter ] --END-- [ RunTime:0.001000s ]
NOTIC: [2] include(errors.php): failed to open stream: No such file or directory D:\temporary folder\Personal-project\registration system using thinkphp framework\Application\Runtime\Cache\Home\1892cd3e84dc8c99d319e166f66229fc.php 第 13 行.
NOTIC: [2] include(errors.php): failed to open stream: No such file or directory D:\temporary folder\Personal-project\registration system using thinkphp framework\Application\Runtime\Cache\Home\1892cd3e84dc8c99d319e166f66229fc.php 第 13 行.
NOTIC: [2] include(): Failed opening 'errors.php' for inclusion (include_path='.;C:\php\pear') D:\temporary folder\Personal-project\registration system using thinkphp framework\Application\Runtime\Cache\Home\1892cd3e84dc8c99d319e166f66229fc.php 第 13 行.
NOTIC: [8] Undefined variable: username D:\temporary folder\Personal-project\registration system using thinkphp framework\Application\Runtime\Cache\Home\1892cd3e84dc8c99d319e166f66229fc.php 第 16 行.
INFO: Run Behavior\ParseTemplateBehavior [ RunTime:0.006000s ]
INFO: [ view_parse ] --END-- [ RunTime:0.006000s ]
INFO: [ view_filter ] --START--
INFO: Run Behavior\WriteHtmlCacheBehavior [ RunTime:0.000000s ]
INFO: [ view_filter ] --END-- [ RunTime:0.000000s ]
INFO: [ app_end ] --START--
INFO: Run Behavior\ShowPageTraceBehavior [ RunTime:0.001000s ]
INFO: [ app_end ] --END-- [ RunTime:0.001000s ]

[ 2018-12-27T16:21:52+08:00 ] 127.0.0.1 /index.php/Home/Application/register.html
INFO: [ app_init ] --START--
INFO: Run Behavior\BuildLiteBehavior [ RunTime:0.000000s ]
INFO: [ app_init ] --END-- [ RunTime:0.000000s ]
INFO: [ app_begin ] --START--
INFO: Run Behavior\ReadHtmlCacheBehavior [ RunTime:0.000000s ]
INFO: [ app_begin ] --END-- [ RunTime:0.001000s ]
SQL: SHOW COLUMNS FROM `account` [ RunTime:0.0040s ]
NOTIC: [8] Undefined index: validate D:\temporary folder\Personal-project\registration system using thinkphp framework\ThinkPHP\Library\Think\Model.class.php 第 1185 行.
NOTIC: [8] Undefined index: auto D:\temporary folder\Personal-project\registration system using thinkphp framework\ThinkPHP\Library\Think\Model.class.php 第 1128 行.
SQL: SELECT * FROM `account` WHERE `username` = '' LIMIT 1   [ RunTime:0.0010s ]
SQL: SELECT * FROM `account` WHERE ( username='' ) LIMIT 1   [ RunTime:0.0000s ]
INFO: [ view_parse ] --START--
INFO: [ template_filter ] --START--
INFO: Run Behavior\ContentReplaceBehavior [ RunTime:0.000000s ]
INFO: [ template_filter ] --END-- [ RunTime:0.000000s ]
NOTIC: [2] include(errors.php): failed to open stream: No such file or directory D:\temporary folder\Personal-project\registration system using thinkphp framework\Application\Runtime\Cache\Home\1892cd3e84dc8c99d319e166f66229fc.php 第 13 行.
NOTIC: [2] include(errors.php): failed to open stream: No such file or directory D:\temporary folder\Personal-project\registration system using thinkphp framework\Application\Runtime\Cache\Home\1892cd3e84dc8c99d319e166f66229fc.php 第 13 行.
NOTIC: [2] include(): Failed opening 'errors.php' for inclusion (include_path='.;C:\php\pear') D:\temporary folder\Personal-project\registration system using thinkphp framework\Application\Runtime\Cache\Home\1892cd3e84dc8c99d319e166f66229fc.php 第 13 行.
NOTIC: [8] Undefined variable: username D:\temporary folder\Personal-project\registration system using thinkphp framework\Application\Runtime\Cache\Home\1892cd3e84dc8c99d319e166f66229fc.php 第 16 行.
INFO: Run Behavior\ParseTemplateBehavior [ RunTime:0.006000s ]
INFO: [ view_parse ] --END-- [ RunTime:0.006000s ]
INFO: [ view_filter ] --START--
INFO: Run Behavior\WriteHtmlCacheBehavior [ RunTime:0.000000s ]
INFO: [ view_filter ] --END-- [ RunTime:0.000000s ]
INFO: [ app_end ] --START--
INFO: Run Behavior\ShowPageTraceBehavior [ RunTime:0.001000s ]
INFO: [ app_end ] --END-- [ RunTime:0.001000s ]

[ 2018-12-27T16:24:03+08:00 ] 127.0.0.1 /index.php/Home/Application/register
INFO: [ app_init ] --START--
INFO: Run Behavior\BuildLiteBehavior [ RunTime:0.000000s ]
INFO: [ app_init ] --END-- [ RunTime:0.000000s ]
INFO: [ app_begin ] --START--
INFO: Run Behavior\ReadHtmlCacheBehavior [ RunTime:0.001000s ]
INFO: [ app_begin ] --END-- [ RunTime:0.001000s ]
INFO: [ view_parse ] --START--
INFO: [ template_filter ] --START--
INFO: Run Behavior\ContentReplaceBehavior [ RunTime:0.000000s ]
INFO: [ template_filter ] --END-- [ RunTime:0.000000s ]
NOTIC: [2] include(errors.php): failed to open stream: No such file or directory D:\temporary folder\Personal-project\registration system using thinkphp framework\Application\Runtime\Cache\Home\1892cd3e84dc8c99d319e166f66229fc.php 第 13 行.
NOTIC: [2] include(errors.php): failed to open stream: No such file or directory D:\temporary folder\Personal-project\registration system using thinkphp framework\Application\Runtime\Cache\Home\1892cd3e84dc8c99d319e166f66229fc.php 第 13 行.
NOTIC: [2] include(): Failed opening 'errors.php' for inclusion (include_path='.;C:\php\pear') D:\temporary folder\Personal-project\registration system using thinkphp framework\Application\Runtime\Cache\Home\1892cd3e84dc8c99d319e166f66229fc.php 第 13 行.
NOTIC: [8] Undefined variable: username D:\temporary folder\Personal-project\registration system using thinkphp framework\Application\Runtime\Cache\Home\1892cd3e84dc8c99d319e166f66229fc.php 第 16 行.
NOTIC: [8] Undefined variable: error D:\temporary folder\Personal-project\registration system using thinkphp framework\Application\Runtime\Cache\Home\1892cd3e84dc8c99d319e166f66229fc.php 第 42 行.
INFO: Run Behavior\ParseTemplateBehavior [ RunTime:0.009000s ]
INFO: [ view_parse ] --END-- [ RunTime:0.009000s ]
INFO: [ view_filter ] --START--
INFO: Run Behavior\WriteHtmlCacheBehavior [ RunTime:0.000000s ]
INFO: [ view_filter ] --END-- [ RunTime:0.000000s ]
INFO: [ app_end ] --START--
INFO: Run Behavior\ShowPageTraceBehavior [ RunTime:0.001000s ]
INFO: [ app_end ] --END-- [ RunTime:0.001000s ]

[ 2018-12-27T16:24:07+08:00 ] 127.0.0.1 /index.php/Home/Application/register.html
INFO: [ app_init ] --START--
INFO: Run Behavior\BuildLiteBehavior [ RunTime:0.000000s ]
INFO: [ app_init ] --END-- [ RunTime:0.001000s ]
INFO: [ app_begin ] --START--
INFO: Run Behavior\ReadHtmlCacheBehavior [ RunTime:0.000000s ]
INFO: [ app_begin ] --END-- [ RunTime:0.001000s ]
SQL: SHOW COLUMNS FROM `account` [ RunTime:0.0040s ]
NOTIC: [8] Undefined index: validate D:\temporary folder\Personal-project\registration system using thinkphp framework\ThinkPHP\Library\Think\Model.class.php 第 1185 行.
NOTIC: [8] Undefined index: auto D:\temporary folder\Personal-project\registration system using thinkphp framework\ThinkPHP\Library\Think\Model.class.php 第 1128 行.
SQL: SELECT * FROM `account` WHERE `username` = '' LIMIT 1   [ RunTime:0.0010s ]
SQL: SELECT * FROM `account` WHERE ( username='' ) LIMIT 1   [ RunTime:0.0000s ]
SQL: INSERT INTO `account` (`username`,`password`,`email`) VALUES ('','','') [ RunTime:0.0010s ]
INFO: [ view_parse ] --START--
INFO: [ template_filter ] --START--
INFO: Run Behavior\ContentReplaceBehavior [ RunTime:0.000000s ]
INFO: [ template_filter ] --END-- [ RunTime:0.000000s ]
NOTIC: [2] include(errors.php): failed to open stream: No such file or directory D:\temporary folder\Personal-project\registration system using thinkphp framework\Application\Runtime\Cache\Home\1892cd3e84dc8c99d319e166f66229fc.php 第 13 行.
NOTIC: [2] include(errors.php): failed to open stream: No such file or directory D:\temporary folder\Personal-project\registration system using thinkphp framework\Application\Runtime\Cache\Home\1892cd3e84dc8c99d319e166f66229fc.php 第 13 行.
NOTIC: [2] include(): Failed opening 'errors.php' for inclusion (include_path='.;C:\php\pear') D:\temporary folder\Personal-project\registration system using thinkphp framework\Application\Runtime\Cache\Home\1892cd3e84dc8c99d319e166f66229fc.php 第 13 行.
NOTIC: [8] Undefined variable: username D:\temporary folder\Personal-project\registration system using thinkphp framework\Application\Runtime\Cache\Home\1892cd3e84dc8c99d319e166f66229fc.php 第 16 行.
INFO: Run Behavior\ParseTemplateBehavior [ RunTime:0.006000s ]
INFO: [ view_parse ] --END-- [ RunTime:0.006000s ]
INFO: [ view_filter ] --START--
INFO: Run Behavior\WriteHtmlCacheBehavior [ RunTime:0.000000s ]
INFO: [ view_filter ] --END-- [ RunTime:0.000000s ]
INFO: [ app_end ] --START--
INFO: Run Behavior\ShowPageTraceBehavior [ RunTime:0.000000s ]
INFO: [ app_end ] --END-- [ RunTime:0.001000s ]

[ 2018-12-27T16:26:25+08:00 ] 127.0.0.1 /index.php/Home/Application/register
INFO: [ app_init ] --START--
INFO: Run Behavior\BuildLiteBehavior [ RunTime:0.000000s ]
INFO: [ app_init ] --END-- [ RunTime:0.001000s ]
INFO: [ app_begin ] --START--
INFO: Run Behavior\ReadHtmlCacheBehavior [ RunTime:0.001000s ]
INFO: [ app_begin ] --END-- [ RunTime:0.001000s ]
INFO: [ view_parse ] --START--
INFO: [ template_filter ] --START--
INFO: Run Behavior\ContentReplaceBehavior [ RunTime:0.000000s ]
INFO: [ template_filter ] --END-- [ RunTime:0.000000s ]
NOTIC: [2] include(errors.php): failed to open stream: No such file or directory D:\temporary folder\Personal-project\registration system using thinkphp framework\Application\Runtime\Cache\Home\1892cd3e84dc8c99d319e166f66229fc.php 第 13 行.
NOTIC: [2] include(errors.php): failed to open stream: No such file or directory D:\temporary folder\Personal-project\registration system using thinkphp framework\Application\Runtime\Cache\Home\1892cd3e84dc8c99d319e166f66229fc.php 第 13 行.
NOTIC: [2] include(): Failed opening 'errors.php' for inclusion (include_path='.;C:\php\pear') D:\temporary folder\Personal-project\registration system using thinkphp framework\Application\Runtime\Cache\Home\1892cd3e84dc8c99d319e166f66229fc.php 第 13 行.
NOTIC: [8] Undefined variable: username D:\temporary folder\Personal-project\registration system using thinkphp framework\Application\Runtime\Cache\Home\1892cd3e84dc8c99d319e166f66229fc.php 第 16 行.
NOTIC: [8] Undefined variable: error D:\temporary folder\Personal-project\registration system using thinkphp framework\Application\Runtime\Cache\Home\1892cd3e84dc8c99d319e166f66229fc.php 第 42 行.
INFO: Run Behavior\ParseTemplateBehavior [ RunTime:0.007001s ]
INFO: [ view_parse ] --END-- [ RunTime:0.007001s ]
INFO: [ view_filter ] --START--
INFO: Run Behavior\WriteHtmlCacheBehavior [ RunTime:0.001000s ]
INFO: [ view_filter ] --END-- [ RunTime:0.001000s ]
INFO: [ app_end ] --START--
INFO: Run Behavior\ShowPageTraceBehavior [ RunTime:0.000000s ]
INFO: [ app_end ] --END-- [ RunTime:0.000000s ]

[ 2018-12-27T16:26:27+08:00 ] 127.0.0.1 /index.php/Home/Application/register.html
INFO: [ app_init ] --START--
INFO: Run Behavior\BuildLiteBehavior [ RunTime:0.000000s ]
INFO: [ app_init ] --END-- [ RunTime:0.001000s ]
INFO: [ app_begin ] --START--
INFO: Run Behavior\ReadHtmlCacheBehavior [ RunTime:0.000000s ]
INFO: [ app_begin ] --END-- [ RunTime:0.001000s ]
SQL: SHOW COLUMNS FROM `account` [ RunTime:0.0040s ]
NOTIC: [8] Undefined index: validate D:\temporary folder\Personal-project\registration system using thinkphp framework\ThinkPHP\Library\Think\Model.class.php 第 1185 行.
NOTIC: [8] Undefined index: auto D:\temporary folder\Personal-project\registration system using thinkphp framework\ThinkPHP\Library\Think\Model.class.php 第 1128 行.
SQL: SELECT * FROM `account` WHERE `username` = '' LIMIT 1   [ RunTime:0.0010s ]
SQL: SELECT * FROM `account` WHERE ( username='' ) LIMIT 1   [ RunTime:0.0000s ]
INFO: [ view_parse ] --START--
INFO: [ template_filter ] --START--
INFO: Run Behavior\ContentReplaceBehavior [ RunTime:0.000000s ]
INFO: [ template_filter ] --END-- [ RunTime:0.000000s ]
NOTIC: [2] include(errors.php): failed to open stream: No such file or directory D:\temporary folder\Personal-project\registration system using thinkphp framework\Application\Runtime\Cache\Home\1892cd3e84dc8c99d319e166f66229fc.php 第 13 行.
NOTIC: [2] include(errors.php): failed to open stream: No such file or directory D:\temporary folder\Personal-project\registration system using thinkphp framework\Application\Runtime\Cache\Home\1892cd3e84dc8c99d319e166f66229fc.php 第 13 行.
NOTIC: [2] include(): Failed opening 'errors.php' for inclusion (include_path='.;C:\php\pear') D:\temporary folder\Personal-project\registration system using thinkphp framework\Application\Runtime\Cache\Home\1892cd3e84dc8c99d319e166f66229fc.php 第 13 行.
NOTIC: [8] Undefined variable: username D:\temporary folder\Personal-project\registration system using thinkphp framework\Application\Runtime\Cache\Home\1892cd3e84dc8c99d319e166f66229fc.php 第 16 行.
INFO: Run Behavior\ParseTemplateBehavior [ RunTime:0.006000s ]
INFO: [ view_parse ] --END-- [ RunTime:0.006000s ]
INFO: [ view_filter ] --START--
INFO: Run Behavior\WriteHtmlCacheBehavior [ RunTime:0.000000s ]
INFO: [ view_filter ] --END-- [ RunTime:0.000000s ]
INFO: [ app_end ] --START--
INFO: Run Behavior\ShowPageTraceBehavior [ RunTime:0.001000s ]
INFO: [ app_end ] --END-- [ RunTime:0.001000s ]

[ 2018-12-27T16:35:01+08:00 ] 127.0.0.1 /index.php/Home/Application/login
INFO: [ app_init ] --START--
INFO: Run Behavior\BuildLiteBehavior [ RunTime:0.001000s ]
INFO: [ app_init ] --END-- [ RunTime:0.001000s ]
INFO: [ app_begin ] --START--
INFO: Run Behavior\ReadHtmlCacheBehavior [ RunTime:0.000000s ]
INFO: [ app_begin ] --END-- [ RunTime:0.000000s ]
INFO: [ app_end ] --START--
INFO: Run Behavior\ShowPageTraceBehavior [ RunTime:0.001000s ]
INFO: [ app_end ] --END-- [ RunTime:0.001000s ]

[ 2018-12-27T16:35:23+08:00 ] 127.0.0.1 /index.php/Home/Application/login
INFO: [ app_init ] --START--
INFO: Run Behavior\BuildLiteBehavior [ RunTime:0.000000s ]
INFO: [ app_init ] --END-- [ RunTime:0.001000s ]
INFO: [ app_begin ] --START--
INFO: Run Behavior\ReadHtmlCacheBehavior [ RunTime:0.001000s ]
INFO: [ app_begin ] --END-- [ RunTime:0.001000s ]
INFO: [ view_parse ] --START--
INFO: [ template_filter ] --START--
INFO: Run Behavior\ContentReplaceBehavior [ RunTime:0.000000s ]
INFO: [ template_filter ] --END-- [ RunTime:0.000000s ]
NOTIC: [2] include(errors.php): failed to open stream: No such file or directory D:\temporary folder\Personal-project\registration system using thinkphp framework\Application\Runtime\Cache\Home\ce08001826bf659e465af77c5ac813e5.php 第 13 行.
NOTIC: [2] include(errors.php): failed to open stream: No such file or directory D:\temporary folder\Personal-project\registration system using thinkphp framework\Application\Runtime\Cache\Home\ce08001826bf659e465af77c5ac813e5.php 第 13 行.
NOTIC: [2] include(): Failed opening 'errors.php' for inclusion (include_path='.;C:\php\pear') D:\temporary folder\Personal-project\registration system using thinkphp framework\Application\Runtime\Cache\Home\ce08001826bf659e465af77c5ac813e5.php 第 13 行.
NOTIC: [8] Undefined variable: errMessage D:\temporary folder\Personal-project\registration system using thinkphp framework\Application\Runtime\Cache\Home\ce08001826bf659e465af77c5ac813e5.php 第 32 行.
INFO: Run Behavior\ParseTemplateBehavior [ RunTime:0.018001s ]
INFO: [ view_parse ] --END-- [ RunTime:0.018001s ]
INFO: [ view_filter ] --START--
INFO: Run Behavior\WriteHtmlCacheBehavior [ RunTime:0.000000s ]
INFO: [ view_filter ] --END-- [ RunTime:0.000000s ]
INFO: [ app_end ] --START--
INFO: Run Behavior\ShowPageTraceBehavior [ RunTime:0.001000s ]
INFO: [ app_end ] --END-- [ RunTime:0.001000s ]

[ 2018-12-27T16:38:25+08:00 ] 127.0.0.1 /index.php/Home/Application/login.html
INFO: [ app_init ] --START--
INFO: Run Behavior\BuildLiteBehavior [ RunTime:0.000000s ]
INFO: [ app_init ] --END-- [ RunTime:0.002000s ]
INFO: [ app_begin ] --START--
INFO: Run Behavior\ReadHtmlCacheBehavior [ RunTime:0.002000s ]
INFO: [ app_begin ] --END-- [ RunTime:0.002000s ]
SQL: SHOW COLUMNS FROM `account` [ RunTime:0.0040s ]
NOTIC: [8] Undefined index: validate D:\temporary folder\Personal-project\registration system using thinkphp framework\ThinkPHP\Library\Think\Model.class.php 第 1185 行.
NOTIC: [8] Undefined index: auto D:\temporary folder\Personal-project\registration system using thinkphp framework\ThinkPHP\Library\Think\Model.class.php 第 1128 行.
SQL: SELECT * FROM `account` LIMIT 1   [ RunTime:0.0010s ]
SQL: SELECT * FROM `account` WHERE ( username='%s' ) LIMIT 1   [ RunTime:0.0000s ]
INFO: [ view_parse ] --START--
INFO: [ template_filter ] --START--
INFO: Run Behavior\ContentReplaceBehavior [ RunTime:0.000000s ]
INFO: [ template_filter ] --END-- [ RunTime:0.000000s ]
NOTIC: [2] include(errors.php): failed to open stream: No such file or directory D:\temporary folder\Personal-project\registration system using thinkphp framework\Application\Runtime\Cache\Home\ce08001826bf659e465af77c5ac813e5.php 第 13 行.
NOTIC: [2] include(errors.php): failed to open stream: No such file or directory D:\temporary folder\Personal-project\registration system using thinkphp framework\Application\Runtime\Cache\Home\ce08001826bf659e465af77c5ac813e5.php 第 13 行.
NOTIC: [2] include(): Failed opening 'errors.php' for inclusion (include_path='.;C:\php\pear') D:\temporary folder\Personal-project\registration system using thinkphp framework\Application\Runtime\Cache\Home\ce08001826bf659e465af77c5ac813e5.php 第 13 行.
INFO: Run Behavior\ParseTemplateBehavior [ RunTime:0.006001s ]
INFO: [ view_parse ] --END-- [ RunTime:0.006001s ]
INFO: [ view_filter ] --START--
INFO: Run Behavior\WriteHtmlCacheBehavior [ RunTime:0.000000s ]
INFO: [ view_filter ] --END-- [ RunTime:0.000000s ]
INFO: [ app_end ] --START--
INFO: Run Behavior\ShowPageTraceBehavior [ RunTime:0.001000s ]
INFO: [ app_end ] --END-- [ RunTime:0.001000s ]

[ 2018-12-27T16:39:22+08:00 ] 127.0.0.1 /index.php/Home/Application/register.html
INFO: [ app_init ] --START--
INFO: Run Behavior\BuildLiteBehavior [ RunTime:0.000000s ]
INFO: [ app_init ] --END-- [ RunTime:0.000000s ]
INFO: [ app_begin ] --START--
INFO: Run Behavior\ReadHtmlCacheBehavior [ RunTime:0.001000s ]
INFO: [ app_begin ] --END-- [ RunTime:0.001000s ]
INFO: [ view_parse ] --START--
INFO: [ template_filter ] --START--
INFO: Run Behavior\ContentReplaceBehavior [ RunTime:0.000000s ]
INFO: [ template_filter ] --END-- [ RunTime:0.000000s ]
NOTIC: [2] include(errors.php): failed to open stream: No such file or directory D:\temporary folder\Personal-project\registration system using thinkphp framework\Application\Runtime\Cache\Home\1892cd3e84dc8c99d319e166f66229fc.php 第 13 行.
NOTIC: [2] include(errors.php): failed to open stream: No such file or directory D:\temporary folder\Personal-project\registration system using thinkphp framework\Application\Runtime\Cache\Home\1892cd3e84dc8c99d319e166f66229fc.php 第 13 行.
NOTIC: [2] include(): Failed opening 'errors.php' for inclusion (include_path='.;C:\php\pear') D:\temporary folder\Personal-project\registration system using thinkphp framework\Application\Runtime\Cache\Home\1892cd3e84dc8c99d319e166f66229fc.php 第 13 行.
NOTIC: [8] Undefined variable: username D:\temporary folder\Personal-project\registration system using thinkphp framework\Application\Runtime\Cache\Home\1892cd3e84dc8c99d319e166f66229fc.php 第 16 行.
NOTIC: [8] Undefined variable: error D:\temporary folder\Personal-project\registration system using thinkphp framework\Application\Runtime\Cache\Home\1892cd3e84dc8c99d319e166f66229fc.php 第 42 行.
INFO: Run Behavior\ParseTemplateBehavior [ RunTime:0.006000s ]
INFO: [ view_parse ] --END-- [ RunTime:0.006000s ]
INFO: [ view_filter ] --START--
INFO: Run Behavior\WriteHtmlCacheBehavior [ RunTime:0.001000s ]
INFO: [ view_filter ] --END-- [ RunTime:0.001000s ]
INFO: [ app_end ] --START--
INFO: Run Behavior\ShowPageTraceBehavior [ RunTime:0.000000s ]
INFO: [ app_end ] --END-- [ RunTime:0.000000s ]

[ 2018-12-27T16:39:27+08:00 ] 127.0.0.1 /index.php/Home/Application/register.html
INFO: [ app_init ] --START--
INFO: Run Behavior\BuildLiteBehavior [ RunTime:0.000000s ]
INFO: [ app_init ] --END-- [ RunTime:0.000000s ]
INFO: [ app_begin ] --START--
INFO: Run Behavior\ReadHtmlCacheBehavior [ RunTime:0.001000s ]
INFO: [ app_begin ] --END-- [ RunTime:0.001000s ]
SQL: SHOW COLUMNS FROM `account` [ RunTime:0.0050s ]
NOTIC: [8] Undefined index: validate D:\temporary folder\Personal-project\registration system using thinkphp framework\ThinkPHP\Library\Think\Model.class.php 第 1185 行.
NOTIC: [8] Undefined index: auto D:\temporary folder\Personal-project\registration system using thinkphp framework\ThinkPHP\Library\Think\Model.class.php 第 1128 行.
SQL: SELECT * FROM `account` WHERE `username` = 'yuchen' LIMIT 1   [ RunTime:0.0000s ]
SQL: SELECT * FROM `account` WHERE ( username='yuchen' ) LIMIT 1   [ RunTime:0.0010s ]
INFO: [ view_parse ] --START--
INFO: [ template_filter ] --START--
INFO: Run Behavior\ContentReplaceBehavior [ RunTime:0.000000s ]
INFO: [ template_filter ] --END-- [ RunTime:0.000000s ]
NOTIC: [2] include(errors.php): failed to open stream: No such file or directory D:\temporary folder\Personal-project\registration system using thinkphp framework\Application\Runtime\Cache\Home\1892cd3e84dc8c99d319e166f66229fc.php 第 13 行.
NOTIC: [2] include(errors.php): failed to open stream: No such file or directory D:\temporary folder\Personal-project\registration system using thinkphp framework\Application\Runtime\Cache\Home\1892cd3e84dc8c99d319e166f66229fc.php 第 13 行.
NOTIC: [2] include(): Failed opening 'errors.php' for inclusion (include_path='.;C:\php\pear') D:\temporary folder\Personal-project\registration system using thinkphp framework\Application\Runtime\Cache\Home\1892cd3e84dc8c99d319e166f66229fc.php 第 13 行.
NOTIC: [8] Undefined variable: username D:\temporary folder\Personal-project\registration system using thinkphp framework\Application\Runtime\Cache\Home\1892cd3e84dc8c99d319e166f66229fc.php 第 16 行.
INFO: Run Behavior\ParseTemplateBehavior [ RunTime:0.006000s ]
INFO: [ view_parse ] --END-- [ RunTime:0.007000s ]
INFO: [ view_filter ] --START--
INFO: Run Behavior\WriteHtmlCacheBehavior [ RunTime:0.000000s ]
INFO: [ view_filter ] --END-- [ RunTime:0.000000s ]
INFO: [ app_end ] --START--
INFO: Run Behavior\ShowPageTraceBehavior [ RunTime:0.001000s ]
INFO: [ app_end ] --END-- [ RunTime:0.001000s ]

[ 2018-12-27T16:39:53+08:00 ] 127.0.0.1 /index.php/Home/Application/login.html
INFO: [ app_init ] --START--
INFO: Run Behavior\BuildLiteBehavior [ RunTime:0.000000s ]
INFO: [ app_init ] --END-- [ RunTime:0.000000s ]
INFO: [ app_begin ] --START--
INFO: Run Behavior\ReadHtmlCacheBehavior [ RunTime:0.000000s ]
INFO: [ app_begin ] --END-- [ RunTime:0.000000s ]
INFO: [ view_parse ] --START--
INFO: [ template_filter ] --START--
INFO: Run Behavior\ContentReplaceBehavior [ RunTime:0.000000s ]
INFO: [ template_filter ] --END-- [ RunTime:0.000000s ]
NOTIC: [2] include(errors.php): failed to open stream: No such file or directory D:\temporary folder\Personal-project\registration system using thinkphp framework\Application\Runtime\Cache\Home\ce08001826bf659e465af77c5ac813e5.php 第 13 行.
NOTIC: [2] include(errors.php): failed to open stream: No such file or directory D:\temporary folder\Personal-project\registration system using thinkphp framework\Application\Runtime\Cache\Home\ce08001826bf659e465af77c5ac813e5.php 第 13 行.
NOTIC: [2] include(): Failed opening 'errors.php' for inclusion (include_path='.;C:\php\pear') D:\temporary folder\Personal-project\registration system using thinkphp framework\Application\Runtime\Cache\Home\ce08001826bf659e465af77c5ac813e5.php 第 13 行.
NOTIC: [8] Undefined variable: errMessage D:\temporary folder\Personal-project\registration system using thinkphp framework\Application\Runtime\Cache\Home\ce08001826bf659e465af77c5ac813e5.php 第 32 行.
INFO: Run Behavior\ParseTemplateBehavior [ RunTime:0.006000s ]
INFO: [ view_parse ] --END-- [ RunTime:0.006000s ]
INFO: [ view_filter ] --START--
INFO: Run Behavior\WriteHtmlCacheBehavior [ RunTime:0.000000s ]
INFO: [ view_filter ] --END-- [ RunTime:0.000000s ]
INFO: [ app_end ] --START--
INFO: Run Behavior\ShowPageTraceBehavior [ RunTime:0.001000s ]
INFO: [ app_end ] --END-- [ RunTime:0.001000s ]

[ 2018-12-27T16:40:03+08:00 ] 127.0.0.1 /index.php/Home/Application/login.html
INFO: [ app_init ] --START--
INFO: Run Behavior\BuildLiteBehavior [ RunTime:0.000000s ]
INFO: [ app_init ] --END-- [ RunTime:0.000000s ]
INFO: [ app_begin ] --START--
INFO: Run Behavior\ReadHtmlCacheBehavior [ RunTime:0.001000s ]
INFO: [ app_begin ] --END-- [ RunTime:0.001000s ]
SQL: SHOW COLUMNS FROM `account` [ RunTime:0.0050s ]
NOTIC: [8] Undefined index: validate D:\temporary folder\Personal-project\registration system using thinkphp framework\ThinkPHP\Library\Think\Model.class.php 第 1185 行.
NOTIC: [8] Undefined index: auto D:\temporary folder\Personal-project\registration system using thinkphp framework\ThinkPHP\Library\Think\Model.class.php 第 1128 行.
SQL: SELECT * FROM `account` LIMIT 1   [ RunTime:0.0010s ]
SQL: SELECT * FROM `account` WHERE ( username='%s' ) LIMIT 1   [ RunTime:0.0000s ]
INFO: [ view_parse ] --START--
INFO: [ template_filter ] --START--
INFO: Run Behavior\ContentReplaceBehavior [ RunTime:0.000000s ]
INFO: [ template_filter ] --END-- [ RunTime:0.000000s ]
NOTIC: [2] include(errors.php): failed to open stream: No such file or directory D:\temporary folder\Personal-project\registration system using thinkphp framework\Application\Runtime\Cache\Home\ce08001826bf659e465af77c5ac813e5.php 第 13 行.
NOTIC: [2] include(errors.php): failed to open stream: No such file or directory D:\temporary folder\Personal-project\registration system using thinkphp framework\Application\Runtime\Cache\Home\ce08001826bf659e465af77c5ac813e5.php 第 13 行.
NOTIC: [2] include(): Failed opening 'errors.php' for inclusion (include_path='.;C:\php\pear') D:\temporary folder\Personal-project\registration system using thinkphp framework\Application\Runtime\Cache\Home\ce08001826bf659e465af77c5ac813e5.php 第 13 行.
INFO: Run Behavior\ParseTemplateBehavior [ RunTime:0.007000s ]
INFO: [ view_parse ] --END-- [ RunTime:0.007000s ]
INFO: [ view_filter ] --START--
INFO: Run Behavior\WriteHtmlCacheBehavior [ RunTime:0.000000s ]
INFO: [ view_filter ] --END-- [ RunTime:0.000000s ]
INFO: [ app_end ] --START--
INFO: Run Behavior\ShowPageTraceBehavior [ RunTime:0.000000s ]
INFO: [ app_end ] --END-- [ RunTime:0.000000s ]

[ 2018-12-27T16:40:40+08:00 ] 127.0.0.1 /index.php/Home/Application/login.html
INFO: [ app_init ] --START--
INFO: Run Behavior\BuildLiteBehavior [ RunTime:0.000000s ]
INFO: [ app_init ] --END-- [ RunTime:0.000000s ]
INFO: [ app_begin ] --START--
INFO: Run Behavior\ReadHtmlCacheBehavior [ RunTime:0.001000s ]
INFO: [ app_begin ] --END-- [ RunTime:0.001000s ]
SQL: SHOW COLUMNS FROM `account` [ RunTime:0.0070s ]
NOTIC: [8] Undefined index: validate D:\temporary folder\Personal-project\registration system using thinkphp framework\ThinkPHP\Library\Think\Model.class.php 第 1185 行.
NOTIC: [8] Undefined index: auto D:\temporary folder\Personal-project\registration system using thinkphp framework\ThinkPHP\Library\Think\Model.class.php 第 1128 行.
SQL: SELECT * FROM `account` LIMIT 1   [ RunTime:0.0000s ]
SQL: SELECT * FROM `account` WHERE ( username='%s' ) LIMIT 1   [ RunTime:0.0000s ]
INFO: [ view_parse ] --START--
INFO: [ template_filter ] --START--
INFO: Run Behavior\ContentReplaceBehavior [ RunTime:0.000000s ]
INFO: [ template_filter ] --END-- [ RunTime:0.000000s ]
NOTIC: [2] include(errors.php): failed to open stream: No such file or directory D:\temporary folder\Personal-project\registration system using thinkphp framework\Application\Runtime\Cache\Home\ce08001826bf659e465af77c5ac813e5.php 第 13 行.
NOTIC: [2] include(errors.php): failed to open stream: No such file or directory D:\temporary folder\Personal-project\registration system using thinkphp framework\Application\Runtime\Cache\Home\ce08001826bf659e465af77c5ac813e5.php 第 13 行.
NOTIC: [2] include(): Failed opening 'errors.php' for inclusion (include_path='.;C:\php\pear') D:\temporary folder\Personal-project\registration system using thinkphp framework\Application\Runtime\Cache\Home\ce08001826bf659e465af77c5ac813e5.php 第 13 行.
INFO: Run Behavior\ParseTemplateBehavior [ RunTime:0.009001s ]
INFO: [ view_parse ] --END-- [ RunTime:0.009001s ]
INFO: [ view_filter ] --START--
INFO: Run Behavior\WriteHtmlCacheBehavior [ RunTime:0.000000s ]
INFO: [ view_filter ] --END-- [ RunTime:0.000000s ]
INFO: [ app_end ] --START--
INFO: Run Behavior\ShowPageTraceBehavior [ RunTime:0.001000s ]
INFO: [ app_end ] --END-- [ RunTime:0.001000s ]

[ 2018-12-27T16:41:05+08:00 ] 127.0.0.1 /index.php/Home/Application/login.html
INFO: [ app_init ] --START--
INFO: Run Behavior\BuildLiteBehavior [ RunTime:0.000000s ]
INFO: [ app_init ] --END-- [ RunTime:0.001000s ]
INFO: [ app_begin ] --START--
INFO: Run Behavior\ReadHtmlCacheBehavior [ RunTime:0.001000s ]
INFO: [ app_begin ] --END-- [ RunTime:0.001000s ]
SQL: SHOW COLUMNS FROM `account` [ RunTime:0.0110s ]
NOTIC: [8] Undefined index: validate D:\temporary folder\Personal-project\registration system using thinkphp framework\ThinkPHP\Library\Think\Model.class.php 第 1185 行.
NOTIC: [8] Undefined index: auto D:\temporary folder\Personal-project\registration system using thinkphp framework\ThinkPHP\Library\Think\Model.class.php 第 1128 行.
SQL: SELECT * FROM `account` LIMIT 1   [ RunTime:0.0010s ]
SQL: SELECT * FROM `account` WHERE ( username='%s' ) LIMIT 1   [ RunTime:0.0010s ]
INFO: [ view_parse ] --START--
INFO: [ template_filter ] --START--
INFO: Run Behavior\ContentReplaceBehavior [ RunTime:0.001000s ]
INFO: [ template_filter ] --END-- [ RunTime:0.001000s ]
NOTIC: [2] include(errors.php): failed to open stream: No such file or directory D:\temporary folder\Personal-project\registration system using thinkphp framework\Application\Runtime\Cache\Home\ce08001826bf659e465af77c5ac813e5.php 第 13 行.
NOTIC: [2] include(errors.php): failed to open stream: No such file or directory D:\temporary folder\Personal-project\registration system using thinkphp framework\Application\Runtime\Cache\Home\ce08001826bf659e465af77c5ac813e5.php 第 13 行.
NOTIC: [2] include(): Failed opening 'errors.php' for inclusion (include_path='.;C:\php\pear') D:\temporary folder\Personal-project\registration system using thinkphp framework\Application\Runtime\Cache\Home\ce08001826bf659e465af77c5ac813e5.php 第 13 行.
INFO: Run Behavior\ParseTemplateBehavior [ RunTime:0.008001s ]
INFO: [ view_parse ] --END-- [ RunTime:0.008001s ]
INFO: [ view_filter ] --START--
INFO: Run Behavior\WriteHtmlCacheBehavior [ RunTime:0.000000s ]
INFO: [ view_filter ] --END-- [ RunTime:0.000000s ]
INFO: [ app_end ] --START--
INFO: Run Behavior\ShowPageTraceBehavior [ RunTime:0.001000s ]
INFO: [ app_end ] --END-- [ RunTime:0.001000s ]

[ 2018-12-27T16:48:58+08:00 ] 127.0.0.1 /index.php/Home/Application/login.html
INFO: [ app_init ] --START--
INFO: Run Behavior\BuildLiteBehavior [ RunTime:0.000000s ]
INFO: [ app_init ] --END-- [ RunTime:0.001000s ]
INFO: [ app_begin ] --START--
INFO: Run Behavior\ReadHtmlCacheBehavior [ RunTime:0.001000s ]
INFO: [ app_begin ] --END-- [ RunTime:0.001000s ]
SQL: SHOW COLUMNS FROM `account` [ RunTime:0.0060s ]
NOTIC: [8] Undefined index: validate D:\temporary folder\Personal-project\registration system using thinkphp framework\ThinkPHP\Library\Think\Model.class.php 第 1185 行.
NOTIC: [8] Undefined index: auto D:\temporary folder\Personal-project\registration system using thinkphp framework\ThinkPHP\Library\Think\Model.class.php 第 1128 行.
SQL: SELECT * FROM `account` LIMIT 1   [ RunTime:0.0010s ]
SQL: SELECT * FROM `account` WHERE ( username='%s' ) LIMIT 1   [ RunTime:0.0000s ]
INFO: [ view_parse ] --START--
INFO: [ template_filter ] --START--
INFO: Run Behavior\ContentReplaceBehavior [ RunTime:0.000000s ]
INFO: [ template_filter ] --END-- [ RunTime:0.000000s ]
NOTIC: [2] include(errors.php): failed to open stream: No such file or directory D:\temporary folder\Personal-project\registration system using thinkphp framework\Application\Runtime\Cache\Home\ce08001826bf659e465af77c5ac813e5.php 第 13 行.
NOTIC: [2] include(errors.php): failed to open stream: No such file or directory D:\temporary folder\Personal-project\registration system using thinkphp framework\Application\Runtime\Cache\Home\ce08001826bf659e465af77c5ac813e5.php 第 13 行.
NOTIC: [2] include(): Failed opening 'errors.php' for inclusion (include_path='.;C:\php\pear') D:\temporary folder\Personal-project\registration system using thinkphp framework\Application\Runtime\Cache\Home\ce08001826bf659e465af77c5ac813e5.php 第 13 行.
INFO: Run Behavior\ParseTemplateBehavior [ RunTime:0.018002s ]
INFO: [ view_parse ] --END-- [ RunTime:0.018002s ]
INFO: [ view_filter ] --START--
INFO: Run Behavior\WriteHtmlCacheBehavior [ RunTime:0.000000s ]
INFO: [ view_filter ] --END-- [ RunTime:0.000000s ]
INFO: [ app_end ] --START--
INFO: Run Behavior\ShowPageTraceBehavior [ RunTime:0.001000s ]
INFO: [ app_end ] --END-- [ RunTime:0.001000s ]

[ 2018-12-27T16:52:30+08:00 ] 127.0.0.1 /index.php/Home/Application/login.html
INFO: [ app_init ] --START--
INFO: Run Behavior\BuildLiteBehavior [ RunTime:0.000000s ]
INFO: [ app_init ] --END-- [ RunTime:0.001000s ]
INFO: [ app_begin ] --START--
INFO: Run Behavior\ReadHtmlCacheBehavior [ RunTime:0.001000s ]
INFO: [ app_begin ] --END-- [ RunTime:0.001000s ]
SQL: SHOW COLUMNS FROM `account` [ RunTime:0.0040s ]
NOTIC: [8] Undefined index: validate D:\temporary folder\Personal-project\registration system using thinkphp framework\ThinkPHP\Library\Think\Model.class.php 第 1185 行.
NOTIC: [8] Undefined index: auto D:\temporary folder\Personal-project\registration system using thinkphp framework\ThinkPHP\Library\Think\Model.class.php 第 1128 行.
SQL: SELECT * FROM `account` LIMIT 1   [ RunTime:0.0000s ]
SQL: SELECT * FROM `account` WHERE ( username='%s' ) LIMIT 1   [ RunTime:0.0000s ]
INFO: [ view_parse ] --START--
INFO: [ template_filter ] --START--
INFO: Run Behavior\ContentReplaceBehavior [ RunTime:0.000000s ]
INFO: [ template_filter ] --END-- [ RunTime:0.000000s ]
NOTIC: [2] include(errors.php): failed to open stream: No such file or directory D:\temporary folder\Personal-project\registration system using thinkphp framework\Application\Runtime\Cache\Home\ce08001826bf659e465af77c5ac813e5.php 第 13 行.
NOTIC: [2] include(errors.php): failed to open stream: No such file or directory D:\temporary folder\Personal-project\registration system using thinkphp framework\Application\Runtime\Cache\Home\ce08001826bf659e465af77c5ac813e5.php 第 13 行.
NOTIC: [2] include(): Failed opening 'errors.php' for inclusion (include_path='.;C:\php\pear') D:\temporary folder\Personal-project\registration system using thinkphp framework\Application\Runtime\Cache\Home\ce08001826bf659e465af77c5ac813e5.php 第 13 行.
INFO: Run Behavior\ParseTemplateBehavior [ RunTime:0.007000s ]
INFO: [ view_parse ] --END-- [ RunTime:0.007000s ]
INFO: [ view_filter ] --START--
INFO: Run Behavior\WriteHtmlCacheBehavior [ RunTime:0.000000s ]
INFO: [ view_filter ] --END-- [ RunTime:0.000000s ]
INFO: [ app_end ] --START--
INFO: Run Behavior\ShowPageTraceBehavior [ RunTime:0.001000s ]
INFO: [ app_end ] --END-- [ RunTime:0.001000s ]

[ 2018-12-27T16:56:07+08:00 ] 127.0.0.1 /index.php/Home/Application/login
INFO: [ app_init ] --START--
INFO: Run Behavior\BuildLiteBehavior [ RunTime:0.000000s ]
INFO: [ app_init ] --END-- [ RunTime:0.000000s ]
INFO: [ app_begin ] --START--
INFO: Run Behavior\ReadHtmlCacheBehavior [ RunTime:0.001000s ]
INFO: [ app_begin ] --END-- [ RunTime:0.001000s ]

[ 2018-12-27T16:57:44+08:00 ] 127.0.0.1 /index.php/Home/Application/login
INFO: [ app_init ] --START--
INFO: Run Behavior\BuildLiteBehavior [ RunTime:0.000000s ]
INFO: [ app_init ] --END-- [ RunTime:0.001000s ]
INFO: [ app_begin ] --START--
INFO: Run Behavior\ReadHtmlCacheBehavior [ RunTime:0.002000s ]
INFO: [ app_begin ] --END-- [ RunTime:0.002000s ]

[ 2018-12-27T16:58:02+08:00 ] 127.0.0.1 /index.php/Home/Application/login
INFO: [ app_init ] --START--
INFO: Run Behavior\BuildLiteBehavior [ RunTime:0.000000s ]
INFO: [ app_init ] --END-- [ RunTime:0.000000s ]
INFO: [ app_begin ] --START--
INFO: Run Behavior\ReadHtmlCacheBehavior [ RunTime:0.001000s ]
INFO: [ app_begin ] --END-- [ RunTime:0.001000s ]
INFO: [ view_parse ] --START--
INFO: [ template_filter ] --START--
INFO: Run Behavior\ContentReplaceBehavior [ RunTime:0.000000s ]
INFO: [ template_filter ] --END-- [ RunTime:0.000000s ]
NOTIC: [2] include(errors.php): failed to open stream: No such file or directory D:\temporary folder\Personal-project\registration system using thinkphp framework\Application\Runtime\Cache\Home\ce08001826bf659e465af77c5ac813e5.php 第 13 行.
NOTIC: [2] include(errors.php): failed to open stream: No such file or directory D:\temporary folder\Personal-project\registration system using thinkphp framework\Application\Runtime\Cache\Home\ce08001826bf659e465af77c5ac813e5.php 第 13 行.
NOTIC: [2] include(): Failed opening 'errors.php' for inclusion (include_path='.;C:\php\pear') D:\temporary folder\Personal-project\registration system using thinkphp framework\Application\Runtime\Cache\Home\ce08001826bf659e465af77c5ac813e5.php 第 13 行.
NOTIC: [8] Undefined variable: errMessage D:\temporary folder\Personal-project\registration system using thinkphp framework\Application\Runtime\Cache\Home\ce08001826bf659e465af77c5ac813e5.php 第 32 行.
INFO: Run Behavior\ParseTemplateBehavior [ RunTime:0.017001s ]
INFO: [ view_parse ] --END-- [ RunTime:0.017001s ]
INFO: [ view_filter ] --START--
INFO: Run Behavior\WriteHtmlCacheBehavior [ RunTime:0.000000s ]
INFO: [ view_filter ] --END-- [ RunTime:0.000000s ]
INFO: [ app_end ] --START--
INFO: Run Behavior\ShowPageTraceBehavior [ RunTime:0.000000s ]
INFO: [ app_end ] --END-- [ RunTime:0.000000s ]

[ 2018-12-27T16:58:26+08:00 ] 127.0.0.1 /index.php/Home/Application/login.html
INFO: [ app_init ] --START--
INFO: Run Behavior\BuildLiteBehavior [ RunTime:0.000000s ]
INFO: [ app_init ] --END-- [ RunTime:0.000000s ]
INFO: [ app_begin ] --START--
INFO: Run Behavior\ReadHtmlCacheBehavior [ RunTime:0.000000s ]
INFO: [ app_begin ] --END-- [ RunTime:0.000000s ]
SQL: SHOW COLUMNS FROM `account` [ RunTime:0.0040s ]
NOTIC: [8] Undefined index: validate D:\temporary folder\Personal-project\registration system using thinkphp framework\ThinkPHP\Library\Think\Model.class.php 第 1185 行.
NOTIC: [8] Undefined index: auto D:\temporary folder\Personal-project\registration system using thinkphp framework\ThinkPHP\Library\Think\Model.class.php 第 1128 行.
SQL: SELECT * FROM `account` LIMIT 1   [ RunTime:0.0000s ]
SQL: SELECT * FROM `account` WHERE ( username='yaoyuchen1998@gmail.com' ) LIMIT 1   [ RunTime:0.0000s ]
INFO: [ view_parse ] --START--
INFO: [ template_filter ] --START--
INFO: Run Behavior\ContentReplaceBehavior [ RunTime:0.000000s ]
INFO: [ template_filter ] --END-- [ RunTime:0.000000s ]
NOTIC: [2] include(errors.php): failed to open stream: No such file or directory D:\temporary folder\Personal-project\registration system using thinkphp framework\Application\Runtime\Cache\Home\ce08001826bf659e465af77c5ac813e5.php 第 13 行.
NOTIC: [2] include(errors.php): failed to open stream: No such file or directory D:\temporary folder\Personal-project\registration system using thinkphp framework\Application\Runtime\Cache\Home\ce08001826bf659e465af77c5ac813e5.php 第 13 行.
NOTIC: [2] include(): Failed opening 'errors.php' for inclusion (include_path='.;C:\php\pear') D:\temporary folder\Personal-project\registration system using thinkphp framework\Application\Runtime\Cache\Home\ce08001826bf659e465af77c5ac813e5.php 第 13 行.
INFO: Run Behavior\ParseTemplateBehavior [ RunTime:0.006000s ]
INFO: [ view_parse ] --END-- [ RunTime:0.006000s ]
INFO: [ view_filter ] --START--
INFO: Run Behavior\WriteHtmlCacheBehavior [ RunTime:0.001000s ]
INFO: [ view_filter ] --END-- [ RunTime:0.001000s ]
INFO: [ app_end ] --START--
INFO: Run Behavior\ShowPageTraceBehavior [ RunTime:0.000000s ]
INFO: [ app_end ] --END-- [ RunTime:0.000000s ]

[ 2018-12-27T16:59:30+08:00 ] 127.0.0.1 /index.php/Home/Application/login.html
INFO: [ app_init ] --START--
INFO: Run Behavior\BuildLiteBehavior [ RunTime:0.000000s ]
INFO: [ app_init ] --END-- [ RunTime:0.000000s ]
INFO: [ app_begin ] --START--
INFO: Run Behavior\ReadHtmlCacheBehavior [ RunTime:0.001000s ]
INFO: [ app_begin ] --END-- [ RunTime:0.001000s ]
SQL: SHOW COLUMNS FROM `account` [ RunTime:0.0040s ]
NOTIC: [8] Undefined index: validate D:\temporary folder\Personal-project\registration system using thinkphp framework\ThinkPHP\Library\Think\Model.class.php 第 1185 行.
NOTIC: [8] Undefined index: auto D:\temporary folder\Personal-project\registration system using thinkphp framework\ThinkPHP\Library\Think\Model.class.php 第 1128 行.
SQL: SELECT * FROM `account` LIMIT 1   [ RunTime:0.0000s ]
SQL: SELECT * FROM `account` WHERE ( username='yaoyuchen1998@gmail.com' ) LIMIT 1   [ RunTime:0.0000s ]
INFO: [ view_parse ] --START--
INFO: [ template_filter ] --START--
INFO: Run Behavior\ContentReplaceBehavior [ RunTime:0.000000s ]
INFO: [ template_filter ] --END-- [ RunTime:0.000000s ]
NOTIC: [2] include(errors.php): failed to open stream: No such file or directory D:\temporary folder\Personal-project\registration system using thinkphp framework\Application\Runtime\Cache\Home\ce08001826bf659e465af77c5ac813e5.php 第 13 行.
NOTIC: [2] include(errors.php): failed to open stream: No such file or directory D:\temporary folder\Personal-project\registration system using thinkphp framework\Application\Runtime\Cache\Home\ce08001826bf659e465af77c5ac813e5.php 第 13 行.
NOTIC: [2] include(): Failed opening 'errors.php' for inclusion (include_path='.;C:\php\pear') D:\temporary folder\Personal-project\registration system using thinkphp framework\Application\Runtime\Cache\Home\ce08001826bf659e465af77c5ac813e5.php 第 13 行.
INFO: Run Behavior\ParseTemplateBehavior [ RunTime:0.007000s ]
INFO: [ view_parse ] --END-- [ RunTime:0.007000s ]
INFO: [ view_filter ] --START--
INFO: Run Behavior\WriteHtmlCacheBehavior [ RunTime:0.000000s ]
INFO: [ view_filter ] --END-- [ RunTime:0.000000s ]
INFO: [ app_end ] --START--
INFO: Run Behavior\ShowPageTraceBehavior [ RunTime:0.000000s ]
INFO: [ app_end ] --END-- [ RunTime:0.000000s ]

[ 2018-12-27T16:59:48+08:00 ] 127.0.0.1 /index.php/Home/Application/login.html
INFO: [ app_init ] --START--
INFO: Run Behavior\BuildLiteBehavior [ RunTime:0.000000s ]
INFO: [ app_init ] --END-- [ RunTime:0.000000s ]
INFO: [ app_begin ] --START--
INFO: Run Behavior\ReadHtmlCacheBehavior [ RunTime:0.000000s ]
INFO: [ app_begin ] --END-- [ RunTime:0.001000s ]
SQL: SHOW COLUMNS FROM `account` [ RunTime:0.0060s ]
NOTIC: [8] Undefined index: validate D:\temporary folder\Personal-project\registration system using thinkphp framework\ThinkPHP\Library\Think\Model.class.php 第 1185 行.
NOTIC: [8] Undefined index: auto D:\temporary folder\Personal-project\registration system using thinkphp framework\ThinkPHP\Library\Think\Model.class.php 第 1128 行.
SQL: SELECT * FROM `account` LIMIT 1   [ RunTime:0.0020s ]
SQL: SELECT * FROM `account` WHERE ( email='yaoyuchen1998@gmail.com' ) LIMIT 1   [ RunTime:0.0000s ]
INFO: [ view_parse ] --START--
INFO: [ template_filter ] --START--
INFO: Run Behavior\ContentReplaceBehavior [ RunTime:0.000000s ]
INFO: [ template_filter ] --END-- [ RunTime:0.000000s ]
INFO: Run Behavior\ParseTemplateBehavior [ RunTime:0.008000s ]
INFO: [ view_parse ] --END-- [ RunTime:0.008000s ]
INFO: [ view_filter ] --START--
INFO: Run Behavior\WriteHtmlCacheBehavior [ RunTime:0.001000s ]
INFO: [ view_filter ] --END-- [ RunTime:0.001000s ]
INFO: [ view_parse ] --START--
INFO: [ template_filter ] --START--
INFO: Run Behavior\ContentReplaceBehavior [ RunTime:0.000000s ]
INFO: [ template_filter ] --END-- [ RunTime:-0.003000s ]
NOTIC: [2] include(errors.php): failed to open stream: No such file or directory D:\temporary folder\Personal-project\registration system using thinkphp framework\Application\Runtime\Cache\Home\ce08001826bf659e465af77c5ac813e5.php 第 13 行.
NOTIC: [2] include(errors.php): failed to open stream: No such file or directory D:\temporary folder\Personal-project\registration system using thinkphp framework\Application\Runtime\Cache\Home\ce08001826bf659e465af77c5ac813e5.php 第 13 行.
NOTIC: [2] include(): Failed opening 'errors.php' for inclusion (include_path='.;C:\php\pear') D:\temporary folder\Personal-project\registration system using thinkphp framework\Application\Runtime\Cache\Home\ce08001826bf659e465af77c5ac813e5.php 第 13 行.
NOTIC: [8] Undefined variable: errMessage D:\temporary folder\Personal-project\registration system using thinkphp framework\Application\Runtime\Cache\Home\ce08001826bf659e465af77c5ac813e5.php 第 32 行.
INFO: Run Behavior\ParseTemplateBehavior [ RunTime:0.003001s ]
INFO: [ view_parse ] --END-- [ RunTime:-0.001000s ]
INFO: [ view_filter ] --START--
INFO: Run Behavior\WriteHtmlCacheBehavior [ RunTime:0.000000s ]
INFO: [ view_filter ] --END-- [ RunTime:-0.003001s ]
INFO: [ app_end ] --START--
INFO: Run Behavior\ShowPageTraceBehavior [ RunTime:0.001000s ]
INFO: [ app_end ] --END-- [ RunTime:0.001000s ]

[ 2018-12-27T16:59:49+08:00 ] 127.0.0.1 /index.php/Home/Application/test
INFO: [ app_init ] --START--
INFO: Run Behavior\BuildLiteBehavior [ RunTime:0.000000s ]
INFO: [ app_init ] --END-- [ RunTime:0.001000s ]
INFO: [ app_begin ] --START--
INFO: Run Behavior\ReadHtmlCacheBehavior [ RunTime:0.000000s ]
INFO: [ app_begin ] --END-- [ RunTime:0.000000s ]
INFO: [ view_parse ] --START--
INFO: [ template_filter ] --START--
INFO: Run Behavior\ContentReplaceBehavior [ RunTime:0.000000s ]
INFO: [ template_filter ] --END-- [ RunTime:0.000000s ]
NOTIC: [8] A session had already been started - ignoring session_start() D:\temporary folder\Personal-project\registration system using thinkphp framework\Application\Runtime\Cache\Home\31e61444e42dae58dcb88771f6cbe5ec.php 第 1 行.
INFO: Run Behavior\ParseTemplateBehavior [ RunTime:0.006000s ]
INFO: [ view_parse ] --END-- [ RunTime:0.006000s ]
INFO: [ view_filter ] --START--
INFO: Run Behavior\WriteHtmlCacheBehavior [ RunTime:0.000000s ]
INFO: [ view_filter ] --END-- [ RunTime:0.000000s ]
INFO: [ app_end ] --START--
INFO: Run Behavior\ShowPageTraceBehavior [ RunTime:0.001000s ]
INFO: [ app_end ] --END-- [ RunTime:0.001000s ]

[ 2018-12-27T16:59:54+08:00 ] 127.0.0.1 /index.php/Home/Application/test.html?logout=%271%27
INFO: [ app_init ] --START--
INFO: Run Behavior\BuildLiteBehavior [ RunTime:0.000000s ]
INFO: [ app_init ] --END-- [ RunTime:0.000000s ]
INFO: [ app_begin ] --START--
INFO: Run Behavior\ReadHtmlCacheBehavior [ RunTime:0.001000s ]
INFO: [ app_begin ] --END-- [ RunTime:0.001000s ]
INFO: [ view_parse ] --START--
INFO: [ template_filter ] --START--
INFO: Run Behavior\ContentReplaceBehavior [ RunTime:0.000000s ]
INFO: [ template_filter ] --END-- [ RunTime:0.000000s ]
NOTIC: [8] A session had already been started - ignoring session_start() D:\temporary folder\Personal-project\registration system using thinkphp framework\Application\Runtime\Cache\Home\31e61444e42dae58dcb88771f6cbe5ec.php 第 1 行.
INFO: Run Behavior\ParseTemplateBehavior [ RunTime:0.005000s ]
INFO: [ view_parse ] --END-- [ RunTime:0.005000s ]
INFO: [ view_filter ] --START--
INFO: Run Behavior\WriteHtmlCacheBehavior [ RunTime:0.000000s ]
INFO: [ view_filter ] --END-- [ RunTime:0.000000s ]
INFO: [ app_end ] --START--
INFO: Run Behavior\ShowPageTraceBehavior [ RunTime:0.000000s ]
INFO: [ app_end ] --END-- [ RunTime:0.000000s ]

[ 2018-12-27T16:59:54+08:00 ] 127.0.0.1 /index.php/Home/Application/login.html
INFO: [ app_init ] --START--
INFO: Run Behavior\BuildLiteBehavior [ RunTime:0.000000s ]
INFO: [ app_init ] --END-- [ RunTime:0.000000s ]
INFO: [ app_begin ] --START--
INFO: Run Behavior\ReadHtmlCacheBehavior [ RunTime:0.000000s ]
INFO: [ app_begin ] --END-- [ RunTime:0.000000s ]
INFO: [ view_parse ] --START--
INFO: [ template_filter ] --START--
INFO: Run Behavior\ContentReplaceBehavior [ RunTime:0.000000s ]
INFO: [ template_filter ] --END-- [ RunTime:0.000000s ]
NOTIC: [2] include(errors.php): failed to open stream: No such file or directory D:\temporary folder\Personal-project\registration system using thinkphp framework\Application\Runtime\Cache\Home\ce08001826bf659e465af77c5ac813e5.php 第 13 行.
NOTIC: [2] include(errors.php): failed to open stream: No such file or directory D:\temporary folder\Personal-project\registration system using thinkphp framework\Application\Runtime\Cache\Home\ce08001826bf659e465af77c5ac813e5.php 第 13 行.
NOTIC: [2] include(): Failed opening 'errors.php' for inclusion (include_path='.;C:\php\pear') D:\temporary folder\Personal-project\registration system using thinkphp framework\Application\Runtime\Cache\Home\ce08001826bf659e465af77c5ac813e5.php 第 13 行.
NOTIC: [8] Undefined variable: errMessage D:\temporary folder\Personal-project\registration system using thinkphp framework\Application\Runtime\Cache\Home\ce08001826bf659e465af77c5ac813e5.php 第 32 行.
INFO: Run Behavior\ParseTemplateBehavior [ RunTime:0.006001s ]
INFO: [ view_parse ] --END-- [ RunTime:0.006001s ]
INFO: [ view_filter ] --START--
INFO: Run Behavior\WriteHtmlCacheBehavior [ RunTime:0.001000s ]
INFO: [ view_filter ] --END-- [ RunTime:0.001000s ]
INFO: [ app_end ] --START--
INFO: Run Behavior\ShowPageTraceBehavior [ RunTime:0.000000s ]
INFO: [ app_end ] --END-- [ RunTime:0.000000s ]

[ 2018-12-27T17:00:57+08:00 ] 127.0.0.1 /index.php/Home/Application/login.html
INFO: [ app_init ] --START--
INFO: Run Behavior\BuildLiteBehavior [ RunTime:0.000000s ]
INFO: [ app_init ] --END-- [ RunTime:0.001000s ]
INFO: [ app_begin ] --START--
INFO: Run Behavior\ReadHtmlCacheBehavior [ RunTime:0.000000s ]
INFO: [ app_begin ] --END-- [ RunTime:0.000000s ]
SQL: SHOW COLUMNS FROM `account` [ RunTime:0.0040s ]
NOTIC: [8] Undefined index: validate D:\temporary folder\Personal-project\registration system using thinkphp framework\ThinkPHP\Library\Think\Model.class.php 第 1185 行.
NOTIC: [8] Undefined index: auto D:\temporary folder\Personal-project\registration system using thinkphp framework\ThinkPHP\Library\Think\Model.class.php 第 1128 行.
SQL: SELECT * FROM `account` LIMIT 1   [ RunTime:0.0010s ]
SQL: SELECT * FROM `account` WHERE ( email='yaoyuchen1998@gmail.com' ) LIMIT 1   [ RunTime:0.0000s ]
INFO: [ view_parse ] --START--
INFO: [ template_filter ] --START--
INFO: Run Behavior\ContentReplaceBehavior [ RunTime:0.000000s ]
INFO: [ template_filter ] --END-- [ RunTime:0.000000s ]
NOTIC: [2] include(errors.php): failed to open stream: No such file or directory D:\temporary folder\Personal-project\registration system using thinkphp framework\Application\Runtime\Cache\Home\ce08001826bf659e465af77c5ac813e5.php 第 13 行.
NOTIC: [2] include(errors.php): failed to open stream: No such file or directory D:\temporary folder\Personal-project\registration system using thinkphp framework\Application\Runtime\Cache\Home\ce08001826bf659e465af77c5ac813e5.php 第 13 行.
NOTIC: [2] include(): Failed opening 'errors.php' for inclusion (include_path='.;C:\php\pear') D:\temporary folder\Personal-project\registration system using thinkphp framework\Application\Runtime\Cache\Home\ce08001826bf659e465af77c5ac813e5.php 第 13 行.
INFO: Run Behavior\ParseTemplateBehavior [ RunTime:0.006000s ]
INFO: [ view_parse ] --END-- [ RunTime:0.006000s ]
INFO: [ view_filter ] --START--
INFO: Run Behavior\WriteHtmlCacheBehavior [ RunTime:0.000000s ]
INFO: [ view_filter ] --END-- [ RunTime:0.000000s ]
INFO: [ app_end ] --START--
INFO: Run Behavior\ShowPageTraceBehavior [ RunTime:0.001000s ]
INFO: [ app_end ] --END-- [ RunTime:0.001000s ]

[ 2018-12-27T17:05:20+08:00 ] 127.0.0.1 /index.php/Home/Application/login.html
INFO: [ app_init ] --START--
INFO: Run Behavior\BuildLiteBehavior [ RunTime:0.000000s ]
INFO: [ app_init ] --END-- [ RunTime:0.001000s ]
INFO: [ app_begin ] --START--
INFO: Run Behavior\ReadHtmlCacheBehavior [ RunTime:0.001000s ]
INFO: [ app_begin ] --END-- [ RunTime:0.001000s ]
SQL: SHOW COLUMNS FROM `account` [ RunTime:0.0040s ]
NOTIC: [8] Undefined index: validate D:\temporary folder\Personal-project\registration system using thinkphp framework\ThinkPHP\Library\Think\Model.class.php 第 1185 行.
NOTIC: [8] Undefined index: auto D:\temporary folder\Personal-project\registration system using thinkphp framework\ThinkPHP\Library\Think\Model.class.php 第 1128 行.
SQL: SELECT * FROM `account` LIMIT 1   [ RunTime:0.0010s ]
SQL: SELECT * FROM `account` WHERE ( email='yaoyuchen1998@gmail.com' ) LIMIT 1   [ RunTime:0.0000s ]
INFO: [ view_parse ] --START--
INFO: [ template_filter ] --START--
INFO: Run Behavior\ContentReplaceBehavior [ RunTime:0.000000s ]
INFO: [ template_filter ] --END-- [ RunTime:0.000000s ]
NOTIC: [2] include(errors.php): failed to open stream: No such file or directory D:\temporary folder\Personal-project\registration system using thinkphp framework\Application\Runtime\Cache\Home\ce08001826bf659e465af77c5ac813e5.php 第 13 行.
NOTIC: [2] include(errors.php): failed to open stream: No such file or directory D:\temporary folder\Personal-project\registration system using thinkphp framework\Application\Runtime\Cache\Home\ce08001826bf659e465af77c5ac813e5.php 第 13 行.
NOTIC: [2] include(): Failed opening 'errors.php' for inclusion (include_path='.;C:\php\pear') D:\temporary folder\Personal-project\registration system using thinkphp framework\Application\Runtime\Cache\Home\ce08001826bf659e465af77c5ac813e5.php 第 13 行.
INFO: Run Behavior\ParseTemplateBehavior [ RunTime:0.016001s ]
INFO: [ view_parse ] --END-- [ RunTime:0.016001s ]
INFO: [ view_filter ] --START--
INFO: Run Behavior\WriteHtmlCacheBehavior [ RunTime:0.001000s ]
INFO: [ view_filter ] --END-- [ RunTime:0.001000s ]
INFO: [ app_end ] --START--
INFO: Run Behavior\ShowPageTraceBehavior [ RunTime:0.000000s ]
INFO: [ app_end ] --END-- [ RunTime:0.001000s ]

[ 2018-12-27T17:06:28+08:00 ] 127.0.0.1 /index.php/Home/Application/login.html
INFO: [ app_init ] --START--
INFO: Run Behavior\BuildLiteBehavior [ RunTime:0.000000s ]
INFO: [ app_init ] --END-- [ RunTime:0.000000s ]
INFO: [ app_begin ] --START--
INFO: Run Behavior\ReadHtmlCacheBehavior [ RunTime:0.001000s ]
INFO: [ app_begin ] --END-- [ RunTime:0.001000s ]
SQL: SHOW COLUMNS FROM `account` [ RunTime:0.0050s ]
NOTIC: [8] Undefined index: validate D:\temporary folder\Personal-project\registration system using thinkphp framework\ThinkPHP\Library\Think\Model.class.php 第 1185 行.
NOTIC: [8] Undefined index: auto D:\temporary folder\Personal-project\registration system using thinkphp framework\ThinkPHP\Library\Think\Model.class.php 第 1128 行.
SQL: SELECT * FROM `account` LIMIT 1   [ RunTime:0.0000s ]
SQL: SELECT * FROM `account` WHERE ( email='yaoyuchen1998@gmail.com' ) LIMIT 1   [ RunTime:0.0010s ]
INFO: [ view_parse ] --START--
INFO: [ template_filter ] --START--
INFO: Run Behavior\ContentReplaceBehavior [ RunTime:0.000000s ]
INFO: [ template_filter ] --END-- [ RunTime:0.000000s ]
NOTIC: [2] include(errors.php): failed to open stream: No such file or directory D:\temporary folder\Personal-project\registration system using thinkphp framework\Application\Runtime\Cache\Home\ce08001826bf659e465af77c5ac813e5.php 第 13 行.
NOTIC: [2] include(errors.php): failed to open stream: No such file or directory D:\temporary folder\Personal-project\registration system using thinkphp framework\Application\Runtime\Cache\Home\ce08001826bf659e465af77c5ac813e5.php 第 13 行.
NOTIC: [2] include(): Failed opening 'errors.php' for inclusion (include_path='.;C:\php\pear') D:\temporary folder\Personal-project\registration system using thinkphp framework\Application\Runtime\Cache\Home\ce08001826bf659e465af77c5ac813e5.php 第 13 行.
INFO: Run Behavior\ParseTemplateBehavior [ RunTime:0.006000s ]
INFO: [ view_parse ] --END-- [ RunTime:0.006000s ]
INFO: [ view_filter ] --START--
INFO: Run Behavior\WriteHtmlCacheBehavior [ RunTime:0.001000s ]
INFO: [ view_filter ] --END-- [ RunTime:0.001000s ]
INFO: [ app_end ] --START--
INFO: Run Behavior\ShowPageTraceBehavior [ RunTime:0.000000s ]
INFO: [ app_end ] --END-- [ RunTime:0.001000s ]

[ 2018-12-27T17:07:18+08:00 ] 127.0.0.1 /index.php/Home/Application/register.html
INFO: [ app_init ] --START--
INFO: Run Behavior\BuildLiteBehavior [ RunTime:0.000000s ]
INFO: [ app_init ] --END-- [ RunTime:0.000000s ]
INFO: [ app_begin ] --START--
INFO: Run Behavior\ReadHtmlCacheBehavior [ RunTime:0.001000s ]
INFO: [ app_begin ] --END-- [ RunTime:0.001000s ]
INFO: [ view_parse ] --START--
INFO: [ template_filter ] --START--
INFO: Run Behavior\ContentReplaceBehavior [ RunTime:0.000000s ]
INFO: [ template_filter ] --END-- [ RunTime:0.000000s ]
NOTIC: [2] include(errors.php): failed to open stream: No such file or directory D:\temporary folder\Personal-project\registration system using thinkphp framework\Application\Runtime\Cache\Home\1892cd3e84dc8c99d319e166f66229fc.php 第 13 行.
NOTIC: [2] include(errors.php): failed to open stream: No such file or directory D:\temporary folder\Personal-project\registration system using thinkphp framework\Application\Runtime\Cache\Home\1892cd3e84dc8c99d319e166f66229fc.php 第 13 行.
NOTIC: [2] include(): Failed opening 'errors.php' for inclusion (include_path='.;C:\php\pear') D:\temporary folder\Personal-project\registration system using thinkphp framework\Application\Runtime\Cache\Home\1892cd3e84dc8c99d319e166f66229fc.php 第 13 行.
NOTIC: [8] Undefined variable: username D:\temporary folder\Personal-project\registration system using thinkphp framework\Application\Runtime\Cache\Home\1892cd3e84dc8c99d319e166f66229fc.php 第 16 行.
NOTIC: [8] Undefined variable: error D:\temporary folder\Personal-project\registration system using thinkphp framework\Application\Runtime\Cache\Home\1892cd3e84dc8c99d319e166f66229fc.php 第 42 行.
INFO: Run Behavior\ParseTemplateBehavior [ RunTime:0.008001s ]
INFO: [ view_parse ] --END-- [ RunTime:0.008001s ]
INFO: [ view_filter ] --START--
INFO: Run Behavior\WriteHtmlCacheBehavior [ RunTime:0.000000s ]
INFO: [ view_filter ] --END-- [ RunTime:0.000000s ]
INFO: [ app_end ] --START--
INFO: Run Behavior\ShowPageTraceBehavior [ RunTime:0.001000s ]
INFO: [ app_end ] --END-- [ RunTime:0.001000s ]

[ 2018-12-27T17:07:38+08:00 ] 127.0.0.1 /index.php/Home/Application/register.html
INFO: [ app_init ] --START--
INFO: Run Behavior\BuildLiteBehavior [ RunTime:0.000000s ]
INFO: [ app_init ] --END-- [ RunTime:0.000000s ]
INFO: [ app_begin ] --START--
INFO: Run Behavior\ReadHtmlCacheBehavior [ RunTime:0.000000s ]
INFO: [ app_begin ] --END-- [ RunTime:0.000000s ]
SQL: SHOW COLUMNS FROM `account` [ RunTime:0.0040s ]
NOTIC: [8] Undefined index: validate D:\temporary folder\Personal-project\registration system using thinkphp framework\ThinkPHP\Library\Think\Model.class.php 第 1185 行.
NOTIC: [8] Undefined index: auto D:\temporary folder\Personal-project\registration system using thinkphp framework\ThinkPHP\Library\Think\Model.class.php 第 1128 行.
SQL: SELECT * FROM `account` WHERE `username` = 'Bob' LIMIT 1   [ RunTime:0.0000s ]
SQL: SELECT * FROM `account` WHERE ( username='Bob' ) LIMIT 1   [ RunTime:0.0010s ]
SQL: INSERT INTO `account` (`username`,`password`,`email`) VALUES ('Bob','123456','123456@qq.com') [ RunTime:0.0000s ]
INFO: [ view_parse ] --START--
INFO: [ template_filter ] --START--
INFO: Run Behavior\ContentReplaceBehavior [ RunTime:0.000000s ]
INFO: [ template_filter ] --END-- [ RunTime:0.000000s ]
INFO: Run Behavior\ParseTemplateBehavior [ RunTime:0.005001s ]
INFO: [ view_parse ] --END-- [ RunTime:0.005001s ]
INFO: [ view_filter ] --START--
INFO: Run Behavior\WriteHtmlCacheBehavior [ RunTime:0.001000s ]
INFO: [ view_filter ] --END-- [ RunTime:0.001000s ]
INFO: [ view_parse ] --START--
INFO: [ template_filter ] --START--
INFO: Run Behavior\ContentReplaceBehavior [ RunTime:0.000000s ]
INFO: [ template_filter ] --END-- [ RunTime:-0.003001s ]
NOTIC: [2] include(errors.php): failed to open stream: No such file or directory D:\temporary folder\Personal-project\registration system using thinkphp framework\Application\Runtime\Cache\Home\1892cd3e84dc8c99d319e166f66229fc.php 第 13 行.
NOTIC: [2] include(errors.php): failed to open stream: No such file or directory D:\temporary folder\Personal-project\registration system using thinkphp framework\Application\Runtime\Cache\Home\1892cd3e84dc8c99d319e166f66229fc.php 第 13 行.
NOTIC: [2] include(): Failed opening 'errors.php' for inclusion (include_path='.;C:\php\pear') D:\temporary folder\Personal-project\registration system using thinkphp framework\Application\Runtime\Cache\Home\1892cd3e84dc8c99d319e166f66229fc.php 第 13 行.
NOTIC: [8] Undefined variable: username D:\temporary folder\Personal-project\registration system using thinkphp framework\Application\Runtime\Cache\Home\1892cd3e84dc8c99d319e166f66229fc.php 第 16 行.
NOTIC: [8] Undefined variable: error D:\temporary folder\Personal-project\registration system using thinkphp framework\Application\Runtime\Cache\Home\1892cd3e84dc8c99d319e166f66229fc.php 第 42 行.
INFO: Run Behavior\ParseTemplateBehavior [ RunTime:0.002000s ]
INFO: [ view_parse ] --END-- [ RunTime:-0.001000s ]
INFO: [ view_filter ] --START--
INFO: Run Behavior\WriteHtmlCacheBehavior [ RunTime:0.000000s ]
INFO: [ view_filter ] --END-- [ RunTime:-0.002000s ]
INFO: [ app_end ] --START--
INFO: Run Behavior\ShowPageTraceBehavior [ RunTime:0.001000s ]
INFO: [ app_end ] --END-- [ RunTime:0.001000s ]

[ 2018-12-27T17:07:39+08:00 ] 127.0.0.1 /index.php/Home/Application/test
INFO: [ app_init ] --START--
INFO: Run Behavior\BuildLiteBehavior [ RunTime:0.000000s ]
INFO: [ app_init ] --END-- [ RunTime:0.001000s ]
INFO: [ app_begin ] --START--
INFO: Run Behavior\ReadHtmlCacheBehavior [ RunTime:0.001000s ]
INFO: [ app_begin ] --END-- [ RunTime:0.001000s ]
INFO: [ view_parse ] --START--
INFO: [ template_filter ] --START--
INFO: Run Behavior\ContentReplaceBehavior [ RunTime:0.000000s ]
INFO: [ template_filter ] --END-- [ RunTime:0.000000s ]
NOTIC: [8] A session had already been started - ignoring session_start() D:\temporary folder\Personal-project\registration system using thinkphp framework\Application\Runtime\Cache\Home\31e61444e42dae58dcb88771f6cbe5ec.php 第 1 行.
INFO: Run Behavior\ParseTemplateBehavior [ RunTime:0.006001s ]
INFO: [ view_parse ] --END-- [ RunTime:0.007001s ]
INFO: [ view_filter ] --START--
INFO: Run Behavior\WriteHtmlCacheBehavior [ RunTime:0.000000s ]
INFO: [ view_filter ] --END-- [ RunTime:0.000000s ]
INFO: [ app_end ] --START--
INFO: Run Behavior\ShowPageTraceBehavior [ RunTime:0.001000s ]
INFO: [ app_end ] --END-- [ RunTime:0.001000s ]

[ 2018-12-27T17:08:11+08:00 ] 127.0.0.1 /index.php/Home/Application/test.html?logout=%271%27
INFO: [ app_init ] --START--
INFO: Run Behavior\BuildLiteBehavior [ RunTime:0.000000s ]
INFO: [ app_init ] --END-- [ RunTime:0.001000s ]
INFO: [ app_begin ] --START--
INFO: Run Behavior\ReadHtmlCacheBehavior [ RunTime:0.000000s ]
INFO: [ app_begin ] --END-- [ RunTime:0.000000s ]
INFO: [ view_parse ] --START--
INFO: [ template_filter ] --START--
INFO: Run Behavior\ContentReplaceBehavior [ RunTime:0.000000s ]
INFO: [ template_filter ] --END-- [ RunTime:0.000000s ]
NOTIC: [8] A session had already been started - ignoring session_start() D:\temporary folder\Personal-project\registration system using thinkphp framework\Application\Runtime\Cache\Home\31e61444e42dae58dcb88771f6cbe5ec.php 第 1 行.
INFO: Run Behavior\ParseTemplateBehavior [ RunTime:0.006001s ]
INFO: [ view_parse ] --END-- [ RunTime:0.006001s ]
INFO: [ view_filter ] --START--
INFO: Run Behavior\WriteHtmlCacheBehavior [ RunTime:0.000000s ]
INFO: [ view_filter ] --END-- [ RunTime:0.000000s ]
INFO: [ app_end ] --START--
INFO: Run Behavior\ShowPageTraceBehavior [ RunTime:0.001000s ]
INFO: [ app_end ] --END-- [ RunTime:0.001000s ]

[ 2018-12-27T17:08:11+08:00 ] 127.0.0.1 /index.php/Home/Application/login.html
INFO: [ app_init ] --START--
INFO: Run Behavior\BuildLiteBehavior [ RunTime:0.000000s ]
INFO: [ app_init ] --END-- [ RunTime:0.001000s ]
INFO: [ app_begin ] --START--
INFO: Run Behavior\ReadHtmlCacheBehavior [ RunTime:0.000000s ]
INFO: [ app_begin ] --END-- [ RunTime:0.000000s ]
INFO: [ view_parse ] --START--
INFO: [ template_filter ] --START--
INFO: Run Behavior\ContentReplaceBehavior [ RunTime:0.000000s ]
INFO: [ template_filter ] --END-- [ RunTime:0.000000s ]
NOTIC: [2] include(errors.php): failed to open stream: No such file or directory D:\temporary folder\Personal-project\registration system using thinkphp framework\Application\Runtime\Cache\Home\ce08001826bf659e465af77c5ac813e5.php 第 13 行.
NOTIC: [2] include(errors.php): failed to open stream: No such file or directory D:\temporary folder\Personal-project\registration system using thinkphp framework\Application\Runtime\Cache\Home\ce08001826bf659e465af77c5ac813e5.php 第 13 行.
NOTIC: [2] include(): Failed opening 'errors.php' for inclusion (include_path='.;C:\php\pear') D:\temporary folder\Personal-project\registration system using thinkphp framework\Application\Runtime\Cache\Home\ce08001826bf659e465af77c5ac813e5.php 第 13 行.
NOTIC: [8] Undefined variable: errMessage D:\temporary folder\Personal-project\registration system using thinkphp framework\Application\Runtime\Cache\Home\ce08001826bf659e465af77c5ac813e5.php 第 32 行.
INFO: Run Behavior\ParseTemplateBehavior [ RunTime:0.007000s ]
INFO: [ view_parse ] --END-- [ RunTime:0.007000s ]
INFO: [ view_filter ] --START--
INFO: Run Behavior\WriteHtmlCacheBehavior [ RunTime:0.001000s ]
INFO: [ view_filter ] --END-- [ RunTime:0.001000s ]
INFO: [ app_end ] --START--
INFO: Run Behavior\ShowPageTraceBehavior [ RunTime:0.001000s ]
INFO: [ app_end ] --END-- [ RunTime:0.001000s ]

[ 2018-12-27T17:08:12+08:00 ] 127.0.0.1 /index.php/Home/Application/register.html
INFO: [ app_init ] --START--
INFO: Run Behavior\BuildLiteBehavior [ RunTime:0.000000s ]
INFO: [ app_init ] --END-- [ RunTime:0.001000s ]
INFO: [ app_begin ] --START--
INFO: Run Behavior\ReadHtmlCacheBehavior [ RunTime:0.000000s ]
INFO: [ app_begin ] --END-- [ RunTime:0.000000s ]
INFO: [ view_parse ] --START--
INFO: [ template_filter ] --START--
INFO: Run Behavior\ContentReplaceBehavior [ RunTime:0.000000s ]
INFO: [ template_filter ] --END-- [ RunTime:0.000000s ]
NOTIC: [2] include(errors.php): failed to open stream: No such file or directory D:\temporary folder\Personal-project\registration system using thinkphp framework\Application\Runtime\Cache\Home\1892cd3e84dc8c99d319e166f66229fc.php 第 13 行.
NOTIC: [2] include(errors.php): failed to open stream: No such file or directory D:\temporary folder\Personal-project\registration system using thinkphp framework\Application\Runtime\Cache\Home\1892cd3e84dc8c99d319e166f66229fc.php 第 13 行.
NOTIC: [2] include(): Failed opening 'errors.php' for inclusion (include_path='.;C:\php\pear') D:\temporary folder\Personal-project\registration system using thinkphp framework\Application\Runtime\Cache\Home\1892cd3e84dc8c99d319e166f66229fc.php 第 13 行.
NOTIC: [8] Undefined variable: username D:\temporary folder\Personal-project\registration system using thinkphp framework\Application\Runtime\Cache\Home\1892cd3e84dc8c99d319e166f66229fc.php 第 16 行.
NOTIC: [8] Undefined variable: error D:\temporary folder\Personal-project\registration system using thinkphp framework\Application\Runtime\Cache\Home\1892cd3e84dc8c99d319e166f66229fc.php 第 42 行.
INFO: Run Behavior\ParseTemplateBehavior [ RunTime:0.007001s ]
INFO: [ view_parse ] --END-- [ RunTime:0.007001s ]
INFO: [ view_filter ] --START--
INFO: Run Behavior\WriteHtmlCacheBehavior [ RunTime:0.001000s ]
INFO: [ view_filter ] --END-- [ RunTime:0.001000s ]
INFO: [ app_end ] --START--
INFO: Run Behavior\ShowPageTraceBehavior [ RunTime:0.001000s ]
INFO: [ app_end ] --END-- [ RunTime:0.001000s ]

[ 2018-12-27T17:08:15+08:00 ] 127.0.0.1 /index.php/Home/Application/register.html
INFO: [ app_init ] --START--
INFO: Run Behavior\BuildLiteBehavior [ RunTime:0.000000s ]
INFO: [ app_init ] --END-- [ RunTime:0.001000s ]
INFO: [ app_begin ] --START--
INFO: Run Behavior\ReadHtmlCacheBehavior [ RunTime:0.001000s ]
INFO: [ app_begin ] --END-- [ RunTime:0.001000s ]
SQL: SHOW COLUMNS FROM `account` [ RunTime:0.0070s ]
NOTIC: [8] Undefined index: validate D:\temporary folder\Personal-project\registration system using thinkphp framework\ThinkPHP\Library\Think\Model.class.php 第 1185 行.
NOTIC: [8] Undefined index: auto D:\temporary folder\Personal-project\registration system using thinkphp framework\ThinkPHP\Library\Think\Model.class.php 第 1128 行.
SQL: SELECT * FROM `account` WHERE `username` = 'yuchen' LIMIT 1   [ RunTime:0.0010s ]
SQL: SELECT * FROM `account` WHERE ( username='yuchen' ) LIMIT 1   [ RunTime:0.0020s ]
INFO: [ view_parse ] --START--
INFO: [ template_filter ] --START--
INFO: Run Behavior\ContentReplaceBehavior [ RunTime:0.001000s ]
INFO: [ template_filter ] --END-- [ RunTime:0.001000s ]
NOTIC: [2] include(errors.php): failed to open stream: No such file or directory D:\temporary folder\Personal-project\registration system using thinkphp framework\Application\Runtime\Cache\Home\1892cd3e84dc8c99d319e166f66229fc.php 第 13 行.
NOTIC: [2] include(errors.php): failed to open stream: No such file or directory D:\temporary folder\Personal-project\registration system using thinkphp framework\Application\Runtime\Cache\Home\1892cd3e84dc8c99d319e166f66229fc.php 第 13 行.
NOTIC: [2] include(): Failed opening 'errors.php' for inclusion (include_path='.;C:\php\pear') D:\temporary folder\Personal-project\registration system using thinkphp framework\Application\Runtime\Cache\Home\1892cd3e84dc8c99d319e166f66229fc.php 第 13 行.
NOTIC: [8] Undefined variable: username D:\temporary folder\Personal-project\registration system using thinkphp framework\Application\Runtime\Cache\Home\1892cd3e84dc8c99d319e166f66229fc.php 第 16 行.
INFO: Run Behavior\ParseTemplateBehavior [ RunTime:0.011000s ]
INFO: [ view_parse ] --END-- [ RunTime:0.011000s ]
INFO: [ view_filter ] --START--
INFO: Run Behavior\WriteHtmlCacheBehavior [ RunTime:0.001000s ]
INFO: [ view_filter ] --END-- [ RunTime:0.001000s ]
INFO: [ app_end ] --START--
INFO: Run Behavior\ShowPageTraceBehavior [ RunTime:0.001000s ]
INFO: [ app_end ] --END-- [ RunTime:0.001000s ]

[ 2018-12-27T17:08:24+08:00 ] 127.0.0.1 /index.php/Home/Application/register
INFO: [ app_init ] --START--
INFO: Run Behavior\BuildLiteBehavior [ RunTime:0.000000s ]
INFO: [ app_init ] --END-- [ RunTime:0.001000s ]
INFO: [ app_begin ] --START--
INFO: Run Behavior\ReadHtmlCacheBehavior [ RunTime:0.001000s ]
INFO: [ app_begin ] --END-- [ RunTime:0.001000s ]
INFO: [ view_parse ] --START--
INFO: [ template_filter ] --START--
INFO: Run Behavior\ContentReplaceBehavior [ RunTime:0.000000s ]
INFO: [ template_filter ] --END-- [ RunTime:0.001000s ]
NOTIC: [2] include(errors.php): failed to open stream: No such file or directory D:\temporary folder\Personal-project\registration system using thinkphp framework\Application\Runtime\Cache\Home\1892cd3e84dc8c99d319e166f66229fc.php 第 13 行.
NOTIC: [2] include(errors.php): failed to open stream: No such file or directory D:\temporary folder\Personal-project\registration system using thinkphp framework\Application\Runtime\Cache\Home\1892cd3e84dc8c99d319e166f66229fc.php 第 13 行.
NOTIC: [2] include(): Failed opening 'errors.php' for inclusion (include_path='.;C:\php\pear') D:\temporary folder\Personal-project\registration system using thinkphp framework\Application\Runtime\Cache\Home\1892cd3e84dc8c99d319e166f66229fc.php 第 13 行.
NOTIC: [8] Undefined variable: username D:\temporary folder\Personal-project\registration system using thinkphp framework\Application\Runtime\Cache\Home\1892cd3e84dc8c99d319e166f66229fc.php 第 16 行.
NOTIC: [8] Undefined variable: error D:\temporary folder\Personal-project\registration system using thinkphp framework\Application\Runtime\Cache\Home\1892cd3e84dc8c99d319e166f66229fc.php 第 42 行.
INFO: Run Behavior\ParseTemplateBehavior [ RunTime:0.007000s ]
INFO: [ view_parse ] --END-- [ RunTime:0.007000s ]
INFO: [ view_filter ] --START--
INFO: Run Behavior\WriteHtmlCacheBehavior [ RunTime:0.000000s ]
INFO: [ view_filter ] --END-- [ RunTime:0.000000s ]
INFO: [ app_end ] --START--
INFO: Run Behavior\ShowPageTraceBehavior [ RunTime:0.001000s ]
INFO: [ app_end ] --END-- [ RunTime:0.001000s ]

[ 2018-12-27T17:08:30+08:00 ] 127.0.0.1 /index.php/Home/Application/register.html
INFO: [ app_init ] --START--
INFO: Run Behavior\BuildLiteBehavior [ RunTime:0.000000s ]
INFO: [ app_init ] --END-- [ RunTime:0.000000s ]
INFO: [ app_begin ] --START--
INFO: Run Behavior\ReadHtmlCacheBehavior [ RunTime:0.000000s ]
INFO: [ app_begin ] --END-- [ RunTime:0.000000s ]
SQL: SHOW COLUMNS FROM `account` [ RunTime:0.0050s ]
NOTIC: [8] Undefined index: validate D:\temporary folder\Personal-project\registration system using thinkphp framework\ThinkPHP\Library\Think\Model.class.php 第 1185 行.
NOTIC: [8] Undefined index: auto D:\temporary folder\Personal-project\registration system using thinkphp framework\ThinkPHP\Library\Think\Model.class.php 第 1128 行.
SQL: SELECT * FROM `account` WHERE `username` = 'Bob' LIMIT 1   [ RunTime:0.0000s ]
SQL: SELECT * FROM `account` WHERE ( username='Bob' ) LIMIT 1   [ RunTime:0.0010s ]
INFO: [ view_parse ] --START--
INFO: [ template_filter ] --START--
INFO: Run Behavior\ContentReplaceBehavior [ RunTime:0.000000s ]
INFO: [ template_filter ] --END-- [ RunTime:0.000000s ]
NOTIC: [2] include(errors.php): failed to open stream: No such file or directory D:\temporary folder\Personal-project\registration system using thinkphp framework\Application\Runtime\Cache\Home\1892cd3e84dc8c99d319e166f66229fc.php 第 13 行.
NOTIC: [2] include(errors.php): failed to open stream: No such file or directory D:\temporary folder\Personal-project\registration system using thinkphp framework\Application\Runtime\Cache\Home\1892cd3e84dc8c99d319e166f66229fc.php 第 13 行.
NOTIC: [2] include(): Failed opening 'errors.php' for inclusion (include_path='.;C:\php\pear') D:\temporary folder\Personal-project\registration system using thinkphp framework\Application\Runtime\Cache\Home\1892cd3e84dc8c99d319e166f66229fc.php 第 13 行.
NOTIC: [8] Undefined variable: username D:\temporary folder\Personal-project\registration system using thinkphp framework\Application\Runtime\Cache\Home\1892cd3e84dc8c99d319e166f66229fc.php 第 16 行.
INFO: Run Behavior\ParseTemplateBehavior [ RunTime:0.006000s ]
INFO: [ view_parse ] --END-- [ RunTime:0.006000s ]
INFO: [ view_filter ] --START--
INFO: Run Behavior\WriteHtmlCacheBehavior [ RunTime:0.000000s ]
INFO: [ view_filter ] --END-- [ RunTime:0.000000s ]
INFO: [ app_end ] --START--
INFO: Run Behavior\ShowPageTraceBehavior [ RunTime:0.001000s ]
INFO: [ app_end ] --END-- [ RunTime:0.001000s ]

[ 2018-12-27T17:11:27+08:00 ] 127.0.0.1 /index.php/Home/Application/login.html
INFO: [ app_init ] --START--
INFO: Run Behavior\BuildLiteBehavior [ RunTime:0.000000s ]
INFO: [ app_init ] --END-- [ RunTime:0.001000s ]
INFO: [ app_begin ] --START--
INFO: Run Behavior\ReadHtmlCacheBehavior [ RunTime:0.001000s ]
INFO: [ app_begin ] --END-- [ RunTime:0.001000s ]
INFO: [ view_parse ] --START--
INFO: [ template_filter ] --START--
INFO: Run Behavior\ContentReplaceBehavior [ RunTime:0.000000s ]
INFO: [ template_filter ] --END-- [ RunTime:0.000000s ]
NOTIC: [2] include(errors.php): failed to open stream: No such file or directory D:\temporary folder\Personal-project\registration system using thinkphp framework\Application\Runtime\Cache\Home\ce08001826bf659e465af77c5ac813e5.php 第 13 行.
NOTIC: [2] include(errors.php): failed to open stream: No such file or directory D:\temporary folder\Personal-project\registration system using thinkphp framework\Application\Runtime\Cache\Home\ce08001826bf659e465af77c5ac813e5.php 第 13 行.
NOTIC: [2] include(): Failed opening 'errors.php' for inclusion (include_path='.;C:\php\pear') D:\temporary folder\Personal-project\registration system using thinkphp framework\Application\Runtime\Cache\Home\ce08001826bf659e465af77c5ac813e5.php 第 13 行.
NOTIC: [8] Undefined variable: errMessage D:\temporary folder\Personal-project\registration system using thinkphp framework\Application\Runtime\Cache\Home\ce08001826bf659e465af77c5ac813e5.php 第 32 行.
INFO: Run Behavior\ParseTemplateBehavior [ RunTime:0.008000s ]
INFO: [ view_parse ] --END-- [ RunTime:0.008000s ]
INFO: [ view_filter ] --START--
INFO: Run Behavior\WriteHtmlCacheBehavior [ RunTime:0.000000s ]
INFO: [ view_filter ] --END-- [ RunTime:0.000000s ]
INFO: [ app_end ] --START--
INFO: Run Behavior\ShowPageTraceBehavior [ RunTime:0.001000s ]
INFO: [ app_end ] --END-- [ RunTime:0.001000s ]

[ 2018-12-27T17:11:50+08:00 ] 127.0.0.1 /index.php/Home/Application/login.html
INFO: [ app_init ] --START--
INFO: Run Behavior\BuildLiteBehavior [ RunTime:0.000000s ]
INFO: [ app_init ] --END-- [ RunTime:0.000000s ]
INFO: [ app_begin ] --START--
INFO: Run Behavior\ReadHtmlCacheBehavior [ RunTime:0.001000s ]
INFO: [ app_begin ] --END-- [ RunTime:0.001000s ]
SQL: SHOW COLUMNS FROM `account` [ RunTime:0.0040s ]
SQL: SELECT * FROM `account` LIMIT 1   [ RunTime:0.0010s ]
SQL: SELECT * FROM `account` WHERE ( email='yaoyuchen1998@gmail.com' ) LIMIT 1   [ RunTime:0.0000s ]
INFO: [ view_parse ] --START--
INFO: [ template_filter ] --START--
INFO: Run Behavior\ContentReplaceBehavior [ RunTime:0.000000s ]
INFO: [ template_filter ] --END-- [ RunTime:0.000000s ]
NOTIC: [2] include(errors.php): failed to open stream: No such file or directory D:\temporary folder\Personal-project\registration system using thinkphp framework\Application\Runtime\Cache\Home\ce08001826bf659e465af77c5ac813e5.php 第 13 行.
NOTIC: [2] include(errors.php): failed to open stream: No such file or directory D:\temporary folder\Personal-project\registration system using thinkphp framework\Application\Runtime\Cache\Home\ce08001826bf659e465af77c5ac813e5.php 第 13 行.
NOTIC: [2] include(): Failed opening 'errors.php' for inclusion (include_path='.;C:\php\pear') D:\temporary folder\Personal-project\registration system using thinkphp framework\Application\Runtime\Cache\Home\ce08001826bf659e465af77c5ac813e5.php 第 13 行.
INFO: Run Behavior\ParseTemplateBehavior [ RunTime:0.007001s ]
INFO: [ view_parse ] --END-- [ RunTime:0.007001s ]
INFO: [ view_filter ] --START--
INFO: Run Behavior\WriteHtmlCacheBehavior [ RunTime:0.001000s ]
INFO: [ view_filter ] --END-- [ RunTime:0.001000s ]
INFO: [ app_end ] --START--
INFO: Run Behavior\ShowPageTraceBehavior [ RunTime:0.001000s ]
INFO: [ app_end ] --END-- [ RunTime:0.001000s ]

[ 2018-12-27T17:13:25+08:00 ] 127.0.0.1 /index.php/Home/Application/login.html
INFO: [ app_init ] --START--
INFO: Run Behavior\BuildLiteBehavior [ RunTime:0.000000s ]
INFO: [ app_init ] --END-- [ RunTime:0.000000s ]
INFO: [ app_begin ] --START--
INFO: Run Behavior\ReadHtmlCacheBehavior [ RunTime:0.001000s ]
INFO: [ app_begin ] --END-- [ RunTime:0.001000s ]
SQL: SHOW COLUMNS FROM `account` [ RunTime:0.0060s ]
SQL: SELECT * FROM `account` LIMIT 1   [ RunTime:0.0000s ]
SQL: SELECT * FROM `account` WHERE ( email='yaoyuchen1998@gmail.com' ) LIMIT 1   [ RunTime:0.0010s ]
INFO: [ view_parse ] --START--
INFO: [ template_filter ] --START--
INFO: Run Behavior\ContentReplaceBehavior [ RunTime:0.000000s ]
INFO: [ template_filter ] --END-- [ RunTime:0.000000s ]
NOTIC: [2] include(errors.php): failed to open stream: No such file or directory D:\temporary folder\Personal-project\registration system using thinkphp framework\Application\Runtime\Cache\Home\ce08001826bf659e465af77c5ac813e5.php 第 13 行.
NOTIC: [2] include(errors.php): failed to open stream: No such file or directory D:\temporary folder\Personal-project\registration system using thinkphp framework\Application\Runtime\Cache\Home\ce08001826bf659e465af77c5ac813e5.php 第 13 行.
NOTIC: [2] include(): Failed opening 'errors.php' for inclusion (include_path='.;C:\php\pear') D:\temporary folder\Personal-project\registration system using thinkphp framework\Application\Runtime\Cache\Home\ce08001826bf659e465af77c5ac813e5.php 第 13 行.
INFO: Run Behavior\ParseTemplateBehavior [ RunTime:0.022002s ]
INFO: [ view_parse ] --END-- [ RunTime:0.022002s ]
INFO: [ view_filter ] --START--
INFO: Run Behavior\WriteHtmlCacheBehavior [ RunTime:0.000000s ]
INFO: [ view_filter ] --END-- [ RunTime:0.000000s ]
INFO: [ app_end ] --START--
INFO: Run Behavior\ShowPageTraceBehavior [ RunTime:0.001000s ]
INFO: [ app_end ] --END-- [ RunTime:0.001000s ]

[ 2018-12-27T17:13:49+08:00 ] 127.0.0.1 /index.php/Home/Application/login.html
INFO: [ app_init ] --START--
INFO: Run Behavior\BuildLiteBehavior [ RunTime:0.000000s ]
INFO: [ app_init ] --END-- [ RunTime:0.000000s ]
INFO: [ app_begin ] --START--
INFO: Run Behavior\ReadHtmlCacheBehavior [ RunTime:0.001000s ]
INFO: [ app_begin ] --END-- [ RunTime:0.001000s ]
SQL: SHOW COLUMNS FROM `account` [ RunTime:0.0040s ]
SQL: SELECT * FROM `account` LIMIT 1   [ RunTime:0.0010s ]
SQL: SELECT * FROM `account` WHERE ( email='yaoyuchen1998@gmail.com' ) LIMIT 1   [ RunTime:0.0000s ]
INFO: [ view_parse ] --START--
INFO: [ template_filter ] --START--
INFO: Run Behavior\ContentReplaceBehavior [ RunTime:0.000000s ]
INFO: [ template_filter ] --END-- [ RunTime:0.000000s ]
NOTIC: [2] include(errors.php): failed to open stream: No such file or directory D:\temporary folder\Personal-project\registration system using thinkphp framework\Application\Runtime\Cache\Home\ce08001826bf659e465af77c5ac813e5.php 第 13 行.
NOTIC: [2] include(errors.php): failed to open stream: No such file or directory D:\temporary folder\Personal-project\registration system using thinkphp framework\Application\Runtime\Cache\Home\ce08001826bf659e465af77c5ac813e5.php 第 13 行.
NOTIC: [2] include(): Failed opening 'errors.php' for inclusion (include_path='.;C:\php\pear') D:\temporary folder\Personal-project\registration system using thinkphp framework\Application\Runtime\Cache\Home\ce08001826bf659e465af77c5ac813e5.php 第 13 行.
INFO: Run Behavior\ParseTemplateBehavior [ RunTime:0.006001s ]
INFO: [ view_parse ] --END-- [ RunTime:0.007001s ]
INFO: [ view_filter ] --START--
INFO: Run Behavior\WriteHtmlCacheBehavior [ RunTime:0.000000s ]
INFO: [ view_filter ] --END-- [ RunTime:0.000000s ]
INFO: [ app_end ] --START--
INFO: Run Behavior\ShowPageTraceBehavior [ RunTime:0.001000s ]
INFO: [ app_end ] --END-- [ RunTime:0.001000s ]

[ 2018-12-27T17:14:27+08:00 ] 127.0.0.1 /index.php/Home/Application/login.html
INFO: [ app_init ] --START--
INFO: Run Behavior\BuildLiteBehavior [ RunTime:0.000000s ]
INFO: [ app_init ] --END-- [ RunTime:0.000000s ]
INFO: [ app_begin ] --START--
INFO: Run Behavior\ReadHtmlCacheBehavior [ RunTime:0.001000s ]
INFO: [ app_begin ] --END-- [ RunTime:0.001000s ]
SQL: SHOW COLUMNS FROM `account` [ RunTime:0.0080s ]
SQL: SELECT * FROM `account` LIMIT 1   [ RunTime:0.0020s ]
SQL: SELECT * FROM `account` WHERE ( email='yaoyuchen1998@gmail.com' ) LIMIT 1   [ RunTime:0.0010s ]
INFO: [ view_parse ] --START--
INFO: [ template_filter ] --START--
INFO: Run Behavior\ContentReplaceBehavior [ RunTime:0.000000s ]
INFO: [ template_filter ] --END-- [ RunTime:0.000000s ]
NOTIC: [2] include(errors.php): failed to open stream: No such file or directory D:\temporary folder\Personal-project\registration system using thinkphp framework\Application\Runtime\Cache\Home\ce08001826bf659e465af77c5ac813e5.php 第 13 行.
NOTIC: [2] include(errors.php): failed to open stream: No such file or directory D:\temporary folder\Personal-project\registration system using thinkphp framework\Application\Runtime\Cache\Home\ce08001826bf659e465af77c5ac813e5.php 第 13 行.
NOTIC: [2] include(): Failed opening 'errors.php' for inclusion (include_path='.;C:\php\pear') D:\temporary folder\Personal-project\registration system using thinkphp framework\Application\Runtime\Cache\Home\ce08001826bf659e465af77c5ac813e5.php 第 13 行.
INFO: Run Behavior\ParseTemplateBehavior [ RunTime:0.009000s ]
INFO: [ view_parse ] --END-- [ RunTime:0.009000s ]
INFO: [ view_filter ] --START--
INFO: Run Behavior\WriteHtmlCacheBehavior [ RunTime:0.001000s ]
INFO: [ view_filter ] --END-- [ RunTime:0.001000s ]
INFO: [ app_end ] --START--
INFO: Run Behavior\ShowPageTraceBehavior [ RunTime:0.001000s ]
INFO: [ app_end ] --END-- [ RunTime:0.001000s ]

[ 2018-12-27T17:30:12+08:00 ] 127.0.0.1 /index.php/Home/Application/login
INFO: [ app_init ] --START--
INFO: Run Behavior\BuildLiteBehavior [ RunTime:0.000000s ]
INFO: [ app_init ] --END-- [ RunTime:0.001000s ]
INFO: [ app_begin ] --START--
INFO: Run Behavior\ReadHtmlCacheBehavior [ RunTime:0.000000s ]
INFO: [ app_begin ] --END-- [ RunTime:0.000000s ]
INFO: [ view_parse ] --START--
INFO: [ template_filter ] --START--
INFO: Run Behavior\ContentReplaceBehavior [ RunTime:0.000000s ]
INFO: [ template_filter ] --END-- [ RunTime:0.000000s ]
NOTIC: [2] include(errors.php): failed to open stream: No such file or directory D:\temporary folder\Personal-project\registration system using thinkphp framework\Application\Runtime\Cache\Home\ce08001826bf659e465af77c5ac813e5.php 第 13 行.
NOTIC: [2] include(errors.php): failed to open stream: No such file or directory D:\temporary folder\Personal-project\registration system using thinkphp framework\Application\Runtime\Cache\Home\ce08001826bf659e465af77c5ac813e5.php 第 13 行.
NOTIC: [2] include(): Failed opening 'errors.php' for inclusion (include_path='.;C:\php\pear') D:\temporary folder\Personal-project\registration system using thinkphp framework\Application\Runtime\Cache\Home\ce08001826bf659e465af77c5ac813e5.php 第 13 行.
NOTIC: [8] Undefined variable: errMessage D:\temporary folder\Personal-project\registration system using thinkphp framework\Application\Runtime\Cache\Home\ce08001826bf659e465af77c5ac813e5.php 第 32 行.
INFO: Run Behavior\ParseTemplateBehavior [ RunTime:0.018001s ]
INFO: [ view_parse ] --END-- [ RunTime:0.018001s ]
INFO: [ view_filter ] --START--
INFO: Run Behavior\WriteHtmlCacheBehavior [ RunTime:0.000000s ]
INFO: [ view_filter ] --END-- [ RunTime:0.000000s ]
INFO: [ app_end ] --START--
INFO: Run Behavior\ShowPageTraceBehavior [ RunTime:0.001000s ]
INFO: [ app_end ] --END-- [ RunTime:0.001000s ]

[ 2018-12-27T17:30:42+08:00 ] 127.0.0.1 /index.php/Home/Application/login.html
INFO: [ app_init ] --START--
INFO: Run Behavior\BuildLiteBehavior [ RunTime:0.000000s ]
INFO: [ app_init ] --END-- [ RunTime:0.000000s ]
INFO: [ app_begin ] --START--
INFO: Run Behavior\ReadHtmlCacheBehavior [ RunTime:0.001000s ]
INFO: [ app_begin ] --END-- [ RunTime:0.001000s ]
SQL: SHOW COLUMNS FROM `account` [ RunTime:0.0050s ]
SQL: SELECT * FROM `account` LIMIT 1   [ RunTime:0.0010s ]
SQL: select * from account where email!= " " [ RunTime:0.0000s ]
INFO: [ view_parse ] --START--
INFO: [ template_filter ] --START--
INFO: Run Behavior\ContentReplaceBehavior [ RunTime:0.000000s ]
INFO: [ template_filter ] --END-- [ RunTime:0.000000s ]
NOTIC: [2] include(errors.php): failed to open stream: No such file or directory D:\temporary folder\Personal-project\registration system using thinkphp framework\Application\Runtime\Cache\Home\ce08001826bf659e465af77c5ac813e5.php 第 13 行.
NOTIC: [2] include(errors.php): failed to open stream: No such file or directory D:\temporary folder\Personal-project\registration system using thinkphp framework\Application\Runtime\Cache\Home\ce08001826bf659e465af77c5ac813e5.php 第 13 行.
NOTIC: [2] include(): Failed opening 'errors.php' for inclusion (include_path='.;C:\php\pear') D:\temporary folder\Personal-project\registration system using thinkphp framework\Application\Runtime\Cache\Home\ce08001826bf659e465af77c5ac813e5.php 第 13 行.
INFO: Run Behavior\ParseTemplateBehavior [ RunTime:0.006000s ]
INFO: [ view_parse ] --END-- [ RunTime:0.006000s ]
INFO: [ view_filter ] --START--
INFO: Run Behavior\WriteHtmlCacheBehavior [ RunTime:0.001000s ]
INFO: [ view_filter ] --END-- [ RunTime:0.001000s ]
NOTIC: [2] Cannot modify header information - headers already sent by (output started at D:\temporary folder\Personal-project\registration system using thinkphp framework\Application\Home\Controller\ApplicationController.class.php:72) D:\temporary folder\Personal-project\registration system using thinkphp framework\ThinkPHP\Library\Think\View.class.php 第 91 行.
NOTIC: [2] Cannot modify header information - headers already sent by (output started at D:\temporary folder\Personal-project\registration system using thinkphp framework\Application\Home\Controller\ApplicationController.class.php:72) D:\temporary folder\Personal-project\registration system using thinkphp framework\ThinkPHP\Library\Think\View.class.php 第 92 行.
NOTIC: [2] Cannot modify header information - headers already sent by (output started at D:\temporary folder\Personal-project\registration system using thinkphp framework\Application\Home\Controller\ApplicationController.class.php:72) D:\temporary folder\Personal-project\registration system using thinkphp framework\ThinkPHP\Library\Think\View.class.php 第 93 行.
INFO: [ app_end ] --START--
INFO: Run Behavior\ShowPageTraceBehavior [ RunTime:0.001000s ]
INFO: [ app_end ] --END-- [ RunTime:0.001000s ]

[ 2018-12-27T17:32:56+08:00 ] 127.0.0.1 /index.php/Home/Application/login.html
INFO: [ app_init ] --START--
INFO: Run Behavior\BuildLiteBehavior [ RunTime:0.000000s ]
INFO: [ app_init ] --END-- [ RunTime:0.000000s ]
INFO: [ app_begin ] --START--
INFO: Run Behavior\ReadHtmlCacheBehavior [ RunTime:0.001000s ]
INFO: [ app_begin ] --END-- [ RunTime:0.001000s ]
SQL: SHOW COLUMNS FROM `account` [ RunTime:0.0040s ]
SQL: SELECT * FROM `account` LIMIT 1   [ RunTime:0.0000s ]
SQL: select * from account where email!= " " [ RunTime:0.0000s ]
INFO: [ view_parse ] --START--
INFO: [ template_filter ] --START--
INFO: Run Behavior\ContentReplaceBehavior [ RunTime:0.000000s ]
INFO: [ template_filter ] --END-- [ RunTime:0.000000s ]
NOTIC: [2] include(errors.php): failed to open stream: No such file or directory D:\temporary folder\Personal-project\registration system using thinkphp framework\Application\Runtime\Cache\Home\ce08001826bf659e465af77c5ac813e5.php 第 13 行.
NOTIC: [2] include(errors.php): failed to open stream: No such file or directory D:\temporary folder\Personal-project\registration system using thinkphp framework\Application\Runtime\Cache\Home\ce08001826bf659e465af77c5ac813e5.php 第 13 行.
NOTIC: [2] include(): Failed opening 'errors.php' for inclusion (include_path='.;C:\php\pear') D:\temporary folder\Personal-project\registration system using thinkphp framework\Application\Runtime\Cache\Home\ce08001826bf659e465af77c5ac813e5.php 第 13 行.
INFO: Run Behavior\ParseTemplateBehavior [ RunTime:0.007000s ]
INFO: [ view_parse ] --END-- [ RunTime:0.007000s ]
INFO: [ view_filter ] --START--
INFO: Run Behavior\WriteHtmlCacheBehavior [ RunTime:0.000000s ]
INFO: [ view_filter ] --END-- [ RunTime:0.000000s ]
NOTIC: [2] Cannot modify header information - headers already sent by (output started at D:\temporary folder\Personal-project\registration system using thinkphp framework\Application\Home\Controller\ApplicationController.class.php:72) D:\temporary folder\Personal-project\registration system using thinkphp framework\ThinkPHP\Library\Think\View.class.php 第 91 行.
NOTIC: [2] Cannot modify header information - headers already sent by (output started at D:\temporary folder\Personal-project\registration system using thinkphp framework\Application\Home\Controller\ApplicationController.class.php:72) D:\temporary folder\Personal-project\registration system using thinkphp framework\ThinkPHP\Library\Think\View.class.php 第 92 行.
NOTIC: [2] Cannot modify header information - headers already sent by (output started at D:\temporary folder\Personal-project\registration system using thinkphp framework\Application\Home\Controller\ApplicationController.class.php:72) D:\temporary folder\Personal-project\registration system using thinkphp framework\ThinkPHP\Library\Think\View.class.php 第 93 行.
INFO: [ app_end ] --START--
INFO: Run Behavior\ShowPageTraceBehavior [ RunTime:0.001000s ]
INFO: [ app_end ] --END-- [ RunTime:0.001000s ]

[ 2018-12-27T17:33:48+08:00 ] 127.0.0.1 /index.php/Home/Application/login
INFO: [ app_init ] --START--
INFO: Run Behavior\BuildLiteBehavior [ RunTime:0.000000s ]
INFO: [ app_init ] --END-- [ RunTime:0.000000s ]
INFO: [ app_begin ] --START--
INFO: Run Behavior\ReadHtmlCacheBehavior [ RunTime:0.000000s ]
INFO: [ app_begin ] --END-- [ RunTime:0.000000s ]
INFO: [ view_parse ] --START--
INFO: [ template_filter ] --START--
INFO: Run Behavior\ContentReplaceBehavior [ RunTime:0.000000s ]
INFO: [ template_filter ] --END-- [ RunTime:0.000000s ]
NOTIC: [2] include(errors.php): failed to open stream: No such file or directory D:\temporary folder\Personal-project\registration system using thinkphp framework\Application\Runtime\Cache\Home\ce08001826bf659e465af77c5ac813e5.php 第 13 行.
NOTIC: [2] include(errors.php): failed to open stream: No such file or directory D:\temporary folder\Personal-project\registration system using thinkphp framework\Application\Runtime\Cache\Home\ce08001826bf659e465af77c5ac813e5.php 第 13 行.
NOTIC: [2] include(): Failed opening 'errors.php' for inclusion (include_path='.;C:\php\pear') D:\temporary folder\Personal-project\registration system using thinkphp framework\Application\Runtime\Cache\Home\ce08001826bf659e465af77c5ac813e5.php 第 13 行.
NOTIC: [8] Undefined variable: errMessage D:\temporary folder\Personal-project\registration system using thinkphp framework\Application\Runtime\Cache\Home\ce08001826bf659e465af77c5ac813e5.php 第 32 行.
INFO: Run Behavior\ParseTemplateBehavior [ RunTime:0.006001s ]
INFO: [ view_parse ] --END-- [ RunTime:0.006001s ]
INFO: [ view_filter ] --START--
INFO: Run Behavior\WriteHtmlCacheBehavior [ RunTime:0.000000s ]
INFO: [ view_filter ] --END-- [ RunTime:0.000000s ]
INFO: [ app_end ] --START--
INFO: Run Behavior\ShowPageTraceBehavior [ RunTime:0.001000s ]
INFO: [ app_end ] --END-- [ RunTime:0.001000s ]

[ 2018-12-27T17:33:57+08:00 ] 127.0.0.1 /index.php/Home/Application/login.html
INFO: [ app_init ] --START--
INFO: Run Behavior\BuildLiteBehavior [ RunTime:0.000000s ]
INFO: [ app_init ] --END-- [ RunTime:0.001000s ]
INFO: [ app_begin ] --START--
INFO: Run Behavior\ReadHtmlCacheBehavior [ RunTime:0.000000s ]
INFO: [ app_begin ] --END-- [ RunTime:0.001000s ]
SQL: SHOW COLUMNS FROM `account` [ RunTime:0.0040s ]
SQL: SELECT * FROM `account` LIMIT 1   [ RunTime:0.0010s ]
SQL: select * from account where email!= " " [ RunTime:0.0000s ]
INFO: [ view_parse ] --START--
INFO: [ template_filter ] --START--
INFO: Run Behavior\ContentReplaceBehavior [ RunTime:0.000000s ]
INFO: [ template_filter ] --END-- [ RunTime:0.000000s ]
INFO: Run Behavior\ParseTemplateBehavior [ RunTime:0.005000s ]
INFO: [ view_parse ] --END-- [ RunTime:0.005000s ]
INFO: [ view_filter ] --START--
INFO: Run Behavior\WriteHtmlCacheBehavior [ RunTime:0.001000s ]
INFO: [ view_filter ] --END-- [ RunTime:0.001000s ]
NOTIC: [2] Cannot modify header information - headers already sent by (output started at D:\temporary folder\Personal-project\registration system using thinkphp framework\Application\Home\Controller\ApplicationController.class.php:72) D:\temporary folder\Personal-project\registration system using thinkphp framework\ThinkPHP\Library\Think\View.class.php 第 91 行.
NOTIC: [2] Cannot modify header information - headers already sent by (output started at D:\temporary folder\Personal-project\registration system using thinkphp framework\Application\Home\Controller\ApplicationController.class.php:72) D:\temporary folder\Personal-project\registration system using thinkphp framework\ThinkPHP\Library\Think\View.class.php 第 92 行.
NOTIC: [2] Cannot modify header information - headers already sent by (output started at D:\temporary folder\Personal-project\registration system using thinkphp framework\Application\Home\Controller\ApplicationController.class.php:72) D:\temporary folder\Personal-project\registration system using thinkphp framework\ThinkPHP\Library\Think\View.class.php 第 93 行.
INFO: [ view_parse ] --START--
INFO: [ template_filter ] --START--
INFO: Run Behavior\ContentReplaceBehavior [ RunTime:0.000000s ]
INFO: [ template_filter ] --END-- [ RunTime:-0.004000s ]
NOTIC: [2] include(errors.php): failed to open stream: No such file or directory D:\temporary folder\Personal-project\registration system using thinkphp framework\Application\Runtime\Cache\Home\ce08001826bf659e465af77c5ac813e5.php 第 13 行.
NOTIC: [2] include(errors.php): failed to open stream: No such file or directory D:\temporary folder\Personal-project\registration system using thinkphp framework\Application\Runtime\Cache\Home\ce08001826bf659e465af77c5ac813e5.php 第 13 行.
NOTIC: [2] include(): Failed opening 'errors.php' for inclusion (include_path='.;C:\php\pear') D:\temporary folder\Personal-project\registration system using thinkphp framework\Application\Runtime\Cache\Home\ce08001826bf659e465af77c5ac813e5.php 第 13 行.
NOTIC: [8] Undefined variable: errMessage D:\temporary folder\Personal-project\registration system using thinkphp framework\Application\Runtime\Cache\Home\ce08001826bf659e465af77c5ac813e5.php 第 32 行.
INFO: Run Behavior\ParseTemplateBehavior [ RunTime:0.003000s ]
INFO: [ view_parse ] --END-- [ RunTime:-0.001000s ]
INFO: [ view_filter ] --START--
INFO: Run Behavior\WriteHtmlCacheBehavior [ RunTime:0.000000s ]
INFO: [ view_filter ] --END-- [ RunTime:-0.003000s ]
NOTIC: [2] Cannot modify header information - headers already sent by (output started at D:\temporary folder\Personal-project\registration system using thinkphp framework\Application\Home\Controller\ApplicationController.class.php:72) D:\temporary folder\Personal-project\registration system using thinkphp framework\ThinkPHP\Library\Think\View.class.php 第 91 行.
NOTIC: [2] Cannot modify header information - headers already sent by (output started at D:\temporary folder\Personal-project\registration system using thinkphp framework\Application\Home\Controller\ApplicationController.class.php:72) D:\temporary folder\Personal-project\registration system using thinkphp framework\ThinkPHP\Library\Think\View.class.php 第 92 行.
NOTIC: [2] Cannot modify header information - headers already sent by (output started at D:\temporary folder\Personal-project\registration system using thinkphp framework\Application\Home\Controller\ApplicationController.class.php:72) D:\temporary folder\Personal-project\registration system using thinkphp framework\ThinkPHP\Library\Think\View.class.php 第 93 行.
INFO: [ app_end ] --START--
INFO: Run Behavior\ShowPageTraceBehavior [ RunTime:0.001000s ]
INFO: [ app_end ] --END-- [ RunTime:0.001000s ]

[ 2018-12-27T17:33:58+08:00 ] 127.0.0.1 /index.php/Home/Application/test
INFO: [ app_init ] --START--
INFO: Run Behavior\BuildLiteBehavior [ RunTime:0.000000s ]
INFO: [ app_init ] --END-- [ RunTime:0.001000s ]
INFO: [ app_begin ] --START--
INFO: Run Behavior\ReadHtmlCacheBehavior [ RunTime:0.000000s ]
INFO: [ app_begin ] --END-- [ RunTime:0.000000s ]
INFO: [ view_parse ] --START--
INFO: [ template_filter ] --START--
INFO: Run Behavior\ContentReplaceBehavior [ RunTime:0.000000s ]
INFO: [ template_filter ] --END-- [ RunTime:0.000000s ]
NOTIC: [8] A session had already been started - ignoring session_start() D:\temporary folder\Personal-project\registration system using thinkphp framework\Application\Runtime\Cache\Home\31e61444e42dae58dcb88771f6cbe5ec.php 第 1 行.
INFO: Run Behavior\ParseTemplateBehavior [ RunTime:0.006001s ]
INFO: [ view_parse ] --END-- [ RunTime:0.006001s ]
INFO: [ view_filter ] --START--
INFO: Run Behavior\WriteHtmlCacheBehavior [ RunTime:0.000000s ]
INFO: [ view_filter ] --END-- [ RunTime:0.000000s ]
INFO: [ app_end ] --START--
INFO: Run Behavior\ShowPageTraceBehavior [ RunTime:0.001000s ]
INFO: [ app_end ] --END-- [ RunTime:0.001000s ]

[ 2018-12-27T17:34:02+08:00 ] 127.0.0.1 /index.php/Home/Application/test.html?logout=%271%27
INFO: [ app_init ] --START--
INFO: Run Behavior\BuildLiteBehavior [ RunTime:0.000000s ]
INFO: [ app_init ] --END-- [ RunTime:0.000000s ]
INFO: [ app_begin ] --START--
INFO: Run Behavior\ReadHtmlCacheBehavior [ RunTime:0.001000s ]
INFO: [ app_begin ] --END-- [ RunTime:0.001000s ]
INFO: [ view_parse ] --START--
INFO: [ template_filter ] --START--
INFO: Run Behavior\ContentReplaceBehavior [ RunTime:0.001000s ]
INFO: [ template_filter ] --END-- [ RunTime:0.001000s ]
NOTIC: [8] A session had already been started - ignoring session_start() D:\temporary folder\Personal-project\registration system using thinkphp framework\Application\Runtime\Cache\Home\31e61444e42dae58dcb88771f6cbe5ec.php 第 1 行.
INFO: Run Behavior\ParseTemplateBehavior [ RunTime:0.006000s ]
INFO: [ view_parse ] --END-- [ RunTime:0.006000s ]
INFO: [ view_filter ] --START--
INFO: Run Behavior\WriteHtmlCacheBehavior [ RunTime:0.001000s ]
INFO: [ view_filter ] --END-- [ RunTime:0.001000s ]
INFO: [ app_end ] --START--
INFO: Run Behavior\ShowPageTraceBehavior [ RunTime:0.001000s ]
INFO: [ app_end ] --END-- [ RunTime:0.001000s ]

[ 2018-12-27T17:34:02+08:00 ] 127.0.0.1 /index.php/Home/Application/login.html
INFO: [ app_init ] --START--
INFO: Run Behavior\BuildLiteBehavior [ RunTime:0.000000s ]
INFO: [ app_init ] --END-- [ RunTime:0.000000s ]
INFO: [ app_begin ] --START--
INFO: Run Behavior\ReadHtmlCacheBehavior [ RunTime:0.001000s ]
INFO: [ app_begin ] --END-- [ RunTime:0.001000s ]
INFO: [ view_parse ] --START--
INFO: [ template_filter ] --START--
INFO: Run Behavior\ContentReplaceBehavior [ RunTime:0.000000s ]
INFO: [ template_filter ] --END-- [ RunTime:0.000000s ]
NOTIC: [2] include(errors.php): failed to open stream: No such file or directory D:\temporary folder\Personal-project\registration system using thinkphp framework\Application\Runtime\Cache\Home\ce08001826bf659e465af77c5ac813e5.php 第 13 行.
NOTIC: [2] include(errors.php): failed to open stream: No such file or directory D:\temporary folder\Personal-project\registration system using thinkphp framework\Application\Runtime\Cache\Home\ce08001826bf659e465af77c5ac813e5.php 第 13 行.
NOTIC: [2] include(): Failed opening 'errors.php' for inclusion (include_path='.;C:\php\pear') D:\temporary folder\Personal-project\registration system using thinkphp framework\Application\Runtime\Cache\Home\ce08001826bf659e465af77c5ac813e5.php 第 13 行.
NOTIC: [8] Undefined variable: errMessage D:\temporary folder\Personal-project\registration system using thinkphp framework\Application\Runtime\Cache\Home\ce08001826bf659e465af77c5ac813e5.php 第 32 行.
INFO: Run Behavior\ParseTemplateBehavior [ RunTime:0.005001s ]
INFO: [ view_parse ] --END-- [ RunTime:0.005001s ]
INFO: [ view_filter ] --START--
INFO: Run Behavior\WriteHtmlCacheBehavior [ RunTime:0.001000s ]
INFO: [ view_filter ] --END-- [ RunTime:0.001000s ]
INFO: [ app_end ] --START--
INFO: Run Behavior\ShowPageTraceBehavior [ RunTime:0.000000s ]
INFO: [ app_end ] --END-- [ RunTime:0.000000s ]

