[ 2018-12-19T16:41:23+08:00 ] 127.0.0.1 /index.php/Home/index/login
INFO: [ app_init ] --START--
INFO: Run Behavior\BuildLiteBehavior [ RunTime:0.000000s ]
INFO: [ app_init ] --END-- [ RunTime:0.001000s ]
INFO: [ app_begin ] --START--
INFO: Run Behavior\ReadHtmlCacheBehavior [ RunTime:0.001000s ]
INFO: [ app_begin ] --END-- [ RunTime:0.001000s ]
INFO: [ view_parse ] --START--
INFO: [ template_filter ] --START--
INFO: Run Behavior\ContentReplaceBehavior [ RunTime:0.000000s ]
INFO: [ template_filter ] --END-- [ RunTime:0.000000s ]
NOTIC: [2] include(errors.php): failed to open stream: No such file or directory D:\webroot\registration system using thinkphp framework\Application\Runtime\Cache\Home\ccea6a400660ce54d68cab67b9f68781.php 第 13 行.
NOTIC: [2] include(errors.php): failed to open stream: No such file or directory D:\webroot\registration system using thinkphp framework\Application\Runtime\Cache\Home\ccea6a400660ce54d68cab67b9f68781.php 第 13 行.
NOTIC: [2] include(): Failed opening 'errors.php' for inclusion (include_path='.;C:\php\pear') D:\webroot\registration system using thinkphp framework\Application\Runtime\Cache\Home\ccea6a400660ce54d68cab67b9f68781.php 第 13 行.
NOTIC: [8] Undefined variable: errMessage D:\webroot\registration system using thinkphp framework\Application\Runtime\Cache\Home\ccea6a400660ce54d68cab67b9f68781.php 第 32 行.
INFO: Run Behavior\ParseTemplateBehavior [ RunTime:0.041003s ]
INFO: [ view_parse ] --END-- [ RunTime:0.041003s ]
INFO: [ view_filter ] --START--
INFO: Run Behavior\WriteHtmlCacheBehavior [ RunTime:0.002000s ]
INFO: [ view_filter ] --END-- [ RunTime:0.002000s ]
INFO: [ app_end ] --START--
INFO: Run Behavior\ShowPageTraceBehavior [ RunTime:0.002000s ]
INFO: [ app_end ] --END-- [ RunTime:0.002000s ]

[ 2018-12-19T16:41:24+08:00 ] 127.0.0.1 /index.php/Home/index/register.html
INFO: [ app_init ] --START--
INFO: Run Behavior\BuildLiteBehavior [ RunTime:0.000000s ]
INFO: [ app_init ] --END-- [ RunTime:0.000000s ]
INFO: [ app_begin ] --START--
INFO: Run Behavior\ReadHtmlCacheBehavior [ RunTime:0.001000s ]
INFO: [ app_begin ] --END-- [ RunTime:0.001000s ]
INFO: [ view_parse ] --START--
INFO: [ template_filter ] --START--
INFO: Run Behavior\ContentReplaceBehavior [ RunTime:0.000000s ]
INFO: [ template_filter ] --END-- [ RunTime:0.000000s ]
NOTIC: [2] include(errors.php): failed to open stream: No such file or directory D:\webroot\registration system using thinkphp framework\Application\Runtime\Cache\Home\e2f1e8739761dd1b07196da7c9136d50.php 第 13 行.
NOTIC: [2] include(errors.php): failed to open stream: No such file or directory D:\webroot\registration system using thinkphp framework\Application\Runtime\Cache\Home\e2f1e8739761dd1b07196da7c9136d50.php 第 13 行.
NOTIC: [2] include(): Failed opening 'errors.php' for inclusion (include_path='.;C:\php\pear') D:\webroot\registration system using thinkphp framework\Application\Runtime\Cache\Home\e2f1e8739761dd1b07196da7c9136d50.php 第 13 行.
NOTIC: [8] Undefined variable: username D:\webroot\registration system using thinkphp framework\Application\Runtime\Cache\Home\e2f1e8739761dd1b07196da7c9136d50.php 第 16 行.
NOTIC: [8] Undefined variable: error D:\webroot\registration system using thinkphp framework\Application\Runtime\Cache\Home\e2f1e8739761dd1b07196da7c9136d50.php 第 42 行.
INFO: Run Behavior\ParseTemplateBehavior [ RunTime:0.023001s ]
INFO: [ view_parse ] --END-- [ RunTime:0.023001s ]
INFO: [ view_filter ] --START--
INFO: Run Behavior\WriteHtmlCacheBehavior [ RunTime:0.001000s ]
INFO: [ view_filter ] --END-- [ RunTime:0.001000s ]
INFO: [ app_end ] --START--
INFO: Run Behavior\ShowPageTraceBehavior [ RunTime:0.000000s ]
INFO: [ app_end ] --END-- [ RunTime:0.000000s ]

[ 2018-12-19T16:41:40+08:00 ] 127.0.0.1 /index.php/Home/index/register.html
INFO: [ app_init ] --START--
INFO: Run Behavior\BuildLiteBehavior [ RunTime:0.000000s ]
INFO: [ app_init ] --END-- [ RunTime:0.001000s ]
INFO: [ app_begin ] --START--
INFO: Run Behavior\ReadHtmlCacheBehavior [ RunTime:0.001000s ]
INFO: [ app_begin ] --END-- [ RunTime:0.001000s ]
SQL: SHOW COLUMNS FROM `users` [ RunTime:0.0090s ]
NOTIC: [8] Undefined index: validate D:\webroot\registration system using thinkphp framework\ThinkPHP\Library\Think\Model.class.php 第 1185 行.
NOTIC: [8] Undefined index: auto D:\webroot\registration system using thinkphp framework\ThinkPHP\Library\Think\Model.class.php 第 1128 行.
SQL: SELECT * FROM `users` WHERE `username` = 'yuchen' LIMIT 1   [ RunTime:0.0000s ]
SQL: INSERT INTO `users` (`username`,`password`,`email`) VALUES ('yuchen','MFys980304','yaoyuchen1998@gmail.com') [ RunTime:0.0010s ]
INFO: [ view_parse ] --START--
INFO: [ template_filter ] --START--
INFO: Run Behavior\ContentReplaceBehavior [ RunTime:0.000000s ]
INFO: [ template_filter ] --END-- [ RunTime:0.000000s ]
INFO: Run Behavior\ParseTemplateBehavior [ RunTime:0.017001s ]
INFO: [ view_parse ] --END-- [ RunTime:0.017001s ]
INFO: [ view_filter ] --START--
INFO: Run Behavior\WriteHtmlCacheBehavior [ RunTime:0.001000s ]
INFO: [ view_filter ] --END-- [ RunTime:0.001000s ]
INFO: [ view_parse ] --START--
INFO: [ template_filter ] --START--
INFO: Run Behavior\ContentReplaceBehavior [ RunTime:0.000000s ]
INFO: [ template_filter ] --END-- [ RunTime:-0.003000s ]
NOTIC: [2] include(errors.php): failed to open stream: No such file or directory D:\webroot\registration system using thinkphp framework\Application\Runtime\Cache\Home\e2f1e8739761dd1b07196da7c9136d50.php 第 13 行.
NOTIC: [2] include(errors.php): failed to open stream: No such file or directory D:\webroot\registration system using thinkphp framework\Application\Runtime\Cache\Home\e2f1e8739761dd1b07196da7c9136d50.php 第 13 行.
NOTIC: [2] include(): Failed opening 'errors.php' for inclusion (include_path='.;C:\php\pear') D:\webroot\registration system using thinkphp framework\Application\Runtime\Cache\Home\e2f1e8739761dd1b07196da7c9136d50.php 第 13 行.
NOTIC: [8] Undefined variable: username D:\webroot\registration system using thinkphp framework\Application\Runtime\Cache\Home\e2f1e8739761dd1b07196da7c9136d50.php 第 16 行.
NOTIC: [8] Undefined variable: error D:\webroot\registration system using thinkphp framework\Application\Runtime\Cache\Home\e2f1e8739761dd1b07196da7c9136d50.php 第 42 行.
INFO: Run Behavior\ParseTemplateBehavior [ RunTime:0.002000s ]
INFO: [ view_parse ] --END-- [ RunTime:-0.001000s ]
INFO: [ view_filter ] --START--
INFO: Run Behavior\WriteHtmlCacheBehavior [ RunTime:0.000000s ]
INFO: [ view_filter ] --END-- [ RunTime:-0.002000s ]
INFO: [ app_end ] --START--
INFO: Run Behavior\ShowPageTraceBehavior [ RunTime:0.001000s ]
INFO: [ app_end ] --END-- [ RunTime:0.001000s ]

[ 2018-12-19T16:41:42+08:00 ] 127.0.0.1 /index.php/Home/index/test
INFO: [ app_init ] --START--
INFO: Run Behavior\BuildLiteBehavior [ RunTime:0.000000s ]
INFO: [ app_init ] --END-- [ RunTime:0.000000s ]
INFO: [ app_begin ] --START--
INFO: Run Behavior\ReadHtmlCacheBehavior [ RunTime:0.001000s ]
INFO: [ app_begin ] --END-- [ RunTime:0.001000s ]
INFO: [ view_parse ] --START--
INFO: [ template_filter ] --START--
INFO: Run Behavior\ContentReplaceBehavior [ RunTime:0.000000s ]
INFO: [ template_filter ] --END-- [ RunTime:0.001000s ]
NOTIC: [8] A session had already been started - ignoring session_start() D:\webroot\registration system using thinkphp framework\Application\Runtime\Cache\Home\4913b3ab5f520f6dd350e21137b73fb2.php 第 1 行.
INFO: Run Behavior\ParseTemplateBehavior [ RunTime:0.007000s ]
INFO: [ view_parse ] --END-- [ RunTime:0.007000s ]
INFO: [ view_filter ] --START--
INFO: Run Behavior\WriteHtmlCacheBehavior [ RunTime:0.000000s ]
INFO: [ view_filter ] --END-- [ RunTime:0.000000s ]
INFO: [ app_end ] --START--
INFO: Run Behavior\ShowPageTraceBehavior [ RunTime:0.001000s ]
INFO: [ app_end ] --END-- [ RunTime:0.001000s ]

[ 2018-12-19T16:41:44+08:00 ] 127.0.0.1 /index.php/Home/index/test.html?logout=%271%27
INFO: [ app_init ] --START--
INFO: Run Behavior\BuildLiteBehavior [ RunTime:0.000000s ]
INFO: [ app_init ] --END-- [ RunTime:0.001000s ]
INFO: [ app_begin ] --START--
INFO: Run Behavior\ReadHtmlCacheBehavior [ RunTime:0.002000s ]
INFO: [ app_begin ] --END-- [ RunTime:0.002000s ]
INFO: [ view_parse ] --START--
INFO: [ template_filter ] --START--
INFO: Run Behavior\ContentReplaceBehavior [ RunTime:0.000000s ]
INFO: [ template_filter ] --END-- [ RunTime:0.000000s ]
NOTIC: [8] A session had already been started - ignoring session_start() D:\webroot\registration system using thinkphp framework\Application\Runtime\Cache\Home\4913b3ab5f520f6dd350e21137b73fb2.php 第 1 行.
INFO: Run Behavior\ParseTemplateBehavior [ RunTime:0.006000s ]
INFO: [ view_parse ] --END-- [ RunTime:0.006000s ]
INFO: [ view_filter ] --START--
INFO: Run Behavior\WriteHtmlCacheBehavior [ RunTime:0.001000s ]
INFO: [ view_filter ] --END-- [ RunTime:0.001000s ]
INFO: [ app_end ] --START--
INFO: Run Behavior\ShowPageTraceBehavior [ RunTime:0.000000s ]
INFO: [ app_end ] --END-- [ RunTime:0.001000s ]

[ 2018-12-19T16:41:44+08:00 ] 127.0.0.1 /index.php/Home/index/login.html
INFO: [ app_init ] --START--
INFO: Run Behavior\BuildLiteBehavior [ RunTime:0.000000s ]
INFO: [ app_init ] --END-- [ RunTime:0.000000s ]
INFO: [ app_begin ] --START--
INFO: Run Behavior\ReadHtmlCacheBehavior [ RunTime:0.001000s ]
INFO: [ app_begin ] --END-- [ RunTime:0.001000s ]
INFO: [ view_parse ] --START--
INFO: [ template_filter ] --START--
INFO: Run Behavior\ContentReplaceBehavior [ RunTime:0.000000s ]
INFO: [ template_filter ] --END-- [ RunTime:0.000000s ]
NOTIC: [2] include(errors.php): failed to open stream: No such file or directory D:\webroot\registration system using thinkphp framework\Application\Runtime\Cache\Home\ccea6a400660ce54d68cab67b9f68781.php 第 13 行.
NOTIC: [2] include(errors.php): failed to open stream: No such file or directory D:\webroot\registration system using thinkphp framework\Application\Runtime\Cache\Home\ccea6a400660ce54d68cab67b9f68781.php 第 13 行.
NOTIC: [2] include(): Failed opening 'errors.php' for inclusion (include_path='.;C:\php\pear') D:\webroot\registration system using thinkphp framework\Application\Runtime\Cache\Home\ccea6a400660ce54d68cab67b9f68781.php 第 13 行.
NOTIC: [8] Undefined variable: errMessage D:\webroot\registration system using thinkphp framework\Application\Runtime\Cache\Home\ccea6a400660ce54d68cab67b9f68781.php 第 32 行.
INFO: Run Behavior\ParseTemplateBehavior [ RunTime:0.005001s ]
INFO: [ view_parse ] --END-- [ RunTime:0.005001s ]
INFO: [ view_filter ] --START--
INFO: Run Behavior\WriteHtmlCacheBehavior [ RunTime:0.001000s ]
INFO: [ view_filter ] --END-- [ RunTime:0.001000s ]
INFO: [ app_end ] --START--
INFO: Run Behavior\ShowPageTraceBehavior [ RunTime:0.000000s ]
INFO: [ app_end ] --END-- [ RunTime:0.000000s ]

[ 2018-12-19T16:41:53+08:00 ] 127.0.0.1 /index.php/Home/index/login.html
INFO: [ app_init ] --START--
INFO: Run Behavior\BuildLiteBehavior [ RunTime:0.000000s ]
INFO: [ app_init ] --END-- [ RunTime:0.000000s ]
INFO: [ app_begin ] --START--
INFO: Run Behavior\ReadHtmlCacheBehavior [ RunTime:0.001000s ]
INFO: [ app_begin ] --END-- [ RunTime:0.001000s ]
SQL: SHOW COLUMNS FROM `users` [ RunTime:0.0070s ]
INFO: [ view_parse ] --START--
INFO: [ template_filter ] --START--
INFO: Run Behavior\ContentReplaceBehavior [ RunTime:0.000000s ]
INFO: [ template_filter ] --END-- [ RunTime:0.000000s ]
NOTIC: [2] include(errors.php): failed to open stream: No such file or directory D:\webroot\registration system using thinkphp framework\Application\Runtime\Cache\Home\ccea6a400660ce54d68cab67b9f68781.php 第 13 行.
NOTIC: [2] include(errors.php): failed to open stream: No such file or directory D:\webroot\registration system using thinkphp framework\Application\Runtime\Cache\Home\ccea6a400660ce54d68cab67b9f68781.php 第 13 行.
NOTIC: [2] include(): Failed opening 'errors.php' for inclusion (include_path='.;C:\php\pear') D:\webroot\registration system using thinkphp framework\Application\Runtime\Cache\Home\ccea6a400660ce54d68cab67b9f68781.php 第 13 行.
INFO: Run Behavior\ParseTemplateBehavior [ RunTime:0.009000s ]
INFO: [ view_parse ] --END-- [ RunTime:0.009000s ]
INFO: [ view_filter ] --START--
INFO: Run Behavior\WriteHtmlCacheBehavior [ RunTime:0.001000s ]
INFO: [ view_filter ] --END-- [ RunTime:0.001000s ]
INFO: [ app_end ] --START--
INFO: Run Behavior\ShowPageTraceBehavior [ RunTime:0.001001s ]
INFO: [ app_end ] --END-- [ RunTime:0.001001s ]

[ 2018-12-19T16:42:06+08:00 ] 127.0.0.1 /index.php/Home/index/login.html
INFO: [ app_init ] --START--
INFO: Run Behavior\BuildLiteBehavior [ RunTime:0.000000s ]
INFO: [ app_init ] --END-- [ RunTime:0.000000s ]
INFO: [ app_begin ] --START--
INFO: Run Behavior\ReadHtmlCacheBehavior [ RunTime:0.000000s ]
INFO: [ app_begin ] --END-- [ RunTime:0.000000s ]
SQL: SHOW COLUMNS FROM `users` [ RunTime:0.0070s ]
INFO: [ view_parse ] --START--
INFO: [ template_filter ] --START--
INFO: Run Behavior\ContentReplaceBehavior [ RunTime:0.000000s ]
INFO: [ template_filter ] --END-- [ RunTime:0.000000s ]
NOTIC: [2] include(errors.php): failed to open stream: No such file or directory D:\webroot\registration system using thinkphp framework\Application\Runtime\Cache\Home\ccea6a400660ce54d68cab67b9f68781.php 第 13 行.
NOTIC: [2] include(errors.php): failed to open stream: No such file or directory D:\webroot\registration system using thinkphp framework\Application\Runtime\Cache\Home\ccea6a400660ce54d68cab67b9f68781.php 第 13 行.
NOTIC: [2] include(): Failed opening 'errors.php' for inclusion (include_path='.;C:\php\pear') D:\webroot\registration system using thinkphp framework\Application\Runtime\Cache\Home\ccea6a400660ce54d68cab67b9f68781.php 第 13 行.
INFO: Run Behavior\ParseTemplateBehavior [ RunTime:0.009000s ]
INFO: [ view_parse ] --END-- [ RunTime:0.009000s ]
INFO: [ view_filter ] --START--
INFO: Run Behavior\WriteHtmlCacheBehavior [ RunTime:0.000000s ]
INFO: [ view_filter ] --END-- [ RunTime:0.000000s ]
INFO: [ app_end ] --START--
INFO: Run Behavior\ShowPageTraceBehavior [ RunTime:0.000000s ]
INFO: [ app_end ] --END-- [ RunTime:0.000000s ]

[ 2018-12-19T16:42:32+08:00 ] 127.0.0.1 /index.php/Home/index/login.html
INFO: [ app_init ] --START--
INFO: Run Behavior\BuildLiteBehavior [ RunTime:0.000000s ]
INFO: [ app_init ] --END-- [ RunTime:0.001000s ]
INFO: [ app_begin ] --START--
INFO: Run Behavior\ReadHtmlCacheBehavior [ RunTime:0.000000s ]
INFO: [ app_begin ] --END-- [ RunTime:0.000000s ]
SQL: SHOW COLUMNS FROM `users` [ RunTime:0.0060s ]
INFO: [ view_parse ] --START--
INFO: [ template_filter ] --START--
INFO: Run Behavior\ContentReplaceBehavior [ RunTime:0.000000s ]
INFO: [ template_filter ] --END-- [ RunTime:0.000000s ]
NOTIC: [2] include(errors.php): failed to open stream: No such file or directory D:\webroot\registration system using thinkphp framework\Application\Runtime\Cache\Home\ccea6a400660ce54d68cab67b9f68781.php 第 13 行.
NOTIC: [2] include(errors.php): failed to open stream: No such file or directory D:\webroot\registration system using thinkphp framework\Application\Runtime\Cache\Home\ccea6a400660ce54d68cab67b9f68781.php 第 13 行.
NOTIC: [2] include(): Failed opening 'errors.php' for inclusion (include_path='.;C:\php\pear') D:\webroot\registration system using thinkphp framework\Application\Runtime\Cache\Home\ccea6a400660ce54d68cab67b9f68781.php 第 13 行.
INFO: Run Behavior\ParseTemplateBehavior [ RunTime:0.010001s ]
INFO: [ view_parse ] --END-- [ RunTime:0.010001s ]
INFO: [ view_filter ] --START--
INFO: Run Behavior\WriteHtmlCacheBehavior [ RunTime:0.000000s ]
INFO: [ view_filter ] --END-- [ RunTime:0.000000s ]
INFO: [ app_end ] --START--
INFO: Run Behavior\ShowPageTraceBehavior [ RunTime:0.000000s ]
INFO: [ app_end ] --END-- [ RunTime:0.000000s ]

[ 2018-12-19T16:42:56+08:00 ] 127.0.0.1 /index.php/Home/index/login.html
INFO: [ app_init ] --START--
INFO: Run Behavior\BuildLiteBehavior [ RunTime:0.000000s ]
INFO: [ app_init ] --END-- [ RunTime:0.001000s ]
INFO: [ app_begin ] --START--
INFO: Run Behavior\ReadHtmlCacheBehavior [ RunTime:0.001000s ]
INFO: [ app_begin ] --END-- [ RunTime:0.001000s ]
SQL: SHOW COLUMNS FROM `users` [ RunTime:0.0070s ]
INFO: [ view_parse ] --START--
INFO: [ template_filter ] --START--
INFO: Run Behavior\ContentReplaceBehavior [ RunTime:0.001001s ]
INFO: [ template_filter ] --END-- [ RunTime:0.001001s ]
NOTIC: [2] include(errors.php): failed to open stream: No such file or directory D:\webroot\registration system using thinkphp framework\Application\Runtime\Cache\Home\ccea6a400660ce54d68cab67b9f68781.php 第 13 行.
NOTIC: [2] include(errors.php): failed to open stream: No such file or directory D:\webroot\registration system using thinkphp framework\Application\Runtime\Cache\Home\ccea6a400660ce54d68cab67b9f68781.php 第 13 行.
NOTIC: [2] include(): Failed opening 'errors.php' for inclusion (include_path='.;C:\php\pear') D:\webroot\registration system using thinkphp framework\Application\Runtime\Cache\Home\ccea6a400660ce54d68cab67b9f68781.php 第 13 行.
INFO: Run Behavior\ParseTemplateBehavior [ RunTime:0.009001s ]
INFO: [ view_parse ] --END-- [ RunTime:0.009001s ]
INFO: [ view_filter ] --START--
INFO: Run Behavior\WriteHtmlCacheBehavior [ RunTime:0.001000s ]
INFO: [ view_filter ] --END-- [ RunTime:0.001000s ]
INFO: [ app_end ] --START--
INFO: Run Behavior\ShowPageTraceBehavior [ RunTime:0.001000s ]
INFO: [ app_end ] --END-- [ RunTime:0.001000s ]

[ 2018-12-19T16:43:03+08:00 ] 127.0.0.1 /index.php/Home/index/login.html
INFO: [ app_init ] --START--
INFO: Run Behavior\BuildLiteBehavior [ RunTime:0.000000s ]
INFO: [ app_init ] --END-- [ RunTime:0.001000s ]
INFO: [ app_begin ] --START--
INFO: Run Behavior\ReadHtmlCacheBehavior [ RunTime:0.001000s ]
INFO: [ app_begin ] --END-- [ RunTime:0.001000s ]
SQL: SHOW COLUMNS FROM `users` [ RunTime:0.0070s ]
INFO: [ view_parse ] --START--
INFO: [ template_filter ] --START--
INFO: Run Behavior\ContentReplaceBehavior [ RunTime:0.000000s ]
INFO: [ template_filter ] --END-- [ RunTime:0.000000s ]
NOTIC: [2] include(errors.php): failed to open stream: No such file or directory D:\webroot\registration system using thinkphp framework\Application\Runtime\Cache\Home\ccea6a400660ce54d68cab67b9f68781.php 第 13 行.
NOTIC: [2] include(errors.php): failed to open stream: No such file or directory D:\webroot\registration system using thinkphp framework\Application\Runtime\Cache\Home\ccea6a400660ce54d68cab67b9f68781.php 第 13 行.
NOTIC: [2] include(): Failed opening 'errors.php' for inclusion (include_path='.;C:\php\pear') D:\webroot\registration system using thinkphp framework\Application\Runtime\Cache\Home\ccea6a400660ce54d68cab67b9f68781.php 第 13 行.
INFO: Run Behavior\ParseTemplateBehavior [ RunTime:0.009000s ]
INFO: [ view_parse ] --END-- [ RunTime:0.009000s ]
INFO: [ view_filter ] --START--
INFO: Run Behavior\WriteHtmlCacheBehavior [ RunTime:0.000000s ]
INFO: [ view_filter ] --END-- [ RunTime:0.001000s ]
INFO: [ app_end ] --START--
INFO: Run Behavior\ShowPageTraceBehavior [ RunTime:0.001000s ]
INFO: [ app_end ] --END-- [ RunTime:0.001000s ]

[ 2018-12-19T16:43:07+08:00 ] 127.0.0.1 /index.php/Home/index/login.
INFO: [ app_init ] --START--
INFO: Run Behavior\BuildLiteBehavior [ RunTime:0.000000s ]
INFO: [ app_init ] --END-- [ RunTime:0.000000s ]
INFO: [ app_begin ] --START--
INFO: Run Behavior\ReadHtmlCacheBehavior [ RunTime:0.001000s ]
INFO: [ app_begin ] --END-- [ RunTime:0.001000s ]
INFO: [ view_parse ] --START--
INFO: [ template_filter ] --START--
INFO: Run Behavior\ContentReplaceBehavior [ RunTime:0.000000s ]
INFO: [ template_filter ] --END-- [ RunTime:0.000000s ]
NOTIC: [2] include(errors.php): failed to open stream: No such file or directory D:\webroot\registration system using thinkphp framework\Application\Runtime\Cache\Home\ccea6a400660ce54d68cab67b9f68781.php 第 13 行.
NOTIC: [2] include(errors.php): failed to open stream: No such file or directory D:\webroot\registration system using thinkphp framework\Application\Runtime\Cache\Home\ccea6a400660ce54d68cab67b9f68781.php 第 13 行.
NOTIC: [2] include(): Failed opening 'errors.php' for inclusion (include_path='.;C:\php\pear') D:\webroot\registration system using thinkphp framework\Application\Runtime\Cache\Home\ccea6a400660ce54d68cab67b9f68781.php 第 13 行.
NOTIC: [8] Undefined variable: errMessage D:\webroot\registration system using thinkphp framework\Application\Runtime\Cache\Home\ccea6a400660ce54d68cab67b9f68781.php 第 32 行.
INFO: Run Behavior\ParseTemplateBehavior [ RunTime:0.008000s ]
INFO: [ view_parse ] --END-- [ RunTime:0.008000s ]
INFO: [ view_filter ] --START--
INFO: Run Behavior\WriteHtmlCacheBehavior [ RunTime:0.000000s ]
INFO: [ view_filter ] --END-- [ RunTime:0.000000s ]
INFO: [ app_end ] --START--
INFO: Run Behavior\ShowPageTraceBehavior [ RunTime:0.001000s ]
INFO: [ app_end ] --END-- [ RunTime:0.001000s ]

[ 2018-12-19T16:43:11+08:00 ] 127.0.0.1 /index.php/Home/index/login.html
INFO: [ app_init ] --START--
INFO: Run Behavior\BuildLiteBehavior [ RunTime:0.000000s ]
INFO: [ app_init ] --END-- [ RunTime:0.000000s ]
INFO: [ app_begin ] --START--
INFO: Run Behavior\ReadHtmlCacheBehavior [ RunTime:0.001000s ]
INFO: [ app_begin ] --END-- [ RunTime:0.001000s ]
INFO: [ view_parse ] --START--
INFO: [ template_filter ] --START--
INFO: Run Behavior\ContentReplaceBehavior [ RunTime:0.000000s ]
INFO: [ template_filter ] --END-- [ RunTime:0.000000s ]
NOTIC: [2] include(errors.php): failed to open stream: No such file or directory D:\webroot\registration system using thinkphp framework\Application\Runtime\Cache\Home\ccea6a400660ce54d68cab67b9f68781.php 第 13 行.
NOTIC: [2] include(errors.php): failed to open stream: No such file or directory D:\webroot\registration system using thinkphp framework\Application\Runtime\Cache\Home\ccea6a400660ce54d68cab67b9f68781.php 第 13 行.
NOTIC: [2] include(): Failed opening 'errors.php' for inclusion (include_path='.;C:\php\pear') D:\webroot\registration system using thinkphp framework\Application\Runtime\Cache\Home\ccea6a400660ce54d68cab67b9f68781.php 第 13 行.
NOTIC: [8] Undefined variable: errMessage D:\webroot\registration system using thinkphp framework\Application\Runtime\Cache\Home\ccea6a400660ce54d68cab67b9f68781.php 第 32 行.
INFO: Run Behavior\ParseTemplateBehavior [ RunTime:0.005000s ]
INFO: [ view_parse ] --END-- [ RunTime:0.006001s ]
INFO: [ view_filter ] --START--
INFO: Run Behavior\WriteHtmlCacheBehavior [ RunTime:0.000000s ]
INFO: [ view_filter ] --END-- [ RunTime:0.000000s ]
INFO: [ app_end ] --START--
INFO: Run Behavior\ShowPageTraceBehavior [ RunTime:0.001000s ]
INFO: [ app_end ] --END-- [ RunTime:0.001000s ]

[ 2018-12-19T16:53:13+08:00 ] 127.0.0.1 /index.php/Home/index/login
INFO: [ app_init ] --START--
INFO: Run Behavior\BuildLiteBehavior [ RunTime:0.000000s ]
INFO: [ app_init ] --END-- [ RunTime:0.001000s ]
INFO: [ app_begin ] --START--
INFO: Run Behavior\ReadHtmlCacheBehavior [ RunTime:0.000000s ]
INFO: [ app_begin ] --END-- [ RunTime:0.000000s ]
INFO: [ view_parse ] --START--
INFO: [ template_filter ] --START--
INFO: Run Behavior\ContentReplaceBehavior [ RunTime:0.000000s ]
INFO: [ template_filter ] --END-- [ RunTime:0.000000s ]
NOTIC: [2] include(errors.php): failed to open stream: No such file or directory D:\webroot\registration system using thinkphp framework\Application\Runtime\Cache\Home\ccea6a400660ce54d68cab67b9f68781.php 第 13 行.
NOTIC: [2] include(errors.php): failed to open stream: No such file or directory D:\webroot\registration system using thinkphp framework\Application\Runtime\Cache\Home\ccea6a400660ce54d68cab67b9f68781.php 第 13 行.
NOTIC: [2] include(): Failed opening 'errors.php' for inclusion (include_path='.;C:\php\pear') D:\webroot\registration system using thinkphp framework\Application\Runtime\Cache\Home\ccea6a400660ce54d68cab67b9f68781.php 第 13 行.
NOTIC: [8] Undefined variable: errMessage D:\webroot\registration system using thinkphp framework\Application\Runtime\Cache\Home\ccea6a400660ce54d68cab67b9f68781.php 第 32 行.
INFO: Run Behavior\ParseTemplateBehavior [ RunTime:0.017001s ]
INFO: [ view_parse ] --END-- [ RunTime:0.017001s ]
INFO: [ view_filter ] --START--
INFO: Run Behavior\WriteHtmlCacheBehavior [ RunTime:0.000000s ]
INFO: [ view_filter ] --END-- [ RunTime:0.000000s ]
INFO: [ app_end ] --START--
INFO: Run Behavior\ShowPageTraceBehavior [ RunTime:0.001000s ]
INFO: [ app_end ] --END-- [ RunTime:0.001000s ]

[ 2018-12-19T16:53:20+08:00 ] 127.0.0.1 /index.php/Home/index/login.html
INFO: [ app_init ] --START--
INFO: Run Behavior\BuildLiteBehavior [ RunTime:0.000000s ]
INFO: [ app_init ] --END-- [ RunTime:0.000000s ]
INFO: [ app_begin ] --START--
INFO: Run Behavior\ReadHtmlCacheBehavior [ RunTime:0.001000s ]
INFO: [ app_begin ] --END-- [ RunTime:0.001000s ]
SQL: SHOW COLUMNS FROM `users` [ RunTime:0.0060s ]
INFO: [ view_parse ] --START--
INFO: [ template_filter ] --START--
INFO: Run Behavior\ContentReplaceBehavior [ RunTime:0.000000s ]
INFO: [ template_filter ] --END-- [ RunTime:0.000000s ]
NOTIC: [2] include(errors.php): failed to open stream: No such file or directory D:\webroot\registration system using thinkphp framework\Application\Runtime\Cache\Home\ccea6a400660ce54d68cab67b9f68781.php 第 13 行.
NOTIC: [2] include(errors.php): failed to open stream: No such file or directory D:\webroot\registration system using thinkphp framework\Application\Runtime\Cache\Home\ccea6a400660ce54d68cab67b9f68781.php 第 13 行.
NOTIC: [2] include(): Failed opening 'errors.php' for inclusion (include_path='.;C:\php\pear') D:\webroot\registration system using thinkphp framework\Application\Runtime\Cache\Home\ccea6a400660ce54d68cab67b9f68781.php 第 13 行.
INFO: Run Behavior\ParseTemplateBehavior [ RunTime:0.009001s ]
INFO: [ view_parse ] --END-- [ RunTime:0.009001s ]
INFO: [ view_filter ] --START--
INFO: Run Behavior\WriteHtmlCacheBehavior [ RunTime:0.001000s ]
INFO: [ view_filter ] --END-- [ RunTime:0.001000s ]
INFO: [ app_end ] --START--
INFO: Run Behavior\ShowPageTraceBehavior [ RunTime:0.001000s ]
INFO: [ app_end ] --END-- [ RunTime:0.001000s ]

[ 2018-12-19T16:53:49+08:00 ] 127.0.0.1 /index.php/Home/index/login.html
INFO: [ app_init ] --START--
INFO: Run Behavior\BuildLiteBehavior [ RunTime:0.000000s ]
INFO: [ app_init ] --END-- [ RunTime:0.000000s ]
INFO: [ app_begin ] --START--
INFO: Run Behavior\ReadHtmlCacheBehavior [ RunTime:0.001000s ]
INFO: [ app_begin ] --END-- [ RunTime:0.001000s ]
SQL: SHOW COLUMNS FROM `users` [ RunTime:0.0070s ]
INFO: [ view_parse ] --START--
INFO: [ template_filter ] --START--
INFO: Run Behavior\ContentReplaceBehavior [ RunTime:0.000000s ]
INFO: [ template_filter ] --END-- [ RunTime:0.000000s ]
NOTIC: [2] include(errors.php): failed to open stream: No such file or directory D:\webroot\registration system using thinkphp framework\Application\Runtime\Cache\Home\ccea6a400660ce54d68cab67b9f68781.php 第 13 行.
NOTIC: [2] include(errors.php): failed to open stream: No such file or directory D:\webroot\registration system using thinkphp framework\Application\Runtime\Cache\Home\ccea6a400660ce54d68cab67b9f68781.php 第 13 行.
NOTIC: [2] include(): Failed opening 'errors.php' for inclusion (include_path='.;C:\php\pear') D:\webroot\registration system using thinkphp framework\Application\Runtime\Cache\Home\ccea6a400660ce54d68cab67b9f68781.php 第 13 行.
INFO: Run Behavior\ParseTemplateBehavior [ RunTime:0.009000s ]
INFO: [ view_parse ] --END-- [ RunTime:0.009000s ]
INFO: [ view_filter ] --START--
INFO: Run Behavior\WriteHtmlCacheBehavior [ RunTime:0.000000s ]
INFO: [ view_filter ] --END-- [ RunTime:0.000000s ]
INFO: [ app_end ] --START--
INFO: Run Behavior\ShowPageTraceBehavior [ RunTime:0.002001s ]
INFO: [ app_end ] --END-- [ RunTime:0.002001s ]

[ 2018-12-19T16:54:23+08:00 ] 127.0.0.1 /index.php/Home/index/login.html
INFO: [ app_init ] --START--
INFO: Run Behavior\BuildLiteBehavior [ RunTime:0.000000s ]
INFO: [ app_init ] --END-- [ RunTime:0.000000s ]
INFO: [ app_begin ] --START--
INFO: Run Behavior\ReadHtmlCacheBehavior [ RunTime:0.001000s ]
INFO: [ app_begin ] --END-- [ RunTime:0.001000s ]
SQL: SHOW COLUMNS FROM `users` [ RunTime:0.0070s ]
INFO: [ view_parse ] --START--
INFO: [ template_filter ] --START--
INFO: Run Behavior\ContentReplaceBehavior [ RunTime:0.000000s ]
INFO: [ template_filter ] --END-- [ RunTime:0.001000s ]
NOTIC: [2] include(errors.php): failed to open stream: No such file or directory D:\webroot\registration system using thinkphp framework\Application\Runtime\Cache\Home\ccea6a400660ce54d68cab67b9f68781.php 第 13 行.
NOTIC: [2] include(errors.php): failed to open stream: No such file or directory D:\webroot\registration system using thinkphp framework\Application\Runtime\Cache\Home\ccea6a400660ce54d68cab67b9f68781.php 第 13 行.
NOTIC: [2] include(): Failed opening 'errors.php' for inclusion (include_path='.;C:\php\pear') D:\webroot\registration system using thinkphp framework\Application\Runtime\Cache\Home\ccea6a400660ce54d68cab67b9f68781.php 第 13 行.
INFO: Run Behavior\ParseTemplateBehavior [ RunTime:0.009000s ]
INFO: [ view_parse ] --END-- [ RunTime:0.010000s ]
INFO: [ view_filter ] --START--
INFO: Run Behavior\WriteHtmlCacheBehavior [ RunTime:0.000000s ]
INFO: [ view_filter ] --END-- [ RunTime:0.000000s ]
INFO: [ app_end ] --START--
INFO: Run Behavior\ShowPageTraceBehavior [ RunTime:0.000000s ]
INFO: [ app_end ] --END-- [ RunTime:0.000000s ]

[ 2018-12-19T16:55:00+08:00 ] 127.0.0.1 /index.php/Home/index/login.html
INFO: [ app_init ] --START--
INFO: Run Behavior\BuildLiteBehavior [ RunTime:0.000000s ]
INFO: [ app_init ] --END-- [ RunTime:0.001000s ]
INFO: [ app_begin ] --START--
INFO: Run Behavior\ReadHtmlCacheBehavior [ RunTime:0.000000s ]
INFO: [ app_begin ] --END-- [ RunTime:0.000000s ]
SQL: SHOW COLUMNS FROM `users` [ RunTime:0.0060s ]
INFO: [ view_parse ] --START--
INFO: [ template_filter ] --START--
INFO: Run Behavior\ContentReplaceBehavior [ RunTime:0.000000s ]
INFO: [ template_filter ] --END-- [ RunTime:0.000000s ]
NOTIC: [2] include(errors.php): failed to open stream: No such file or directory D:\webroot\registration system using thinkphp framework\Application\Runtime\Cache\Home\ccea6a400660ce54d68cab67b9f68781.php 第 13 行.
NOTIC: [2] include(errors.php): failed to open stream: No such file or directory D:\webroot\registration system using thinkphp framework\Application\Runtime\Cache\Home\ccea6a400660ce54d68cab67b9f68781.php 第 13 行.
NOTIC: [2] include(): Failed opening 'errors.php' for inclusion (include_path='.;C:\php\pear') D:\webroot\registration system using thinkphp framework\Application\Runtime\Cache\Home\ccea6a400660ce54d68cab67b9f68781.php 第 13 行.
INFO: Run Behavior\ParseTemplateBehavior [ RunTime:0.009001s ]
INFO: [ view_parse ] --END-- [ RunTime:0.009001s ]
INFO: [ view_filter ] --START--
INFO: Run Behavior\WriteHtmlCacheBehavior [ RunTime:0.000000s ]
INFO: [ view_filter ] --END-- [ RunTime:0.000000s ]
INFO: [ app_end ] --START--
INFO: Run Behavior\ShowPageTraceBehavior [ RunTime:0.001000s ]
INFO: [ app_end ] --END-- [ RunTime:0.001000s ]

[ 2018-12-19T16:55:19+08:00 ] 127.0.0.1 /index.php/Home/index/login.html
INFO: [ app_init ] --START--
INFO: Run Behavior\BuildLiteBehavior [ RunTime:0.000000s ]
INFO: [ app_init ] --END-- [ RunTime:0.000000s ]
INFO: [ app_begin ] --START--
INFO: Run Behavior\ReadHtmlCacheBehavior [ RunTime:0.001000s ]
INFO: [ app_begin ] --END-- [ RunTime:0.001000s ]
SQL: SHOW COLUMNS FROM `users` [ RunTime:0.0070s ]
SQL: SELECT * FROM `users` WHERE `username` = null LIMIT 1   [ RunTime:0.0000s ]
INFO: [ view_parse ] --START--
INFO: [ template_filter ] --START--
INFO: Run Behavior\ContentReplaceBehavior [ RunTime:0.000000s ]
INFO: [ template_filter ] --END-- [ RunTime:0.000000s ]
NOTIC: [2] include(errors.php): failed to open stream: No such file or directory D:\webroot\registration system using thinkphp framework\Application\Runtime\Cache\Home\ccea6a400660ce54d68cab67b9f68781.php 第 13 行.
NOTIC: [2] include(errors.php): failed to open stream: No such file or directory D:\webroot\registration system using thinkphp framework\Application\Runtime\Cache\Home\ccea6a400660ce54d68cab67b9f68781.php 第 13 行.
NOTIC: [2] include(): Failed opening 'errors.php' for inclusion (include_path='.;C:\php\pear') D:\webroot\registration system using thinkphp framework\Application\Runtime\Cache\Home\ccea6a400660ce54d68cab67b9f68781.php 第 13 行.
INFO: Run Behavior\ParseTemplateBehavior [ RunTime:0.010000s ]
INFO: [ view_parse ] --END-- [ RunTime:0.010000s ]
INFO: [ view_filter ] --START--
INFO: Run Behavior\WriteHtmlCacheBehavior [ RunTime:0.001000s ]
INFO: [ view_filter ] --END-- [ RunTime:0.001000s ]
INFO: [ app_end ] --START--
INFO: Run Behavior\ShowPageTraceBehavior [ RunTime:0.001000s ]
INFO: [ app_end ] --END-- [ RunTime:0.001000s ]

[ 2018-12-19T16:56:32+08:00 ] 127.0.0.1 /index.php/Home/index/login.html
INFO: [ app_init ] --START--
INFO: Run Behavior\BuildLiteBehavior [ RunTime:0.000000s ]
INFO: [ app_init ] --END-- [ RunTime:0.000000s ]
INFO: [ app_begin ] --START--
INFO: Run Behavior\ReadHtmlCacheBehavior [ RunTime:0.001000s ]
INFO: [ app_begin ] --END-- [ RunTime:0.001000s ]
SQL: SHOW COLUMNS FROM `users` [ RunTime:0.0070s ]
SQL: SELECT * FROM `users` WHERE `username` = null LIMIT 1   [ RunTime:0.0010s ]
INFO: [ view_parse ] --START--
INFO: [ template_filter ] --START--
INFO: Run Behavior\ContentReplaceBehavior [ RunTime:0.001000s ]
INFO: [ template_filter ] --END-- [ RunTime:0.001000s ]
NOTIC: [2] include(errors.php): failed to open stream: No such file or directory D:\webroot\registration system using thinkphp framework\Application\Runtime\Cache\Home\ccea6a400660ce54d68cab67b9f68781.php 第 13 行.
NOTIC: [2] include(errors.php): failed to open stream: No such file or directory D:\webroot\registration system using thinkphp framework\Application\Runtime\Cache\Home\ccea6a400660ce54d68cab67b9f68781.php 第 13 行.
NOTIC: [2] include(): Failed opening 'errors.php' for inclusion (include_path='.;C:\php\pear') D:\webroot\registration system using thinkphp framework\Application\Runtime\Cache\Home\ccea6a400660ce54d68cab67b9f68781.php 第 13 行.
INFO: Run Behavior\ParseTemplateBehavior [ RunTime:0.008001s ]
INFO: [ view_parse ] --END-- [ RunTime:0.009001s ]
INFO: [ view_filter ] --START--
INFO: Run Behavior\WriteHtmlCacheBehavior [ RunTime:0.001000s ]
INFO: [ view_filter ] --END-- [ RunTime:0.001000s ]
INFO: [ app_end ] --START--
INFO: Run Behavior\ShowPageTraceBehavior [ RunTime:0.001000s ]
INFO: [ app_end ] --END-- [ RunTime:0.001000s ]

[ 2018-12-19T16:57:41+08:00 ] 127.0.0.1 /index.php/Home/index/register.html
INFO: [ app_init ] --START--
INFO: Run Behavior\BuildLiteBehavior [ RunTime:0.000000s ]
INFO: [ app_init ] --END-- [ RunTime:0.001000s ]
INFO: [ app_begin ] --START--
INFO: Run Behavior\ReadHtmlCacheBehavior [ RunTime:0.000000s ]
INFO: [ app_begin ] --END-- [ RunTime:0.000000s ]
INFO: [ view_parse ] --START--
INFO: [ template_filter ] --START--
INFO: Run Behavior\ContentReplaceBehavior [ RunTime:0.000000s ]
INFO: [ template_filter ] --END-- [ RunTime:0.001000s ]
NOTIC: [2] include(errors.php): failed to open stream: No such file or directory D:\webroot\registration system using thinkphp framework\Application\Runtime\Cache\Home\e2f1e8739761dd1b07196da7c9136d50.php 第 13 行.
NOTIC: [2] include(errors.php): failed to open stream: No such file or directory D:\webroot\registration system using thinkphp framework\Application\Runtime\Cache\Home\e2f1e8739761dd1b07196da7c9136d50.php 第 13 行.
NOTIC: [2] include(): Failed opening 'errors.php' for inclusion (include_path='.;C:\php\pear') D:\webroot\registration system using thinkphp framework\Application\Runtime\Cache\Home\e2f1e8739761dd1b07196da7c9136d50.php 第 13 行.
NOTIC: [8] Undefined variable: username D:\webroot\registration system using thinkphp framework\Application\Runtime\Cache\Home\e2f1e8739761dd1b07196da7c9136d50.php 第 16 行.
NOTIC: [8] Undefined variable: error D:\webroot\registration system using thinkphp framework\Application\Runtime\Cache\Home\e2f1e8739761dd1b07196da7c9136d50.php 第 42 行.
INFO: Run Behavior\ParseTemplateBehavior [ RunTime:0.006000s ]
INFO: [ view_parse ] --END-- [ RunTime:0.006000s ]
INFO: [ view_filter ] --START--
INFO: Run Behavior\WriteHtmlCacheBehavior [ RunTime:0.001000s ]
INFO: [ view_filter ] --END-- [ RunTime:0.001000s ]
INFO: [ app_end ] --START--
INFO: Run Behavior\ShowPageTraceBehavior [ RunTime:0.000000s ]
INFO: [ app_end ] --END-- [ RunTime:0.000000s ]

[ 2018-12-19T16:57:55+08:00 ] 127.0.0.1 /index.php/Home/index/register.html
INFO: [ app_init ] --START--
INFO: Run Behavior\BuildLiteBehavior [ RunTime:0.000000s ]
INFO: [ app_init ] --END-- [ RunTime:0.001000s ]
INFO: [ app_begin ] --START--
INFO: Run Behavior\ReadHtmlCacheBehavior [ RunTime:0.001001s ]
INFO: [ app_begin ] --END-- [ RunTime:0.001001s ]
SQL: SHOW COLUMNS FROM `users` [ RunTime:0.0080s ]
NOTIC: [8] Undefined index: validate D:\webroot\registration system using thinkphp framework\ThinkPHP\Library\Think\Model.class.php 第 1185 行.
NOTIC: [8] Undefined index: auto D:\webroot\registration system using thinkphp framework\ThinkPHP\Library\Think\Model.class.php 第 1128 行.
SQL: SELECT * FROM `users` WHERE `username` = 'd' LIMIT 1   [ RunTime:0.0010s ]
INFO: [ view_parse ] --START--
INFO: [ template_filter ] --START--
INFO: Run Behavior\ContentReplaceBehavior [ RunTime:0.001000s ]
INFO: [ template_filter ] --END-- [ RunTime:0.001000s ]
NOTIC: [2] include(errors.php): failed to open stream: No such file or directory D:\webroot\registration system using thinkphp framework\Application\Runtime\Cache\Home\e2f1e8739761dd1b07196da7c9136d50.php 第 13 行.
NOTIC: [2] include(errors.php): failed to open stream: No such file or directory D:\webroot\registration system using thinkphp framework\Application\Runtime\Cache\Home\e2f1e8739761dd1b07196da7c9136d50.php 第 13 行.
NOTIC: [2] include(): Failed opening 'errors.php' for inclusion (include_path='.;C:\php\pear') D:\webroot\registration system using thinkphp framework\Application\Runtime\Cache\Home\e2f1e8739761dd1b07196da7c9136d50.php 第 13 行.
NOTIC: [8] Undefined variable: username D:\webroot\registration system using thinkphp framework\Application\Runtime\Cache\Home\e2f1e8739761dd1b07196da7c9136d50.php 第 16 行.
INFO: Run Behavior\ParseTemplateBehavior [ RunTime:0.009000s ]
INFO: [ view_parse ] --END-- [ RunTime:0.009000s ]
INFO: [ view_filter ] --START--
INFO: Run Behavior\WriteHtmlCacheBehavior [ RunTime:0.000000s ]
INFO: [ view_filter ] --END-- [ RunTime:0.000000s ]
INFO: [ app_end ] --START--
INFO: Run Behavior\ShowPageTraceBehavior [ RunTime:0.001000s ]
INFO: [ app_end ] --END-- [ RunTime:0.001000s ]

[ 2018-12-19T16:57:59+08:00 ] 127.0.0.1 /index.php/Home/index/login.html
INFO: [ app_init ] --START--
INFO: Run Behavior\BuildLiteBehavior [ RunTime:0.000000s ]
INFO: [ app_init ] --END-- [ RunTime:0.001000s ]
INFO: [ app_begin ] --START--
INFO: Run Behavior\ReadHtmlCacheBehavior [ RunTime:0.001000s ]
INFO: [ app_begin ] --END-- [ RunTime:0.001000s ]
INFO: [ view_parse ] --START--
INFO: [ template_filter ] --START--
INFO: Run Behavior\ContentReplaceBehavior [ RunTime:0.000000s ]
INFO: [ template_filter ] --END-- [ RunTime:0.000000s ]
NOTIC: [2] include(errors.php): failed to open stream: No such file or directory D:\webroot\registration system using thinkphp framework\Application\Runtime\Cache\Home\ccea6a400660ce54d68cab67b9f68781.php 第 13 行.
NOTIC: [2] include(errors.php): failed to open stream: No such file or directory D:\webroot\registration system using thinkphp framework\Application\Runtime\Cache\Home\ccea6a400660ce54d68cab67b9f68781.php 第 13 行.
NOTIC: [2] include(): Failed opening 'errors.php' for inclusion (include_path='.;C:\php\pear') D:\webroot\registration system using thinkphp framework\Application\Runtime\Cache\Home\ccea6a400660ce54d68cab67b9f68781.php 第 13 行.
NOTIC: [8] Undefined variable: errMessage D:\webroot\registration system using thinkphp framework\Application\Runtime\Cache\Home\ccea6a400660ce54d68cab67b9f68781.php 第 32 行.
INFO: Run Behavior\ParseTemplateBehavior [ RunTime:0.006001s ]
INFO: [ view_parse ] --END-- [ RunTime:0.006001s ]
INFO: [ view_filter ] --START--
INFO: Run Behavior\WriteHtmlCacheBehavior [ RunTime:0.000000s ]
INFO: [ view_filter ] --END-- [ RunTime:0.000000s ]
INFO: [ app_end ] --START--
INFO: Run Behavior\ShowPageTraceBehavior [ RunTime:0.001000s ]
INFO: [ app_end ] --END-- [ RunTime:0.001000s ]

[ 2018-12-19T16:59:40+08:00 ] 127.0.0.1 /index.php/Home/index/login.html
INFO: [ app_init ] --START--
INFO: Run Behavior\BuildLiteBehavior [ RunTime:0.000000s ]
INFO: [ app_init ] --END-- [ RunTime:0.000000s ]
INFO: [ app_begin ] --START--
INFO: Run Behavior\ReadHtmlCacheBehavior [ RunTime:0.001000s ]
INFO: [ app_begin ] --END-- [ RunTime:0.001000s ]
INFO: [ view_parse ] --START--
INFO: [ template_filter ] --START--
INFO: Run Behavior\ContentReplaceBehavior [ RunTime:0.000000s ]
INFO: [ template_filter ] --END-- [ RunTime:0.000000s ]
NOTIC: [2] include(errors.php): failed to open stream: No such file or directory D:\webroot\registration system using thinkphp framework\Application\Runtime\Cache\Home\ccea6a400660ce54d68cab67b9f68781.php 第 13 行.
NOTIC: [2] include(errors.php): failed to open stream: No such file or directory D:\webroot\registration system using thinkphp framework\Application\Runtime\Cache\Home\ccea6a400660ce54d68cab67b9f68781.php 第 13 行.
NOTIC: [2] include(): Failed opening 'errors.php' for inclusion (include_path='.;C:\php\pear') D:\webroot\registration system using thinkphp framework\Application\Runtime\Cache\Home\ccea6a400660ce54d68cab67b9f68781.php 第 13 行.
NOTIC: [8] Undefined variable: errMessage D:\webroot\registration system using thinkphp framework\Application\Runtime\Cache\Home\ccea6a400660ce54d68cab67b9f68781.php 第 32 行.
INFO: Run Behavior\ParseTemplateBehavior [ RunTime:0.017001s ]
INFO: [ view_parse ] --END-- [ RunTime:0.017001s ]
INFO: [ view_filter ] --START--
INFO: Run Behavior\WriteHtmlCacheBehavior [ RunTime:0.001000s ]
INFO: [ view_filter ] --END-- [ RunTime:0.001000s ]
INFO: [ app_end ] --START--
INFO: Run Behavior\ShowPageTraceBehavior [ RunTime:0.000000s ]
INFO: [ app_end ] --END-- [ RunTime:0.000000s ]

[ 2018-12-19T16:59:44+08:00 ] 127.0.0.1 /index.php/Home/index/login.html
INFO: [ app_init ] --START--
INFO: Run Behavior\BuildLiteBehavior [ RunTime:0.000000s ]
INFO: [ app_init ] --END-- [ RunTime:0.001000s ]
INFO: [ app_begin ] --START--
INFO: Run Behavior\ReadHtmlCacheBehavior [ RunTime:0.001000s ]
INFO: [ app_begin ] --END-- [ RunTime:0.001000s ]
SQL: SHOW COLUMNS FROM `users` [ RunTime:0.0060s ]
SQL: SELECT * FROM `users` WHERE `username` = null LIMIT 1   [ RunTime:0.0000s ]
INFO: [ view_parse ] --START--
INFO: [ template_filter ] --START--
INFO: Run Behavior\ContentReplaceBehavior [ RunTime:0.000000s ]
INFO: [ template_filter ] --END-- [ RunTime:0.000000s ]
NOTIC: [2] include(errors.php): failed to open stream: No such file or directory D:\webroot\registration system using thinkphp framework\Application\Runtime\Cache\Home\ccea6a400660ce54d68cab67b9f68781.php 第 13 行.
NOTIC: [2] include(errors.php): failed to open stream: No such file or directory D:\webroot\registration system using thinkphp framework\Application\Runtime\Cache\Home\ccea6a400660ce54d68cab67b9f68781.php 第 13 行.
NOTIC: [2] include(): Failed opening 'errors.php' for inclusion (include_path='.;C:\php\pear') D:\webroot\registration system using thinkphp framework\Application\Runtime\Cache\Home\ccea6a400660ce54d68cab67b9f68781.php 第 13 行.
INFO: Run Behavior\ParseTemplateBehavior [ RunTime:0.009001s ]
INFO: [ view_parse ] --END-- [ RunTime:0.009001s ]
INFO: [ view_filter ] --START--
INFO: Run Behavior\WriteHtmlCacheBehavior [ RunTime:0.000000s ]
INFO: [ view_filter ] --END-- [ RunTime:0.000000s ]
INFO: [ app_end ] --START--
INFO: Run Behavior\ShowPageTraceBehavior [ RunTime:0.001000s ]
INFO: [ app_end ] --END-- [ RunTime:0.002000s ]

[ 2018-12-19T17:02:48+08:00 ] 127.0.0.1 /index.php/Home/index/login.html
INFO: [ app_init ] --START--
INFO: Run Behavior\BuildLiteBehavior [ RunTime:0.000000s ]
INFO: [ app_init ] --END-- [ RunTime:0.001000s ]
INFO: [ app_begin ] --START--
INFO: Run Behavior\ReadHtmlCacheBehavior [ RunTime:0.001000s ]
INFO: [ app_begin ] --END-- [ RunTime:0.001000s ]
SQL: SHOW COLUMNS FROM `users` [ RunTime:0.0070s ]
NOTIC: [8] Undefined index: validate D:\webroot\registration system using thinkphp framework\ThinkPHP\Library\Think\Model.class.php 第 1185 行.
NOTIC: [8] Undefined index: auto D:\webroot\registration system using thinkphp framework\ThinkPHP\Library\Think\Model.class.php 第 1128 行.
NOTIC: [8] Trying to get property of non-object D:\webroot\registration system using thinkphp framework\Application\Home\Controller\IndexController.class.php 第 19 行.
NOTIC: [8] Trying to get property of non-object D:\webroot\registration system using thinkphp framework\Application\Home\Controller\IndexController.class.php 第 21 行.
NOTIC: [8] Trying to get property of non-object D:\webroot\registration system using thinkphp framework\Application\Home\Controller\IndexController.class.php 第 23 行.
INFO: [ view_parse ] --START--
INFO: [ template_filter ] --START--
INFO: Run Behavior\ContentReplaceBehavior [ RunTime:0.000000s ]
INFO: [ template_filter ] --END-- [ RunTime:0.000000s ]
NOTIC: [2] include(errors.php): failed to open stream: No such file or directory D:\webroot\registration system using thinkphp framework\Application\Runtime\Cache\Home\ccea6a400660ce54d68cab67b9f68781.php 第 13 行.
NOTIC: [2] include(errors.php): failed to open stream: No such file or directory D:\webroot\registration system using thinkphp framework\Application\Runtime\Cache\Home\ccea6a400660ce54d68cab67b9f68781.php 第 13 行.
NOTIC: [2] include(): Failed opening 'errors.php' for inclusion (include_path='.;C:\php\pear') D:\webroot\registration system using thinkphp framework\Application\Runtime\Cache\Home\ccea6a400660ce54d68cab67b9f68781.php 第 13 行.
INFO: Run Behavior\ParseTemplateBehavior [ RunTime:0.009000s ]
INFO: [ view_parse ] --END-- [ RunTime:0.009000s ]
INFO: [ view_filter ] --START--
INFO: Run Behavior\WriteHtmlCacheBehavior [ RunTime:0.001000s ]
INFO: [ view_filter ] --END-- [ RunTime:0.001000s ]
INFO: [ app_end ] --START--
INFO: Run Behavior\ShowPageTraceBehavior [ RunTime:0.001000s ]
INFO: [ app_end ] --END-- [ RunTime:0.001000s ]

[ 2018-12-19T17:03:03+08:00 ] 127.0.0.1 /index.php/Home/index/login.html
INFO: [ app_init ] --START--
INFO: Run Behavior\BuildLiteBehavior [ RunTime:0.000000s ]
INFO: [ app_init ] --END-- [ RunTime:0.001000s ]
INFO: [ app_begin ] --START--
INFO: Run Behavior\ReadHtmlCacheBehavior [ RunTime:0.000000s ]
INFO: [ app_begin ] --END-- [ RunTime:0.000000s ]
SQL: SHOW COLUMNS FROM `users` [ RunTime:0.0060s ]
NOTIC: [8] Undefined index: validate D:\webroot\registration system using thinkphp framework\ThinkPHP\Library\Think\Model.class.php 第 1185 行.
NOTIC: [8] Undefined index: auto D:\webroot\registration system using thinkphp framework\ThinkPHP\Library\Think\Model.class.php 第 1128 行.
NOTIC: [8] Trying to get property of non-object D:\webroot\registration system using thinkphp framework\Application\Home\Controller\IndexController.class.php 第 19 行.
NOTIC: [8] Trying to get property of non-object D:\webroot\registration system using thinkphp framework\Application\Home\Controller\IndexController.class.php 第 21 行.
NOTIC: [8] Trying to get property of non-object D:\webroot\registration system using thinkphp framework\Application\Home\Controller\IndexController.class.php 第 23 行.
INFO: [ view_parse ] --START--
INFO: [ template_filter ] --START--
INFO: Run Behavior\ContentReplaceBehavior [ RunTime:0.000000s ]
INFO: [ template_filter ] --END-- [ RunTime:0.000000s ]
NOTIC: [2] include(errors.php): failed to open stream: No such file or directory D:\webroot\registration system using thinkphp framework\Application\Runtime\Cache\Home\ccea6a400660ce54d68cab67b9f68781.php 第 13 行.
NOTIC: [2] include(errors.php): failed to open stream: No such file or directory D:\webroot\registration system using thinkphp framework\Application\Runtime\Cache\Home\ccea6a400660ce54d68cab67b9f68781.php 第 13 行.
NOTIC: [2] include(): Failed opening 'errors.php' for inclusion (include_path='.;C:\php\pear') D:\webroot\registration system using thinkphp framework\Application\Runtime\Cache\Home\ccea6a400660ce54d68cab67b9f68781.php 第 13 行.
INFO: Run Behavior\ParseTemplateBehavior [ RunTime:0.009001s ]
INFO: [ view_parse ] --END-- [ RunTime:0.009001s ]
INFO: [ view_filter ] --START--
INFO: Run Behavior\WriteHtmlCacheBehavior [ RunTime:0.001000s ]
INFO: [ view_filter ] --END-- [ RunTime:0.001000s ]
INFO: [ app_end ] --START--
INFO: Run Behavior\ShowPageTraceBehavior [ RunTime:0.001000s ]
INFO: [ app_end ] --END-- [ RunTime:0.001000s ]

[ 2018-12-19T17:03:35+08:00 ] 127.0.0.1 /index.php/Home/index/login.html
INFO: [ app_init ] --START--
INFO: Run Behavior\BuildLiteBehavior [ RunTime:0.000000s ]
INFO: [ app_init ] --END-- [ RunTime:0.000000s ]
INFO: [ app_begin ] --START--
INFO: Run Behavior\ReadHtmlCacheBehavior [ RunTime:0.001000s ]
INFO: [ app_begin ] --END-- [ RunTime:0.001000s ]

[ 2018-12-19T17:03:46+08:00 ] 127.0.0.1 /index.php/Home/index/login.html
INFO: [ app_init ] --START--
INFO: Run Behavior\BuildLiteBehavior [ RunTime:0.000000s ]
INFO: [ app_init ] --END-- [ RunTime:0.001000s ]
INFO: [ app_begin ] --START--
INFO: Run Behavior\ReadHtmlCacheBehavior [ RunTime:0.000000s ]
INFO: [ app_begin ] --END-- [ RunTime:0.000000s ]
SQL: SHOW COLUMNS FROM `users` [ RunTime:0.0070s ]
NOTIC: [8] Undefined index: validate D:\webroot\registration system using thinkphp framework\ThinkPHP\Library\Think\Model.class.php 第 1185 行.
NOTIC: [8] Undefined index: auto D:\webroot\registration system using thinkphp framework\ThinkPHP\Library\Think\Model.class.php 第 1128 行.
NOTIC: [8] Trying to get property of non-object D:\webroot\registration system using thinkphp framework\Application\Home\Controller\IndexController.class.php 第 19 行.

[ 2018-12-19T17:04:41+08:00 ] 127.0.0.1 /index.php/Home/index/login.html
INFO: [ app_init ] --START--
INFO: Run Behavior\BuildLiteBehavior [ RunTime:0.000000s ]
INFO: [ app_init ] --END-- [ RunTime:0.000000s ]
INFO: [ app_begin ] --START--
INFO: Run Behavior\ReadHtmlCacheBehavior [ RunTime:0.001000s ]
INFO: [ app_begin ] --END-- [ RunTime:0.001000s ]
SQL: SHOW COLUMNS FROM `users` [ RunTime:0.0060s ]
SQL: SELECT * FROM `users` WHERE `username` = null LIMIT 1   [ RunTime:0.0010s ]
INFO: [ view_parse ] --START--
INFO: [ template_filter ] --START--
INFO: Run Behavior\ContentReplaceBehavior [ RunTime:0.000000s ]
INFO: [ template_filter ] --END-- [ RunTime:0.000000s ]
NOTIC: [2] include(errors.php): failed to open stream: No such file or directory D:\webroot\registration system using thinkphp framework\Application\Runtime\Cache\Home\ccea6a400660ce54d68cab67b9f68781.php 第 13 行.
NOTIC: [2] include(errors.php): failed to open stream: No such file or directory D:\webroot\registration system using thinkphp framework\Application\Runtime\Cache\Home\ccea6a400660ce54d68cab67b9f68781.php 第 13 行.
NOTIC: [2] include(): Failed opening 'errors.php' for inclusion (include_path='.;C:\php\pear') D:\webroot\registration system using thinkphp framework\Application\Runtime\Cache\Home\ccea6a400660ce54d68cab67b9f68781.php 第 13 行.
INFO: Run Behavior\ParseTemplateBehavior [ RunTime:0.009000s ]
INFO: [ view_parse ] --END-- [ RunTime:0.009000s ]
INFO: [ view_filter ] --START--
INFO: Run Behavior\WriteHtmlCacheBehavior [ RunTime:0.001000s ]
INFO: [ view_filter ] --END-- [ RunTime:0.001000s ]
INFO: [ app_end ] --START--
INFO: Run Behavior\ShowPageTraceBehavior [ RunTime:0.001000s ]
INFO: [ app_end ] --END-- [ RunTime:0.001000s ]

[ 2018-12-19T17:10:42+08:00 ] 127.0.0.1 /index.php/Home/index/login.html
INFO: [ app_init ] --START--
INFO: Run Behavior\BuildLiteBehavior [ RunTime:0.000000s ]
INFO: [ app_init ] --END-- [ RunTime:0.000000s ]
INFO: [ app_begin ] --START--
INFO: Run Behavior\ReadHtmlCacheBehavior [ RunTime:0.001000s ]
INFO: [ app_begin ] --END-- [ RunTime:0.001000s ]
SQL: SHOW COLUMNS FROM `users` [ RunTime:0.0070s ]
SQL: SELECT * FROM `users` WHERE `username` = null LIMIT 1   [ RunTime:0.0000s ]
SQL: SHOW COLUMNS FROM `users` [ RunTime:0.0070s ]
NOTIC: [8] Undefined variable: username D:\webroot\registration system using thinkphp framework\Application\Home\Controller\IndexController.class.php 第 27 行.
INFO: [ view_parse ] --START--
INFO: [ template_filter ] --START--
INFO: Run Behavior\ContentReplaceBehavior [ RunTime:0.000000s ]
INFO: [ template_filter ] --END-- [ RunTime:0.000000s ]
NOTIC: [2] include(errors.php): failed to open stream: No such file or directory D:\webroot\registration system using thinkphp framework\Application\Runtime\Cache\Home\ccea6a400660ce54d68cab67b9f68781.php 第 13 行.
NOTIC: [2] include(errors.php): failed to open stream: No such file or directory D:\webroot\registration system using thinkphp framework\Application\Runtime\Cache\Home\ccea6a400660ce54d68cab67b9f68781.php 第 13 行.
NOTIC: [2] include(): Failed opening 'errors.php' for inclusion (include_path='.;C:\php\pear') D:\webroot\registration system using thinkphp framework\Application\Runtime\Cache\Home\ccea6a400660ce54d68cab67b9f68781.php 第 13 行.
INFO: Run Behavior\ParseTemplateBehavior [ RunTime:0.020001s ]
INFO: [ view_parse ] --END-- [ RunTime:0.020001s ]
INFO: [ view_filter ] --START--
INFO: Run Behavior\WriteHtmlCacheBehavior [ RunTime:0.000000s ]
INFO: [ view_filter ] --END-- [ RunTime:0.001000s ]
INFO: [ app_end ] --START--
INFO: Run Behavior\ShowPageTraceBehavior [ RunTime:0.000000s ]
INFO: [ app_end ] --END-- [ RunTime:0.000000s ]

[ 2018-12-19T17:11:53+08:00 ] 127.0.0.1 /index.php/Home/index/login.html
INFO: [ app_init ] --START--
INFO: Run Behavior\BuildLiteBehavior [ RunTime:0.000000s ]
INFO: [ app_init ] --END-- [ RunTime:0.000000s ]
INFO: [ app_begin ] --START--
INFO: Run Behavior\ReadHtmlCacheBehavior [ RunTime:0.001000s ]
INFO: [ app_begin ] --END-- [ RunTime:0.001000s ]
SQL: SHOW COLUMNS FROM `users` [ RunTime:0.0070s ]
INFO: [ view_parse ] --START--
INFO: [ template_filter ] --START--
INFO: Run Behavior\ContentReplaceBehavior [ RunTime:0.000000s ]
INFO: [ template_filter ] --END-- [ RunTime:0.001000s ]
NOTIC: [2] include(errors.php): failed to open stream: No such file or directory D:\webroot\registration system using thinkphp framework\Application\Runtime\Cache\Home\ccea6a400660ce54d68cab67b9f68781.php 第 13 行.
NOTIC: [2] include(errors.php): failed to open stream: No such file or directory D:\webroot\registration system using thinkphp framework\Application\Runtime\Cache\Home\ccea6a400660ce54d68cab67b9f68781.php 第 13 行.
NOTIC: [2] include(): Failed opening 'errors.php' for inclusion (include_path='.;C:\php\pear') D:\webroot\registration system using thinkphp framework\Application\Runtime\Cache\Home\ccea6a400660ce54d68cab67b9f68781.php 第 13 行.
INFO: Run Behavior\ParseTemplateBehavior [ RunTime:0.009000s ]
INFO: [ view_parse ] --END-- [ RunTime:0.009000s ]
INFO: [ view_filter ] --START--
INFO: Run Behavior\WriteHtmlCacheBehavior [ RunTime:0.001000s ]
INFO: [ view_filter ] --END-- [ RunTime:0.001000s ]
INFO: [ app_end ] --START--
INFO: Run Behavior\ShowPageTraceBehavior [ RunTime:0.001000s ]
INFO: [ app_end ] --END-- [ RunTime:0.001000s ]

[ 2018-12-19T17:16:36+08:00 ] 127.0.0.1 /index.php/Home/index/login
INFO: [ app_init ] --START--
INFO: Run Behavior\BuildLiteBehavior [ RunTime:0.000000s ]
INFO: [ app_init ] --END-- [ RunTime:0.001000s ]
INFO: [ app_begin ] --START--
INFO: Run Behavior\ReadHtmlCacheBehavior [ RunTime:0.000000s ]
INFO: [ app_begin ] --END-- [ RunTime:0.000000s ]
INFO: [ view_parse ] --START--
INFO: [ template_filter ] --START--
INFO: Run Behavior\ContentReplaceBehavior [ RunTime:0.000000s ]
INFO: [ template_filter ] --END-- [ RunTime:0.001000s ]
NOTIC: [2] include(errors.php): failed to open stream: No such file or directory D:\webroot\registration system using thinkphp framework\Application\Runtime\Cache\Home\ccea6a400660ce54d68cab67b9f68781.php 第 13 行.
NOTIC: [2] include(errors.php): failed to open stream: No such file or directory D:\webroot\registration system using thinkphp framework\Application\Runtime\Cache\Home\ccea6a400660ce54d68cab67b9f68781.php 第 13 行.
NOTIC: [2] include(): Failed opening 'errors.php' for inclusion (include_path='.;C:\php\pear') D:\webroot\registration system using thinkphp framework\Application\Runtime\Cache\Home\ccea6a400660ce54d68cab67b9f68781.php 第 13 行.
NOTIC: [8] Undefined variable: errMessage D:\webroot\registration system using thinkphp framework\Application\Runtime\Cache\Home\ccea6a400660ce54d68cab67b9f68781.php 第 32 行.
INFO: Run Behavior\ParseTemplateBehavior [ RunTime:0.006000s ]
INFO: [ view_parse ] --END-- [ RunTime:0.006000s ]
INFO: [ view_filter ] --START--
INFO: Run Behavior\WriteHtmlCacheBehavior [ RunTime:0.000000s ]
INFO: [ view_filter ] --END-- [ RunTime:0.000000s ]
INFO: [ app_end ] --START--
INFO: Run Behavior\ShowPageTraceBehavior [ RunTime:0.001000s ]
INFO: [ app_end ] --END-- [ RunTime:0.001000s ]

[ 2018-12-19T17:16:42+08:00 ] 127.0.0.1 /index.php/Home/index/login.html
INFO: [ app_init ] --START--
INFO: Run Behavior\BuildLiteBehavior [ RunTime:0.000000s ]
INFO: [ app_init ] --END-- [ RunTime:0.001000s ]
INFO: [ app_begin ] --START--
INFO: Run Behavior\ReadHtmlCacheBehavior [ RunTime:0.000000s ]
INFO: [ app_begin ] --END-- [ RunTime:0.001000s ]
SQL: SHOW COLUMNS FROM `users` [ RunTime:0.0060s ]
INFO: [ view_parse ] --START--
INFO: [ template_filter ] --START--
INFO: Run Behavior\ContentReplaceBehavior [ RunTime:0.000000s ]
INFO: [ template_filter ] --END-- [ RunTime:0.000000s ]
NOTIC: [2] include(errors.php): failed to open stream: No such file or directory D:\webroot\registration system using thinkphp framework\Application\Runtime\Cache\Home\ccea6a400660ce54d68cab67b9f68781.php 第 13 行.
NOTIC: [2] include(errors.php): failed to open stream: No such file or directory D:\webroot\registration system using thinkphp framework\Application\Runtime\Cache\Home\ccea6a400660ce54d68cab67b9f68781.php 第 13 行.
NOTIC: [2] include(): Failed opening 'errors.php' for inclusion (include_path='.;C:\php\pear') D:\webroot\registration system using thinkphp framework\Application\Runtime\Cache\Home\ccea6a400660ce54d68cab67b9f68781.php 第 13 行.
INFO: Run Behavior\ParseTemplateBehavior [ RunTime:0.009001s ]
INFO: [ view_parse ] --END-- [ RunTime:0.009001s ]
INFO: [ view_filter ] --START--
INFO: Run Behavior\WriteHtmlCacheBehavior [ RunTime:0.001000s ]
INFO: [ view_filter ] --END-- [ RunTime:0.001000s ]
INFO: [ app_end ] --START--
INFO: Run Behavior\ShowPageTraceBehavior [ RunTime:0.001000s ]
INFO: [ app_end ] --END-- [ RunTime:0.001000s ]

[ 2018-12-19T17:17:29+08:00 ] 127.0.0.1 /index.php/Home/index/login.html
INFO: [ app_init ] --START--
INFO: Run Behavior\BuildLiteBehavior [ RunTime:0.000000s ]
INFO: [ app_init ] --END-- [ RunTime:0.001000s ]
INFO: [ app_begin ] --START--
INFO: Run Behavior\ReadHtmlCacheBehavior [ RunTime:0.000000s ]
INFO: [ app_begin ] --END-- [ RunTime:0.000000s ]
SQL: SHOW COLUMNS FROM `users` [ RunTime:0.0070s ]
INFO: [ view_parse ] --START--
INFO: [ template_filter ] --START--
INFO: Run Behavior\ContentReplaceBehavior [ RunTime:0.000000s ]
INFO: [ template_filter ] --END-- [ RunTime:0.000000s ]
NOTIC: [2] include(errors.php): failed to open stream: No such file or directory D:\webroot\registration system using thinkphp framework\Application\Runtime\Cache\Home\ccea6a400660ce54d68cab67b9f68781.php 第 13 行.
NOTIC: [2] include(errors.php): failed to open stream: No such file or directory D:\webroot\registration system using thinkphp framework\Application\Runtime\Cache\Home\ccea6a400660ce54d68cab67b9f68781.php 第 13 行.
NOTIC: [2] include(): Failed opening 'errors.php' for inclusion (include_path='.;C:\php\pear') D:\webroot\registration system using thinkphp framework\Application\Runtime\Cache\Home\ccea6a400660ce54d68cab67b9f68781.php 第 13 行.
INFO: Run Behavior\ParseTemplateBehavior [ RunTime:0.009000s ]
INFO: [ view_parse ] --END-- [ RunTime:0.009000s ]
INFO: [ view_filter ] --START--
INFO: Run Behavior\WriteHtmlCacheBehavior [ RunTime:0.001000s ]
INFO: [ view_filter ] --END-- [ RunTime:0.001000s ]
INFO: [ app_end ] --START--
INFO: Run Behavior\ShowPageTraceBehavior [ RunTime:0.001000s ]
INFO: [ app_end ] --END-- [ RunTime:0.001000s ]

[ 2018-12-19T17:19:32+08:00 ] 127.0.0.1 /index.php/Home/index/login.html
INFO: [ app_init ] --START--
INFO: Run Behavior\BuildLiteBehavior [ RunTime:0.000000s ]
INFO: [ app_init ] --END-- [ RunTime:0.000000s ]
INFO: [ app_begin ] --START--
INFO: Run Behavior\ReadHtmlCacheBehavior [ RunTime:0.001000s ]
INFO: [ app_begin ] --END-- [ RunTime:0.001000s ]
SQL: SHOW COLUMNS FROM `users` [ RunTime:0.0060s ]
SQL: SELECT * FROM `users` WHERE ( username ) LIMIT 1   [ RunTime:0.0010s ]
INFO: [ view_parse ] --START--
INFO: [ template_filter ] --START--
INFO: Run Behavior\ContentReplaceBehavior [ RunTime:0.001000s ]
INFO: [ template_filter ] --END-- [ RunTime:0.001000s ]
NOTIC: [2] include(errors.php): failed to open stream: No such file or directory D:\webroot\registration system using thinkphp framework\Application\Runtime\Cache\Home\ccea6a400660ce54d68cab67b9f68781.php 第 13 行.
NOTIC: [2] include(errors.php): failed to open stream: No such file or directory D:\webroot\registration system using thinkphp framework\Application\Runtime\Cache\Home\ccea6a400660ce54d68cab67b9f68781.php 第 13 行.
NOTIC: [2] include(): Failed opening 'errors.php' for inclusion (include_path='.;C:\php\pear') D:\webroot\registration system using thinkphp framework\Application\Runtime\Cache\Home\ccea6a400660ce54d68cab67b9f68781.php 第 13 行.
INFO: Run Behavior\ParseTemplateBehavior [ RunTime:0.028001s ]
INFO: [ view_parse ] --END-- [ RunTime:0.028001s ]
INFO: [ view_filter ] --START--
INFO: Run Behavior\WriteHtmlCacheBehavior [ RunTime:0.000000s ]
INFO: [ view_filter ] --END-- [ RunTime:0.000000s ]
INFO: [ app_end ] --START--
INFO: Run Behavior\ShowPageTraceBehavior [ RunTime:0.001000s ]
INFO: [ app_end ] --END-- [ RunTime:0.002001s ]

[ 2018-12-19T17:23:59+08:00 ] 127.0.0.1 /index.php/Home/index/login.html
INFO: [ app_init ] --START--
INFO: Run Behavior\BuildLiteBehavior [ RunTime:0.000000s ]
INFO: [ app_init ] --END-- [ RunTime:0.000000s ]
INFO: [ app_begin ] --START--
INFO: Run Behavior\ReadHtmlCacheBehavior [ RunTime:0.001000s ]
INFO: [ app_begin ] --END-- [ RunTime:0.001000s ]
SQL: SHOW COLUMNS FROM `users` [ RunTime:0.0060s ]
NOTIC: [2] Invalid argument supplied for foreach() D:\webroot\registration system using thinkphp framework\ThinkPHP\Library\Think\Db\Driver.class.php 第 504 行.
ERR: 1064:You have an error in your SQL syntax; check the manual that corresponds to your MySQL server version for the right syntax to use near ') LIMIT 1' at line 1
 [ SQL语句 ] : SELECT * FROM `users` WHERE (  ) LIMIT 1  
ERR: 1064:You have an error in your SQL syntax; check the manual that corresponds to your MySQL server version for the right syntax to use near ') LIMIT 1' at line 1
 [ SQL语句 ] : SELECT * FROM `users` WHERE (  ) LIMIT 1  

[ 2018-12-19T17:25:17+08:00 ] 127.0.0.1 /index.php/Home/index/login.html
INFO: [ app_init ] --START--
INFO: Run Behavior\BuildLiteBehavior [ RunTime:0.000000s ]
INFO: [ app_init ] --END-- [ RunTime:0.000000s ]
INFO: [ app_begin ] --START--
INFO: Run Behavior\ReadHtmlCacheBehavior [ RunTime:0.001000s ]
INFO: [ app_begin ] --END-- [ RunTime:0.001000s ]
SQL: SHOW COLUMNS FROM `users` [ RunTime:0.0060s ]
ERR: 1064:You have an error in your SQL syntax; check the manual that corresponds to your MySQL server version for the right syntax to use near '== yuchen ) LIMIT 1' at line 1
 [ SQL语句 ] : SELECT * FROM `users` WHERE ( username== yuchen ) LIMIT 1  
ERR: 1064:You have an error in your SQL syntax; check the manual that corresponds to your MySQL server version for the right syntax to use near '== yuchen ) LIMIT 1' at line 1
 [ SQL语句 ] : SELECT * FROM `users` WHERE ( username== yuchen ) LIMIT 1  

[ 2018-12-19T17:25:52+08:00 ] 127.0.0.1 /index.php/Home/index/login.html
INFO: [ app_init ] --START--
INFO: Run Behavior\BuildLiteBehavior [ RunTime:0.000000s ]
INFO: [ app_init ] --END-- [ RunTime:0.001000s ]
INFO: [ app_begin ] --START--
INFO: Run Behavior\ReadHtmlCacheBehavior [ RunTime:0.001000s ]
INFO: [ app_begin ] --END-- [ RunTime:0.001000s ]
SQL: SHOW COLUMNS FROM `users` [ RunTime:0.0060s ]
ERR: 1054:Unknown column 'yuchen' in 'where clause'
 [ SQL语句 ] : SELECT * FROM `users` WHERE ( username=yuchen ) LIMIT 1  
ERR: 1054:Unknown column 'yuchen' in 'where clause'
 [ SQL语句 ] : SELECT * FROM `users` WHERE ( username=yuchen ) LIMIT 1  

[ 2018-12-19T17:26:17+08:00 ] 127.0.0.1 /index.php/Home/index/login.html
INFO: [ app_init ] --START--
INFO: Run Behavior\BuildLiteBehavior [ RunTime:0.000000s ]
INFO: [ app_init ] --END-- [ RunTime:0.000000s ]
INFO: [ app_begin ] --START--
INFO: Run Behavior\ReadHtmlCacheBehavior [ RunTime:0.001000s ]
INFO: [ app_begin ] --END-- [ RunTime:0.001000s ]
SQL: SHOW COLUMNS FROM `users` [ RunTime:0.0070s ]
SQL: SELECT * FROM `users` WHERE ( username="yuchen" ) LIMIT 1   [ RunTime:0.0010s ]
INFO: [ view_parse ] --START--
INFO: [ template_filter ] --START--
INFO: Run Behavior\ContentReplaceBehavior [ RunTime:0.000000s ]
INFO: [ template_filter ] --END-- [ RunTime:0.000000s ]
NOTIC: [2] include(errors.php): failed to open stream: No such file or directory D:\webroot\registration system using thinkphp framework\Application\Runtime\Cache\Home\ccea6a400660ce54d68cab67b9f68781.php 第 13 行.
NOTIC: [2] include(errors.php): failed to open stream: No such file or directory D:\webroot\registration system using thinkphp framework\Application\Runtime\Cache\Home\ccea6a400660ce54d68cab67b9f68781.php 第 13 行.
NOTIC: [2] include(): Failed opening 'errors.php' for inclusion (include_path='.;C:\php\pear') D:\webroot\registration system using thinkphp framework\Application\Runtime\Cache\Home\ccea6a400660ce54d68cab67b9f68781.php 第 13 行.
INFO: Run Behavior\ParseTemplateBehavior [ RunTime:0.021002s ]
INFO: [ view_parse ] --END-- [ RunTime:0.021002s ]
INFO: [ view_filter ] --START--
INFO: Run Behavior\WriteHtmlCacheBehavior [ RunTime:0.000000s ]
INFO: [ view_filter ] --END-- [ RunTime:0.000000s ]
INFO: [ app_end ] --START--
INFO: Run Behavior\ShowPageTraceBehavior [ RunTime:0.001000s ]
INFO: [ app_end ] --END-- [ RunTime:0.001000s ]

[ 2018-12-19T17:28:15+08:00 ] 127.0.0.1 /index.php/Home/index/login.html
INFO: [ app_init ] --START--
INFO: Run Behavior\BuildLiteBehavior [ RunTime:0.000000s ]
INFO: [ app_init ] --END-- [ RunTime:0.001000s ]
INFO: [ app_begin ] --START--
INFO: Run Behavior\ReadHtmlCacheBehavior [ RunTime:0.000000s ]
INFO: [ app_begin ] --END-- [ RunTime:0.000000s ]
SQL: SHOW COLUMNS FROM `users` [ RunTime:0.0070s ]
SQL: SELECT * FROM `users` WHERE `username` = null LIMIT 1   [ RunTime:0.0010s ]
INFO: [ view_parse ] --START--
INFO: [ template_filter ] --START--
INFO: Run Behavior\ContentReplaceBehavior [ RunTime:0.000000s ]
INFO: [ template_filter ] --END-- [ RunTime:0.000000s ]
NOTIC: [2] include(errors.php): failed to open stream: No such file or directory D:\webroot\registration system using thinkphp framework\Application\Runtime\Cache\Home\ccea6a400660ce54d68cab67b9f68781.php 第 13 行.
NOTIC: [2] include(errors.php): failed to open stream: No such file or directory D:\webroot\registration system using thinkphp framework\Application\Runtime\Cache\Home\ccea6a400660ce54d68cab67b9f68781.php 第 13 行.
NOTIC: [2] include(): Failed opening 'errors.php' for inclusion (include_path='.;C:\php\pear') D:\webroot\registration system using thinkphp framework\Application\Runtime\Cache\Home\ccea6a400660ce54d68cab67b9f68781.php 第 13 行.
INFO: Run Behavior\ParseTemplateBehavior [ RunTime:0.009001s ]
INFO: [ view_parse ] --END-- [ RunTime:0.009001s ]
INFO: [ view_filter ] --START--
INFO: Run Behavior\WriteHtmlCacheBehavior [ RunTime:0.001000s ]
INFO: [ view_filter ] --END-- [ RunTime:0.001000s ]
INFO: [ app_end ] --START--
INFO: Run Behavior\ShowPageTraceBehavior [ RunTime:0.001000s ]
INFO: [ app_end ] --END-- [ RunTime:0.001000s ]

[ 2018-12-19T17:31:18+08:00 ] 127.0.0.1 /index.php/Home/index/login.html
INFO: [ app_init ] --START--
INFO: Run Behavior\BuildLiteBehavior [ RunTime:0.000000s ]
INFO: [ app_init ] --END-- [ RunTime:0.001000s ]
INFO: [ app_begin ] --START--
INFO: Run Behavior\ReadHtmlCacheBehavior [ RunTime:0.000000s ]
INFO: [ app_begin ] --END-- [ RunTime:0.001000s ]
SQL: SHOW COLUMNS FROM `users` [ RunTime:0.0060s ]
NOTIC: [8] Undefined index: validate D:\webroot\registration system using thinkphp framework\ThinkPHP\Library\Think\Model.class.php 第 1185 行.
NOTIC: [8] Undefined index: auto D:\webroot\registration system using thinkphp framework\ThinkPHP\Library\Think\Model.class.php 第 1128 行.
SQL: SELECT * FROM `users` WHERE `username` = null LIMIT 1   [ RunTime:0.0000s ]
INFO: [ view_parse ] --START--
INFO: [ template_filter ] --START--
INFO: Run Behavior\ContentReplaceBehavior [ RunTime:0.000000s ]
INFO: [ template_filter ] --END-- [ RunTime:0.000000s ]
NOTIC: [2] include(errors.php): failed to open stream: No such file or directory D:\webroot\registration system using thinkphp framework\Application\Runtime\Cache\Home\ccea6a400660ce54d68cab67b9f68781.php 第 13 行.
NOTIC: [2] include(errors.php): failed to open stream: No such file or directory D:\webroot\registration system using thinkphp framework\Application\Runtime\Cache\Home\ccea6a400660ce54d68cab67b9f68781.php 第 13 行.
NOTIC: [2] include(): Failed opening 'errors.php' for inclusion (include_path='.;C:\php\pear') D:\webroot\registration system using thinkphp framework\Application\Runtime\Cache\Home\ccea6a400660ce54d68cab67b9f68781.php 第 13 行.
INFO: Run Behavior\ParseTemplateBehavior [ RunTime:0.011001s ]
INFO: [ view_parse ] --END-- [ RunTime:0.011001s ]
INFO: [ view_filter ] --START--
INFO: Run Behavior\WriteHtmlCacheBehavior [ RunTime:0.000000s ]
INFO: [ view_filter ] --END-- [ RunTime:0.000000s ]
INFO: [ app_end ] --START--
INFO: Run Behavior\ShowPageTraceBehavior [ RunTime:0.000000s ]
INFO: [ app_end ] --END-- [ RunTime:0.001000s ]

[ 2018-12-19T17:31:38+08:00 ] 127.0.0.1 /index.php/Home/index/login.html
INFO: [ app_init ] --START--
INFO: Run Behavior\BuildLiteBehavior [ RunTime:0.000000s ]
INFO: [ app_init ] --END-- [ RunTime:0.000000s ]
INFO: [ app_begin ] --START--
INFO: Run Behavior\ReadHtmlCacheBehavior [ RunTime:0.000000s ]
INFO: [ app_begin ] --END-- [ RunTime:0.000000s ]
SQL: SHOW COLUMNS FROM `users` [ RunTime:0.0060s ]
NOTIC: [8] Undefined index: validate D:\webroot\registration system using thinkphp framework\ThinkPHP\Library\Think\Model.class.php 第 1185 行.
NOTIC: [8] Undefined index: auto D:\webroot\registration system using thinkphp framework\ThinkPHP\Library\Think\Model.class.php 第 1128 行.
SQL: SELECT * FROM `users` WHERE `username` = null LIMIT 1   [ RunTime:0.0000s ]
INFO: [ view_parse ] --START--
INFO: [ template_filter ] --START--
INFO: Run Behavior\ContentReplaceBehavior [ RunTime:0.000000s ]
INFO: [ template_filter ] --END-- [ RunTime:0.000000s ]
NOTIC: [2] include(errors.php): failed to open stream: No such file or directory D:\webroot\registration system using thinkphp framework\Application\Runtime\Cache\Home\ccea6a400660ce54d68cab67b9f68781.php 第 13 行.
NOTIC: [2] include(errors.php): failed to open stream: No such file or directory D:\webroot\registration system using thinkphp framework\Application\Runtime\Cache\Home\ccea6a400660ce54d68cab67b9f68781.php 第 13 行.
NOTIC: [2] include(): Failed opening 'errors.php' for inclusion (include_path='.;C:\php\pear') D:\webroot\registration system using thinkphp framework\Application\Runtime\Cache\Home\ccea6a400660ce54d68cab67b9f68781.php 第 13 行.
INFO: Run Behavior\ParseTemplateBehavior [ RunTime:0.010001s ]
INFO: [ view_parse ] --END-- [ RunTime:0.010001s ]
INFO: [ view_filter ] --START--
INFO: Run Behavior\WriteHtmlCacheBehavior [ RunTime:0.000000s ]
INFO: [ view_filter ] --END-- [ RunTime:0.000000s ]
INFO: [ app_end ] --START--
INFO: Run Behavior\ShowPageTraceBehavior [ RunTime:0.000000s ]
INFO: [ app_end ] --END-- [ RunTime:0.001000s ]

[ 2018-12-19T17:33:46+08:00 ] 127.0.0.1 /index.php/Home/index/login.html
INFO: [ app_init ] --START--
INFO: Run Behavior\BuildLiteBehavior [ RunTime:0.000000s ]
INFO: [ app_init ] --END-- [ RunTime:0.000000s ]
INFO: [ app_begin ] --START--
INFO: Run Behavior\ReadHtmlCacheBehavior [ RunTime:0.001000s ]
INFO: [ app_begin ] --END-- [ RunTime:0.001000s ]
SQL: SHOW COLUMNS FROM `users` [ RunTime:0.0060s ]

[ 2018-12-19T17:34:09+08:00 ] 127.0.0.1 /index.php/Home/index/login.html
INFO: [ app_init ] --START--
INFO: Run Behavior\BuildLiteBehavior [ RunTime:0.000000s ]
INFO: [ app_init ] --END-- [ RunTime:0.001000s ]
INFO: [ app_begin ] --START--
INFO: Run Behavior\ReadHtmlCacheBehavior [ RunTime:0.001000s ]
INFO: [ app_begin ] --END-- [ RunTime:0.001000s ]
SQL: SHOW COLUMNS FROM `users` [ RunTime:0.0060s ]
SQL: SELECT * FROM `users` WHERE ( username )  [ RunTime:0.0010s ]
NOTIC: [8] Undefined offset: 0 D:\webroot\registration system using thinkphp framework\ThinkPHP\Library\Think\Db\Driver.class.php 第 550 行.
ERR: 1064:You have an error in your SQL syntax; check the manual that corresponds to your MySQL server version for the right syntax to use near ') LIMIT 1' at line 1
 [ SQL语句 ] : SELECT * FROM `users` WHERE (  ) LIMIT 1  
ERR: 1064:You have an error in your SQL syntax; check the manual that corresponds to your MySQL server version for the right syntax to use near ') LIMIT 1' at line 1
 [ SQL语句 ] : SELECT * FROM `users` WHERE (  ) LIMIT 1  

[ 2018-12-19T17:34:38+08:00 ] 127.0.0.1 /index.php/Home/index/login.html
INFO: [ app_init ] --START--
INFO: Run Behavior\BuildLiteBehavior [ RunTime:0.000000s ]
INFO: [ app_init ] --END-- [ RunTime:0.001000s ]
INFO: [ app_begin ] --START--
INFO: Run Behavior\ReadHtmlCacheBehavior [ RunTime:0.001001s ]
INFO: [ app_begin ] --END-- [ RunTime:0.001001s ]
SQL: SHOW COLUMNS FROM `users` [ RunTime:0.0060s ]
SQL: SELECT * FROM `users`  [ RunTime:0.0010s ]
NOTIC: [8] Undefined offset: 0 D:\webroot\registration system using thinkphp framework\ThinkPHP\Library\Think\Db\Driver.class.php 第 589 行.
NOTIC: [8] Undefined offset: 1 D:\webroot\registration system using thinkphp framework\ThinkPHP\Library\Think\Db\Driver.class.php 第 596 行.
NOTIC: [8] Undefined offset: 0 D:\webroot\registration system using thinkphp framework\ThinkPHP\Library\Think\Db\Driver.class.php 第 597 行.
NOTIC: [8] Undefined offset: 0 D:\webroot\registration system using thinkphp framework\ThinkPHP\Library\Think\Db\Driver.class.php 第 550 行.
NOTIC: [8] Undefined offset: 0 D:\webroot\registration system using thinkphp framework\ThinkPHP\Library\Think\Db\Driver.class.php 第 596 行.
NOTIC: [8] Undefined offset: 0 D:\webroot\registration system using thinkphp framework\ThinkPHP\Library\Think\Db\Driver.class.php 第 596 行.
NOTIC: [8] Undefined offset: 0 D:\webroot\registration system using thinkphp framework\ThinkPHP\Library\Think\Db\Driver.class.php 第 597 行.
NOTIC: [8] Undefined offset: 0 D:\webroot\registration system using thinkphp framework\ThinkPHP\Library\Think\Db\Driver.class.php 第 600 行.
NOTIC: [8] Undefined offset: 1 D:\webroot\registration system using thinkphp framework\ThinkPHP\Library\Think\Db\Driver.class.php 第 596 行.
NOTIC: [8] Undefined offset: 1 D:\webroot\registration system using thinkphp framework\ThinkPHP\Library\Think\Db\Driver.class.php 第 596 行.
NOTIC: [8] Undefined offset: 1 D:\webroot\registration system using thinkphp framework\ThinkPHP\Library\Think\Db\Driver.class.php 第 597 行.
NOTIC: [8] Undefined offset: 1 D:\webroot\registration system using thinkphp framework\ThinkPHP\Library\Think\Db\Driver.class.php 第 600 行.
NOTIC: [8] Undefined offset: 2 D:\webroot\registration system using thinkphp framework\ThinkPHP\Library\Think\Db\Driver.class.php 第 596 行.
NOTIC: [8] Undefined offset: 2 D:\webroot\registration system using thinkphp framework\ThinkPHP\Library\Think\Db\Driver.class.php 第 596 行.
NOTIC: [8] Undefined offset: 2 D:\webroot\registration system using thinkphp framework\ThinkPHP\Library\Think\Db\Driver.class.php 第 597 行.
NOTIC: [8] Undefined offset: 2 D:\webroot\registration system using thinkphp framework\ThinkPHP\Library\Think\Db\Driver.class.php 第 600 行.
NOTIC: [8] Undefined offset: 3 D:\webroot\registration system using thinkphp framework\ThinkPHP\Library\Think\Db\Driver.class.php 第 596 行.
NOTIC: [8] Undefined offset: 3 D:\webroot\registration system using thinkphp framework\ThinkPHP\Library\Think\Db\Driver.class.php 第 596 行.
NOTIC: [8] Undefined offset: 3 D:\webroot\registration system using thinkphp framework\ThinkPHP\Library\Think\Db\Driver.class.php 第 597 行.
NOTIC: [8] Undefined offset: 3 D:\webroot\registration system using thinkphp framework\ThinkPHP\Library\Think\Db\Driver.class.php 第 600 行.
SQL: SELECT * FROM `users` WHERE ( ( `username` = null AND `username` = null AND `username` = null AND `username` = null  )  ) LIMIT 1   [ RunTime:0.0010s ]
INFO: [ view_parse ] --START--
INFO: [ template_filter ] --START--
INFO: Run Behavior\ContentReplaceBehavior [ RunTime:0.000000s ]
INFO: [ template_filter ] --END-- [ RunTime:0.000000s ]
NOTIC: [2] include(errors.php): failed to open stream: No such file or directory D:\webroot\registration system using thinkphp framework\Application\Runtime\Cache\Home\ccea6a400660ce54d68cab67b9f68781.php 第 13 行.
NOTIC: [2] include(errors.php): failed to open stream: No such file or directory D:\webroot\registration system using thinkphp framework\Application\Runtime\Cache\Home\ccea6a400660ce54d68cab67b9f68781.php 第 13 行.
NOTIC: [2] include(): Failed opening 'errors.php' for inclusion (include_path='.;C:\php\pear') D:\webroot\registration system using thinkphp framework\Application\Runtime\Cache\Home\ccea6a400660ce54d68cab67b9f68781.php 第 13 行.
INFO: Run Behavior\ParseTemplateBehavior [ RunTime:0.027001s ]
INFO: [ view_parse ] --END-- [ RunTime:0.027001s ]
INFO: [ view_filter ] --START--
INFO: Run Behavior\WriteHtmlCacheBehavior [ RunTime:0.001000s ]
INFO: [ view_filter ] --END-- [ RunTime:0.001000s ]
INFO: [ app_end ] --START--
INFO: Run Behavior\ShowPageTraceBehavior [ RunTime:0.001000s ]
INFO: [ app_end ] --END-- [ RunTime:0.001000s ]

[ 2018-12-19T17:35:07+08:00 ] 127.0.0.1 /index.php/Home/index/login.html
INFO: [ app_init ] --START--
INFO: Run Behavior\BuildLiteBehavior [ RunTime:0.000000s ]
INFO: [ app_init ] --END-- [ RunTime:0.001000s ]
INFO: [ app_begin ] --START--
INFO: Run Behavior\ReadHtmlCacheBehavior [ RunTime:0.001000s ]
INFO: [ app_begin ] --END-- [ RunTime:0.001000s ]
SQL: SHOW COLUMNS FROM `users` [ RunTime:0.0060s ]

[ 2018-12-19T17:35:21+08:00 ] 127.0.0.1 /index.php/Home/index/login.html
INFO: [ app_init ] --START--
INFO: Run Behavior\BuildLiteBehavior [ RunTime:0.000000s ]
INFO: [ app_init ] --END-- [ RunTime:0.001000s ]
INFO: [ app_begin ] --START--
INFO: Run Behavior\ReadHtmlCacheBehavior [ RunTime:0.000000s ]
INFO: [ app_begin ] --END-- [ RunTime:0.000000s ]
SQL: SHOW COLUMNS FROM `users` [ RunTime:0.0070s ]

[ 2018-12-19T17:36:13+08:00 ] 127.0.0.1 /index.php/Home/index/login.html
INFO: [ app_init ] --START--
INFO: Run Behavior\BuildLiteBehavior [ RunTime:0.000000s ]
INFO: [ app_init ] --END-- [ RunTime:0.001000s ]
INFO: [ app_begin ] --START--
INFO: Run Behavior\ReadHtmlCacheBehavior [ RunTime:0.001000s ]
INFO: [ app_begin ] --END-- [ RunTime:0.001000s ]
SQL: SHOW COLUMNS FROM `users` [ RunTime:0.0060s ]
SQL: SELECT * FROM `users` WHERE `username` = null LIMIT 1   [ RunTime:0.0010s ]
NOTIC: [8] Undefined variable: userInfo D:\webroot\registration system using thinkphp framework\Application\Home\Controller\IndexController.class.php 第 27 行.
INFO: [ view_parse ] --START--
INFO: [ template_filter ] --START--
INFO: Run Behavior\ContentReplaceBehavior [ RunTime:0.001000s ]
INFO: [ template_filter ] --END-- [ RunTime:0.001000s ]
NOTIC: [2] include(errors.php): failed to open stream: No such file or directory D:\webroot\registration system using thinkphp framework\Application\Runtime\Cache\Home\ccea6a400660ce54d68cab67b9f68781.php 第 13 行.
NOTIC: [2] include(errors.php): failed to open stream: No such file or directory D:\webroot\registration system using thinkphp framework\Application\Runtime\Cache\Home\ccea6a400660ce54d68cab67b9f68781.php 第 13 行.
NOTIC: [2] include(): Failed opening 'errors.php' for inclusion (include_path='.;C:\php\pear') D:\webroot\registration system using thinkphp framework\Application\Runtime\Cache\Home\ccea6a400660ce54d68cab67b9f68781.php 第 13 行.
INFO: Run Behavior\ParseTemplateBehavior [ RunTime:0.009001s ]
INFO: [ view_parse ] --END-- [ RunTime:0.009001s ]
INFO: [ view_filter ] --START--
INFO: Run Behavior\WriteHtmlCacheBehavior [ RunTime:0.001000s ]
INFO: [ view_filter ] --END-- [ RunTime:0.001000s ]
INFO: [ app_end ] --START--
INFO: Run Behavior\ShowPageTraceBehavior [ RunTime:0.001000s ]
INFO: [ app_end ] --END-- [ RunTime:0.001000s ]

