[ 2018-12-29T08:58:34+08:00 ] 127.0.0.1 /index.php/Home/Application/login
INFO: [ app_init ] --START--
INFO: Run Behavior\BuildLiteBehavior [ RunTime:0.000000s ]
INFO: [ app_init ] --END-- [ RunTime:0.001000s ]
INFO: [ app_begin ] --START--
INFO: Run Behavior\ReadHtmlCacheBehavior [ RunTime:0.001000s ]
INFO: [ app_begin ] --END-- [ RunTime:0.001000s ]
INFO: [ view_parse ] --START--
INFO: [ template_filter ] --START--
INFO: Run Behavior\ContentReplaceBehavior [ RunTime:0.000000s ]
INFO: [ template_filter ] --END-- [ RunTime:0.001000s ]
NOTIC: [2] include(errors.php): failed to open stream: No such file or directory D:\temporary folder\Personal-project\registration system using thinkphp framework\Application\Runtime\Cache\Home\ce08001826bf659e465af77c5ac813e5.php 第 13 行.
NOTIC: [2] include(errors.php): failed to open stream: No such file or directory D:\temporary folder\Personal-project\registration system using thinkphp framework\Application\Runtime\Cache\Home\ce08001826bf659e465af77c5ac813e5.php 第 13 行.
NOTIC: [2] include(): Failed opening 'errors.php' for inclusion (include_path='.;C:\php\pear') D:\temporary folder\Personal-project\registration system using thinkphp framework\Application\Runtime\Cache\Home\ce08001826bf659e465af77c5ac813e5.php 第 13 行.
NOTIC: [8] Undefined variable: errMessage D:\temporary folder\Personal-project\registration system using thinkphp framework\Application\Runtime\Cache\Home\ce08001826bf659e465af77c5ac813e5.php 第 32 行.
INFO: Run Behavior\ParseTemplateBehavior [ RunTime:0.019001s ]
INFO: [ view_parse ] --END-- [ RunTime:0.019001s ]
INFO: [ view_filter ] --START--
INFO: Run Behavior\WriteHtmlCacheBehavior [ RunTime:0.000000s ]
INFO: [ view_filter ] --END-- [ RunTime:0.000000s ]
INFO: [ app_end ] --START--
INFO: Run Behavior\ShowPageTraceBehavior [ RunTime:0.001000s ]
INFO: [ app_end ] --END-- [ RunTime:0.001000s ]

[ 2018-12-29T09:00:39+08:00 ] 127.0.0.1 /index.php/Home/Application/login.html
INFO: [ app_init ] --START--
INFO: Run Behavior\BuildLiteBehavior [ RunTime:0.000000s ]
INFO: [ app_init ] --END-- [ RunTime:0.001001s ]
INFO: [ app_begin ] --START--
INFO: Run Behavior\ReadHtmlCacheBehavior [ RunTime:0.001000s ]
INFO: [ app_begin ] --END-- [ RunTime:0.001000s ]
SQL: SHOW COLUMNS FROM `account` [ RunTime:0.0410s ]
SQL: SELECT `username` FROM `account`  [ RunTime:0.0000s ]
SQL: SELECT `email` FROM `account`  [ RunTime:0.0010s ]
SQL: SELECT `password` FROM `account` WHERE `email` = 'yaoyuchen1998@gmail.com'  [ RunTime:0.0000s ]
INFO: [ view_parse ] --START--
INFO: [ template_filter ] --START--
INFO: Run Behavior\ContentReplaceBehavior [ RunTime:0.000000s ]
INFO: [ template_filter ] --END-- [ RunTime:0.001000s ]
NOTIC: [2] include(errors.php): failed to open stream: No such file or directory D:\temporary folder\Personal-project\registration system using thinkphp framework\Application\Runtime\Cache\Home\ce08001826bf659e465af77c5ac813e5.php 第 13 行.
NOTIC: [2] include(errors.php): failed to open stream: No such file or directory D:\temporary folder\Personal-project\registration system using thinkphp framework\Application\Runtime\Cache\Home\ce08001826bf659e465af77c5ac813e5.php 第 13 行.
NOTIC: [2] include(): Failed opening 'errors.php' for inclusion (include_path='.;C:\php\pear') D:\temporary folder\Personal-project\registration system using thinkphp framework\Application\Runtime\Cache\Home\ce08001826bf659e465af77c5ac813e5.php 第 13 行.
NOTIC: [8] Undefined variable: errMessage D:\temporary folder\Personal-project\registration system using thinkphp framework\Application\Runtime\Cache\Home\ce08001826bf659e465af77c5ac813e5.php 第 32 行.
INFO: Run Behavior\ParseTemplateBehavior [ RunTime:0.007000s ]
INFO: [ view_parse ] --END-- [ RunTime:0.008000s ]
INFO: [ view_filter ] --START--
INFO: Run Behavior\WriteHtmlCacheBehavior [ RunTime:0.000000s ]
INFO: [ view_filter ] --END-- [ RunTime:0.001000s ]
INFO: [ app_end ] --START--
INFO: Run Behavior\ShowPageTraceBehavior [ RunTime:0.001000s ]
INFO: [ app_end ] --END-- [ RunTime:0.001000s ]

[ 2018-12-29T09:01:31+08:00 ] 127.0.0.1 /index.php/Home/Application/login
INFO: [ app_init ] --START--
INFO: Run Behavior\BuildLiteBehavior [ RunTime:0.000000s ]
INFO: [ app_init ] --END-- [ RunTime:0.001000s ]
INFO: [ app_begin ] --START--
INFO: Run Behavior\ReadHtmlCacheBehavior [ RunTime:0.001000s ]
INFO: [ app_begin ] --END-- [ RunTime:0.001000s ]
INFO: [ view_parse ] --START--
INFO: [ template_filter ] --START--
INFO: Run Behavior\ContentReplaceBehavior [ RunTime:0.000000s ]
INFO: [ template_filter ] --END-- [ RunTime:0.000000s ]
NOTIC: [2] include(errors.php): failed to open stream: No such file or directory D:\temporary folder\Personal-project\registration system using thinkphp framework\Application\Runtime\Cache\Home\ce08001826bf659e465af77c5ac813e5.php 第 13 行.
NOTIC: [2] include(errors.php): failed to open stream: No such file or directory D:\temporary folder\Personal-project\registration system using thinkphp framework\Application\Runtime\Cache\Home\ce08001826bf659e465af77c5ac813e5.php 第 13 行.
NOTIC: [2] include(): Failed opening 'errors.php' for inclusion (include_path='.;C:\php\pear') D:\temporary folder\Personal-project\registration system using thinkphp framework\Application\Runtime\Cache\Home\ce08001826bf659e465af77c5ac813e5.php 第 13 行.
NOTIC: [8] Undefined variable: errMessage D:\temporary folder\Personal-project\registration system using thinkphp framework\Application\Runtime\Cache\Home\ce08001826bf659e465af77c5ac813e5.php 第 32 行.
INFO: Run Behavior\ParseTemplateBehavior [ RunTime:0.007000s ]
INFO: [ view_parse ] --END-- [ RunTime:0.007000s ]
INFO: [ view_filter ] --START--
INFO: Run Behavior\WriteHtmlCacheBehavior [ RunTime:0.000000s ]
INFO: [ view_filter ] --END-- [ RunTime:0.000000s ]
INFO: [ app_end ] --START--
INFO: Run Behavior\ShowPageTraceBehavior [ RunTime:0.001000s ]
INFO: [ app_end ] --END-- [ RunTime:0.001000s ]

[ 2018-12-29T09:02:38+08:00 ] 127.0.0.1 /index.php/Home/Application/login.html
INFO: [ app_init ] --START--
INFO: Run Behavior\BuildLiteBehavior [ RunTime:0.000000s ]
INFO: [ app_init ] --END-- [ RunTime:0.001000s ]
INFO: [ app_begin ] --START--
INFO: Run Behavior\ReadHtmlCacheBehavior [ RunTime:0.001000s ]
INFO: [ app_begin ] --END-- [ RunTime:0.001000s ]
SQL: SHOW COLUMNS FROM `account` [ RunTime:0.0080s ]
SQL: SELECT `username` FROM `account`  [ RunTime:0.0010s ]
SQL: SELECT `email` FROM `account`  [ RunTime:0.0010s ]
SQL: SELECT `password` FROM `account` WHERE `email` = 'Bob'  [ RunTime:0.0000s ]
NOTIC: [2] implode(): Invalid arguments passed D:\temporary folder\Personal-project\registration system using thinkphp framework\Application\Home\Controller\ApplicationController.class.php 第 72 行.
INFO: [ view_parse ] --START--
INFO: [ template_filter ] --START--
INFO: Run Behavior\ContentReplaceBehavior [ RunTime:0.000000s ]
INFO: [ template_filter ] --END-- [ RunTime:0.000000s ]
NOTIC: [2] include(errors.php): failed to open stream: No such file or directory D:\temporary folder\Personal-project\registration system using thinkphp framework\Application\Runtime\Cache\Home\ce08001826bf659e465af77c5ac813e5.php 第 13 行.
NOTIC: [2] include(errors.php): failed to open stream: No such file or directory D:\temporary folder\Personal-project\registration system using thinkphp framework\Application\Runtime\Cache\Home\ce08001826bf659e465af77c5ac813e5.php 第 13 行.
NOTIC: [2] include(): Failed opening 'errors.php' for inclusion (include_path='.;C:\php\pear') D:\temporary folder\Personal-project\registration system using thinkphp framework\Application\Runtime\Cache\Home\ce08001826bf659e465af77c5ac813e5.php 第 13 行.
INFO: Run Behavior\ParseTemplateBehavior [ RunTime:0.010001s ]
INFO: [ view_parse ] --END-- [ RunTime:0.011001s ]
INFO: [ view_filter ] --START--
INFO: Run Behavior\WriteHtmlCacheBehavior [ RunTime:0.001000s ]
INFO: [ view_filter ] --END-- [ RunTime:0.001000s ]
INFO: [ app_end ] --START--
INFO: Run Behavior\ShowPageTraceBehavior [ RunTime:0.002000s ]
INFO: [ app_end ] --END-- [ RunTime:0.002000s ]

[ 2018-12-29T09:03:22+08:00 ] 127.0.0.1 /index.php/Home/Application/login.html
INFO: [ app_init ] --START--
INFO: Run Behavior\BuildLiteBehavior [ RunTime:0.000000s ]
INFO: [ app_init ] --END-- [ RunTime:0.001000s ]
INFO: [ app_begin ] --START--
INFO: Run Behavior\ReadHtmlCacheBehavior [ RunTime:0.002000s ]
INFO: [ app_begin ] --END-- [ RunTime:0.002000s ]
SQL: SHOW COLUMNS FROM `account` [ RunTime:0.0080s ]
SQL: SELECT `username` FROM `account`  [ RunTime:0.0000s ]
SQL: SELECT `email` FROM `account`  [ RunTime:0.0010s ]
SQL: SELECT `password` FROM `account` WHERE `email` = 'Bob'  [ RunTime:0.0000s ]
NOTIC: [2] implode(): Invalid arguments passed D:\temporary folder\Personal-project\registration system using thinkphp framework\Application\Home\Controller\ApplicationController.class.php 第 72 行.
INFO: [ view_parse ] --START--
INFO: [ template_filter ] --START--
INFO: Run Behavior\ContentReplaceBehavior [ RunTime:0.000000s ]
INFO: [ template_filter ] --END-- [ RunTime:0.000000s ]
NOTIC: [2] include(errors.php): failed to open stream: No such file or directory D:\temporary folder\Personal-project\registration system using thinkphp framework\Application\Runtime\Cache\Home\ce08001826bf659e465af77c5ac813e5.php 第 13 行.
NOTIC: [2] include(errors.php): failed to open stream: No such file or directory D:\temporary folder\Personal-project\registration system using thinkphp framework\Application\Runtime\Cache\Home\ce08001826bf659e465af77c5ac813e5.php 第 13 行.
NOTIC: [2] include(): Failed opening 'errors.php' for inclusion (include_path='.;C:\php\pear') D:\temporary folder\Personal-project\registration system using thinkphp framework\Application\Runtime\Cache\Home\ce08001826bf659e465af77c5ac813e5.php 第 13 行.
INFO: Run Behavior\ParseTemplateBehavior [ RunTime:0.011000s ]
INFO: [ view_parse ] --END-- [ RunTime:0.011000s ]
INFO: [ view_filter ] --START--
INFO: Run Behavior\WriteHtmlCacheBehavior [ RunTime:0.001000s ]
INFO: [ view_filter ] --END-- [ RunTime:0.001000s ]
INFO: [ app_end ] --START--
INFO: Run Behavior\ShowPageTraceBehavior [ RunTime:0.001000s ]
INFO: [ app_end ] --END-- [ RunTime:0.001000s ]

[ 2018-12-29T09:03:55+08:00 ] 127.0.0.1 /index.php/Home/Application/login.html
INFO: [ app_init ] --START--
INFO: Run Behavior\BuildLiteBehavior [ RunTime:0.000000s ]
INFO: [ app_init ] --END-- [ RunTime:0.001000s ]
INFO: [ app_begin ] --START--
INFO: Run Behavior\ReadHtmlCacheBehavior [ RunTime:0.000000s ]
INFO: [ app_begin ] --END-- [ RunTime:0.000000s ]
SQL: SHOW COLUMNS FROM `account` [ RunTime:0.0090s ]
SQL: SELECT `email` FROM `account`  [ RunTime:0.0000s ]
SQL: SELECT `password` FROM `account` WHERE `email` = 'Bob'  [ RunTime:0.0000s ]
NOTIC: [2] implode(): Invalid arguments passed D:\temporary folder\Personal-project\registration system using thinkphp framework\Application\Home\Controller\ApplicationController.class.php 第 72 行.
INFO: [ view_parse ] --START--
INFO: [ template_filter ] --START--
INFO: Run Behavior\ContentReplaceBehavior [ RunTime:0.000000s ]
INFO: [ template_filter ] --END-- [ RunTime:0.000000s ]
NOTIC: [2] include(errors.php): failed to open stream: No such file or directory D:\temporary folder\Personal-project\registration system using thinkphp framework\Application\Runtime\Cache\Home\ce08001826bf659e465af77c5ac813e5.php 第 13 行.
NOTIC: [2] include(errors.php): failed to open stream: No such file or directory D:\temporary folder\Personal-project\registration system using thinkphp framework\Application\Runtime\Cache\Home\ce08001826bf659e465af77c5ac813e5.php 第 13 行.
NOTIC: [2] include(): Failed opening 'errors.php' for inclusion (include_path='.;C:\php\pear') D:\temporary folder\Personal-project\registration system using thinkphp framework\Application\Runtime\Cache\Home\ce08001826bf659e465af77c5ac813e5.php 第 13 行.
INFO: Run Behavior\ParseTemplateBehavior [ RunTime:0.011001s ]
INFO: [ view_parse ] --END-- [ RunTime:0.011001s ]
INFO: [ view_filter ] --START--
INFO: Run Behavior\WriteHtmlCacheBehavior [ RunTime:0.001000s ]
INFO: [ view_filter ] --END-- [ RunTime:0.001000s ]
INFO: [ app_end ] --START--
INFO: Run Behavior\ShowPageTraceBehavior [ RunTime:0.002000s ]
INFO: [ app_end ] --END-- [ RunTime:0.002000s ]

[ 2018-12-29T09:04:31+08:00 ] 127.0.0.1 /index.php/Home/Application/login
INFO: [ app_init ] --START--
INFO: Run Behavior\BuildLiteBehavior [ RunTime:0.000000s ]
INFO: [ app_init ] --END-- [ RunTime:0.001000s ]
INFO: [ app_begin ] --START--
INFO: Run Behavior\ReadHtmlCacheBehavior [ RunTime:0.001000s ]
INFO: [ app_begin ] --END-- [ RunTime:0.001000s ]
INFO: [ view_parse ] --START--
INFO: [ template_filter ] --START--
INFO: Run Behavior\ContentReplaceBehavior [ RunTime:0.000000s ]
INFO: [ template_filter ] --END-- [ RunTime:0.000000s ]
NOTIC: [2] include(errors.php): failed to open stream: No such file or directory D:\temporary folder\Personal-project\registration system using thinkphp framework\Application\Runtime\Cache\Home\ce08001826bf659e465af77c5ac813e5.php 第 13 行.
NOTIC: [2] include(errors.php): failed to open stream: No such file or directory D:\temporary folder\Personal-project\registration system using thinkphp framework\Application\Runtime\Cache\Home\ce08001826bf659e465af77c5ac813e5.php 第 13 行.
NOTIC: [2] include(): Failed opening 'errors.php' for inclusion (include_path='.;C:\php\pear') D:\temporary folder\Personal-project\registration system using thinkphp framework\Application\Runtime\Cache\Home\ce08001826bf659e465af77c5ac813e5.php 第 13 行.
NOTIC: [8] Undefined variable: errMessage D:\temporary folder\Personal-project\registration system using thinkphp framework\Application\Runtime\Cache\Home\ce08001826bf659e465af77c5ac813e5.php 第 32 行.
INFO: Run Behavior\ParseTemplateBehavior [ RunTime:0.008001s ]
INFO: [ view_parse ] --END-- [ RunTime:0.008001s ]
INFO: [ view_filter ] --START--
INFO: Run Behavior\WriteHtmlCacheBehavior [ RunTime:0.000000s ]
INFO: [ view_filter ] --END-- [ RunTime:0.000000s ]
INFO: [ app_end ] --START--
INFO: Run Behavior\ShowPageTraceBehavior [ RunTime:0.002000s ]
INFO: [ app_end ] --END-- [ RunTime:0.002000s ]

[ 2018-12-29T09:04:38+08:00 ] 127.0.0.1 /index.php/Home/Application/login.html
INFO: [ app_init ] --START--
INFO: Run Behavior\BuildLiteBehavior [ RunTime:0.000000s ]
INFO: [ app_init ] --END-- [ RunTime:0.001000s ]
INFO: [ app_begin ] --START--
INFO: Run Behavior\ReadHtmlCacheBehavior [ RunTime:0.001000s ]
INFO: [ app_begin ] --END-- [ RunTime:0.001000s ]
SQL: SHOW COLUMNS FROM `account` [ RunTime:0.0080s ]
SQL: SELECT * FROM `account` LIMIT 1   [ RunTime:0.0010s ]
SQL: SELECT `email` FROM `account`  [ RunTime:0.0000s ]
SQL: SELECT `password` FROM `account` WHERE `email` = 'yaoyuchen1998@gmail.com'  [ RunTime:0.0000s ]
INFO: [ view_parse ] --START--
INFO: [ template_filter ] --START--
INFO: Run Behavior\ContentReplaceBehavior [ RunTime:0.000000s ]
INFO: [ template_filter ] --END-- [ RunTime:0.000000s ]
INFO: Run Behavior\ParseTemplateBehavior [ RunTime:0.010001s ]
INFO: [ view_parse ] --END-- [ RunTime:0.010001s ]
INFO: [ view_filter ] --START--
INFO: Run Behavior\WriteHtmlCacheBehavior [ RunTime:0.001000s ]
INFO: [ view_filter ] --END-- [ RunTime:0.001000s ]
INFO: [ view_parse ] --START--
INFO: [ template_filter ] --START--
INFO: Run Behavior\ContentReplaceBehavior [ RunTime:0.000000s ]
INFO: [ template_filter ] --END-- [ RunTime:-0.005001s ]
NOTIC: [2] include(errors.php): failed to open stream: No such file or directory D:\temporary folder\Personal-project\registration system using thinkphp framework\Application\Runtime\Cache\Home\ce08001826bf659e465af77c5ac813e5.php 第 13 行.
NOTIC: [2] include(errors.php): failed to open stream: No such file or directory D:\temporary folder\Personal-project\registration system using thinkphp framework\Application\Runtime\Cache\Home\ce08001826bf659e465af77c5ac813e5.php 第 13 行.
NOTIC: [2] include(): Failed opening 'errors.php' for inclusion (include_path='.;C:\php\pear') D:\temporary folder\Personal-project\registration system using thinkphp framework\Application\Runtime\Cache\Home\ce08001826bf659e465af77c5ac813e5.php 第 13 行.
NOTIC: [8] Undefined variable: errMessage D:\temporary folder\Personal-project\registration system using thinkphp framework\Application\Runtime\Cache\Home\ce08001826bf659e465af77c5ac813e5.php 第 32 行.
INFO: Run Behavior\ParseTemplateBehavior [ RunTime:0.003000s ]
INFO: [ view_parse ] --END-- [ RunTime:-0.002000s ]
INFO: [ view_filter ] --START--
INFO: Run Behavior\WriteHtmlCacheBehavior [ RunTime:0.000000s ]
INFO: [ view_filter ] --END-- [ RunTime:-0.004000s ]
INFO: [ app_end ] --START--
INFO: Run Behavior\ShowPageTraceBehavior [ RunTime:0.001000s ]
INFO: [ app_end ] --END-- [ RunTime:0.001000s ]

[ 2018-12-29T09:04:39+08:00 ] 127.0.0.1 /index.php/Home/Application/test
INFO: [ app_init ] --START--
INFO: Run Behavior\BuildLiteBehavior [ RunTime:0.000000s ]
INFO: [ app_init ] --END-- [ RunTime:0.001000s ]
INFO: [ app_begin ] --START--
INFO: Run Behavior\ReadHtmlCacheBehavior [ RunTime:0.000000s ]
INFO: [ app_begin ] --END-- [ RunTime:0.001000s ]
INFO: [ view_parse ] --START--
INFO: [ template_filter ] --START--
INFO: Run Behavior\ContentReplaceBehavior [ RunTime:0.001000s ]
INFO: [ template_filter ] --END-- [ RunTime:0.001000s ]
NOTIC: [8] A session had already been started - ignoring session_start() D:\temporary folder\Personal-project\registration system using thinkphp framework\Application\Runtime\Cache\Home\31e61444e42dae58dcb88771f6cbe5ec.php 第 1 行.
INFO: Run Behavior\ParseTemplateBehavior [ RunTime:0.007000s ]
INFO: [ view_parse ] --END-- [ RunTime:0.007000s ]
INFO: [ view_filter ] --START--
INFO: Run Behavior\WriteHtmlCacheBehavior [ RunTime:0.000000s ]
INFO: [ view_filter ] --END-- [ RunTime:0.000000s ]
INFO: [ app_end ] --START--
INFO: Run Behavior\ShowPageTraceBehavior [ RunTime:0.000000s ]
INFO: [ app_end ] --END-- [ RunTime:0.000000s ]

[ 2018-12-29T09:04:47+08:00 ] 127.0.0.1 /index.php/Home/Application/test.html?logout=%271%27
INFO: [ app_init ] --START--
INFO: Run Behavior\BuildLiteBehavior [ RunTime:0.000000s ]
INFO: [ app_init ] --END-- [ RunTime:0.000000s ]
INFO: [ app_begin ] --START--
INFO: Run Behavior\ReadHtmlCacheBehavior [ RunTime:0.000000s ]
INFO: [ app_begin ] --END-- [ RunTime:0.000000s ]
INFO: [ view_parse ] --START--
INFO: [ template_filter ] --START--
INFO: Run Behavior\ContentReplaceBehavior [ RunTime:0.000000s ]
INFO: [ template_filter ] --END-- [ RunTime:0.000000s ]
NOTIC: [8] A session had already been started - ignoring session_start() D:\temporary folder\Personal-project\registration system using thinkphp framework\Application\Runtime\Cache\Home\31e61444e42dae58dcb88771f6cbe5ec.php 第 1 行.
INFO: Run Behavior\ParseTemplateBehavior [ RunTime:0.006000s ]
INFO: [ view_parse ] --END-- [ RunTime:0.006000s ]
INFO: [ view_filter ] --START--
INFO: Run Behavior\WriteHtmlCacheBehavior [ RunTime:0.001000s ]
INFO: [ view_filter ] --END-- [ RunTime:0.001000s ]
INFO: [ app_end ] --START--
INFO: Run Behavior\ShowPageTraceBehavior [ RunTime:0.001000s ]
INFO: [ app_end ] --END-- [ RunTime:0.001000s ]

[ 2018-12-29T09:04:47+08:00 ] 127.0.0.1 /index.php/Home/Application/login.html
INFO: [ app_init ] --START--
INFO: Run Behavior\BuildLiteBehavior [ RunTime:0.000000s ]
INFO: [ app_init ] --END-- [ RunTime:0.000000s ]
INFO: [ app_begin ] --START--
INFO: Run Behavior\ReadHtmlCacheBehavior [ RunTime:0.001000s ]
INFO: [ app_begin ] --END-- [ RunTime:0.001000s ]
INFO: [ view_parse ] --START--
INFO: [ template_filter ] --START--
INFO: Run Behavior\ContentReplaceBehavior [ RunTime:0.000000s ]
INFO: [ template_filter ] --END-- [ RunTime:0.000000s ]
NOTIC: [2] include(errors.php): failed to open stream: No such file or directory D:\temporary folder\Personal-project\registration system using thinkphp framework\Application\Runtime\Cache\Home\ce08001826bf659e465af77c5ac813e5.php 第 13 行.
NOTIC: [2] include(errors.php): failed to open stream: No such file or directory D:\temporary folder\Personal-project\registration system using thinkphp framework\Application\Runtime\Cache\Home\ce08001826bf659e465af77c5ac813e5.php 第 13 行.
NOTIC: [2] include(): Failed opening 'errors.php' for inclusion (include_path='.;C:\php\pear') D:\temporary folder\Personal-project\registration system using thinkphp framework\Application\Runtime\Cache\Home\ce08001826bf659e465af77c5ac813e5.php 第 13 行.
NOTIC: [8] Undefined variable: errMessage D:\temporary folder\Personal-project\registration system using thinkphp framework\Application\Runtime\Cache\Home\ce08001826bf659e465af77c5ac813e5.php 第 32 行.
INFO: Run Behavior\ParseTemplateBehavior [ RunTime:0.007001s ]
INFO: [ view_parse ] --END-- [ RunTime:0.007001s ]
INFO: [ view_filter ] --START--
INFO: Run Behavior\WriteHtmlCacheBehavior [ RunTime:0.000000s ]
INFO: [ view_filter ] --END-- [ RunTime:0.000000s ]
INFO: [ app_end ] --START--
INFO: Run Behavior\ShowPageTraceBehavior [ RunTime:0.001000s ]
INFO: [ app_end ] --END-- [ RunTime:0.001000s ]

[ 2018-12-29T09:11:02+08:00 ] 127.0.0.1 /index.php/Home/Application/login
INFO: [ app_init ] --START--
INFO: Run Behavior\BuildLiteBehavior [ RunTime:0.000000s ]
INFO: [ app_init ] --END-- [ RunTime:0.001000s ]
INFO: [ app_begin ] --START--
INFO: Run Behavior\ReadHtmlCacheBehavior [ RunTime:0.001001s ]
INFO: [ app_begin ] --END-- [ RunTime:0.001001s ]
INFO: [ view_parse ] --START--
INFO: [ template_filter ] --START--
INFO: Run Behavior\ContentReplaceBehavior [ RunTime:0.000000s ]
INFO: [ template_filter ] --END-- [ RunTime:0.000000s ]
NOTIC: [2] include(errors.php): failed to open stream: No such file or directory D:\temporary folder\Personal-project\registration system using thinkphp framework\Application\Runtime\Cache\Home\ce08001826bf659e465af77c5ac813e5.php 第 13 行.
NOTIC: [2] include(errors.php): failed to open stream: No such file or directory D:\temporary folder\Personal-project\registration system using thinkphp framework\Application\Runtime\Cache\Home\ce08001826bf659e465af77c5ac813e5.php 第 13 行.
NOTIC: [2] include(): Failed opening 'errors.php' for inclusion (include_path='.;C:\php\pear') D:\temporary folder\Personal-project\registration system using thinkphp framework\Application\Runtime\Cache\Home\ce08001826bf659e465af77c5ac813e5.php 第 13 行.
NOTIC: [8] Undefined variable: errMessage D:\temporary folder\Personal-project\registration system using thinkphp framework\Application\Runtime\Cache\Home\ce08001826bf659e465af77c5ac813e5.php 第 32 行.
INFO: Run Behavior\ParseTemplateBehavior [ RunTime:0.021001s ]
INFO: [ view_parse ] --END-- [ RunTime:0.021001s ]
INFO: [ view_filter ] --START--
INFO: Run Behavior\WriteHtmlCacheBehavior [ RunTime:0.001000s ]
INFO: [ view_filter ] --END-- [ RunTime:0.001000s ]
INFO: [ app_end ] --START--
INFO: Run Behavior\ShowPageTraceBehavior [ RunTime:0.001000s ]
INFO: [ app_end ] --END-- [ RunTime:0.001000s ]

[ 2018-12-29T09:11:09+08:00 ] 127.0.0.1 /index.php/Home/Application/login.html
INFO: [ app_init ] --START--
INFO: Run Behavior\BuildLiteBehavior [ RunTime:0.000000s ]
INFO: [ app_init ] --END-- [ RunTime:0.001000s ]
INFO: [ app_begin ] --START--
INFO: Run Behavior\ReadHtmlCacheBehavior [ RunTime:0.001000s ]
INFO: [ app_begin ] --END-- [ RunTime:0.001000s ]
SQL: SHOW COLUMNS FROM `account` [ RunTime:0.0080s ]
SQL: SELECT `username` FROM `account`  [ RunTime:0.0000s ]
SQL: SELECT * FROM `account` LIMIT 1   [ RunTime:0.0000s ]
SQL: SELECT `email` FROM `account`  [ RunTime:0.0010s ]
SQL: SELECT `password` FROM `account` WHERE `email` = 'yaoyuchen1998@gmail.com'  [ RunTime:0.0010s ]
INFO: [ view_parse ] --START--
INFO: [ template_filter ] --START--
INFO: Run Behavior\ContentReplaceBehavior [ RunTime:0.000000s ]
INFO: [ template_filter ] --END-- [ RunTime:0.000000s ]
NOTIC: [2] include(errors.php): failed to open stream: No such file or directory D:\temporary folder\Personal-project\registration system using thinkphp framework\Application\Runtime\Cache\Home\ce08001826bf659e465af77c5ac813e5.php 第 13 行.
NOTIC: [2] include(errors.php): failed to open stream: No such file or directory D:\temporary folder\Personal-project\registration system using thinkphp framework\Application\Runtime\Cache\Home\ce08001826bf659e465af77c5ac813e5.php 第 13 行.
NOTIC: [2] include(): Failed opening 'errors.php' for inclusion (include_path='.;C:\php\pear') D:\temporary folder\Personal-project\registration system using thinkphp framework\Application\Runtime\Cache\Home\ce08001826bf659e465af77c5ac813e5.php 第 13 行.
INFO: Run Behavior\ParseTemplateBehavior [ RunTime:0.009001s ]
INFO: [ view_parse ] --END-- [ RunTime:0.009001s ]
INFO: [ view_filter ] --START--
INFO: Run Behavior\WriteHtmlCacheBehavior [ RunTime:0.000000s ]
INFO: [ view_filter ] --END-- [ RunTime:0.000000s ]
INFO: [ app_end ] --START--
INFO: Run Behavior\ShowPageTraceBehavior [ RunTime:0.001000s ]
INFO: [ app_end ] --END-- [ RunTime:0.001000s ]

[ 2018-12-29T09:11:42+08:00 ] 127.0.0.1 /index.php/Home/Application/login.html
INFO: [ app_init ] --START--
INFO: Run Behavior\BuildLiteBehavior [ RunTime:0.000000s ]
INFO: [ app_init ] --END-- [ RunTime:0.001001s ]
INFO: [ app_begin ] --START--
INFO: Run Behavior\ReadHtmlCacheBehavior [ RunTime:0.001000s ]
INFO: [ app_begin ] --END-- [ RunTime:0.001000s ]
SQL: SHOW COLUMNS FROM `account` [ RunTime:0.0080s ]
SQL: SELECT `username` FROM `account`  [ RunTime:0.0000s ]
SQL: SELECT * FROM `account` LIMIT 1   [ RunTime:0.0000s ]
SQL: SELECT `email` FROM `account`  [ RunTime:0.0010s ]
SQL: SELECT `password` FROM `account` WHERE `email` = 'yaoyuchen1998@gmail.com'  [ RunTime:0.0000s ]
INFO: [ view_parse ] --START--
INFO: [ template_filter ] --START--
INFO: Run Behavior\ContentReplaceBehavior [ RunTime:0.001000s ]
INFO: [ template_filter ] --END-- [ RunTime:0.001000s ]
NOTIC: [2] include(errors.php): failed to open stream: No such file or directory D:\temporary folder\Personal-project\registration system using thinkphp framework\Application\Runtime\Cache\Home\ce08001826bf659e465af77c5ac813e5.php 第 13 行.
NOTIC: [2] include(errors.php): failed to open stream: No such file or directory D:\temporary folder\Personal-project\registration system using thinkphp framework\Application\Runtime\Cache\Home\ce08001826bf659e465af77c5ac813e5.php 第 13 行.
NOTIC: [2] include(): Failed opening 'errors.php' for inclusion (include_path='.;C:\php\pear') D:\temporary folder\Personal-project\registration system using thinkphp framework\Application\Runtime\Cache\Home\ce08001826bf659e465af77c5ac813e5.php 第 13 行.
NOTIC: [8] Undefined variable: errMessage D:\temporary folder\Personal-project\registration system using thinkphp framework\Application\Runtime\Cache\Home\ce08001826bf659e465af77c5ac813e5.php 第 32 行.
INFO: Run Behavior\ParseTemplateBehavior [ RunTime:0.011001s ]
INFO: [ view_parse ] --END-- [ RunTime:0.011001s ]
INFO: [ view_filter ] --START--
INFO: Run Behavior\WriteHtmlCacheBehavior [ RunTime:0.001000s ]
INFO: [ view_filter ] --END-- [ RunTime:0.001000s ]
INFO: [ app_end ] --START--
INFO: Run Behavior\ShowPageTraceBehavior [ RunTime:0.001000s ]
INFO: [ app_end ] --END-- [ RunTime:0.001000s ]

[ 2018-12-29T09:30:05+08:00 ] 127.0.0.1 /index.php/Home/Application/login
INFO: [ app_init ] --START--
INFO: Run Behavior\BuildLiteBehavior [ RunTime:0.000000s ]
INFO: [ app_init ] --END-- [ RunTime:0.001000s ]
INFO: [ app_begin ] --START--
INFO: Run Behavior\ReadHtmlCacheBehavior [ RunTime:0.001000s ]
INFO: [ app_begin ] --END-- [ RunTime:0.001000s ]
INFO: [ view_parse ] --START--
INFO: [ template_filter ] --START--
INFO: Run Behavior\ContentReplaceBehavior [ RunTime:0.000000s ]
INFO: [ template_filter ] --END-- [ RunTime:0.000000s ]
NOTIC: [2] include(errors.php): failed to open stream: No such file or directory D:\temporary folder\Personal-project\registration system using thinkphp framework\Application\Runtime\Cache\Home\ce08001826bf659e465af77c5ac813e5.php 第 13 行.
NOTIC: [2] include(errors.php): failed to open stream: No such file or directory D:\temporary folder\Personal-project\registration system using thinkphp framework\Application\Runtime\Cache\Home\ce08001826bf659e465af77c5ac813e5.php 第 13 行.
NOTIC: [2] include(): Failed opening 'errors.php' for inclusion (include_path='.;C:\php\pear') D:\temporary folder\Personal-project\registration system using thinkphp framework\Application\Runtime\Cache\Home\ce08001826bf659e465af77c5ac813e5.php 第 13 行.
NOTIC: [8] Undefined variable: errMessage D:\temporary folder\Personal-project\registration system using thinkphp framework\Application\Runtime\Cache\Home\ce08001826bf659e465af77c5ac813e5.php 第 32 行.
INFO: Run Behavior\ParseTemplateBehavior [ RunTime:0.017001s ]
INFO: [ view_parse ] --END-- [ RunTime:0.017001s ]
INFO: [ view_filter ] --START--
INFO: Run Behavior\WriteHtmlCacheBehavior [ RunTime:0.000000s ]
INFO: [ view_filter ] --END-- [ RunTime:0.000000s ]
INFO: [ app_end ] --START--
INFO: Run Behavior\ShowPageTraceBehavior [ RunTime:0.000000s ]
INFO: [ app_end ] --END-- [ RunTime:0.000000s ]

[ 2018-12-29T09:30:13+08:00 ] 127.0.0.1 /index.php/Home/Application/login.html
INFO: [ app_init ] --START--
INFO: Run Behavior\BuildLiteBehavior [ RunTime:0.000000s ]
INFO: [ app_init ] --END-- [ RunTime:0.001000s ]
INFO: [ app_begin ] --START--
INFO: Run Behavior\ReadHtmlCacheBehavior [ RunTime:0.001001s ]
INFO: [ app_begin ] --END-- [ RunTime:0.001001s ]
SQL: SHOW COLUMNS FROM `account` [ RunTime:0.0090s ]
SQL: SELECT `email` FROM `account`  [ RunTime:0.0010s ]
SQL: SELECT `username` FROM `account`  [ RunTime:0.0000s ]
SQL: SELECT `password` FROM `account` WHERE `email` = 'yuchen' AND `username` = 'yuchen'  [ RunTime:0.0000s ]
NOTIC: [2] implode(): Invalid arguments passed D:\temporary folder\Personal-project\registration system using thinkphp framework\Application\Home\Controller\ApplicationController.class.php 第 73 行.
INFO: [ view_parse ] --START--
INFO: [ template_filter ] --START--
INFO: Run Behavior\ContentReplaceBehavior [ RunTime:0.000000s ]
INFO: [ template_filter ] --END-- [ RunTime:0.000000s ]
NOTIC: [2] include(errors.php): failed to open stream: No such file or directory D:\temporary folder\Personal-project\registration system using thinkphp framework\Application\Runtime\Cache\Home\ce08001826bf659e465af77c5ac813e5.php 第 13 行.
NOTIC: [2] include(errors.php): failed to open stream: No such file or directory D:\temporary folder\Personal-project\registration system using thinkphp framework\Application\Runtime\Cache\Home\ce08001826bf659e465af77c5ac813e5.php 第 13 行.
NOTIC: [2] include(): Failed opening 'errors.php' for inclusion (include_path='.;C:\php\pear') D:\temporary folder\Personal-project\registration system using thinkphp framework\Application\Runtime\Cache\Home\ce08001826bf659e465af77c5ac813e5.php 第 13 行.
INFO: Run Behavior\ParseTemplateBehavior [ RunTime:0.011000s ]
INFO: [ view_parse ] --END-- [ RunTime:0.011000s ]
INFO: [ view_filter ] --START--
INFO: Run Behavior\WriteHtmlCacheBehavior [ RunTime:0.001001s ]
INFO: [ view_filter ] --END-- [ RunTime:0.001001s ]
INFO: [ app_end ] --START--
INFO: Run Behavior\ShowPageTraceBehavior [ RunTime:0.001000s ]
INFO: [ app_end ] --END-- [ RunTime:0.002000s ]

[ 2018-12-29T09:30:35+08:00 ] 127.0.0.1 /index.php/Home/Application/login.html
INFO: [ app_init ] --START--
INFO: Run Behavior\BuildLiteBehavior [ RunTime:0.000000s ]
INFO: [ app_init ] --END-- [ RunTime:0.001000s ]
INFO: [ app_begin ] --START--
INFO: Run Behavior\ReadHtmlCacheBehavior [ RunTime:0.001000s ]
INFO: [ app_begin ] --END-- [ RunTime:0.001000s ]
SQL: SHOW COLUMNS FROM `account` [ RunTime:0.0080s ]
SQL: SELECT `email` FROM `account`  [ RunTime:0.0010s ]
SQL: SELECT `username` FROM `account`  [ RunTime:0.0000s ]
SQL: SELECT `password` FROM `account` WHERE `email` = 'yuchen'  [ RunTime:0.0000s ]
NOTIC: [2] implode(): Invalid arguments passed D:\temporary folder\Personal-project\registration system using thinkphp framework\Application\Home\Controller\ApplicationController.class.php 第 73 行.
INFO: [ view_parse ] --START--
INFO: [ template_filter ] --START--
INFO: Run Behavior\ContentReplaceBehavior [ RunTime:0.000000s ]
INFO: [ template_filter ] --END-- [ RunTime:0.000000s ]
NOTIC: [2] include(errors.php): failed to open stream: No such file or directory D:\temporary folder\Personal-project\registration system using thinkphp framework\Application\Runtime\Cache\Home\ce08001826bf659e465af77c5ac813e5.php 第 13 行.
NOTIC: [2] include(errors.php): failed to open stream: No such file or directory D:\temporary folder\Personal-project\registration system using thinkphp framework\Application\Runtime\Cache\Home\ce08001826bf659e465af77c5ac813e5.php 第 13 行.
NOTIC: [2] include(): Failed opening 'errors.php' for inclusion (include_path='.;C:\php\pear') D:\temporary folder\Personal-project\registration system using thinkphp framework\Application\Runtime\Cache\Home\ce08001826bf659e465af77c5ac813e5.php 第 13 行.
INFO: Run Behavior\ParseTemplateBehavior [ RunTime:0.010000s ]
INFO: [ view_parse ] --END-- [ RunTime:0.010000s ]
INFO: [ view_filter ] --START--
INFO: Run Behavior\WriteHtmlCacheBehavior [ RunTime:0.000000s ]
INFO: [ view_filter ] --END-- [ RunTime:0.001001s ]
INFO: [ app_end ] --START--
INFO: Run Behavior\ShowPageTraceBehavior [ RunTime:0.001000s ]
INFO: [ app_end ] --END-- [ RunTime:0.001000s ]

[ 2018-12-29T09:30:38+08:00 ] 127.0.0.1 /index.php/Home/Application/login
INFO: [ app_init ] --START--
INFO: Run Behavior\BuildLiteBehavior [ RunTime:0.000000s ]
INFO: [ app_init ] --END-- [ RunTime:0.001000s ]
INFO: [ app_begin ] --START--
INFO: Run Behavior\ReadHtmlCacheBehavior [ RunTime:0.001000s ]
INFO: [ app_begin ] --END-- [ RunTime:0.001000s ]
INFO: [ view_parse ] --START--
INFO: [ template_filter ] --START--
INFO: Run Behavior\ContentReplaceBehavior [ RunTime:0.000000s ]
INFO: [ template_filter ] --END-- [ RunTime:0.000000s ]
NOTIC: [2] include(errors.php): failed to open stream: No such file or directory D:\temporary folder\Personal-project\registration system using thinkphp framework\Application\Runtime\Cache\Home\ce08001826bf659e465af77c5ac813e5.php 第 13 行.
NOTIC: [2] include(errors.php): failed to open stream: No such file or directory D:\temporary folder\Personal-project\registration system using thinkphp framework\Application\Runtime\Cache\Home\ce08001826bf659e465af77c5ac813e5.php 第 13 行.
NOTIC: [2] include(): Failed opening 'errors.php' for inclusion (include_path='.;C:\php\pear') D:\temporary folder\Personal-project\registration system using thinkphp framework\Application\Runtime\Cache\Home\ce08001826bf659e465af77c5ac813e5.php 第 13 行.
NOTIC: [8] Undefined variable: errMessage D:\temporary folder\Personal-project\registration system using thinkphp framework\Application\Runtime\Cache\Home\ce08001826bf659e465af77c5ac813e5.php 第 32 行.
INFO: Run Behavior\ParseTemplateBehavior [ RunTime:0.007000s ]
INFO: [ view_parse ] --END-- [ RunTime:0.007000s ]
INFO: [ view_filter ] --START--
INFO: Run Behavior\WriteHtmlCacheBehavior [ RunTime:0.001000s ]
INFO: [ view_filter ] --END-- [ RunTime:0.001000s ]
INFO: [ app_end ] --START--
INFO: Run Behavior\ShowPageTraceBehavior [ RunTime:0.001000s ]
INFO: [ app_end ] --END-- [ RunTime:0.001000s ]

[ 2018-12-29T09:30:45+08:00 ] 127.0.0.1 /index.php/Home/Application/login.html
INFO: [ app_init ] --START--
INFO: Run Behavior\BuildLiteBehavior [ RunTime:0.000000s ]
INFO: [ app_init ] --END-- [ RunTime:0.001000s ]
INFO: [ app_begin ] --START--
INFO: Run Behavior\ReadHtmlCacheBehavior [ RunTime:0.000000s ]
INFO: [ app_begin ] --END-- [ RunTime:0.000000s ]
SQL: SHOW COLUMNS FROM `account` [ RunTime:0.0080s ]
SQL: SELECT `email` FROM `account`  [ RunTime:0.0010s ]
SQL: SELECT `username` FROM `account`  [ RunTime:0.0010s ]
SQL: SELECT `password` FROM `account` WHERE `email` = 'yaoyuchen1998@gmail.com'  [ RunTime:0.0000s ]
INFO: [ view_parse ] --START--
INFO: [ template_filter ] --START--
INFO: Run Behavior\ContentReplaceBehavior [ RunTime:0.000000s ]
INFO: [ template_filter ] --END-- [ RunTime:0.000000s ]
NOTIC: [2] include(errors.php): failed to open stream: No such file or directory D:\temporary folder\Personal-project\registration system using thinkphp framework\Application\Runtime\Cache\Home\ce08001826bf659e465af77c5ac813e5.php 第 13 行.
NOTIC: [2] include(errors.php): failed to open stream: No such file or directory D:\temporary folder\Personal-project\registration system using thinkphp framework\Application\Runtime\Cache\Home\ce08001826bf659e465af77c5ac813e5.php 第 13 行.
NOTIC: [2] include(): Failed opening 'errors.php' for inclusion (include_path='.;C:\php\pear') D:\temporary folder\Personal-project\registration system using thinkphp framework\Application\Runtime\Cache\Home\ce08001826bf659e465af77c5ac813e5.php 第 13 行.
NOTIC: [8] Undefined variable: errMessage D:\temporary folder\Personal-project\registration system using thinkphp framework\Application\Runtime\Cache\Home\ce08001826bf659e465af77c5ac813e5.php 第 32 行.
INFO: Run Behavior\ParseTemplateBehavior [ RunTime:0.011001s ]
INFO: [ view_parse ] --END-- [ RunTime:0.011001s ]
INFO: [ view_filter ] --START--
INFO: Run Behavior\WriteHtmlCacheBehavior [ RunTime:0.001000s ]
INFO: [ view_filter ] --END-- [ RunTime:0.001000s ]
INFO: [ app_end ] --START--
INFO: Run Behavior\ShowPageTraceBehavior [ RunTime:0.001000s ]
INFO: [ app_end ] --END-- [ RunTime:0.001000s ]

[ 2018-12-29T09:48:31+08:00 ] 127.0.0.1 /index.php/Home/Application/login.html
INFO: [ app_init ] --START--
INFO: Run Behavior\BuildLiteBehavior [ RunTime:0.000000s ]
INFO: [ app_init ] --END-- [ RunTime:0.001000s ]
INFO: [ app_begin ] --START--
INFO: Run Behavior\ReadHtmlCacheBehavior [ RunTime:0.001000s ]
INFO: [ app_begin ] --END-- [ RunTime:0.001000s ]
SQL: SHOW COLUMNS FROM `account` [ RunTime:0.0090s ]
SQL: SELECT `email` FROM `account`  [ RunTime:0.0010s ]
SQL: SELECT `username` FROM `account`  [ RunTime:0.0000s ]
SQL: SELECT `password` FROM `account` WHERE `email` = 'Bob'  [ RunTime:0.0000s ]
NOTIC: [2] implode(): Invalid arguments passed D:\temporary folder\Personal-project\registration system using thinkphp framework\Application\Home\Controller\ApplicationController.class.php 第 73 行.
ERR: 1054:Unknown column 'password1' in 'field list'
 [ SQL语句 ] : SELECT `password1` FROM `account` WHERE `username` = 'Bob' LIMIT 1  
INFO: [ view_parse ] --START--
INFO: [ template_filter ] --START--
INFO: Run Behavior\ContentReplaceBehavior [ RunTime:0.000000s ]
INFO: [ template_filter ] --END-- [ RunTime:0.000000s ]
NOTIC: [2] include(errors.php): failed to open stream: No such file or directory D:\temporary folder\Personal-project\registration system using thinkphp framework\Application\Runtime\Cache\Home\ce08001826bf659e465af77c5ac813e5.php 第 13 行.
NOTIC: [2] include(errors.php): failed to open stream: No such file or directory D:\temporary folder\Personal-project\registration system using thinkphp framework\Application\Runtime\Cache\Home\ce08001826bf659e465af77c5ac813e5.php 第 13 行.
NOTIC: [2] include(): Failed opening 'errors.php' for inclusion (include_path='.;C:\php\pear') D:\temporary folder\Personal-project\registration system using thinkphp framework\Application\Runtime\Cache\Home\ce08001826bf659e465af77c5ac813e5.php 第 13 行.
INFO: Run Behavior\ParseTemplateBehavior [ RunTime:0.028002s ]
INFO: [ view_parse ] --END-- [ RunTime:0.028002s ]
INFO: [ view_filter ] --START--
INFO: Run Behavior\WriteHtmlCacheBehavior [ RunTime:0.001000s ]
INFO: [ view_filter ] --END-- [ RunTime:0.001000s ]
INFO: [ app_end ] --START--
INFO: Run Behavior\ShowPageTraceBehavior [ RunTime:0.001000s ]
INFO: [ app_end ] --END-- [ RunTime:0.001000s ]

[ 2018-12-29T09:48:52+08:00 ] 127.0.0.1 /index.php/Home/Application/login.html
INFO: [ app_init ] --START--
INFO: Run Behavior\BuildLiteBehavior [ RunTime:0.000000s ]
INFO: [ app_init ] --END-- [ RunTime:0.000000s ]
INFO: [ app_begin ] --START--
INFO: Run Behavior\ReadHtmlCacheBehavior [ RunTime:0.001000s ]
INFO: [ app_begin ] --END-- [ RunTime:0.001000s ]
SQL: SHOW COLUMNS FROM `account` [ RunTime:0.0080s ]
SQL: SELECT `email` FROM `account`  [ RunTime:0.0000s ]
SQL: SELECT `username` FROM `account`  [ RunTime:0.0010s ]
SQL: SELECT `password` FROM `account` WHERE `email` = 'Bob'  [ RunTime:0.0000s ]
NOTIC: [2] implode(): Invalid arguments passed D:\temporary folder\Personal-project\registration system using thinkphp framework\Application\Home\Controller\ApplicationController.class.php 第 73 行.
ERR: 1054:Unknown column 'password1' in 'field list'
 [ SQL语句 ] : SELECT `password1` FROM `account` WHERE `username` = 'Bob' LIMIT 1  
INFO: [ view_parse ] --START--
INFO: [ template_filter ] --START--
INFO: Run Behavior\ContentReplaceBehavior [ RunTime:0.000000s ]
INFO: [ template_filter ] --END-- [ RunTime:0.000000s ]
NOTIC: [2] include(errors.php): failed to open stream: No such file or directory D:\temporary folder\Personal-project\registration system using thinkphp framework\Application\Runtime\Cache\Home\ce08001826bf659e465af77c5ac813e5.php 第 13 行.
NOTIC: [2] include(errors.php): failed to open stream: No such file or directory D:\temporary folder\Personal-project\registration system using thinkphp framework\Application\Runtime\Cache\Home\ce08001826bf659e465af77c5ac813e5.php 第 13 行.
NOTIC: [2] include(): Failed opening 'errors.php' for inclusion (include_path='.;C:\php\pear') D:\temporary folder\Personal-project\registration system using thinkphp framework\Application\Runtime\Cache\Home\ce08001826bf659e465af77c5ac813e5.php 第 13 行.
INFO: Run Behavior\ParseTemplateBehavior [ RunTime:0.012001s ]
INFO: [ view_parse ] --END-- [ RunTime:0.012001s ]
INFO: [ view_filter ] --START--
INFO: Run Behavior\WriteHtmlCacheBehavior [ RunTime:0.001000s ]
INFO: [ view_filter ] --END-- [ RunTime:0.001000s ]
INFO: [ app_end ] --START--
INFO: Run Behavior\ShowPageTraceBehavior [ RunTime:0.001000s ]
INFO: [ app_end ] --END-- [ RunTime:0.001000s ]

[ 2018-12-29T09:50:22+08:00 ] 127.0.0.1 /index.php/Home/Application/login.html
INFO: [ app_init ] --START--
INFO: Run Behavior\BuildLiteBehavior [ RunTime:0.000000s ]
INFO: [ app_init ] --END-- [ RunTime:0.001000s ]
INFO: [ app_begin ] --START--
INFO: Run Behavior\ReadHtmlCacheBehavior [ RunTime:0.000000s ]
INFO: [ app_begin ] --END-- [ RunTime:0.001000s ]
SQL: SHOW COLUMNS FROM `account` [ RunTime:0.0090s ]
SQL: SELECT `email` FROM `account`  [ RunTime:0.0010s ]
SQL: SELECT `username` FROM `account`  [ RunTime:0.0000s ]
SQL: SELECT `password` FROM `account` WHERE `email` = 'Bob'  [ RunTime:0.0010s ]
NOTIC: [2] implode(): Invalid arguments passed D:\temporary folder\Personal-project\registration system using thinkphp framework\Application\Home\Controller\ApplicationController.class.php 第 73 行.
INFO: [ view_parse ] --START--
INFO: [ template_filter ] --START--
INFO: Run Behavior\ContentReplaceBehavior [ RunTime:0.000000s ]
INFO: [ template_filter ] --END-- [ RunTime:0.000000s ]
NOTIC: [2] include(errors.php): failed to open stream: No such file or directory D:\temporary folder\Personal-project\registration system using thinkphp framework\Application\Runtime\Cache\Home\ce08001826bf659e465af77c5ac813e5.php 第 13 行.
NOTIC: [2] include(errors.php): failed to open stream: No such file or directory D:\temporary folder\Personal-project\registration system using thinkphp framework\Application\Runtime\Cache\Home\ce08001826bf659e465af77c5ac813e5.php 第 13 行.
NOTIC: [2] include(): Failed opening 'errors.php' for inclusion (include_path='.;C:\php\pear') D:\temporary folder\Personal-project\registration system using thinkphp framework\Application\Runtime\Cache\Home\ce08001826bf659e465af77c5ac813e5.php 第 13 行.
INFO: Run Behavior\ParseTemplateBehavior [ RunTime:0.010000s ]
INFO: [ view_parse ] --END-- [ RunTime:0.010000s ]
INFO: [ view_filter ] --START--
INFO: Run Behavior\WriteHtmlCacheBehavior [ RunTime:0.000000s ]
INFO: [ view_filter ] --END-- [ RunTime:0.000000s ]
INFO: [ app_end ] --START--
INFO: Run Behavior\ShowPageTraceBehavior [ RunTime:0.001000s ]
INFO: [ app_end ] --END-- [ RunTime:0.001000s ]

[ 2018-12-29T09:53:18+08:00 ] 127.0.0.1 /index.php/Home/Application/login
INFO: [ app_init ] --START--
INFO: Run Behavior\BuildLiteBehavior [ RunTime:0.000000s ]
INFO: [ app_init ] --END-- [ RunTime:0.000000s ]
INFO: [ app_begin ] --START--
INFO: Run Behavior\ReadHtmlCacheBehavior [ RunTime:0.001000s ]
INFO: [ app_begin ] --END-- [ RunTime:0.001000s ]
INFO: [ view_parse ] --START--
INFO: [ template_filter ] --START--
INFO: Run Behavior\ContentReplaceBehavior [ RunTime:0.000000s ]
INFO: [ template_filter ] --END-- [ RunTime:0.000000s ]
NOTIC: [2] include(errors.php): failed to open stream: No such file or directory D:\temporary folder\Personal-project\registration system using thinkphp framework\Application\Runtime\Cache\Home\ce08001826bf659e465af77c5ac813e5.php 第 13 行.
NOTIC: [2] include(errors.php): failed to open stream: No such file or directory D:\temporary folder\Personal-project\registration system using thinkphp framework\Application\Runtime\Cache\Home\ce08001826bf659e465af77c5ac813e5.php 第 13 行.
NOTIC: [2] include(): Failed opening 'errors.php' for inclusion (include_path='.;C:\php\pear') D:\temporary folder\Personal-project\registration system using thinkphp framework\Application\Runtime\Cache\Home\ce08001826bf659e465af77c5ac813e5.php 第 13 行.
NOTIC: [8] Undefined variable: errMessage D:\temporary folder\Personal-project\registration system using thinkphp framework\Application\Runtime\Cache\Home\ce08001826bf659e465af77c5ac813e5.php 第 32 行.
INFO: Run Behavior\ParseTemplateBehavior [ RunTime:0.008001s ]
INFO: [ view_parse ] --END-- [ RunTime:0.008001s ]
INFO: [ view_filter ] --START--
INFO: Run Behavior\WriteHtmlCacheBehavior [ RunTime:0.001000s ]
INFO: [ view_filter ] --END-- [ RunTime:0.001000s ]
INFO: [ app_end ] --START--
INFO: Run Behavior\ShowPageTraceBehavior [ RunTime:0.001000s ]
INFO: [ app_end ] --END-- [ RunTime:0.001000s ]

[ 2018-12-29T09:53:55+08:00 ] 127.0.0.1 /index.php/Home/Application/login.html
INFO: [ app_init ] --START--
INFO: Run Behavior\BuildLiteBehavior [ RunTime:0.000000s ]
INFO: [ app_init ] --END-- [ RunTime:0.000000s ]
INFO: [ app_begin ] --START--
INFO: Run Behavior\ReadHtmlCacheBehavior [ RunTime:0.000000s ]
INFO: [ app_begin ] --END-- [ RunTime:0.000000s ]
SQL: SHOW COLUMNS FROM `account` [ RunTime:0.0090s ]
SQL: SELECT `email` FROM `account`  [ RunTime:0.0000s ]
SQL: SELECT `username` FROM `account`  [ RunTime:0.0000s ]
SQL: SELECT `password` FROM `account` WHERE `email` = 'Bob'  [ RunTime:0.0010s ]
NOTIC: [2] implode(): Invalid arguments passed D:\temporary folder\Personal-project\registration system using thinkphp framework\Application\Home\Controller\ApplicationController.class.php 第 73 行.
SQL: SELECT `password` FROM `account` WHERE `username` = 'Bob'  [ RunTime:0.0010s ]
INFO: [ view_parse ] --START--
INFO: [ template_filter ] --START--
INFO: Run Behavior\ContentReplaceBehavior [ RunTime:0.000000s ]
INFO: [ template_filter ] --END-- [ RunTime:0.000000s ]
NOTIC: [2] include(errors.php): failed to open stream: No such file or directory D:\temporary folder\Personal-project\registration system using thinkphp framework\Application\Runtime\Cache\Home\ce08001826bf659e465af77c5ac813e5.php 第 13 行.
NOTIC: [2] include(errors.php): failed to open stream: No such file or directory D:\temporary folder\Personal-project\registration system using thinkphp framework\Application\Runtime\Cache\Home\ce08001826bf659e465af77c5ac813e5.php 第 13 行.
NOTIC: [2] include(): Failed opening 'errors.php' for inclusion (include_path='.;C:\php\pear') D:\temporary folder\Personal-project\registration system using thinkphp framework\Application\Runtime\Cache\Home\ce08001826bf659e465af77c5ac813e5.php 第 13 行.
NOTIC: [8] Undefined variable: errMessage D:\temporary folder\Personal-project\registration system using thinkphp framework\Application\Runtime\Cache\Home\ce08001826bf659e465af77c5ac813e5.php 第 32 行.
INFO: Run Behavior\ParseTemplateBehavior [ RunTime:0.011000s ]
INFO: [ view_parse ] --END-- [ RunTime:0.011000s ]
INFO: [ view_filter ] --START--
INFO: Run Behavior\WriteHtmlCacheBehavior [ RunTime:0.001000s ]
INFO: [ view_filter ] --END-- [ RunTime:0.001000s ]
INFO: [ app_end ] --START--
INFO: Run Behavior\ShowPageTraceBehavior [ RunTime:0.001001s ]
INFO: [ app_end ] --END-- [ RunTime:0.002001s ]

[ 2018-12-29T09:54:21+08:00 ] 127.0.0.1 /index.php/Home/Application/login.html
INFO: [ app_init ] --START--
INFO: Run Behavior\BuildLiteBehavior [ RunTime:0.000000s ]
INFO: [ app_init ] --END-- [ RunTime:0.000000s ]
INFO: [ app_begin ] --START--
INFO: Run Behavior\ReadHtmlCacheBehavior [ RunTime:0.001000s ]
INFO: [ app_begin ] --END-- [ RunTime:0.001000s ]
SQL: SHOW COLUMNS FROM `account` [ RunTime:0.0080s ]
SQL: SELECT `email` FROM `account`  [ RunTime:0.0000s ]
SQL: SELECT `username` FROM `account`  [ RunTime:0.0000s ]
SQL: SELECT `password` FROM `account` WHERE `email` = 'Bob'  [ RunTime:0.0010s ]
NOTIC: [2] implode(): Invalid arguments passed D:\temporary folder\Personal-project\registration system using thinkphp framework\Application\Home\Controller\ApplicationController.class.php 第 73 行.
SQL: SELECT `password` FROM `account` WHERE `username` = 'Bob'  [ RunTime:0.0010s ]
INFO: [ view_parse ] --START--
INFO: [ template_filter ] --START--
INFO: Run Behavior\ContentReplaceBehavior [ RunTime:0.000000s ]
INFO: [ template_filter ] --END-- [ RunTime:0.000000s ]
INFO: Run Behavior\ParseTemplateBehavior [ RunTime:0.012001s ]
INFO: [ view_parse ] --END-- [ RunTime:0.012001s ]
INFO: [ view_filter ] --START--
INFO: Run Behavior\WriteHtmlCacheBehavior [ RunTime:0.001000s ]
INFO: [ view_filter ] --END-- [ RunTime:0.001000s ]
INFO: [ view_parse ] --START--
INFO: [ template_filter ] --START--
INFO: Run Behavior\ContentReplaceBehavior [ RunTime:0.000000s ]
INFO: [ template_filter ] --END-- [ RunTime:-0.005000s ]
NOTIC: [2] include(errors.php): failed to open stream: No such file or directory D:\temporary folder\Personal-project\registration system using thinkphp framework\Application\Runtime\Cache\Home\ce08001826bf659e465af77c5ac813e5.php 第 13 行.
NOTIC: [2] include(errors.php): failed to open stream: No such file or directory D:\temporary folder\Personal-project\registration system using thinkphp framework\Application\Runtime\Cache\Home\ce08001826bf659e465af77c5ac813e5.php 第 13 行.
NOTIC: [2] include(): Failed opening 'errors.php' for inclusion (include_path='.;C:\php\pear') D:\temporary folder\Personal-project\registration system using thinkphp framework\Application\Runtime\Cache\Home\ce08001826bf659e465af77c5ac813e5.php 第 13 行.
NOTIC: [8] Undefined variable: errMessage D:\temporary folder\Personal-project\registration system using thinkphp framework\Application\Runtime\Cache\Home\ce08001826bf659e465af77c5ac813e5.php 第 32 行.
INFO: Run Behavior\ParseTemplateBehavior [ RunTime:0.004000s ]
INFO: [ view_parse ] --END-- [ RunTime:-0.002000s ]
INFO: [ view_filter ] --START--
INFO: Run Behavior\WriteHtmlCacheBehavior [ RunTime:0.000000s ]
INFO: [ view_filter ] --END-- [ RunTime:-0.005000s ]
INFO: [ app_end ] --START--
INFO: Run Behavior\ShowPageTraceBehavior [ RunTime:0.002000s ]
INFO: [ app_end ] --END-- [ RunTime:0.002000s ]

[ 2018-12-29T09:54:22+08:00 ] 127.0.0.1 /index.php/Home/Application/test
INFO: [ app_init ] --START--
INFO: Run Behavior\BuildLiteBehavior [ RunTime:0.000000s ]
INFO: [ app_init ] --END-- [ RunTime:0.001000s ]
INFO: [ app_begin ] --START--
INFO: Run Behavior\ReadHtmlCacheBehavior [ RunTime:0.001000s ]
INFO: [ app_begin ] --END-- [ RunTime:0.001000s ]
INFO: [ view_parse ] --START--
INFO: [ template_filter ] --START--
INFO: Run Behavior\ContentReplaceBehavior [ RunTime:0.000000s ]
INFO: [ template_filter ] --END-- [ RunTime:0.000000s ]
NOTIC: [8] A session had already been started - ignoring session_start() D:\temporary folder\Personal-project\registration system using thinkphp framework\Application\Runtime\Cache\Home\31e61444e42dae58dcb88771f6cbe5ec.php 第 1 行.
INFO: Run Behavior\ParseTemplateBehavior [ RunTime:0.007000s ]
INFO: [ view_parse ] --END-- [ RunTime:0.007000s ]
INFO: [ view_filter ] --START--
INFO: Run Behavior\WriteHtmlCacheBehavior [ RunTime:0.000000s ]
INFO: [ view_filter ] --END-- [ RunTime:0.001000s ]
INFO: [ app_end ] --START--
INFO: Run Behavior\ShowPageTraceBehavior [ RunTime:0.000000s ]
INFO: [ app_end ] --END-- [ RunTime:0.000000s ]

[ 2018-12-29T09:54:23+08:00 ] 127.0.0.1 /index.php/Home/Application/test.html?logout=%271%27
INFO: [ app_init ] --START--
INFO: Run Behavior\BuildLiteBehavior [ RunTime:0.000000s ]
INFO: [ app_init ] --END-- [ RunTime:0.001000s ]
INFO: [ app_begin ] --START--
INFO: Run Behavior\ReadHtmlCacheBehavior [ RunTime:0.001000s ]
INFO: [ app_begin ] --END-- [ RunTime:0.001000s ]
INFO: [ view_parse ] --START--
INFO: [ template_filter ] --START--
INFO: Run Behavior\ContentReplaceBehavior [ RunTime:0.000000s ]
INFO: [ template_filter ] --END-- [ RunTime:0.000000s ]
NOTIC: [8] A session had already been started - ignoring session_start() D:\temporary folder\Personal-project\registration system using thinkphp framework\Application\Runtime\Cache\Home\31e61444e42dae58dcb88771f6cbe5ec.php 第 1 行.
INFO: Run Behavior\ParseTemplateBehavior [ RunTime:0.007000s ]
INFO: [ view_parse ] --END-- [ RunTime:0.007000s ]
INFO: [ view_filter ] --START--
INFO: Run Behavior\WriteHtmlCacheBehavior [ RunTime:0.000000s ]
INFO: [ view_filter ] --END-- [ RunTime:0.000000s ]
INFO: [ app_end ] --START--
INFO: Run Behavior\ShowPageTraceBehavior [ RunTime:0.001000s ]
INFO: [ app_end ] --END-- [ RunTime:0.001000s ]

[ 2018-12-29T09:54:23+08:00 ] 127.0.0.1 /index.php/Home/Application/login.html
INFO: [ app_init ] --START--
INFO: Run Behavior\BuildLiteBehavior [ RunTime:0.000000s ]
INFO: [ app_init ] --END-- [ RunTime:0.001000s ]
INFO: [ app_begin ] --START--
INFO: Run Behavior\ReadHtmlCacheBehavior [ RunTime:0.000000s ]
INFO: [ app_begin ] --END-- [ RunTime:0.000000s ]
INFO: [ view_parse ] --START--
INFO: [ template_filter ] --START--
INFO: Run Behavior\ContentReplaceBehavior [ RunTime:0.000000s ]
INFO: [ template_filter ] --END-- [ RunTime:0.000000s ]
NOTIC: [2] include(errors.php): failed to open stream: No such file or directory D:\temporary folder\Personal-project\registration system using thinkphp framework\Application\Runtime\Cache\Home\ce08001826bf659e465af77c5ac813e5.php 第 13 行.
NOTIC: [2] include(errors.php): failed to open stream: No such file or directory D:\temporary folder\Personal-project\registration system using thinkphp framework\Application\Runtime\Cache\Home\ce08001826bf659e465af77c5ac813e5.php 第 13 行.
NOTIC: [2] include(): Failed opening 'errors.php' for inclusion (include_path='.;C:\php\pear') D:\temporary folder\Personal-project\registration system using thinkphp framework\Application\Runtime\Cache\Home\ce08001826bf659e465af77c5ac813e5.php 第 13 行.
NOTIC: [8] Undefined variable: errMessage D:\temporary folder\Personal-project\registration system using thinkphp framework\Application\Runtime\Cache\Home\ce08001826bf659e465af77c5ac813e5.php 第 32 行.
INFO: Run Behavior\ParseTemplateBehavior [ RunTime:0.007000s ]
INFO: [ view_parse ] --END-- [ RunTime:0.007000s ]
INFO: [ view_filter ] --START--
INFO: Run Behavior\WriteHtmlCacheBehavior [ RunTime:0.000000s ]
INFO: [ view_filter ] --END-- [ RunTime:0.000000s ]
INFO: [ app_end ] --START--
INFO: Run Behavior\ShowPageTraceBehavior [ RunTime:0.001000s ]
INFO: [ app_end ] --END-- [ RunTime:0.001000s ]

[ 2018-12-29T09:54:29+08:00 ] 127.0.0.1 /index.php/Home/Application/login.html
INFO: [ app_init ] --START--
INFO: Run Behavior\BuildLiteBehavior [ RunTime:0.000000s ]
INFO: [ app_init ] --END-- [ RunTime:0.001000s ]
INFO: [ app_begin ] --START--
INFO: Run Behavior\ReadHtmlCacheBehavior [ RunTime:0.001000s ]
INFO: [ app_begin ] --END-- [ RunTime:0.001000s ]
SQL: SHOW COLUMNS FROM `account` [ RunTime:0.0080s ]
SQL: SELECT `email` FROM `account`  [ RunTime:0.0010s ]
SQL: SELECT `username` FROM `account`  [ RunTime:0.0000s ]
SQL: SELECT `password` FROM `account` WHERE `email` = 'yuchen'  [ RunTime:0.0000s ]
NOTIC: [2] implode(): Invalid arguments passed D:\temporary folder\Personal-project\registration system using thinkphp framework\Application\Home\Controller\ApplicationController.class.php 第 73 行.
SQL: SELECT `password` FROM `account` WHERE `username` = 'yuchen'  [ RunTime:0.0010s ]
INFO: [ view_parse ] --START--
INFO: [ template_filter ] --START--
INFO: Run Behavior\ContentReplaceBehavior [ RunTime:0.000000s ]
INFO: [ template_filter ] --END-- [ RunTime:0.000000s ]
NOTIC: [2] include(errors.php): failed to open stream: No such file or directory D:\temporary folder\Personal-project\registration system using thinkphp framework\Application\Runtime\Cache\Home\ce08001826bf659e465af77c5ac813e5.php 第 13 行.
NOTIC: [2] include(errors.php): failed to open stream: No such file or directory D:\temporary folder\Personal-project\registration system using thinkphp framework\Application\Runtime\Cache\Home\ce08001826bf659e465af77c5ac813e5.php 第 13 行.
NOTIC: [2] include(): Failed opening 'errors.php' for inclusion (include_path='.;C:\php\pear') D:\temporary folder\Personal-project\registration system using thinkphp framework\Application\Runtime\Cache\Home\ce08001826bf659e465af77c5ac813e5.php 第 13 行.
INFO: Run Behavior\ParseTemplateBehavior [ RunTime:0.011001s ]
INFO: [ view_parse ] --END-- [ RunTime:0.011001s ]
INFO: [ view_filter ] --START--
INFO: Run Behavior\WriteHtmlCacheBehavior [ RunTime:0.001000s ]
INFO: [ view_filter ] --END-- [ RunTime:0.001000s ]
INFO: [ app_end ] --START--
INFO: Run Behavior\ShowPageTraceBehavior [ RunTime:0.002000s ]
INFO: [ app_end ] --END-- [ RunTime:0.002000s ]

[ 2018-12-29T09:54:34+08:00 ] 127.0.0.1 /index.php/Home/Application/login.html
INFO: [ app_init ] --START--
INFO: Run Behavior\BuildLiteBehavior [ RunTime:0.000000s ]
INFO: [ app_init ] --END-- [ RunTime:0.001000s ]
INFO: [ app_begin ] --START--
INFO: Run Behavior\ReadHtmlCacheBehavior [ RunTime:0.001000s ]
INFO: [ app_begin ] --END-- [ RunTime:0.001000s ]
SQL: SHOW COLUMNS FROM `account` [ RunTime:0.0100s ]
SQL: SELECT `email` FROM `account`  [ RunTime:0.0000s ]
SQL: SELECT `username` FROM `account`  [ RunTime:0.0000s ]
SQL: SELECT `password` FROM `account` WHERE `email` = 'yuchen'  [ RunTime:0.0010s ]
NOTIC: [2] implode(): Invalid arguments passed D:\temporary folder\Personal-project\registration system using thinkphp framework\Application\Home\Controller\ApplicationController.class.php 第 73 行.
SQL: SELECT `password` FROM `account` WHERE `username` = 'yuchen'  [ RunTime:0.0000s ]
INFO: [ view_parse ] --START--
INFO: [ template_filter ] --START--
INFO: Run Behavior\ContentReplaceBehavior [ RunTime:0.000000s ]
INFO: [ template_filter ] --END-- [ RunTime:0.001000s ]
NOTIC: [2] include(errors.php): failed to open stream: No such file or directory D:\temporary folder\Personal-project\registration system using thinkphp framework\Application\Runtime\Cache\Home\ce08001826bf659e465af77c5ac813e5.php 第 13 行.
NOTIC: [2] include(errors.php): failed to open stream: No such file or directory D:\temporary folder\Personal-project\registration system using thinkphp framework\Application\Runtime\Cache\Home\ce08001826bf659e465af77c5ac813e5.php 第 13 行.
NOTIC: [2] include(): Failed opening 'errors.php' for inclusion (include_path='.;C:\php\pear') D:\temporary folder\Personal-project\registration system using thinkphp framework\Application\Runtime\Cache\Home\ce08001826bf659e465af77c5ac813e5.php 第 13 行.
INFO: Run Behavior\ParseTemplateBehavior [ RunTime:0.011001s ]
INFO: [ view_parse ] --END-- [ RunTime:0.011001s ]
INFO: [ view_filter ] --START--
INFO: Run Behavior\WriteHtmlCacheBehavior [ RunTime:0.000000s ]
INFO: [ view_filter ] --END-- [ RunTime:0.000000s ]
INFO: [ app_end ] --START--
INFO: Run Behavior\ShowPageTraceBehavior [ RunTime:0.001000s ]
INFO: [ app_end ] --END-- [ RunTime:0.001000s ]

[ 2018-12-29T09:54:41+08:00 ] 127.0.0.1 /index.php/Home/Application/login.html
INFO: [ app_init ] --START--
INFO: Run Behavior\BuildLiteBehavior [ RunTime:0.000000s ]
INFO: [ app_init ] --END-- [ RunTime:0.000000s ]
INFO: [ app_begin ] --START--
INFO: Run Behavior\ReadHtmlCacheBehavior [ RunTime:0.001000s ]
INFO: [ app_begin ] --END-- [ RunTime:0.001000s ]
SQL: SHOW COLUMNS FROM `account` [ RunTime:0.0070s ]
SQL: SELECT `email` FROM `account`  [ RunTime:0.0000s ]
SQL: SELECT `username` FROM `account`  [ RunTime:0.0010s ]
SQL: SELECT `password` FROM `account` WHERE `email` = 'yuchen'  [ RunTime:0.0000s ]
NOTIC: [2] implode(): Invalid arguments passed D:\temporary folder\Personal-project\registration system using thinkphp framework\Application\Home\Controller\ApplicationController.class.php 第 73 行.
SQL: SELECT `password` FROM `account` WHERE `username` = 'yuchen'  [ RunTime:0.0000s ]
INFO: [ view_parse ] --START--
INFO: [ template_filter ] --START--
INFO: Run Behavior\ContentReplaceBehavior [ RunTime:0.000000s ]
INFO: [ template_filter ] --END-- [ RunTime:0.000000s ]
INFO: Run Behavior\ParseTemplateBehavior [ RunTime:0.011001s ]
INFO: [ view_parse ] --END-- [ RunTime:0.011001s ]
INFO: [ view_filter ] --START--
INFO: Run Behavior\WriteHtmlCacheBehavior [ RunTime:0.001000s ]
INFO: [ view_filter ] --END-- [ RunTime:0.001000s ]
INFO: [ view_parse ] --START--
INFO: [ template_filter ] --START--
INFO: Run Behavior\ContentReplaceBehavior [ RunTime:0.000000s ]
INFO: [ template_filter ] --END-- [ RunTime:-0.005000s ]
NOTIC: [2] include(errors.php): failed to open stream: No such file or directory D:\temporary folder\Personal-project\registration system using thinkphp framework\Application\Runtime\Cache\Home\ce08001826bf659e465af77c5ac813e5.php 第 13 行.
NOTIC: [2] include(errors.php): failed to open stream: No such file or directory D:\temporary folder\Personal-project\registration system using thinkphp framework\Application\Runtime\Cache\Home\ce08001826bf659e465af77c5ac813e5.php 第 13 行.
NOTIC: [2] include(): Failed opening 'errors.php' for inclusion (include_path='.;C:\php\pear') D:\temporary folder\Personal-project\registration system using thinkphp framework\Application\Runtime\Cache\Home\ce08001826bf659e465af77c5ac813e5.php 第 13 行.
NOTIC: [8] Undefined variable: errMessage D:\temporary folder\Personal-project\registration system using thinkphp framework\Application\Runtime\Cache\Home\ce08001826bf659e465af77c5ac813e5.php 第 32 行.
INFO: Run Behavior\ParseTemplateBehavior [ RunTime:0.004000s ]
INFO: [ view_parse ] --END-- [ RunTime:-0.002000s ]
INFO: [ view_filter ] --START--
INFO: Run Behavior\WriteHtmlCacheBehavior [ RunTime:0.000000s ]
INFO: [ view_filter ] --END-- [ RunTime:-0.005000s ]
INFO: [ app_end ] --START--
INFO: Run Behavior\ShowPageTraceBehavior [ RunTime:0.001000s ]
INFO: [ app_end ] --END-- [ RunTime:0.001000s ]

[ 2018-12-29T09:54:42+08:00 ] 127.0.0.1 /index.php/Home/Application/test
INFO: [ app_init ] --START--
INFO: Run Behavior\BuildLiteBehavior [ RunTime:0.000000s ]
INFO: [ app_init ] --END-- [ RunTime:0.001000s ]
INFO: [ app_begin ] --START--
INFO: Run Behavior\ReadHtmlCacheBehavior [ RunTime:0.000000s ]
INFO: [ app_begin ] --END-- [ RunTime:0.001000s ]
INFO: [ view_parse ] --START--
INFO: [ template_filter ] --START--
INFO: Run Behavior\ContentReplaceBehavior [ RunTime:0.000000s ]
INFO: [ template_filter ] --END-- [ RunTime:0.000000s ]
NOTIC: [8] A session had already been started - ignoring session_start() D:\temporary folder\Personal-project\registration system using thinkphp framework\Application\Runtime\Cache\Home\31e61444e42dae58dcb88771f6cbe5ec.php 第 1 行.
INFO: Run Behavior\ParseTemplateBehavior [ RunTime:0.007000s ]
INFO: [ view_parse ] --END-- [ RunTime:0.008000s ]
INFO: [ view_filter ] --START--
INFO: Run Behavior\WriteHtmlCacheBehavior [ RunTime:0.000000s ]
INFO: [ view_filter ] --END-- [ RunTime:0.000000s ]
INFO: [ app_end ] --START--
INFO: Run Behavior\ShowPageTraceBehavior [ RunTime:0.001000s ]
INFO: [ app_end ] --END-- [ RunTime:0.001000s ]

[ 2018-12-29T09:54:43+08:00 ] 127.0.0.1 /index.php/Home/Application/test.html?logout=%271%27
INFO: [ app_init ] --START--
INFO: Run Behavior\BuildLiteBehavior [ RunTime:0.000000s ]
INFO: [ app_init ] --END-- [ RunTime:0.001000s ]
INFO: [ app_begin ] --START--
INFO: Run Behavior\ReadHtmlCacheBehavior [ RunTime:0.001000s ]
INFO: [ app_begin ] --END-- [ RunTime:0.001000s ]
INFO: [ view_parse ] --START--
INFO: [ template_filter ] --START--
INFO: Run Behavior\ContentReplaceBehavior [ RunTime:0.000000s ]
INFO: [ template_filter ] --END-- [ RunTime:0.000000s ]
NOTIC: [8] A session had already been started - ignoring session_start() D:\temporary folder\Personal-project\registration system using thinkphp framework\Application\Runtime\Cache\Home\31e61444e42dae58dcb88771f6cbe5ec.php 第 1 行.
INFO: Run Behavior\ParseTemplateBehavior [ RunTime:0.007001s ]
INFO: [ view_parse ] --END-- [ RunTime:0.007001s ]
INFO: [ view_filter ] --START--
INFO: Run Behavior\WriteHtmlCacheBehavior [ RunTime:0.001000s ]
INFO: [ view_filter ] --END-- [ RunTime:0.001000s ]
INFO: [ app_end ] --START--
INFO: Run Behavior\ShowPageTraceBehavior [ RunTime:0.000000s ]
INFO: [ app_end ] --END-- [ RunTime:0.000000s ]

[ 2018-12-29T09:54:43+08:00 ] 127.0.0.1 /index.php/Home/Application/login.html
INFO: [ app_init ] --START--
INFO: Run Behavior\BuildLiteBehavior [ RunTime:0.000000s ]
INFO: [ app_init ] --END-- [ RunTime:0.001000s ]
INFO: [ app_begin ] --START--
INFO: Run Behavior\ReadHtmlCacheBehavior [ RunTime:0.001000s ]
INFO: [ app_begin ] --END-- [ RunTime:0.001000s ]
INFO: [ view_parse ] --START--
INFO: [ template_filter ] --START--
INFO: Run Behavior\ContentReplaceBehavior [ RunTime:0.000000s ]
INFO: [ template_filter ] --END-- [ RunTime:0.001001s ]
NOTIC: [2] include(errors.php): failed to open stream: No such file or directory D:\temporary folder\Personal-project\registration system using thinkphp framework\Application\Runtime\Cache\Home\ce08001826bf659e465af77c5ac813e5.php 第 13 行.
NOTIC: [2] include(errors.php): failed to open stream: No such file or directory D:\temporary folder\Personal-project\registration system using thinkphp framework\Application\Runtime\Cache\Home\ce08001826bf659e465af77c5ac813e5.php 第 13 行.
NOTIC: [2] include(): Failed opening 'errors.php' for inclusion (include_path='.;C:\php\pear') D:\temporary folder\Personal-project\registration system using thinkphp framework\Application\Runtime\Cache\Home\ce08001826bf659e465af77c5ac813e5.php 第 13 行.
NOTIC: [8] Undefined variable: errMessage D:\temporary folder\Personal-project\registration system using thinkphp framework\Application\Runtime\Cache\Home\ce08001826bf659e465af77c5ac813e5.php 第 32 行.
INFO: Run Behavior\ParseTemplateBehavior [ RunTime:0.007001s ]
INFO: [ view_parse ] --END-- [ RunTime:0.007001s ]
INFO: [ view_filter ] --START--
INFO: Run Behavior\WriteHtmlCacheBehavior [ RunTime:0.001000s ]
INFO: [ view_filter ] --END-- [ RunTime:0.001000s ]
INFO: [ app_end ] --START--
INFO: Run Behavior\ShowPageTraceBehavior [ RunTime:0.001000s ]
INFO: [ app_end ] --END-- [ RunTime:0.001000s ]

[ 2018-12-29T09:55:06+08:00 ] 127.0.0.1 /index.php/Home/Application/register.html
INFO: [ app_init ] --START--
INFO: Run Behavior\BuildLiteBehavior [ RunTime:0.000000s ]
INFO: [ app_init ] --END-- [ RunTime:0.001000s ]
INFO: [ app_begin ] --START--
INFO: Run Behavior\ReadHtmlCacheBehavior [ RunTime:0.001000s ]
INFO: [ app_begin ] --END-- [ RunTime:0.001000s ]
INFO: [ view_parse ] --START--
INFO: [ template_filter ] --START--
INFO: Run Behavior\ContentReplaceBehavior [ RunTime:0.000000s ]
INFO: [ template_filter ] --END-- [ RunTime:0.000000s ]
NOTIC: [2] include(errors.php): failed to open stream: No such file or directory D:\temporary folder\Personal-project\registration system using thinkphp framework\Application\Runtime\Cache\Home\1892cd3e84dc8c99d319e166f66229fc.php 第 13 行.
NOTIC: [2] include(errors.php): failed to open stream: No such file or directory D:\temporary folder\Personal-project\registration system using thinkphp framework\Application\Runtime\Cache\Home\1892cd3e84dc8c99d319e166f66229fc.php 第 13 行.
NOTIC: [2] include(): Failed opening 'errors.php' for inclusion (include_path='.;C:\php\pear') D:\temporary folder\Personal-project\registration system using thinkphp framework\Application\Runtime\Cache\Home\1892cd3e84dc8c99d319e166f66229fc.php 第 13 行.
NOTIC: [8] Undefined variable: username D:\temporary folder\Personal-project\registration system using thinkphp framework\Application\Runtime\Cache\Home\1892cd3e84dc8c99d319e166f66229fc.php 第 16 行.
NOTIC: [8] Undefined variable: error D:\temporary folder\Personal-project\registration system using thinkphp framework\Application\Runtime\Cache\Home\1892cd3e84dc8c99d319e166f66229fc.php 第 42 行.
INFO: Run Behavior\ParseTemplateBehavior [ RunTime:0.007001s ]
INFO: [ view_parse ] --END-- [ RunTime:0.007001s ]
INFO: [ view_filter ] --START--
INFO: Run Behavior\WriteHtmlCacheBehavior [ RunTime:0.000000s ]
INFO: [ view_filter ] --END-- [ RunTime:0.001000s ]
INFO: [ app_end ] --START--
INFO: Run Behavior\ShowPageTraceBehavior [ RunTime:0.000000s ]
INFO: [ app_end ] --END-- [ RunTime:0.000000s ]

[ 2018-12-29T09:55:20+08:00 ] 127.0.0.1 /index.php/Home/Application/register.html
INFO: [ app_init ] --START--
INFO: Run Behavior\BuildLiteBehavior [ RunTime:0.000000s ]
INFO: [ app_init ] --END-- [ RunTime:0.001000s ]
INFO: [ app_begin ] --START--
INFO: Run Behavior\ReadHtmlCacheBehavior [ RunTime:0.001000s ]
INFO: [ app_begin ] --END-- [ RunTime:0.001000s ]
SQL: SHOW COLUMNS FROM `account` [ RunTime:0.0080s ]
NOTIC: [8] Undefined index: validate D:\temporary folder\Personal-project\registration system using thinkphp framework\ThinkPHP\Library\Think\Model.class.php 第 1185 行.
NOTIC: [8] Undefined index: auto D:\temporary folder\Personal-project\registration system using thinkphp framework\ThinkPHP\Library\Think\Model.class.php 第 1128 行.
SQL: SELECT * FROM `account` WHERE ( username='yuchen' ) LIMIT 1   [ RunTime:0.0000s ]
INFO: [ view_parse ] --START--
INFO: [ template_filter ] --START--
INFO: Run Behavior\ContentReplaceBehavior [ RunTime:0.000000s ]
INFO: [ template_filter ] --END-- [ RunTime:0.000000s ]
NOTIC: [2] include(errors.php): failed to open stream: No such file or directory D:\temporary folder\Personal-project\registration system using thinkphp framework\Application\Runtime\Cache\Home\1892cd3e84dc8c99d319e166f66229fc.php 第 13 行.
NOTIC: [2] include(errors.php): failed to open stream: No such file or directory D:\temporary folder\Personal-project\registration system using thinkphp framework\Application\Runtime\Cache\Home\1892cd3e84dc8c99d319e166f66229fc.php 第 13 行.
NOTIC: [2] include(): Failed opening 'errors.php' for inclusion (include_path='.;C:\php\pear') D:\temporary folder\Personal-project\registration system using thinkphp framework\Application\Runtime\Cache\Home\1892cd3e84dc8c99d319e166f66229fc.php 第 13 行.
NOTIC: [8] Undefined variable: username D:\temporary folder\Personal-project\registration system using thinkphp framework\Application\Runtime\Cache\Home\1892cd3e84dc8c99d319e166f66229fc.php 第 16 行.
INFO: Run Behavior\ParseTemplateBehavior [ RunTime:0.012001s ]
INFO: [ view_parse ] --END-- [ RunTime:0.012001s ]
INFO: [ view_filter ] --START--
INFO: Run Behavior\WriteHtmlCacheBehavior [ RunTime:0.001000s ]
INFO: [ view_filter ] --END-- [ RunTime:0.001000s ]
INFO: [ app_end ] --START--
INFO: Run Behavior\ShowPageTraceBehavior [ RunTime:0.001000s ]
INFO: [ app_end ] --END-- [ RunTime:0.001000s ]

[ 2018-12-29T10:19:19+08:00 ] 127.0.0.1 /index.php/Home/Application/register.html
INFO: [ app_init ] --START--
INFO: Run Behavior\BuildLiteBehavior [ RunTime:0.000000s ]
INFO: [ app_init ] --END-- [ RunTime:0.000000s ]
INFO: [ app_begin ] --START--
INFO: Run Behavior\ReadHtmlCacheBehavior [ RunTime:0.001000s ]
INFO: [ app_begin ] --END-- [ RunTime:0.001000s ]
SQL: SHOW COLUMNS FROM `account` [ RunTime:0.0100s ]
NOTIC: [8] Undefined index: validate D:\temporary folder\Personal-project\registration system using thinkphp framework\ThinkPHP\Library\Think\Model.class.php 第 1185 行.
NOTIC: [8] Undefined index: auto D:\temporary folder\Personal-project\registration system using thinkphp framework\ThinkPHP\Library\Think\Model.class.php 第 1128 行.
SQL: SELECT * FROM `account` WHERE ( username='tanaka_hime' ) LIMIT 1   [ RunTime:0.0010s ]
SQL: INSERT INTO `account` (`username`,`password`,`email`) VALUES ('tanaka_hime','Echo','komaniki@HH.com') [ RunTime:0.0010s ]
INFO: [ view_parse ] --START--
INFO: [ template_filter ] --START--
INFO: Run Behavior\ContentReplaceBehavior [ RunTime:0.000000s ]
INFO: [ template_filter ] --END-- [ RunTime:0.000000s ]
INFO: Run Behavior\ParseTemplateBehavior [ RunTime:0.027001s ]
INFO: [ view_parse ] --END-- [ RunTime:0.027001s ]
INFO: [ view_filter ] --START--
INFO: Run Behavior\WriteHtmlCacheBehavior [ RunTime:0.001000s ]
INFO: [ view_filter ] --END-- [ RunTime:0.001000s ]
INFO: [ view_parse ] --START--
INFO: [ template_filter ] --START--
INFO: Run Behavior\ContentReplaceBehavior [ RunTime:0.001001s ]
INFO: [ template_filter ] --END-- [ RunTime:-0.003000s ]
NOTIC: [2] include(errors.php): failed to open stream: No such file or directory D:\temporary folder\Personal-project\registration system using thinkphp framework\Application\Runtime\Cache\Home\1892cd3e84dc8c99d319e166f66229fc.php 第 13 行.
NOTIC: [2] include(errors.php): failed to open stream: No such file or directory D:\temporary folder\Personal-project\registration system using thinkphp framework\Application\Runtime\Cache\Home\1892cd3e84dc8c99d319e166f66229fc.php 第 13 行.
NOTIC: [2] include(): Failed opening 'errors.php' for inclusion (include_path='.;C:\php\pear') D:\temporary folder\Personal-project\registration system using thinkphp framework\Application\Runtime\Cache\Home\1892cd3e84dc8c99d319e166f66229fc.php 第 13 行.
NOTIC: [8] Undefined variable: username D:\temporary folder\Personal-project\registration system using thinkphp framework\Application\Runtime\Cache\Home\1892cd3e84dc8c99d319e166f66229fc.php 第 16 行.
NOTIC: [8] Undefined variable: error D:\temporary folder\Personal-project\registration system using thinkphp framework\Application\Runtime\Cache\Home\1892cd3e84dc8c99d319e166f66229fc.php 第 42 行.
INFO: Run Behavior\ParseTemplateBehavior [ RunTime:0.003001s ]
INFO: [ view_parse ] --END-- [ RunTime:-0.001000s ]
INFO: [ view_filter ] --START--
INFO: Run Behavior\WriteHtmlCacheBehavior [ RunTime:0.000000s ]
INFO: [ view_filter ] --END-- [ RunTime:-0.003001s ]
INFO: [ app_end ] --START--
INFO: Run Behavior\ShowPageTraceBehavior [ RunTime:0.001000s ]
INFO: [ app_end ] --END-- [ RunTime:0.001000s ]

[ 2018-12-29T10:19:20+08:00 ] 127.0.0.1 /index.php/Home/Application/test
INFO: [ app_init ] --START--
INFO: Run Behavior\BuildLiteBehavior [ RunTime:0.000000s ]
INFO: [ app_init ] --END-- [ RunTime:0.001000s ]
INFO: [ app_begin ] --START--
INFO: Run Behavior\ReadHtmlCacheBehavior [ RunTime:0.001000s ]
INFO: [ app_begin ] --END-- [ RunTime:0.001000s ]
INFO: [ view_parse ] --START--
INFO: [ template_filter ] --START--
INFO: Run Behavior\ContentReplaceBehavior [ RunTime:0.000000s ]
INFO: [ template_filter ] --END-- [ RunTime:0.000000s ]
NOTIC: [8] A session had already been started - ignoring session_start() D:\temporary folder\Personal-project\registration system using thinkphp framework\Application\Runtime\Cache\Home\31e61444e42dae58dcb88771f6cbe5ec.php 第 1 行.
INFO: Run Behavior\ParseTemplateBehavior [ RunTime:0.007000s ]
INFO: [ view_parse ] --END-- [ RunTime:0.007000s ]
INFO: [ view_filter ] --START--
INFO: Run Behavior\WriteHtmlCacheBehavior [ RunTime:0.000000s ]
INFO: [ view_filter ] --END-- [ RunTime:0.000000s ]
INFO: [ app_end ] --START--
INFO: Run Behavior\ShowPageTraceBehavior [ RunTime:0.000000s ]
INFO: [ app_end ] --END-- [ RunTime:0.000000s ]

[ 2018-12-29T10:19:41+08:00 ] 127.0.0.1 /index.php/Home/Application/test.html?logout=%271%27
INFO: [ app_init ] --START--
INFO: Run Behavior\BuildLiteBehavior [ RunTime:0.000000s ]
INFO: [ app_init ] --END-- [ RunTime:0.001000s ]
INFO: [ app_begin ] --START--
INFO: Run Behavior\ReadHtmlCacheBehavior [ RunTime:0.001000s ]
INFO: [ app_begin ] --END-- [ RunTime:0.001000s ]
INFO: [ view_parse ] --START--
INFO: [ template_filter ] --START--
INFO: Run Behavior\ContentReplaceBehavior [ RunTime:0.000000s ]
INFO: [ template_filter ] --END-- [ RunTime:0.000000s ]
NOTIC: [8] A session had already been started - ignoring session_start() D:\temporary folder\Personal-project\registration system using thinkphp framework\Application\Runtime\Cache\Home\31e61444e42dae58dcb88771f6cbe5ec.php 第 1 行.
INFO: Run Behavior\ParseTemplateBehavior [ RunTime:0.006001s ]
INFO: [ view_parse ] --END-- [ RunTime:0.006001s ]
INFO: [ view_filter ] --START--
INFO: Run Behavior\WriteHtmlCacheBehavior [ RunTime:0.001000s ]
INFO: [ view_filter ] --END-- [ RunTime:0.001000s ]
INFO: [ app_end ] --START--
INFO: Run Behavior\ShowPageTraceBehavior [ RunTime:0.001000s ]
INFO: [ app_end ] --END-- [ RunTime:0.001000s ]

[ 2018-12-29T10:19:41+08:00 ] 127.0.0.1 /index.php/Home/Application/login.html
INFO: [ app_init ] --START--
INFO: Run Behavior\BuildLiteBehavior [ RunTime:0.000000s ]
INFO: [ app_init ] --END-- [ RunTime:0.001000s ]
INFO: [ app_begin ] --START--
INFO: Run Behavior\ReadHtmlCacheBehavior [ RunTime:0.001000s ]
INFO: [ app_begin ] --END-- [ RunTime:0.001000s ]
INFO: [ view_parse ] --START--
INFO: [ template_filter ] --START--
INFO: Run Behavior\ContentReplaceBehavior [ RunTime:0.000000s ]
INFO: [ template_filter ] --END-- [ RunTime:0.000000s ]
NOTIC: [2] include(errors.php): failed to open stream: No such file or directory D:\temporary folder\Personal-project\registration system using thinkphp framework\Application\Runtime\Cache\Home\ce08001826bf659e465af77c5ac813e5.php 第 13 行.
NOTIC: [2] include(errors.php): failed to open stream: No such file or directory D:\temporary folder\Personal-project\registration system using thinkphp framework\Application\Runtime\Cache\Home\ce08001826bf659e465af77c5ac813e5.php 第 13 行.
NOTIC: [2] include(): Failed opening 'errors.php' for inclusion (include_path='.;C:\php\pear') D:\temporary folder\Personal-project\registration system using thinkphp framework\Application\Runtime\Cache\Home\ce08001826bf659e465af77c5ac813e5.php 第 13 行.
NOTIC: [8] Undefined variable: errMessage D:\temporary folder\Personal-project\registration system using thinkphp framework\Application\Runtime\Cache\Home\ce08001826bf659e465af77c5ac813e5.php 第 32 行.
INFO: Run Behavior\ParseTemplateBehavior [ RunTime:0.006001s ]
INFO: [ view_parse ] --END-- [ RunTime:0.006001s ]
INFO: [ view_filter ] --START--
INFO: Run Behavior\WriteHtmlCacheBehavior [ RunTime:0.001000s ]
INFO: [ view_filter ] --END-- [ RunTime:0.001000s ]
INFO: [ app_end ] --START--
INFO: Run Behavior\ShowPageTraceBehavior [ RunTime:0.001000s ]
INFO: [ app_end ] --END-- [ RunTime:0.001000s ]

[ 2018-12-29T10:19:42+08:00 ] 127.0.0.1 /index.php/Home/Application/register.html
INFO: [ app_init ] --START--
INFO: Run Behavior\BuildLiteBehavior [ RunTime:0.000000s ]
INFO: [ app_init ] --END-- [ RunTime:0.001000s ]
INFO: [ app_begin ] --START--
INFO: Run Behavior\ReadHtmlCacheBehavior [ RunTime:0.001000s ]
INFO: [ app_begin ] --END-- [ RunTime:0.001000s ]
INFO: [ view_parse ] --START--
INFO: [ template_filter ] --START--
INFO: Run Behavior\ContentReplaceBehavior [ RunTime:0.000000s ]
INFO: [ template_filter ] --END-- [ RunTime:0.000000s ]
NOTIC: [2] include(errors.php): failed to open stream: No such file or directory D:\temporary folder\Personal-project\registration system using thinkphp framework\Application\Runtime\Cache\Home\1892cd3e84dc8c99d319e166f66229fc.php 第 13 行.
NOTIC: [2] include(errors.php): failed to open stream: No such file or directory D:\temporary folder\Personal-project\registration system using thinkphp framework\Application\Runtime\Cache\Home\1892cd3e84dc8c99d319e166f66229fc.php 第 13 行.
NOTIC: [2] include(): Failed opening 'errors.php' for inclusion (include_path='.;C:\php\pear') D:\temporary folder\Personal-project\registration system using thinkphp framework\Application\Runtime\Cache\Home\1892cd3e84dc8c99d319e166f66229fc.php 第 13 行.
NOTIC: [8] Undefined variable: username D:\temporary folder\Personal-project\registration system using thinkphp framework\Application\Runtime\Cache\Home\1892cd3e84dc8c99d319e166f66229fc.php 第 16 行.
NOTIC: [8] Undefined variable: error D:\temporary folder\Personal-project\registration system using thinkphp framework\Application\Runtime\Cache\Home\1892cd3e84dc8c99d319e166f66229fc.php 第 42 行.
INFO: Run Behavior\ParseTemplateBehavior [ RunTime:0.008001s ]
INFO: [ view_parse ] --END-- [ RunTime:0.008001s ]
INFO: [ view_filter ] --START--
INFO: Run Behavior\WriteHtmlCacheBehavior [ RunTime:0.001000s ]
INFO: [ view_filter ] --END-- [ RunTime:0.001000s ]
INFO: [ app_end ] --START--
INFO: Run Behavior\ShowPageTraceBehavior [ RunTime:0.001000s ]
INFO: [ app_end ] --END-- [ RunTime:0.001000s ]

[ 2018-12-29T10:22:53+08:00 ] 127.0.0.1 /index.php/Home/Application/register.html
INFO: [ app_init ] --START--
INFO: Run Behavior\BuildLiteBehavior [ RunTime:0.000000s ]
INFO: [ app_init ] --END-- [ RunTime:0.001000s ]
INFO: [ app_begin ] --START--
INFO: Run Behavior\ReadHtmlCacheBehavior [ RunTime:0.001000s ]
INFO: [ app_begin ] --END-- [ RunTime:0.001000s ]
SQL: SHOW COLUMNS FROM `account` [ RunTime:0.0110s ]
NOTIC: [8] Undefined index: validate D:\temporary folder\Personal-project\registration system using thinkphp framework\ThinkPHP\Library\Think\Model.class.php 第 1185 行.
NOTIC: [8] Undefined index: auto D:\temporary folder\Personal-project\registration system using thinkphp framework\ThinkPHP\Library\Think\Model.class.php 第 1128 行.
SQL: SELECT * FROM `account` WHERE ( username='tanaka_hime' ) LIMIT 1   [ RunTime:0.0010s ]
SQL: INSERT INTO `account` (`username`,`password`,`email`) VALUES ('tanaka_hime','Echo','komaniki@HH.com') [ RunTime:0.0010s ]
INFO: [ view_parse ] --START--
INFO: [ template_filter ] --START--
INFO: Run Behavior\ContentReplaceBehavior [ RunTime:0.000000s ]
INFO: [ template_filter ] --END-- [ RunTime:0.000000s ]
INFO: Run Behavior\ParseTemplateBehavior [ RunTime:0.011000s ]
INFO: [ view_parse ] --END-- [ RunTime:0.011000s ]
INFO: [ view_filter ] --START--
INFO: Run Behavior\WriteHtmlCacheBehavior [ RunTime:0.001001s ]
INFO: [ view_filter ] --END-- [ RunTime:0.001001s ]
INFO: [ view_parse ] --START--
INFO: [ template_filter ] --START--
INFO: Run Behavior\ContentReplaceBehavior [ RunTime:0.000000s ]
INFO: [ template_filter ] --END-- [ RunTime:-0.006001s ]
NOTIC: [2] include(errors.php): failed to open stream: No such file or directory D:\temporary folder\Personal-project\registration system using thinkphp framework\Application\Runtime\Cache\Home\1892cd3e84dc8c99d319e166f66229fc.php 第 13 行.
NOTIC: [2] include(errors.php): failed to open stream: No such file or directory D:\temporary folder\Personal-project\registration system using thinkphp framework\Application\Runtime\Cache\Home\1892cd3e84dc8c99d319e166f66229fc.php 第 13 行.
NOTIC: [2] include(): Failed opening 'errors.php' for inclusion (include_path='.;C:\php\pear') D:\temporary folder\Personal-project\registration system using thinkphp framework\Application\Runtime\Cache\Home\1892cd3e84dc8c99d319e166f66229fc.php 第 13 行.
NOTIC: [8] Undefined variable: username D:\temporary folder\Personal-project\registration system using thinkphp framework\Application\Runtime\Cache\Home\1892cd3e84dc8c99d319e166f66229fc.php 第 16 行.
NOTIC: [8] Undefined variable: error D:\temporary folder\Personal-project\registration system using thinkphp framework\Application\Runtime\Cache\Home\1892cd3e84dc8c99d319e166f66229fc.php 第 42 行.
INFO: Run Behavior\ParseTemplateBehavior [ RunTime:0.005000s ]
INFO: [ view_parse ] --END-- [ RunTime:-0.002001s ]
INFO: [ view_filter ] --START--
INFO: Run Behavior\WriteHtmlCacheBehavior [ RunTime:0.000000s ]
INFO: [ view_filter ] --END-- [ RunTime:-0.006000s ]
INFO: [ app_end ] --START--
INFO: Run Behavior\ShowPageTraceBehavior [ RunTime:0.001000s ]
INFO: [ app_end ] --END-- [ RunTime:0.001000s ]

[ 2018-12-29T10:22:54+08:00 ] 127.0.0.1 /index.php/Home/Application/test
INFO: [ app_init ] --START--
INFO: Run Behavior\BuildLiteBehavior [ RunTime:0.000000s ]
INFO: [ app_init ] --END-- [ RunTime:0.001000s ]
INFO: [ app_begin ] --START--
INFO: Run Behavior\ReadHtmlCacheBehavior [ RunTime:0.000000s ]
INFO: [ app_begin ] --END-- [ RunTime:0.001000s ]
INFO: [ view_parse ] --START--
INFO: [ template_filter ] --START--
INFO: Run Behavior\ContentReplaceBehavior [ RunTime:0.000000s ]
INFO: [ template_filter ] --END-- [ RunTime:0.000000s ]
NOTIC: [8] A session had already been started - ignoring session_start() D:\temporary folder\Personal-project\registration system using thinkphp framework\Application\Runtime\Cache\Home\31e61444e42dae58dcb88771f6cbe5ec.php 第 1 行.
INFO: Run Behavior\ParseTemplateBehavior [ RunTime:0.007001s ]
INFO: [ view_parse ] --END-- [ RunTime:0.007001s ]
INFO: [ view_filter ] --START--
INFO: Run Behavior\WriteHtmlCacheBehavior [ RunTime:0.001000s ]
INFO: [ view_filter ] --END-- [ RunTime:0.001000s ]
INFO: [ app_end ] --START--
INFO: Run Behavior\ShowPageTraceBehavior [ RunTime:0.001000s ]
INFO: [ app_end ] --END-- [ RunTime:0.001000s ]

[ 2018-12-29T10:32:32+08:00 ] 127.0.0.1 /index.php/Home/Application/test.html?logout=%271%27
INFO: [ app_init ] --START--
INFO: Run Behavior\BuildLiteBehavior [ RunTime:0.000000s ]
INFO: [ app_init ] --END-- [ RunTime:0.000000s ]
INFO: [ app_begin ] --START--
INFO: Run Behavior\ReadHtmlCacheBehavior [ RunTime:0.001000s ]
INFO: [ app_begin ] --END-- [ RunTime:0.001000s ]
INFO: [ view_parse ] --START--
INFO: [ template_filter ] --START--
INFO: Run Behavior\ContentReplaceBehavior [ RunTime:0.000000s ]
INFO: [ template_filter ] --END-- [ RunTime:0.000000s ]
NOTIC: [8] A session had already been started - ignoring session_start() D:\temporary folder\Personal-project\registration system using thinkphp framework\Application\Runtime\Cache\Home\31e61444e42dae58dcb88771f6cbe5ec.php 第 1 行.
INFO: Run Behavior\ParseTemplateBehavior [ RunTime:0.019001s ]
INFO: [ view_parse ] --END-- [ RunTime:0.019001s ]
INFO: [ view_filter ] --START--
INFO: Run Behavior\WriteHtmlCacheBehavior [ RunTime:0.001000s ]
INFO: [ view_filter ] --END-- [ RunTime:0.001000s ]
INFO: [ app_end ] --START--
INFO: Run Behavior\ShowPageTraceBehavior [ RunTime:0.000000s ]
INFO: [ app_end ] --END-- [ RunTime:0.000000s ]

[ 2018-12-29T10:32:32+08:00 ] 127.0.0.1 /index.php/Home/Application/login.html
INFO: [ app_init ] --START--
INFO: Run Behavior\BuildLiteBehavior [ RunTime:0.000000s ]
INFO: [ app_init ] --END-- [ RunTime:0.000000s ]
INFO: [ app_begin ] --START--
INFO: Run Behavior\ReadHtmlCacheBehavior [ RunTime:0.001000s ]
INFO: [ app_begin ] --END-- [ RunTime:0.001000s ]
INFO: [ view_parse ] --START--
INFO: [ template_filter ] --START--
INFO: Run Behavior\ContentReplaceBehavior [ RunTime:0.000000s ]
INFO: [ template_filter ] --END-- [ RunTime:0.000000s ]
NOTIC: [2] include(errors.php): failed to open stream: No such file or directory D:\temporary folder\Personal-project\registration system using thinkphp framework\Application\Runtime\Cache\Home\ce08001826bf659e465af77c5ac813e5.php 第 13 行.
NOTIC: [2] include(errors.php): failed to open stream: No such file or directory D:\temporary folder\Personal-project\registration system using thinkphp framework\Application\Runtime\Cache\Home\ce08001826bf659e465af77c5ac813e5.php 第 13 行.
NOTIC: [2] include(): Failed opening 'errors.php' for inclusion (include_path='.;C:\php\pear') D:\temporary folder\Personal-project\registration system using thinkphp framework\Application\Runtime\Cache\Home\ce08001826bf659e465af77c5ac813e5.php 第 13 行.
NOTIC: [8] Undefined variable: errMessage D:\temporary folder\Personal-project\registration system using thinkphp framework\Application\Runtime\Cache\Home\ce08001826bf659e465af77c5ac813e5.php 第 32 行.
INFO: Run Behavior\ParseTemplateBehavior [ RunTime:0.006001s ]
INFO: [ view_parse ] --END-- [ RunTime:0.006001s ]
INFO: [ view_filter ] --START--
INFO: Run Behavior\WriteHtmlCacheBehavior [ RunTime:0.000000s ]
INFO: [ view_filter ] --END-- [ RunTime:0.000000s ]
INFO: [ app_end ] --START--
INFO: Run Behavior\ShowPageTraceBehavior [ RunTime:0.000000s ]
INFO: [ app_end ] --END-- [ RunTime:0.001000s ]

[ 2018-12-29T10:32:39+08:00 ] 127.0.0.1 /index.php/Home/Application/register
INFO: [ app_init ] --START--
INFO: Run Behavior\BuildLiteBehavior [ RunTime:0.001000s ]
INFO: [ app_init ] --END-- [ RunTime:0.001000s ]
INFO: [ app_begin ] --START--
INFO: Run Behavior\ReadHtmlCacheBehavior [ RunTime:0.001000s ]
INFO: [ app_begin ] --END-- [ RunTime:0.001000s ]
INFO: [ view_parse ] --START--
INFO: [ template_filter ] --START--
INFO: Run Behavior\ContentReplaceBehavior [ RunTime:0.000000s ]
INFO: [ template_filter ] --END-- [ RunTime:0.000000s ]
NOTIC: [2] include(errors.php): failed to open stream: No such file or directory D:\temporary folder\Personal-project\registration system using thinkphp framework\Application\Runtime\Cache\Home\1892cd3e84dc8c99d319e166f66229fc.php 第 13 行.
NOTIC: [2] include(errors.php): failed to open stream: No such file or directory D:\temporary folder\Personal-project\registration system using thinkphp framework\Application\Runtime\Cache\Home\1892cd3e84dc8c99d319e166f66229fc.php 第 13 行.
NOTIC: [2] include(): Failed opening 'errors.php' for inclusion (include_path='.;C:\php\pear') D:\temporary folder\Personal-project\registration system using thinkphp framework\Application\Runtime\Cache\Home\1892cd3e84dc8c99d319e166f66229fc.php 第 13 行.
NOTIC: [8] Undefined variable: username D:\temporary folder\Personal-project\registration system using thinkphp framework\Application\Runtime\Cache\Home\1892cd3e84dc8c99d319e166f66229fc.php 第 16 行.
NOTIC: [8] Undefined variable: error D:\temporary folder\Personal-project\registration system using thinkphp framework\Application\Runtime\Cache\Home\1892cd3e84dc8c99d319e166f66229fc.php 第 42 行.
INFO: Run Behavior\ParseTemplateBehavior [ RunTime:0.008001s ]
INFO: [ view_parse ] --END-- [ RunTime:0.008001s ]
INFO: [ view_filter ] --START--
INFO: Run Behavior\WriteHtmlCacheBehavior [ RunTime:0.001000s ]
INFO: [ view_filter ] --END-- [ RunTime:0.001000s ]
INFO: [ app_end ] --START--
INFO: Run Behavior\ShowPageTraceBehavior [ RunTime:0.001000s ]
INFO: [ app_end ] --END-- [ RunTime:0.001000s ]

[ 2018-12-29T10:32:53+08:00 ] 127.0.0.1 /index.php/Home/Application/register.html
INFO: [ app_init ] --START--
INFO: Run Behavior\BuildLiteBehavior [ RunTime:0.000000s ]
INFO: [ app_init ] --END-- [ RunTime:0.000000s ]
INFO: [ app_begin ] --START--
INFO: Run Behavior\ReadHtmlCacheBehavior [ RunTime:0.001000s ]
INFO: [ app_begin ] --END-- [ RunTime:0.001000s ]
SQL: SHOW COLUMNS FROM `account` [ RunTime:0.0090s ]
NOTIC: [8] Undefined index: validate D:\temporary folder\Personal-project\registration system using thinkphp framework\ThinkPHP\Library\Think\Model.class.php 第 1185 行.
NOTIC: [8] Undefined index: auto D:\temporary folder\Personal-project\registration system using thinkphp framework\ThinkPHP\Library\Think\Model.class.php 第 1128 行.
SQL: SELECT * FROM `account` WHERE ( username='tanaka_hime' ) LIMIT 1   [ RunTime:0.0010s ]
SQL: INSERT INTO `account` (`username`,`password`,`email`) VALUES ('tanaka_hime','Echo','komaniki@HH.com') [ RunTime:0.0010s ]
INFO: [ view_parse ] --START--
INFO: [ template_filter ] --START--
INFO: Run Behavior\ContentReplaceBehavior [ RunTime:0.000000s ]
INFO: [ template_filter ] --END-- [ RunTime:0.000000s ]
INFO: Run Behavior\ParseTemplateBehavior [ RunTime:0.011000s ]
INFO: [ view_parse ] --END-- [ RunTime:0.011000s ]
INFO: [ view_filter ] --START--
INFO: Run Behavior\WriteHtmlCacheBehavior [ RunTime:0.001000s ]
INFO: [ view_filter ] --END-- [ RunTime:0.001000s ]
INFO: [ view_parse ] --START--
INFO: [ template_filter ] --START--
INFO: Run Behavior\ContentReplaceBehavior [ RunTime:0.000000s ]
INFO: [ template_filter ] --END-- [ RunTime:-0.006000s ]
NOTIC: [2] include(errors.php): failed to open stream: No such file or directory D:\temporary folder\Personal-project\registration system using thinkphp framework\Application\Runtime\Cache\Home\1892cd3e84dc8c99d319e166f66229fc.php 第 13 行.
NOTIC: [2] include(errors.php): failed to open stream: No such file or directory D:\temporary folder\Personal-project\registration system using thinkphp framework\Application\Runtime\Cache\Home\1892cd3e84dc8c99d319e166f66229fc.php 第 13 行.
NOTIC: [2] include(): Failed opening 'errors.php' for inclusion (include_path='.;C:\php\pear') D:\temporary folder\Personal-project\registration system using thinkphp framework\Application\Runtime\Cache\Home\1892cd3e84dc8c99d319e166f66229fc.php 第 13 行.
NOTIC: [8] Undefined variable: username D:\temporary folder\Personal-project\registration system using thinkphp framework\Application\Runtime\Cache\Home\1892cd3e84dc8c99d319e166f66229fc.php 第 16 行.
NOTIC: [8] Undefined variable: error D:\temporary folder\Personal-project\registration system using thinkphp framework\Application\Runtime\Cache\Home\1892cd3e84dc8c99d319e166f66229fc.php 第 42 行.
INFO: Run Behavior\ParseTemplateBehavior [ RunTime:0.005001s ]
INFO: [ view_parse ] --END-- [ RunTime:-0.001000s ]
INFO: [ view_filter ] --START--
INFO: Run Behavior\WriteHtmlCacheBehavior [ RunTime:0.000000s ]
INFO: [ view_filter ] --END-- [ RunTime:-0.005001s ]
INFO: [ app_end ] --START--
INFO: Run Behavior\ShowPageTraceBehavior [ RunTime:0.001000s ]
INFO: [ app_end ] --END-- [ RunTime:0.001000s ]

[ 2018-12-29T10:32:55+08:00 ] 127.0.0.1 /index.php/Home/Application/test
INFO: [ app_init ] --START--
INFO: Run Behavior\BuildLiteBehavior [ RunTime:0.000000s ]
INFO: [ app_init ] --END-- [ RunTime:0.000000s ]
INFO: [ app_begin ] --START--
INFO: Run Behavior\ReadHtmlCacheBehavior [ RunTime:0.000000s ]
INFO: [ app_begin ] --END-- [ RunTime:0.000000s ]
INFO: [ view_parse ] --START--
INFO: [ template_filter ] --START--
INFO: Run Behavior\ContentReplaceBehavior [ RunTime:0.000000s ]
INFO: [ template_filter ] --END-- [ RunTime:0.000000s ]
NOTIC: [8] A session had already been started - ignoring session_start() D:\temporary folder\Personal-project\registration system using thinkphp framework\Application\Runtime\Cache\Home\31e61444e42dae58dcb88771f6cbe5ec.php 第 1 行.
INFO: Run Behavior\ParseTemplateBehavior [ RunTime:0.005000s ]
INFO: [ view_parse ] --END-- [ RunTime:0.005000s ]
INFO: [ view_filter ] --START--
INFO: Run Behavior\WriteHtmlCacheBehavior [ RunTime:0.001000s ]
INFO: [ view_filter ] --END-- [ RunTime:0.001000s ]
INFO: [ app_end ] --START--
INFO: Run Behavior\ShowPageTraceBehavior [ RunTime:0.001000s ]
INFO: [ app_end ] --END-- [ RunTime:0.001000s ]

[ 2018-12-29T10:36:06+08:00 ] 127.0.0.1 /index.php/Home/Application/register
INFO: [ app_init ] --START--
INFO: Run Behavior\BuildLiteBehavior [ RunTime:0.000000s ]
INFO: [ app_init ] --END-- [ RunTime:0.000000s ]
INFO: [ app_begin ] --START--
INFO: Run Behavior\ReadHtmlCacheBehavior [ RunTime:0.000000s ]
INFO: [ app_begin ] --END-- [ RunTime:0.000000s ]
INFO: [ view_parse ] --START--
INFO: [ template_filter ] --START--
INFO: Run Behavior\ContentReplaceBehavior [ RunTime:0.000000s ]
INFO: [ template_filter ] --END-- [ RunTime:0.000000s ]
NOTIC: [2] include(errors.php): failed to open stream: No such file or directory D:\temporary folder\Personal-project\registration system using thinkphp framework\Application\Runtime\Cache\Home\1892cd3e84dc8c99d319e166f66229fc.php 第 13 行.
NOTIC: [2] include(errors.php): failed to open stream: No such file or directory D:\temporary folder\Personal-project\registration system using thinkphp framework\Application\Runtime\Cache\Home\1892cd3e84dc8c99d319e166f66229fc.php 第 13 行.
NOTIC: [2] include(): Failed opening 'errors.php' for inclusion (include_path='.;C:\php\pear') D:\temporary folder\Personal-project\registration system using thinkphp framework\Application\Runtime\Cache\Home\1892cd3e84dc8c99d319e166f66229fc.php 第 13 行.
NOTIC: [8] Undefined variable: username D:\temporary folder\Personal-project\registration system using thinkphp framework\Application\Runtime\Cache\Home\1892cd3e84dc8c99d319e166f66229fc.php 第 16 行.
NOTIC: [8] Undefined variable: error D:\temporary folder\Personal-project\registration system using thinkphp framework\Application\Runtime\Cache\Home\1892cd3e84dc8c99d319e166f66229fc.php 第 42 行.
INFO: Run Behavior\ParseTemplateBehavior [ RunTime:0.007000s ]
INFO: [ view_parse ] --END-- [ RunTime:0.007000s ]
INFO: [ view_filter ] --START--
INFO: Run Behavior\WriteHtmlCacheBehavior [ RunTime:0.001000s ]
INFO: [ view_filter ] --END-- [ RunTime:0.001000s ]
INFO: [ app_end ] --START--
INFO: Run Behavior\ShowPageTraceBehavior [ RunTime:0.001000s ]
INFO: [ app_end ] --END-- [ RunTime:0.001000s ]

[ 2018-12-29T10:36:31+08:00 ] 127.0.0.1 /index.php/Home/Application/register.html
INFO: [ app_init ] --START--
INFO: Run Behavior\BuildLiteBehavior [ RunTime:0.001000s ]
INFO: [ app_init ] --END-- [ RunTime:0.001000s ]
INFO: [ app_begin ] --START--
INFO: Run Behavior\ReadHtmlCacheBehavior [ RunTime:0.001000s ]
INFO: [ app_begin ] --END-- [ RunTime:0.001000s ]
SQL: SHOW COLUMNS FROM `account` [ RunTime:0.0090s ]
NOTIC: [8] Undefined index: validate D:\temporary folder\Personal-project\registration system using thinkphp framework\ThinkPHP\Library\Think\Model.class.php 第 1185 行.
NOTIC: [8] Undefined index: auto D:\temporary folder\Personal-project\registration system using thinkphp framework\ThinkPHP\Library\Think\Model.class.php 第 1128 行.
SQL: SELECT * FROM `account` WHERE ( username='tanaka_hime' ) LIMIT 1   [ RunTime:0.0010s ]
SQL: INSERT INTO `account` (`username`,`password`,`email`) VALUES ('tanaka_hime','d40af69e37283079f1851ee572353279','komaniki@HH.com') [ RunTime:0.0010s ]
INFO: [ view_parse ] --START--
INFO: [ template_filter ] --START--
INFO: Run Behavior\ContentReplaceBehavior [ RunTime:0.000000s ]
INFO: [ template_filter ] --END-- [ RunTime:0.000000s ]
INFO: Run Behavior\ParseTemplateBehavior [ RunTime:0.011001s ]
INFO: [ view_parse ] --END-- [ RunTime:0.011001s ]
INFO: [ view_filter ] --START--
INFO: Run Behavior\WriteHtmlCacheBehavior [ RunTime:0.001000s ]
INFO: [ view_filter ] --END-- [ RunTime:0.001000s ]
INFO: [ view_parse ] --START--
INFO: [ template_filter ] --START--
INFO: Run Behavior\ContentReplaceBehavior [ RunTime:0.000000s ]
INFO: [ template_filter ] --END-- [ RunTime:-0.005000s ]
NOTIC: [2] include(errors.php): failed to open stream: No such file or directory D:\temporary folder\Personal-project\registration system using thinkphp framework\Application\Runtime\Cache\Home\1892cd3e84dc8c99d319e166f66229fc.php 第 13 行.
NOTIC: [2] include(errors.php): failed to open stream: No such file or directory D:\temporary folder\Personal-project\registration system using thinkphp framework\Application\Runtime\Cache\Home\1892cd3e84dc8c99d319e166f66229fc.php 第 13 行.
NOTIC: [2] include(): Failed opening 'errors.php' for inclusion (include_path='.;C:\php\pear') D:\temporary folder\Personal-project\registration system using thinkphp framework\Application\Runtime\Cache\Home\1892cd3e84dc8c99d319e166f66229fc.php 第 13 行.
NOTIC: [8] Undefined variable: username D:\temporary folder\Personal-project\registration system using thinkphp framework\Application\Runtime\Cache\Home\1892cd3e84dc8c99d319e166f66229fc.php 第 16 行.
NOTIC: [8] Undefined variable: error D:\temporary folder\Personal-project\registration system using thinkphp framework\Application\Runtime\Cache\Home\1892cd3e84dc8c99d319e166f66229fc.php 第 42 行.
INFO: Run Behavior\ParseTemplateBehavior [ RunTime:0.004000s ]
INFO: [ view_parse ] --END-- [ RunTime:-0.001000s ]
INFO: [ view_filter ] --START--
INFO: Run Behavior\WriteHtmlCacheBehavior [ RunTime:0.000000s ]
INFO: [ view_filter ] --END-- [ RunTime:-0.004000s ]
INFO: [ app_end ] --START--
INFO: Run Behavior\ShowPageTraceBehavior [ RunTime:0.001000s ]
INFO: [ app_end ] --END-- [ RunTime:0.001000s ]

[ 2018-12-29T10:36:32+08:00 ] 127.0.0.1 /index.php/Home/Application/test
INFO: [ app_init ] --START--
INFO: Run Behavior\BuildLiteBehavior [ RunTime:0.000000s ]
INFO: [ app_init ] --END-- [ RunTime:0.001000s ]
INFO: [ app_begin ] --START--
INFO: Run Behavior\ReadHtmlCacheBehavior [ RunTime:0.001000s ]
INFO: [ app_begin ] --END-- [ RunTime:0.001000s ]
INFO: [ view_parse ] --START--
INFO: [ template_filter ] --START--
INFO: Run Behavior\ContentReplaceBehavior [ RunTime:0.000000s ]
INFO: [ template_filter ] --END-- [ RunTime:0.000000s ]
NOTIC: [8] A session had already been started - ignoring session_start() D:\temporary folder\Personal-project\registration system using thinkphp framework\Application\Runtime\Cache\Home\31e61444e42dae58dcb88771f6cbe5ec.php 第 1 行.
INFO: Run Behavior\ParseTemplateBehavior [ RunTime:0.007000s ]
INFO: [ view_parse ] --END-- [ RunTime:0.007000s ]
INFO: [ view_filter ] --START--
INFO: Run Behavior\WriteHtmlCacheBehavior [ RunTime:0.000000s ]
INFO: [ view_filter ] --END-- [ RunTime:0.000000s ]
INFO: [ app_end ] --START--
INFO: Run Behavior\ShowPageTraceBehavior [ RunTime:0.001000s ]
INFO: [ app_end ] --END-- [ RunTime:0.001000s ]

[ 2018-12-29T10:36:46+08:00 ] 127.0.0.1 /index.php/Home/Application/test.html?logout=%271%27
INFO: [ app_init ] --START--
INFO: Run Behavior\BuildLiteBehavior [ RunTime:0.000000s ]
INFO: [ app_init ] --END-- [ RunTime:0.000000s ]
INFO: [ app_begin ] --START--
INFO: Run Behavior\ReadHtmlCacheBehavior [ RunTime:0.001000s ]
INFO: [ app_begin ] --END-- [ RunTime:0.001000s ]
INFO: [ view_parse ] --START--
INFO: [ template_filter ] --START--
INFO: Run Behavior\ContentReplaceBehavior [ RunTime:0.000000s ]
INFO: [ template_filter ] --END-- [ RunTime:0.000000s ]
NOTIC: [8] A session had already been started - ignoring session_start() D:\temporary folder\Personal-project\registration system using thinkphp framework\Application\Runtime\Cache\Home\31e61444e42dae58dcb88771f6cbe5ec.php 第 1 行.
INFO: Run Behavior\ParseTemplateBehavior [ RunTime:0.006000s ]
INFO: [ view_parse ] --END-- [ RunTime:0.006000s ]
INFO: [ view_filter ] --START--
INFO: Run Behavior\WriteHtmlCacheBehavior [ RunTime:0.001000s ]
INFO: [ view_filter ] --END-- [ RunTime:0.001000s ]
INFO: [ app_end ] --START--
INFO: Run Behavior\ShowPageTraceBehavior [ RunTime:0.001000s ]
INFO: [ app_end ] --END-- [ RunTime:0.001000s ]

[ 2018-12-29T10:36:46+08:00 ] 127.0.0.1 /index.php/Home/Application/login.html
INFO: [ app_init ] --START--
INFO: Run Behavior\BuildLiteBehavior [ RunTime:0.000000s ]
INFO: [ app_init ] --END-- [ RunTime:0.000000s ]
INFO: [ app_begin ] --START--
INFO: Run Behavior\ReadHtmlCacheBehavior [ RunTime:0.001000s ]
INFO: [ app_begin ] --END-- [ RunTime:0.001000s ]
INFO: [ view_parse ] --START--
INFO: [ template_filter ] --START--
INFO: Run Behavior\ContentReplaceBehavior [ RunTime:0.000000s ]
INFO: [ template_filter ] --END-- [ RunTime:0.000000s ]
NOTIC: [2] include(errors.php): failed to open stream: No such file or directory D:\temporary folder\Personal-project\registration system using thinkphp framework\Application\Runtime\Cache\Home\ce08001826bf659e465af77c5ac813e5.php 第 13 行.
NOTIC: [2] include(errors.php): failed to open stream: No such file or directory D:\temporary folder\Personal-project\registration system using thinkphp framework\Application\Runtime\Cache\Home\ce08001826bf659e465af77c5ac813e5.php 第 13 行.
NOTIC: [2] include(): Failed opening 'errors.php' for inclusion (include_path='.;C:\php\pear') D:\temporary folder\Personal-project\registration system using thinkphp framework\Application\Runtime\Cache\Home\ce08001826bf659e465af77c5ac813e5.php 第 13 行.
NOTIC: [8] Undefined variable: errMessage D:\temporary folder\Personal-project\registration system using thinkphp framework\Application\Runtime\Cache\Home\ce08001826bf659e465af77c5ac813e5.php 第 32 行.
INFO: Run Behavior\ParseTemplateBehavior [ RunTime:0.007000s ]
INFO: [ view_parse ] --END-- [ RunTime:0.007000s ]
INFO: [ view_filter ] --START--
INFO: Run Behavior\WriteHtmlCacheBehavior [ RunTime:0.000000s ]
INFO: [ view_filter ] --END-- [ RunTime:0.000000s ]
INFO: [ app_end ] --START--
INFO: Run Behavior\ShowPageTraceBehavior [ RunTime:0.001000s ]
INFO: [ app_end ] --END-- [ RunTime:0.001000s ]

[ 2018-12-29T10:38:47+08:00 ] 127.0.0.1 /index.php/Home/Application/register
INFO: [ app_init ] --START--
INFO: Run Behavior\BuildLiteBehavior [ RunTime:0.000000s ]
INFO: [ app_init ] --END-- [ RunTime:0.000000s ]
INFO: [ app_begin ] --START--
INFO: Run Behavior\ReadHtmlCacheBehavior [ RunTime:0.001000s ]
INFO: [ app_begin ] --END-- [ RunTime:0.001000s ]
INFO: [ view_parse ] --START--
INFO: [ template_filter ] --START--
INFO: Run Behavior\ContentReplaceBehavior [ RunTime:0.000000s ]
INFO: [ template_filter ] --END-- [ RunTime:0.000000s ]
NOTIC: [2] include(errors.php): failed to open stream: No such file or directory D:\temporary folder\Personal-project\registration system using thinkphp framework\Application\Runtime\Cache\Home\1892cd3e84dc8c99d319e166f66229fc.php 第 13 行.
NOTIC: [2] include(errors.php): failed to open stream: No such file or directory D:\temporary folder\Personal-project\registration system using thinkphp framework\Application\Runtime\Cache\Home\1892cd3e84dc8c99d319e166f66229fc.php 第 13 行.
NOTIC: [2] include(): Failed opening 'errors.php' for inclusion (include_path='.;C:\php\pear') D:\temporary folder\Personal-project\registration system using thinkphp framework\Application\Runtime\Cache\Home\1892cd3e84dc8c99d319e166f66229fc.php 第 13 行.
NOTIC: [8] Undefined variable: username D:\temporary folder\Personal-project\registration system using thinkphp framework\Application\Runtime\Cache\Home\1892cd3e84dc8c99d319e166f66229fc.php 第 16 行.
NOTIC: [8] Undefined variable: error D:\temporary folder\Personal-project\registration system using thinkphp framework\Application\Runtime\Cache\Home\1892cd3e84dc8c99d319e166f66229fc.php 第 42 行.
INFO: Run Behavior\ParseTemplateBehavior [ RunTime:0.017001s ]
INFO: [ view_parse ] --END-- [ RunTime:0.017001s ]
INFO: [ view_filter ] --START--
INFO: Run Behavior\WriteHtmlCacheBehavior [ RunTime:0.000000s ]
INFO: [ view_filter ] --END-- [ RunTime:0.000000s ]
INFO: [ app_end ] --START--
INFO: Run Behavior\ShowPageTraceBehavior [ RunTime:0.001000s ]
INFO: [ app_end ] --END-- [ RunTime:0.001000s ]

[ 2018-12-29T10:45:38+08:00 ] 127.0.0.1 /index.php/Home/Application/register.html
INFO: [ app_init ] --START--
INFO: Run Behavior\BuildLiteBehavior [ RunTime:0.000000s ]
INFO: [ app_init ] --END-- [ RunTime:0.000000s ]
INFO: [ app_begin ] --START--
INFO: Run Behavior\ReadHtmlCacheBehavior [ RunTime:0.000000s ]
INFO: [ app_begin ] --END-- [ RunTime:0.000000s ]
SQL: SHOW COLUMNS FROM `account` [ RunTime:0.0090s ]
NOTIC: [8] Undefined index: validate D:\temporary folder\Personal-project\registration system using thinkphp framework\ThinkPHP\Library\Think\Model.class.php 第 1185 行.
NOTIC: [8] Undefined index: auto D:\temporary folder\Personal-project\registration system using thinkphp framework\ThinkPHP\Library\Think\Model.class.php 第 1128 行.
SQL: SELECT * FROM `account` WHERE ( username='Suzuki_hina' ) LIMIT 1   [ RunTime:0.0010s ]
SQL: INSERT INTO `account` (`username`,`password`,`email`) VALUES ('Suzuki_hina','echo','Hina@official.com') [ RunTime:0.0010s ]
INFO: [ view_parse ] --START--
INFO: [ template_filter ] --START--
INFO: Run Behavior\ContentReplaceBehavior [ RunTime:0.000000s ]
INFO: [ template_filter ] --END-- [ RunTime:0.000000s ]
INFO: Run Behavior\ParseTemplateBehavior [ RunTime:0.031002s ]
INFO: [ view_parse ] --END-- [ RunTime:0.031002s ]
INFO: [ view_filter ] --START--
INFO: Run Behavior\WriteHtmlCacheBehavior [ RunTime:0.001000s ]
INFO: [ view_filter ] --END-- [ RunTime:0.001000s ]
INFO: [ view_parse ] --START--
INFO: [ template_filter ] --START--
INFO: Run Behavior\ContentReplaceBehavior [ RunTime:0.000000s ]
INFO: [ template_filter ] --END-- [ RunTime:-0.005000s ]
NOTIC: [2] include(errors.php): failed to open stream: No such file or directory D:\temporary folder\Personal-project\registration system using thinkphp framework\Application\Runtime\Cache\Home\1892cd3e84dc8c99d319e166f66229fc.php 第 13 行.
NOTIC: [2] include(errors.php): failed to open stream: No such file or directory D:\temporary folder\Personal-project\registration system using thinkphp framework\Application\Runtime\Cache\Home\1892cd3e84dc8c99d319e166f66229fc.php 第 13 行.
NOTIC: [2] include(): Failed opening 'errors.php' for inclusion (include_path='.;C:\php\pear') D:\temporary folder\Personal-project\registration system using thinkphp framework\Application\Runtime\Cache\Home\1892cd3e84dc8c99d319e166f66229fc.php 第 13 行.
NOTIC: [8] Undefined variable: username D:\temporary folder\Personal-project\registration system using thinkphp framework\Application\Runtime\Cache\Home\1892cd3e84dc8c99d319e166f66229fc.php 第 16 行.
NOTIC: [8] Undefined variable: error D:\temporary folder\Personal-project\registration system using thinkphp framework\Application\Runtime\Cache\Home\1892cd3e84dc8c99d319e166f66229fc.php 第 42 行.
INFO: Run Behavior\ParseTemplateBehavior [ RunTime:0.003000s ]
INFO: [ view_parse ] --END-- [ RunTime:-0.002000s ]
INFO: [ view_filter ] --START--
INFO: Run Behavior\WriteHtmlCacheBehavior [ RunTime:0.000000s ]
INFO: [ view_filter ] --END-- [ RunTime:-0.004000s ]
INFO: [ app_end ] --START--
INFO: Run Behavior\ShowPageTraceBehavior [ RunTime:0.002000s ]
INFO: [ app_end ] --END-- [ RunTime:0.002000s ]

[ 2018-12-29T10:45:39+08:00 ] 127.0.0.1 /index.php/Home/Application/test
INFO: [ app_init ] --START--
INFO: Run Behavior\BuildLiteBehavior [ RunTime:0.000000s ]
INFO: [ app_init ] --END-- [ RunTime:0.001000s ]
INFO: [ app_begin ] --START--
INFO: Run Behavior\ReadHtmlCacheBehavior [ RunTime:0.001000s ]
INFO: [ app_begin ] --END-- [ RunTime:0.001000s ]
INFO: [ view_parse ] --START--
INFO: [ template_filter ] --START--
INFO: Run Behavior\ContentReplaceBehavior [ RunTime:0.000000s ]
INFO: [ template_filter ] --END-- [ RunTime:0.000000s ]
NOTIC: [8] A session had already been started - ignoring session_start() D:\temporary folder\Personal-project\registration system using thinkphp framework\Application\Runtime\Cache\Home\31e61444e42dae58dcb88771f6cbe5ec.php 第 1 行.
INFO: Run Behavior\ParseTemplateBehavior [ RunTime:0.007001s ]
INFO: [ view_parse ] --END-- [ RunTime:0.007001s ]
INFO: [ view_filter ] --START--
INFO: Run Behavior\WriteHtmlCacheBehavior [ RunTime:0.001000s ]
INFO: [ view_filter ] --END-- [ RunTime:0.001000s ]
INFO: [ app_end ] --START--
INFO: Run Behavior\ShowPageTraceBehavior [ RunTime:0.001000s ]
INFO: [ app_end ] --END-- [ RunTime:0.001000s ]

[ 2018-12-29T10:45:56+08:00 ] 127.0.0.1 /index.php/Home/Application/register
INFO: [ app_init ] --START--
INFO: Run Behavior\BuildLiteBehavior [ RunTime:0.000000s ]
INFO: [ app_init ] --END-- [ RunTime:0.000000s ]
INFO: [ app_begin ] --START--
INFO: Run Behavior\ReadHtmlCacheBehavior [ RunTime:0.000000s ]
INFO: [ app_begin ] --END-- [ RunTime:0.000000s ]
INFO: [ view_parse ] --START--
INFO: [ template_filter ] --START--
INFO: Run Behavior\ContentReplaceBehavior [ RunTime:0.000000s ]
INFO: [ template_filter ] --END-- [ RunTime:0.000000s ]
NOTIC: [2] include(errors.php): failed to open stream: No such file or directory D:\temporary folder\Personal-project\registration system using thinkphp framework\Application\Runtime\Cache\Home\1892cd3e84dc8c99d319e166f66229fc.php 第 13 行.
NOTIC: [2] include(errors.php): failed to open stream: No such file or directory D:\temporary folder\Personal-project\registration system using thinkphp framework\Application\Runtime\Cache\Home\1892cd3e84dc8c99d319e166f66229fc.php 第 13 行.
NOTIC: [2] include(): Failed opening 'errors.php' for inclusion (include_path='.;C:\php\pear') D:\temporary folder\Personal-project\registration system using thinkphp framework\Application\Runtime\Cache\Home\1892cd3e84dc8c99d319e166f66229fc.php 第 13 行.
NOTIC: [8] Undefined variable: username D:\temporary folder\Personal-project\registration system using thinkphp framework\Application\Runtime\Cache\Home\1892cd3e84dc8c99d319e166f66229fc.php 第 16 行.
NOTIC: [8] Undefined variable: error D:\temporary folder\Personal-project\registration system using thinkphp framework\Application\Runtime\Cache\Home\1892cd3e84dc8c99d319e166f66229fc.php 第 42 行.
INFO: Run Behavior\ParseTemplateBehavior [ RunTime:0.021600s ]
INFO: [ view_parse ] --END-- [ RunTime:0.021600s ]
INFO: [ view_filter ] --START--
INFO: Run Behavior\WriteHtmlCacheBehavior [ RunTime:0.000000s ]
INFO: [ view_filter ] --END-- [ RunTime:0.000000s ]
INFO: [ app_end ] --START--
INFO: Run Behavior\ShowPageTraceBehavior [ RunTime:0.001000s ]
INFO: [ app_end ] --END-- [ RunTime:0.001000s ]

[ 2018-12-29T10:46:22+08:00 ] 127.0.0.1 /index.php/Home/Application/register.html
INFO: [ app_init ] --START--
INFO: Run Behavior\BuildLiteBehavior [ RunTime:0.000000s ]
INFO: [ app_init ] --END-- [ RunTime:0.001000s ]
INFO: [ app_begin ] --START--
INFO: Run Behavior\ReadHtmlCacheBehavior [ RunTime:0.000000s ]
INFO: [ app_begin ] --END-- [ RunTime:0.001000s ]
SQL: SHOW COLUMNS FROM `account` [ RunTime:0.0080s ]
NOTIC: [8] Undefined index: validate D:\temporary folder\Personal-project\registration system using thinkphp framework\ThinkPHP\Library\Think\Model.class.php 第 1185 行.
NOTIC: [8] Undefined index: auto D:\temporary folder\Personal-project\registration system using thinkphp framework\ThinkPHP\Library\Think\Model.class.php 第 1128 行.
SQL: SELECT * FROM `account` WHERE ( username='Suzuki_hina' ) LIMIT 1   [ RunTime:0.0010s ]
SQL: INSERT INTO `account` (`username`,`password`,`email`) VALUES ('Suzuki_hina','s456','Hina@official.com') [ RunTime:0.0000s ]
INFO: [ view_parse ] --START--
INFO: [ template_filter ] --START--
INFO: Run Behavior\ContentReplaceBehavior [ RunTime:0.000000s ]
INFO: [ template_filter ] --END-- [ RunTime:0.000000s ]
INFO: Run Behavior\ParseTemplateBehavior [ RunTime:0.011001s ]
INFO: [ view_parse ] --END-- [ RunTime:0.011001s ]
INFO: [ view_filter ] --START--
INFO: Run Behavior\WriteHtmlCacheBehavior [ RunTime:0.001000s ]
INFO: [ view_filter ] --END-- [ RunTime:0.001000s ]
INFO: [ view_parse ] --START--
INFO: [ template_filter ] --START--
INFO: Run Behavior\ContentReplaceBehavior [ RunTime:0.000000s ]
INFO: [ template_filter ] --END-- [ RunTime:-0.006000s ]
NOTIC: [2] include(errors.php): failed to open stream: No such file or directory D:\temporary folder\Personal-project\registration system using thinkphp framework\Application\Runtime\Cache\Home\1892cd3e84dc8c99d319e166f66229fc.php 第 13 行.
NOTIC: [2] include(errors.php): failed to open stream: No such file or directory D:\temporary folder\Personal-project\registration system using thinkphp framework\Application\Runtime\Cache\Home\1892cd3e84dc8c99d319e166f66229fc.php 第 13 行.
NOTIC: [2] include(): Failed opening 'errors.php' for inclusion (include_path='.;C:\php\pear') D:\temporary folder\Personal-project\registration system using thinkphp framework\Application\Runtime\Cache\Home\1892cd3e84dc8c99d319e166f66229fc.php 第 13 行.
NOTIC: [8] Undefined variable: username D:\temporary folder\Personal-project\registration system using thinkphp framework\Application\Runtime\Cache\Home\1892cd3e84dc8c99d319e166f66229fc.php 第 16 行.
NOTIC: [8] Undefined variable: error D:\temporary folder\Personal-project\registration system using thinkphp framework\Application\Runtime\Cache\Home\1892cd3e84dc8c99d319e166f66229fc.php 第 42 行.
INFO: Run Behavior\ParseTemplateBehavior [ RunTime:0.004000s ]
INFO: [ view_parse ] --END-- [ RunTime:-0.002000s ]
INFO: [ view_filter ] --START--
INFO: Run Behavior\WriteHtmlCacheBehavior [ RunTime:0.000000s ]
INFO: [ view_filter ] --END-- [ RunTime:-0.005000s ]
INFO: [ app_end ] --START--
INFO: Run Behavior\ShowPageTraceBehavior [ RunTime:0.001000s ]
INFO: [ app_end ] --END-- [ RunTime:0.001000s ]

[ 2018-12-29T10:46:23+08:00 ] 127.0.0.1 /index.php/Home/Application/test
INFO: [ app_init ] --START--
INFO: Run Behavior\BuildLiteBehavior [ RunTime:0.000000s ]
INFO: [ app_init ] --END-- [ RunTime:0.001000s ]
INFO: [ app_begin ] --START--
INFO: Run Behavior\ReadHtmlCacheBehavior [ RunTime:0.001000s ]
INFO: [ app_begin ] --END-- [ RunTime:0.001000s ]
INFO: [ view_parse ] --START--
INFO: [ template_filter ] --START--
INFO: Run Behavior\ContentReplaceBehavior [ RunTime:0.000000s ]
INFO: [ template_filter ] --END-- [ RunTime:0.000000s ]
NOTIC: [8] A session had already been started - ignoring session_start() D:\temporary folder\Personal-project\registration system using thinkphp framework\Application\Runtime\Cache\Home\31e61444e42dae58dcb88771f6cbe5ec.php 第 1 行.
INFO: Run Behavior\ParseTemplateBehavior [ RunTime:0.008001s ]
INFO: [ view_parse ] --END-- [ RunTime:0.008001s ]
INFO: [ view_filter ] --START--
INFO: Run Behavior\WriteHtmlCacheBehavior [ RunTime:0.001000s ]
INFO: [ view_filter ] --END-- [ RunTime:0.001000s ]
INFO: [ app_end ] --START--
INFO: Run Behavior\ShowPageTraceBehavior [ RunTime:0.001000s ]
INFO: [ app_end ] --END-- [ RunTime:0.001000s ]

[ 2018-12-29T11:10:02+08:00 ] 127.0.0.1 /index.php/Home/Application/test.html?logout=%271%27
INFO: [ app_init ] --START--
INFO: Run Behavior\BuildLiteBehavior [ RunTime:0.000000s ]
INFO: [ app_init ] --END-- [ RunTime:0.001001s ]
INFO: [ app_begin ] --START--
INFO: Run Behavior\ReadHtmlCacheBehavior [ RunTime:0.001000s ]
INFO: [ app_begin ] --END-- [ RunTime:0.001000s ]
INFO: [ view_parse ] --START--
INFO: [ template_filter ] --START--
INFO: Run Behavior\ContentReplaceBehavior [ RunTime:0.000000s ]
INFO: [ template_filter ] --END-- [ RunTime:0.000000s ]
NOTIC: [8] A session had already been started - ignoring session_start() D:\temporary folder\Personal-project\registration system using thinkphp framework\Application\Runtime\Cache\Home\31e61444e42dae58dcb88771f6cbe5ec.php 第 1 行.
INFO: Run Behavior\ParseTemplateBehavior [ RunTime:0.016001s ]
INFO: [ view_parse ] --END-- [ RunTime:0.017001s ]
INFO: [ view_filter ] --START--
INFO: Run Behavior\WriteHtmlCacheBehavior [ RunTime:0.001000s ]
INFO: [ view_filter ] --END-- [ RunTime:0.001000s ]
INFO: [ app_end ] --START--
INFO: Run Behavior\ShowPageTraceBehavior [ RunTime:0.001000s ]
INFO: [ app_end ] --END-- [ RunTime:0.001000s ]

[ 2018-12-29T11:10:02+08:00 ] 127.0.0.1 /index.php/Home/Application/login.html
INFO: [ app_init ] --START--
INFO: Run Behavior\BuildLiteBehavior [ RunTime:0.000000s ]
INFO: [ app_init ] --END-- [ RunTime:0.000000s ]
INFO: [ app_begin ] --START--
INFO: Run Behavior\ReadHtmlCacheBehavior [ RunTime:0.001000s ]
INFO: [ app_begin ] --END-- [ RunTime:0.001000s ]
INFO: [ view_parse ] --START--
INFO: [ template_filter ] --START--
INFO: Run Behavior\ContentReplaceBehavior [ RunTime:0.000000s ]
INFO: [ template_filter ] --END-- [ RunTime:0.001000s ]
NOTIC: [2] include(errors.php): failed to open stream: No such file or directory D:\temporary folder\Personal-project\registration system using thinkphp framework\Application\Runtime\Cache\Home\ce08001826bf659e465af77c5ac813e5.php 第 13 行.
NOTIC: [2] include(errors.php): failed to open stream: No such file or directory D:\temporary folder\Personal-project\registration system using thinkphp framework\Application\Runtime\Cache\Home\ce08001826bf659e465af77c5ac813e5.php 第 13 行.
NOTIC: [2] include(): Failed opening 'errors.php' for inclusion (include_path='.;C:\php\pear') D:\temporary folder\Personal-project\registration system using thinkphp framework\Application\Runtime\Cache\Home\ce08001826bf659e465af77c5ac813e5.php 第 13 行.
NOTIC: [8] Undefined variable: errMessage D:\temporary folder\Personal-project\registration system using thinkphp framework\Application\Runtime\Cache\Home\ce08001826bf659e465af77c5ac813e5.php 第 32 行.
INFO: Run Behavior\ParseTemplateBehavior [ RunTime:0.007001s ]
INFO: [ view_parse ] --END-- [ RunTime:0.007001s ]
INFO: [ view_filter ] --START--
INFO: Run Behavior\WriteHtmlCacheBehavior [ RunTime:0.001000s ]
INFO: [ view_filter ] --END-- [ RunTime:0.001000s ]
INFO: [ app_end ] --START--
INFO: Run Behavior\ShowPageTraceBehavior [ RunTime:0.001000s ]
INFO: [ app_end ] --END-- [ RunTime:0.001000s ]

[ 2018-12-29T11:10:57+08:00 ] 127.0.0.1 /index.php/Home/Application/login.html
INFO: [ app_init ] --START--
INFO: Run Behavior\BuildLiteBehavior [ RunTime:0.001000s ]
INFO: [ app_init ] --END-- [ RunTime:0.001000s ]
INFO: [ app_begin ] --START--
INFO: Run Behavior\ReadHtmlCacheBehavior [ RunTime:0.001000s ]
INFO: [ app_begin ] --END-- [ RunTime:0.001000s ]
SQL: SHOW COLUMNS FROM `account` [ RunTime:0.0060s ]
SQL: SELECT `email` FROM `account`  [ RunTime:0.0000s ]
SQL: SELECT `username` FROM `account`  [ RunTime:0.0010s ]
SQL: SELECT `password` FROM `account` WHERE `email` = 'tanaka_hime'  [ RunTime:0.0000s ]
NOTIC: [2] implode(): Invalid arguments passed D:\temporary folder\Personal-project\registration system using thinkphp framework\Application\Home\Controller\ApplicationController.class.php 第 72 行.
SQL: SELECT `password` FROM `account` WHERE `username` = 'tanaka_hime'  [ RunTime:0.0000s ]
INFO: [ view_parse ] --START--
INFO: [ template_filter ] --START--
INFO: Run Behavior\ContentReplaceBehavior [ RunTime:0.000000s ]
INFO: [ template_filter ] --END-- [ RunTime:0.001000s ]
NOTIC: [2] include(errors.php): failed to open stream: No such file or directory D:\temporary folder\Personal-project\registration system using thinkphp framework\Application\Runtime\Cache\Home\ce08001826bf659e465af77c5ac813e5.php 第 13 行.
NOTIC: [2] include(errors.php): failed to open stream: No such file or directory D:\temporary folder\Personal-project\registration system using thinkphp framework\Application\Runtime\Cache\Home\ce08001826bf659e465af77c5ac813e5.php 第 13 行.
NOTIC: [2] include(): Failed opening 'errors.php' for inclusion (include_path='.;C:\php\pear') D:\temporary folder\Personal-project\registration system using thinkphp framework\Application\Runtime\Cache\Home\ce08001826bf659e465af77c5ac813e5.php 第 13 行.
INFO: Run Behavior\ParseTemplateBehavior [ RunTime:0.007001s ]
INFO: [ view_parse ] --END-- [ RunTime:0.007001s ]
INFO: [ view_filter ] --START--
INFO: Run Behavior\WriteHtmlCacheBehavior [ RunTime:0.001000s ]
INFO: [ view_filter ] --END-- [ RunTime:0.001000s ]
INFO: [ app_end ] --START--
INFO: Run Behavior\ShowPageTraceBehavior [ RunTime:0.001000s ]
INFO: [ app_end ] --END-- [ RunTime:0.001000s ]

[ 2018-12-29T11:19:34+08:00 ] 127.0.0.1 /index.php/Home/Application/login.html
INFO: [ app_init ] --START--
INFO: Run Behavior\BuildLiteBehavior [ RunTime:0.000000s ]
INFO: [ app_init ] --END-- [ RunTime:0.000000s ]
INFO: [ app_begin ] --START--
INFO: Run Behavior\ReadHtmlCacheBehavior [ RunTime:0.000000s ]
INFO: [ app_begin ] --END-- [ RunTime:0.001000s ]
SQL: SHOW COLUMNS FROM `account` [ RunTime:0.0050s ]
SQL: SELECT `email` FROM `account`  [ RunTime:0.0000s ]
SQL: SELECT `username` FROM `account`  [ RunTime:0.0010s ]
SQL: SELECT `password` FROM `account` WHERE `email` = 'tanaka_hime'  [ RunTime:0.0000s ]
NOTIC: [2] implode(): Invalid arguments passed D:\temporary folder\Personal-project\registration system using thinkphp framework\Application\Home\Controller\ApplicationController.class.php 第 72 行.
SQL: SELECT `password` FROM `account` WHERE `username` = 'tanaka_hime'  [ RunTime:0.0010s ]
INFO: [ view_parse ] --START--
INFO: [ template_filter ] --START--
INFO: Run Behavior\ContentReplaceBehavior [ RunTime:0.000000s ]
INFO: [ template_filter ] --END-- [ RunTime:0.000000s ]
NOTIC: [2] include(errors.php): failed to open stream: No such file or directory D:\temporary folder\Personal-project\registration system using thinkphp framework\Application\Runtime\Cache\Home\ce08001826bf659e465af77c5ac813e5.php 第 13 行.
NOTIC: [2] include(errors.php): failed to open stream: No such file or directory D:\temporary folder\Personal-project\registration system using thinkphp framework\Application\Runtime\Cache\Home\ce08001826bf659e465af77c5ac813e5.php 第 13 行.
NOTIC: [2] include(): Failed opening 'errors.php' for inclusion (include_path='.;C:\php\pear') D:\temporary folder\Personal-project\registration system using thinkphp framework\Application\Runtime\Cache\Home\ce08001826bf659e465af77c5ac813e5.php 第 13 行.
INFO: Run Behavior\ParseTemplateBehavior [ RunTime:0.017001s ]
INFO: [ view_parse ] --END-- [ RunTime:0.017001s ]
INFO: [ view_filter ] --START--
INFO: Run Behavior\WriteHtmlCacheBehavior [ RunTime:0.000000s ]
INFO: [ view_filter ] --END-- [ RunTime:0.001000s ]
INFO: [ app_end ] --START--
INFO: Run Behavior\ShowPageTraceBehavior [ RunTime:0.000000s ]
INFO: [ app_end ] --END-- [ RunTime:0.000000s ]

[ 2018-12-29T11:19:59+08:00 ] 127.0.0.1 /index.php/Home/Application/login.html
INFO: [ app_init ] --START--
INFO: Run Behavior\BuildLiteBehavior [ RunTime:0.000000s ]
INFO: [ app_init ] --END-- [ RunTime:0.001000s ]
INFO: [ app_begin ] --START--
INFO: Run Behavior\ReadHtmlCacheBehavior [ RunTime:0.001000s ]
INFO: [ app_begin ] --END-- [ RunTime:0.001000s ]
SQL: SHOW COLUMNS FROM `account` [ RunTime:0.0070s ]
SQL: SELECT `email` FROM `account`  [ RunTime:0.0000s ]
SQL: SELECT `username` FROM `account`  [ RunTime:0.0000s ]
SQL: SELECT `password` FROM `account` WHERE `email` = 'tanaka_hime'  [ RunTime:0.0010s ]
NOTIC: [2] implode(): Invalid arguments passed D:\temporary folder\Personal-project\registration system using thinkphp framework\Application\Home\Controller\ApplicationController.class.php 第 72 行.
SQL: SELECT `password` FROM `account` WHERE `username` = 'tanaka_hime'  [ RunTime:0.0000s ]
INFO: [ view_parse ] --START--
INFO: [ template_filter ] --START--
INFO: Run Behavior\ContentReplaceBehavior [ RunTime:0.000000s ]
INFO: [ template_filter ] --END-- [ RunTime:0.000000s ]
NOTIC: [2] include(errors.php): failed to open stream: No such file or directory D:\temporary folder\Personal-project\registration system using thinkphp framework\Application\Runtime\Cache\Home\ce08001826bf659e465af77c5ac813e5.php 第 13 行.
NOTIC: [2] include(errors.php): failed to open stream: No such file or directory D:\temporary folder\Personal-project\registration system using thinkphp framework\Application\Runtime\Cache\Home\ce08001826bf659e465af77c5ac813e5.php 第 13 行.
NOTIC: [2] include(): Failed opening 'errors.php' for inclusion (include_path='.;C:\php\pear') D:\temporary folder\Personal-project\registration system using thinkphp framework\Application\Runtime\Cache\Home\ce08001826bf659e465af77c5ac813e5.php 第 13 行.
INFO: Run Behavior\ParseTemplateBehavior [ RunTime:0.012000s ]
INFO: [ view_parse ] --END-- [ RunTime:0.012000s ]
INFO: [ view_filter ] --START--
INFO: Run Behavior\WriteHtmlCacheBehavior [ RunTime:0.000000s ]
INFO: [ view_filter ] --END-- [ RunTime:0.000000s ]
INFO: [ app_end ] --START--
INFO: Run Behavior\ShowPageTraceBehavior [ RunTime:0.001000s ]
INFO: [ app_end ] --END-- [ RunTime:0.001000s ]

[ 2018-12-29T11:26:01+08:00 ] 127.0.0.1 /index.php/Home/Application/register
INFO: [ app_init ] --START--
INFO: Run Behavior\BuildLiteBehavior [ RunTime:0.000000s ]
INFO: [ app_init ] --END-- [ RunTime:0.001000s ]
INFO: [ app_begin ] --START--
INFO: Run Behavior\ReadHtmlCacheBehavior [ RunTime:0.001000s ]
INFO: [ app_begin ] --END-- [ RunTime:0.001000s ]
INFO: [ view_parse ] --START--
INFO: [ template_filter ] --START--
INFO: Run Behavior\ContentReplaceBehavior [ RunTime:0.000000s ]
INFO: [ template_filter ] --END-- [ RunTime:0.000000s ]
NOTIC: [2] include(errors.php): failed to open stream: No such file or directory D:\temporary folder\Personal-project\registration system using thinkphp framework\Application\Runtime\Cache\Home\1892cd3e84dc8c99d319e166f66229fc.php 第 13 行.
NOTIC: [2] include(errors.php): failed to open stream: No such file or directory D:\temporary folder\Personal-project\registration system using thinkphp framework\Application\Runtime\Cache\Home\1892cd3e84dc8c99d319e166f66229fc.php 第 13 行.
NOTIC: [2] include(): Failed opening 'errors.php' for inclusion (include_path='.;C:\php\pear') D:\temporary folder\Personal-project\registration system using thinkphp framework\Application\Runtime\Cache\Home\1892cd3e84dc8c99d319e166f66229fc.php 第 13 行.
NOTIC: [8] Undefined variable: username D:\temporary folder\Personal-project\registration system using thinkphp framework\Application\Runtime\Cache\Home\1892cd3e84dc8c99d319e166f66229fc.php 第 16 行.
NOTIC: [8] Undefined variable: error D:\temporary folder\Personal-project\registration system using thinkphp framework\Application\Runtime\Cache\Home\1892cd3e84dc8c99d319e166f66229fc.php 第 42 行.
INFO: Run Behavior\ParseTemplateBehavior [ RunTime:0.017001s ]
INFO: [ view_parse ] --END-- [ RunTime:0.017001s ]
INFO: [ view_filter ] --START--
INFO: Run Behavior\WriteHtmlCacheBehavior [ RunTime:0.001000s ]
INFO: [ view_filter ] --END-- [ RunTime:0.001000s ]
INFO: [ app_end ] --START--
INFO: Run Behavior\ShowPageTraceBehavior [ RunTime:0.001000s ]
INFO: [ app_end ] --END-- [ RunTime:0.001000s ]

[ 2018-12-29T11:26:21+08:00 ] 127.0.0.1 /index.php/Home/Application/register.html
INFO: [ app_init ] --START--
INFO: Run Behavior\BuildLiteBehavior [ RunTime:0.000000s ]
INFO: [ app_init ] --END-- [ RunTime:0.000000s ]
INFO: [ app_begin ] --START--
INFO: Run Behavior\ReadHtmlCacheBehavior [ RunTime:0.001000s ]
INFO: [ app_begin ] --END-- [ RunTime:0.001000s ]
SQL: SHOW COLUMNS FROM `account` [ RunTime:0.0100s ]
NOTIC: [8] Undefined index: validate D:\temporary folder\Personal-project\registration system using thinkphp framework\ThinkPHP\Library\Think\Model.class.php 第 1185 行.
NOTIC: [8] Undefined index: auto D:\temporary folder\Personal-project\registration system using thinkphp framework\ThinkPHP\Library\Think\Model.class.php 第 1128 行.
SQL: SELECT * FROM `account` WHERE ( username='yuchen Yao' ) LIMIT 1   [ RunTime:0.0010s ]
SQL: INSERT INTO `account` (`username`,`password`,`email`) VALUES ('yuchen Yao','qwer','qwer@qq.com') [ RunTime:0.0010s ]
INFO: [ view_parse ] --START--
INFO: [ template_filter ] --START--
INFO: Run Behavior\ContentReplaceBehavior [ RunTime:0.000000s ]
INFO: [ template_filter ] --END-- [ RunTime:0.000000s ]
INFO: Run Behavior\ParseTemplateBehavior [ RunTime:0.010000s ]
INFO: [ view_parse ] --END-- [ RunTime:0.010000s ]
INFO: [ view_filter ] --START--
INFO: Run Behavior\WriteHtmlCacheBehavior [ RunTime:0.001001s ]
INFO: [ view_filter ] --END-- [ RunTime:0.001001s ]
INFO: [ view_parse ] --START--
INFO: [ template_filter ] --START--
INFO: Run Behavior\ContentReplaceBehavior [ RunTime:0.000000s ]
INFO: [ template_filter ] --END-- [ RunTime:-0.005001s ]
NOTIC: [2] include(errors.php): failed to open stream: No such file or directory D:\temporary folder\Personal-project\registration system using thinkphp framework\Application\Runtime\Cache\Home\1892cd3e84dc8c99d319e166f66229fc.php 第 13 行.
NOTIC: [2] include(errors.php): failed to open stream: No such file or directory D:\temporary folder\Personal-project\registration system using thinkphp framework\Application\Runtime\Cache\Home\1892cd3e84dc8c99d319e166f66229fc.php 第 13 行.
NOTIC: [2] include(): Failed opening 'errors.php' for inclusion (include_path='.;C:\php\pear') D:\temporary folder\Personal-project\registration system using thinkphp framework\Application\Runtime\Cache\Home\1892cd3e84dc8c99d319e166f66229fc.php 第 13 行.
NOTIC: [8] Undefined variable: username D:\temporary folder\Personal-project\registration system using thinkphp framework\Application\Runtime\Cache\Home\1892cd3e84dc8c99d319e166f66229fc.php 第 16 行.
NOTIC: [8] Undefined variable: error D:\temporary folder\Personal-project\registration system using thinkphp framework\Application\Runtime\Cache\Home\1892cd3e84dc8c99d319e166f66229fc.php 第 42 行.
INFO: Run Behavior\ParseTemplateBehavior [ RunTime:0.005000s ]
INFO: [ view_parse ] --END-- [ RunTime:-0.001001s ]
INFO: [ view_filter ] --START--
INFO: Run Behavior\WriteHtmlCacheBehavior [ RunTime:0.000000s ]
INFO: [ view_filter ] --END-- [ RunTime:-0.005000s ]
INFO: [ app_end ] --START--
INFO: Run Behavior\ShowPageTraceBehavior [ RunTime:0.001000s ]
INFO: [ app_end ] --END-- [ RunTime:0.001000s ]

[ 2018-12-29T11:26:22+08:00 ] 127.0.0.1 /index.php/Home/Application/test
INFO: [ app_init ] --START--
INFO: Run Behavior\BuildLiteBehavior [ RunTime:0.000000s ]
INFO: [ app_init ] --END-- [ RunTime:0.001000s ]
INFO: [ app_begin ] --START--
INFO: Run Behavior\ReadHtmlCacheBehavior [ RunTime:0.000000s ]
INFO: [ app_begin ] --END-- [ RunTime:0.001000s ]
INFO: [ view_parse ] --START--
INFO: [ template_filter ] --START--
INFO: Run Behavior\ContentReplaceBehavior [ RunTime:0.000000s ]
INFO: [ template_filter ] --END-- [ RunTime:0.000000s ]
NOTIC: [8] A session had already been started - ignoring session_start() D:\temporary folder\Personal-project\registration system using thinkphp framework\Application\Runtime\Cache\Home\31e61444e42dae58dcb88771f6cbe5ec.php 第 1 行.
INFO: Run Behavior\ParseTemplateBehavior [ RunTime:0.007000s ]
INFO: [ view_parse ] --END-- [ RunTime:0.007000s ]
INFO: [ view_filter ] --START--
INFO: Run Behavior\WriteHtmlCacheBehavior [ RunTime:0.000000s ]
INFO: [ view_filter ] --END-- [ RunTime:0.000000s ]
INFO: [ app_end ] --START--
INFO: Run Behavior\ShowPageTraceBehavior [ RunTime:0.002000s ]
INFO: [ app_end ] --END-- [ RunTime:0.002000s ]

[ 2018-12-29T11:30:37+08:00 ] 127.0.0.1 /index.php/Home/Application/test.html?logout=%271%27
INFO: [ app_init ] --START--
INFO: Run Behavior\BuildLiteBehavior [ RunTime:0.000000s ]
INFO: [ app_init ] --END-- [ RunTime:0.000000s ]
INFO: [ app_begin ] --START--
INFO: Run Behavior\ReadHtmlCacheBehavior [ RunTime:0.003000s ]
INFO: [ app_begin ] --END-- [ RunTime:0.003000s ]
INFO: [ view_parse ] --START--
INFO: [ template_filter ] --START--
INFO: Run Behavior\ContentReplaceBehavior [ RunTime:0.000000s ]
INFO: [ template_filter ] --END-- [ RunTime:0.000000s ]
NOTIC: [8] A session had already been started - ignoring session_start() D:\temporary folder\Personal-project\registration system using thinkphp framework\Application\Runtime\Cache\Home\31e61444e42dae58dcb88771f6cbe5ec.php 第 1 行.
INFO: Run Behavior\ParseTemplateBehavior [ RunTime:0.009001s ]
INFO: [ view_parse ] --END-- [ RunTime:0.009001s ]
INFO: [ view_filter ] --START--
INFO: Run Behavior\WriteHtmlCacheBehavior [ RunTime:0.000000s ]
INFO: [ view_filter ] --END-- [ RunTime:0.000000s ]
INFO: [ app_end ] --START--
INFO: Run Behavior\ShowPageTraceBehavior [ RunTime:0.003000s ]
INFO: [ app_end ] --END-- [ RunTime:0.003000s ]

[ 2018-12-29T11:30:37+08:00 ] 127.0.0.1 /index.php/Home/Application/login.html
INFO: [ app_init ] --START--
INFO: Run Behavior\BuildLiteBehavior [ RunTime:0.000000s ]
INFO: [ app_init ] --END-- [ RunTime:0.000000s ]
INFO: [ app_begin ] --START--
INFO: Run Behavior\ReadHtmlCacheBehavior [ RunTime:0.001000s ]
INFO: [ app_begin ] --END-- [ RunTime:0.001000s ]
INFO: [ view_parse ] --START--
INFO: [ template_filter ] --START--
INFO: Run Behavior\ContentReplaceBehavior [ RunTime:0.000000s ]
INFO: [ template_filter ] --END-- [ RunTime:0.000000s ]
NOTIC: [2] include(errors.php): failed to open stream: No such file or directory D:\temporary folder\Personal-project\registration system using thinkphp framework\Application\Runtime\Cache\Home\ce08001826bf659e465af77c5ac813e5.php 第 13 行.
NOTIC: [2] include(errors.php): failed to open stream: No such file or directory D:\temporary folder\Personal-project\registration system using thinkphp framework\Application\Runtime\Cache\Home\ce08001826bf659e465af77c5ac813e5.php 第 13 行.
NOTIC: [2] include(): Failed opening 'errors.php' for inclusion (include_path='.;C:\php\pear') D:\temporary folder\Personal-project\registration system using thinkphp framework\Application\Runtime\Cache\Home\ce08001826bf659e465af77c5ac813e5.php 第 13 行.
NOTIC: [8] Undefined variable: errMessage D:\temporary folder\Personal-project\registration system using thinkphp framework\Application\Runtime\Cache\Home\ce08001826bf659e465af77c5ac813e5.php 第 32 行.
INFO: Run Behavior\ParseTemplateBehavior [ RunTime:0.008000s ]
INFO: [ view_parse ] --END-- [ RunTime:0.008000s ]
INFO: [ view_filter ] --START--
INFO: Run Behavior\WriteHtmlCacheBehavior [ RunTime:0.000000s ]
INFO: [ view_filter ] --END-- [ RunTime:0.000000s ]
INFO: [ app_end ] --START--
INFO: Run Behavior\ShowPageTraceBehavior [ RunTime:0.001000s ]
INFO: [ app_end ] --END-- [ RunTime:0.001000s ]

[ 2018-12-29T11:32:17+08:00 ] 127.0.0.1 /index.php/Home/Application/login.html
INFO: [ app_init ] --START--
INFO: Run Behavior\BuildLiteBehavior [ RunTime:0.000000s ]
INFO: [ app_init ] --END-- [ RunTime:0.000000s ]
INFO: [ app_begin ] --START--
INFO: Run Behavior\ReadHtmlCacheBehavior [ RunTime:0.000000s ]
INFO: [ app_begin ] --END-- [ RunTime:0.001000s ]
SQL: SHOW COLUMNS FROM `account` [ RunTime:0.0100s ]
SQL: SELECT `email` FROM `account`  [ RunTime:0.0010s ]
SQL: SELECT `username` FROM `account`  [ RunTime:0.0000s ]
SQL: SELECT `password` FROM `account` WHERE `email` = 'tanaka_hime'  [ RunTime:0.0010s ]
NOTIC: [2] implode(): Invalid arguments passed D:\temporary folder\Personal-project\registration system using thinkphp framework\Application\Home\Controller\ApplicationController.class.php 第 72 行.
SQL: SELECT `password` FROM `account` WHERE `username` = 'tanaka_hime'  [ RunTime:0.0010s ]
INFO: [ view_parse ] --START--
INFO: [ template_filter ] --START--
INFO: Run Behavior\ContentReplaceBehavior [ RunTime:0.000000s ]
INFO: [ template_filter ] --END-- [ RunTime:0.001000s ]
INFO: Run Behavior\ParseTemplateBehavior [ RunTime:0.012001s ]
INFO: [ view_parse ] --END-- [ RunTime:0.012001s ]
INFO: [ view_filter ] --START--
INFO: Run Behavior\WriteHtmlCacheBehavior [ RunTime:0.001000s ]
INFO: [ view_filter ] --END-- [ RunTime:0.001000s ]
INFO: [ view_parse ] --START--
INFO: [ template_filter ] --START--
INFO: Run Behavior\ContentReplaceBehavior [ RunTime:0.000000s ]
INFO: [ template_filter ] --END-- [ RunTime:-0.005000s ]
NOTIC: [2] include(errors.php): failed to open stream: No such file or directory D:\temporary folder\Personal-project\registration system using thinkphp framework\Application\Runtime\Cache\Home\ce08001826bf659e465af77c5ac813e5.php 第 13 行.
NOTIC: [2] include(errors.php): failed to open stream: No such file or directory D:\temporary folder\Personal-project\registration system using thinkphp framework\Application\Runtime\Cache\Home\ce08001826bf659e465af77c5ac813e5.php 第 13 行.
NOTIC: [2] include(): Failed opening 'errors.php' for inclusion (include_path='.;C:\php\pear') D:\temporary folder\Personal-project\registration system using thinkphp framework\Application\Runtime\Cache\Home\ce08001826bf659e465af77c5ac813e5.php 第 13 行.
NOTIC: [8] Undefined variable: errMessage D:\temporary folder\Personal-project\registration system using thinkphp framework\Application\Runtime\Cache\Home\ce08001826bf659e465af77c5ac813e5.php 第 32 行.
INFO: Run Behavior\ParseTemplateBehavior [ RunTime:0.004000s ]
INFO: [ view_parse ] --END-- [ RunTime:-0.001000s ]
INFO: [ view_filter ] --START--
INFO: Run Behavior\WriteHtmlCacheBehavior [ RunTime:0.000000s ]
INFO: [ view_filter ] --END-- [ RunTime:-0.004000s ]
INFO: [ app_end ] --START--
INFO: Run Behavior\ShowPageTraceBehavior [ RunTime:0.002000s ]
INFO: [ app_end ] --END-- [ RunTime:0.002000s ]

[ 2018-12-29T11:32:18+08:00 ] 127.0.0.1 /index.php/Home/Application/test
INFO: [ app_init ] --START--
INFO: Run Behavior\BuildLiteBehavior [ RunTime:0.000000s ]
INFO: [ app_init ] --END-- [ RunTime:0.001000s ]
INFO: [ app_begin ] --START--
INFO: Run Behavior\ReadHtmlCacheBehavior [ RunTime:0.001000s ]
INFO: [ app_begin ] --END-- [ RunTime:0.001000s ]
INFO: [ view_parse ] --START--
INFO: [ template_filter ] --START--
INFO: Run Behavior\ContentReplaceBehavior [ RunTime:0.000000s ]
INFO: [ template_filter ] --END-- [ RunTime:0.000000s ]
NOTIC: [8] A session had already been started - ignoring session_start() D:\temporary folder\Personal-project\registration system using thinkphp framework\Application\Runtime\Cache\Home\31e61444e42dae58dcb88771f6cbe5ec.php 第 1 行.
INFO: Run Behavior\ParseTemplateBehavior [ RunTime:0.006001s ]
INFO: [ view_parse ] --END-- [ RunTime:0.006001s ]
INFO: [ view_filter ] --START--
INFO: Run Behavior\WriteHtmlCacheBehavior [ RunTime:0.000000s ]
INFO: [ view_filter ] --END-- [ RunTime:0.000000s ]
INFO: [ app_end ] --START--
INFO: Run Behavior\ShowPageTraceBehavior [ RunTime:0.001000s ]
INFO: [ app_end ] --END-- [ RunTime:0.001000s ]

[ 2018-12-29T11:32:21+08:00 ] 127.0.0.1 /index.php/Home/Application/test.html?logout=%271%27
INFO: [ app_init ] --START--
INFO: Run Behavior\BuildLiteBehavior [ RunTime:0.000000s ]
INFO: [ app_init ] --END-- [ RunTime:0.001000s ]
INFO: [ app_begin ] --START--
INFO: Run Behavior\ReadHtmlCacheBehavior [ RunTime:0.001001s ]
INFO: [ app_begin ] --END-- [ RunTime:0.001001s ]
INFO: [ view_parse ] --START--
INFO: [ template_filter ] --START--
INFO: Run Behavior\ContentReplaceBehavior [ RunTime:0.000000s ]
INFO: [ template_filter ] --END-- [ RunTime:0.000000s ]
NOTIC: [8] A session had already been started - ignoring session_start() D:\temporary folder\Personal-project\registration system using thinkphp framework\Application\Runtime\Cache\Home\31e61444e42dae58dcb88771f6cbe5ec.php 第 1 行.
INFO: Run Behavior\ParseTemplateBehavior [ RunTime:0.007000s ]
INFO: [ view_parse ] --END-- [ RunTime:0.007000s ]
INFO: [ view_filter ] --START--
INFO: Run Behavior\WriteHtmlCacheBehavior [ RunTime:0.001000s ]
INFO: [ view_filter ] --END-- [ RunTime:0.001000s ]
INFO: [ app_end ] --START--
INFO: Run Behavior\ShowPageTraceBehavior [ RunTime:0.001000s ]
INFO: [ app_end ] --END-- [ RunTime:0.001000s ]

[ 2018-12-29T11:32:22+08:00 ] 127.0.0.1 /index.php/Home/Application/login.html
INFO: [ app_init ] --START--
INFO: Run Behavior\BuildLiteBehavior [ RunTime:0.000000s ]
INFO: [ app_init ] --END-- [ RunTime:0.000000s ]
INFO: [ app_begin ] --START--
INFO: Run Behavior\ReadHtmlCacheBehavior [ RunTime:0.001000s ]
INFO: [ app_begin ] --END-- [ RunTime:0.001000s ]
INFO: [ view_parse ] --START--
INFO: [ template_filter ] --START--
INFO: Run Behavior\ContentReplaceBehavior [ RunTime:0.000000s ]
INFO: [ template_filter ] --END-- [ RunTime:0.000000s ]
NOTIC: [2] include(errors.php): failed to open stream: No such file or directory D:\temporary folder\Personal-project\registration system using thinkphp framework\Application\Runtime\Cache\Home\ce08001826bf659e465af77c5ac813e5.php 第 13 行.
NOTIC: [2] include(errors.php): failed to open stream: No such file or directory D:\temporary folder\Personal-project\registration system using thinkphp framework\Application\Runtime\Cache\Home\ce08001826bf659e465af77c5ac813e5.php 第 13 行.
NOTIC: [2] include(): Failed opening 'errors.php' for inclusion (include_path='.;C:\php\pear') D:\temporary folder\Personal-project\registration system using thinkphp framework\Application\Runtime\Cache\Home\ce08001826bf659e465af77c5ac813e5.php 第 13 行.
NOTIC: [8] Undefined variable: errMessage D:\temporary folder\Personal-project\registration system using thinkphp framework\Application\Runtime\Cache\Home\ce08001826bf659e465af77c5ac813e5.php 第 32 行.
INFO: Run Behavior\ParseTemplateBehavior [ RunTime:0.007001s ]
INFO: [ view_parse ] --END-- [ RunTime:0.007001s ]
INFO: [ view_filter ] --START--
INFO: Run Behavior\WriteHtmlCacheBehavior [ RunTime:0.000000s ]
INFO: [ view_filter ] --END-- [ RunTime:0.001000s ]
INFO: [ app_end ] --START--
INFO: Run Behavior\ShowPageTraceBehavior [ RunTime:0.000000s ]
INFO: [ app_end ] --END-- [ RunTime:0.000000s ]

[ 2018-12-29T11:32:52+08:00 ] 127.0.0.1 /index.php/Home/Application/login.html
INFO: [ app_init ] --START--
INFO: Run Behavior\BuildLiteBehavior [ RunTime:0.000000s ]
INFO: [ app_init ] --END-- [ RunTime:0.000000s ]
INFO: [ app_begin ] --START--
INFO: Run Behavior\ReadHtmlCacheBehavior [ RunTime:0.000000s ]
INFO: [ app_begin ] --END-- [ RunTime:0.000000s ]
SQL: SHOW COLUMNS FROM `account` [ RunTime:0.0080s ]
SQL: SELECT `email` FROM `account`  [ RunTime:0.0010s ]
SQL: SELECT `username` FROM `account`  [ RunTime:0.0000s ]
SQL: SELECT `password` FROM `account` WHERE `email` = 'tanaka_hime'  [ RunTime:0.0000s ]
NOTIC: [2] implode(): Invalid arguments passed D:\temporary folder\Personal-project\registration system using thinkphp framework\Application\Home\Controller\ApplicationController.class.php 第 72 行.
SQL: SELECT `password` FROM `account` WHERE `username` = 'tanaka_hime'  [ RunTime:0.0010s ]
INFO: [ view_parse ] --START--
INFO: [ template_filter ] --START--
INFO: Run Behavior\ContentReplaceBehavior [ RunTime:0.000000s ]
INFO: [ template_filter ] --END-- [ RunTime:0.001000s ]
NOTIC: [2] include(errors.php): failed to open stream: No such file or directory D:\temporary folder\Personal-project\registration system using thinkphp framework\Application\Runtime\Cache\Home\ce08001826bf659e465af77c5ac813e5.php 第 13 行.
NOTIC: [2] include(errors.php): failed to open stream: No such file or directory D:\temporary folder\Personal-project\registration system using thinkphp framework\Application\Runtime\Cache\Home\ce08001826bf659e465af77c5ac813e5.php 第 13 行.
NOTIC: [2] include(): Failed opening 'errors.php' for inclusion (include_path='.;C:\php\pear') D:\temporary folder\Personal-project\registration system using thinkphp framework\Application\Runtime\Cache\Home\ce08001826bf659e465af77c5ac813e5.php 第 13 行.
NOTIC: [8] Undefined variable: errMessage D:\temporary folder\Personal-project\registration system using thinkphp framework\Application\Runtime\Cache\Home\ce08001826bf659e465af77c5ac813e5.php 第 32 行.
INFO: Run Behavior\ParseTemplateBehavior [ RunTime:0.011001s ]
INFO: [ view_parse ] --END-- [ RunTime:0.011001s ]
INFO: [ view_filter ] --START--
INFO: Run Behavior\WriteHtmlCacheBehavior [ RunTime:0.001000s ]
INFO: [ view_filter ] --END-- [ RunTime:0.001000s ]
INFO: [ app_end ] --START--
INFO: Run Behavior\ShowPageTraceBehavior [ RunTime:0.002000s ]
INFO: [ app_end ] --END-- [ RunTime:0.002000s ]

[ 2018-12-29T11:34:35+08:00 ] 127.0.0.1 /index.php/Home/Application/login
INFO: [ app_init ] --START--
INFO: Run Behavior\BuildLiteBehavior [ RunTime:0.000000s ]
INFO: [ app_init ] --END-- [ RunTime:0.001000s ]
INFO: [ app_begin ] --START--
INFO: Run Behavior\ReadHtmlCacheBehavior [ RunTime:0.001000s ]
INFO: [ app_begin ] --END-- [ RunTime:0.001000s ]
INFO: [ view_parse ] --START--
INFO: [ template_filter ] --START--
INFO: Run Behavior\ContentReplaceBehavior [ RunTime:0.000000s ]
INFO: [ template_filter ] --END-- [ RunTime:0.000000s ]
NOTIC: [2] include(errors.php): failed to open stream: No such file or directory D:\temporary folder\Personal-project\registration system using thinkphp framework\Application\Runtime\Cache\Home\ce08001826bf659e465af77c5ac813e5.php 第 13 行.
NOTIC: [2] include(errors.php): failed to open stream: No such file or directory D:\temporary folder\Personal-project\registration system using thinkphp framework\Application\Runtime\Cache\Home\ce08001826bf659e465af77c5ac813e5.php 第 13 行.
NOTIC: [2] include(): Failed opening 'errors.php' for inclusion (include_path='.;C:\php\pear') D:\temporary folder\Personal-project\registration system using thinkphp framework\Application\Runtime\Cache\Home\ce08001826bf659e465af77c5ac813e5.php 第 13 行.
NOTIC: [8] Undefined variable: errMessage D:\temporary folder\Personal-project\registration system using thinkphp framework\Application\Runtime\Cache\Home\ce08001826bf659e465af77c5ac813e5.php 第 32 行.
INFO: Run Behavior\ParseTemplateBehavior [ RunTime:0.019001s ]
INFO: [ view_parse ] --END-- [ RunTime:0.019001s ]
INFO: [ view_filter ] --START--
INFO: Run Behavior\WriteHtmlCacheBehavior [ RunTime:0.000000s ]
INFO: [ view_filter ] --END-- [ RunTime:0.000000s ]
INFO: [ app_end ] --START--
INFO: Run Behavior\ShowPageTraceBehavior [ RunTime:0.001000s ]
INFO: [ app_end ] --END-- [ RunTime:0.001000s ]

[ 2018-12-29T11:37:41+08:00 ] 127.0.0.1 /index.php/Home/Application/login.html
INFO: [ app_init ] --START--
INFO: Run Behavior\BuildLiteBehavior [ RunTime:0.000000s ]
INFO: [ app_init ] --END-- [ RunTime:0.001000s ]
INFO: [ app_begin ] --START--
INFO: Run Behavior\ReadHtmlCacheBehavior [ RunTime:0.001000s ]
INFO: [ app_begin ] --END-- [ RunTime:0.001000s ]
SQL: SHOW COLUMNS FROM `account` [ RunTime:0.0090s ]
SQL: SELECT `email` FROM `account`  [ RunTime:0.0010s ]
SQL: SELECT `username` FROM `account`  [ RunTime:0.0000s ]
SQL: SELECT `password` FROM `account` WHERE `email` = 'komaniki@HH.com'  [ RunTime:0.0000s ]
SQL: SELECT `password` FROM `account` WHERE `username` = 'komaniki@HH.com'  [ RunTime:0.0010s ]
NOTIC: [2] implode(): Invalid arguments passed D:\temporary folder\Personal-project\registration system using thinkphp framework\Application\Home\Controller\ApplicationController.class.php 第 74 行.
INFO: [ view_parse ] --START--
INFO: [ template_filter ] --START--
INFO: Run Behavior\ContentReplaceBehavior [ RunTime:0.000000s ]
INFO: [ template_filter ] --END-- [ RunTime:0.000000s ]
NOTIC: [2] include(errors.php): failed to open stream: No such file or directory D:\temporary folder\Personal-project\registration system using thinkphp framework\Application\Runtime\Cache\Home\ce08001826bf659e465af77c5ac813e5.php 第 13 行.
NOTIC: [2] include(errors.php): failed to open stream: No such file or directory D:\temporary folder\Personal-project\registration system using thinkphp framework\Application\Runtime\Cache\Home\ce08001826bf659e465af77c5ac813e5.php 第 13 行.
NOTIC: [2] include(): Failed opening 'errors.php' for inclusion (include_path='.;C:\php\pear') D:\temporary folder\Personal-project\registration system using thinkphp framework\Application\Runtime\Cache\Home\ce08001826bf659e465af77c5ac813e5.php 第 13 行.
NOTIC: [8] Undefined variable: errMessage D:\temporary folder\Personal-project\registration system using thinkphp framework\Application\Runtime\Cache\Home\ce08001826bf659e465af77c5ac813e5.php 第 32 行.
INFO: Run Behavior\ParseTemplateBehavior [ RunTime:0.010000s ]
INFO: [ view_parse ] --END-- [ RunTime:0.010000s ]
INFO: [ view_filter ] --START--
INFO: Run Behavior\WriteHtmlCacheBehavior [ RunTime:0.000000s ]
INFO: [ view_filter ] --END-- [ RunTime:0.000000s ]
INFO: [ app_end ] --START--
INFO: Run Behavior\ShowPageTraceBehavior [ RunTime:0.001000s ]
INFO: [ app_end ] --END-- [ RunTime:0.001000s ]

[ 2018-12-29T11:38:00+08:00 ] 127.0.0.1 /index.php/Home/Application/login
INFO: [ app_init ] --START--
INFO: Run Behavior\BuildLiteBehavior [ RunTime:0.000000s ]
INFO: [ app_init ] --END-- [ RunTime:0.000000s ]
INFO: [ app_begin ] --START--
INFO: Run Behavior\ReadHtmlCacheBehavior [ RunTime:0.001000s ]
INFO: [ app_begin ] --END-- [ RunTime:0.001000s ]
INFO: [ view_parse ] --START--
INFO: [ template_filter ] --START--
INFO: Run Behavior\ContentReplaceBehavior [ RunTime:0.000000s ]
INFO: [ template_filter ] --END-- [ RunTime:0.000000s ]
NOTIC: [2] include(errors.php): failed to open stream: No such file or directory D:\temporary folder\Personal-project\registration system using thinkphp framework\Application\Runtime\Cache\Home\ce08001826bf659e465af77c5ac813e5.php 第 13 行.
NOTIC: [2] include(errors.php): failed to open stream: No such file or directory D:\temporary folder\Personal-project\registration system using thinkphp framework\Application\Runtime\Cache\Home\ce08001826bf659e465af77c5ac813e5.php 第 13 行.
NOTIC: [2] include(): Failed opening 'errors.php' for inclusion (include_path='.;C:\php\pear') D:\temporary folder\Personal-project\registration system using thinkphp framework\Application\Runtime\Cache\Home\ce08001826bf659e465af77c5ac813e5.php 第 13 行.
NOTIC: [8] Undefined variable: errMessage D:\temporary folder\Personal-project\registration system using thinkphp framework\Application\Runtime\Cache\Home\ce08001826bf659e465af77c5ac813e5.php 第 32 行.
INFO: Run Behavior\ParseTemplateBehavior [ RunTime:0.007000s ]
INFO: [ view_parse ] --END-- [ RunTime:0.007000s ]
INFO: [ view_filter ] --START--
INFO: Run Behavior\WriteHtmlCacheBehavior [ RunTime:0.001001s ]
INFO: [ view_filter ] --END-- [ RunTime:0.001001s ]
INFO: [ app_end ] --START--
INFO: Run Behavior\ShowPageTraceBehavior [ RunTime:0.001000s ]
INFO: [ app_end ] --END-- [ RunTime:0.001000s ]

[ 2018-12-29T11:38:10+08:00 ] 127.0.0.1 /index.php/Home/Application/login.html
INFO: [ app_init ] --START--
INFO: Run Behavior\BuildLiteBehavior [ RunTime:0.000000s ]
INFO: [ app_init ] --END-- [ RunTime:0.000000s ]
INFO: [ app_begin ] --START--
INFO: Run Behavior\ReadHtmlCacheBehavior [ RunTime:0.001000s ]
INFO: [ app_begin ] --END-- [ RunTime:0.001000s ]
SQL: SHOW COLUMNS FROM `account` [ RunTime:0.0080s ]
SQL: SELECT `email` FROM `account`  [ RunTime:0.0000s ]
SQL: SELECT `username` FROM `account`  [ RunTime:0.0010s ]
SQL: SELECT `password` FROM `account` WHERE `email` = 'yaoyuchen1998@gmail.com'  [ RunTime:0.0010s ]
SQL: SELECT `password` FROM `account` WHERE `username` = 'yaoyuchen1998@gmail.com'  [ RunTime:0.0000s ]
NOTIC: [2] implode(): Invalid arguments passed D:\temporary folder\Personal-project\registration system using thinkphp framework\Application\Home\Controller\ApplicationController.class.php 第 74 行.
INFO: [ view_parse ] --START--
INFO: [ template_filter ] --START--
INFO: Run Behavior\ContentReplaceBehavior [ RunTime:0.000000s ]
INFO: [ template_filter ] --END-- [ RunTime:0.000000s ]
NOTIC: [2] include(errors.php): failed to open stream: No such file or directory D:\temporary folder\Personal-project\registration system using thinkphp framework\Application\Runtime\Cache\Home\ce08001826bf659e465af77c5ac813e5.php 第 13 行.
NOTIC: [2] include(errors.php): failed to open stream: No such file or directory D:\temporary folder\Personal-project\registration system using thinkphp framework\Application\Runtime\Cache\Home\ce08001826bf659e465af77c5ac813e5.php 第 13 行.
NOTIC: [2] include(): Failed opening 'errors.php' for inclusion (include_path='.;C:\php\pear') D:\temporary folder\Personal-project\registration system using thinkphp framework\Application\Runtime\Cache\Home\ce08001826bf659e465af77c5ac813e5.php 第 13 行.
INFO: Run Behavior\ParseTemplateBehavior [ RunTime:0.012001s ]
INFO: [ view_parse ] --END-- [ RunTime:0.012001s ]
INFO: [ view_filter ] --START--
INFO: Run Behavior\WriteHtmlCacheBehavior [ RunTime:0.000000s ]
INFO: [ view_filter ] --END-- [ RunTime:0.000000s ]
INFO: [ app_end ] --START--
INFO: Run Behavior\ShowPageTraceBehavior [ RunTime:0.001000s ]
INFO: [ app_end ] --END-- [ RunTime:0.001000s ]

[ 2018-12-29T11:38:24+08:00 ] 127.0.0.1 /index.php/Home/Application/register.html
INFO: [ app_init ] --START--
INFO: Run Behavior\BuildLiteBehavior [ RunTime:0.000000s ]
INFO: [ app_init ] --END-- [ RunTime:0.001000s ]
INFO: [ app_begin ] --START--
INFO: Run Behavior\ReadHtmlCacheBehavior [ RunTime:0.001000s ]
INFO: [ app_begin ] --END-- [ RunTime:0.001000s ]
INFO: [ view_parse ] --START--
INFO: [ template_filter ] --START--
INFO: Run Behavior\ContentReplaceBehavior [ RunTime:0.000000s ]
INFO: [ template_filter ] --END-- [ RunTime:0.000000s ]
NOTIC: [2] include(errors.php): failed to open stream: No such file or directory D:\temporary folder\Personal-project\registration system using thinkphp framework\Application\Runtime\Cache\Home\1892cd3e84dc8c99d319e166f66229fc.php 第 13 行.
NOTIC: [2] include(errors.php): failed to open stream: No such file or directory D:\temporary folder\Personal-project\registration system using thinkphp framework\Application\Runtime\Cache\Home\1892cd3e84dc8c99d319e166f66229fc.php 第 13 行.
NOTIC: [2] include(): Failed opening 'errors.php' for inclusion (include_path='.;C:\php\pear') D:\temporary folder\Personal-project\registration system using thinkphp framework\Application\Runtime\Cache\Home\1892cd3e84dc8c99d319e166f66229fc.php 第 13 行.
NOTIC: [8] Undefined variable: username D:\temporary folder\Personal-project\registration system using thinkphp framework\Application\Runtime\Cache\Home\1892cd3e84dc8c99d319e166f66229fc.php 第 16 行.
NOTIC: [8] Undefined variable: error D:\temporary folder\Personal-project\registration system using thinkphp framework\Application\Runtime\Cache\Home\1892cd3e84dc8c99d319e166f66229fc.php 第 42 行.
INFO: Run Behavior\ParseTemplateBehavior [ RunTime:0.007001s ]
INFO: [ view_parse ] --END-- [ RunTime:0.007001s ]
INFO: [ view_filter ] --START--
INFO: Run Behavior\WriteHtmlCacheBehavior [ RunTime:0.000000s ]
INFO: [ view_filter ] --END-- [ RunTime:0.000000s ]
INFO: [ app_end ] --START--
INFO: Run Behavior\ShowPageTraceBehavior [ RunTime:0.001000s ]
INFO: [ app_end ] --END-- [ RunTime:0.001000s ]

[ 2018-12-29T11:38:37+08:00 ] 127.0.0.1 /index.php/Home/Application/register.html
INFO: [ app_init ] --START--
INFO: Run Behavior\BuildLiteBehavior [ RunTime:0.000000s ]
INFO: [ app_init ] --END-- [ RunTime:0.001000s ]
INFO: [ app_begin ] --START--
INFO: Run Behavior\ReadHtmlCacheBehavior [ RunTime:0.001000s ]
INFO: [ app_begin ] --END-- [ RunTime:0.002001s ]
SQL: SHOW COLUMNS FROM `account` [ RunTime:0.0080s ]
NOTIC: [8] Undefined index: validate D:\temporary folder\Personal-project\registration system using thinkphp framework\ThinkPHP\Library\Think\Model.class.php 第 1185 行.
NOTIC: [8] Undefined index: auto D:\temporary folder\Personal-project\registration system using thinkphp framework\ThinkPHP\Library\Think\Model.class.php 第 1128 行.
SQL: SELECT * FROM `account` WHERE ( username='yuchen' ) LIMIT 1   [ RunTime:0.0010s ]
SQL: INSERT INTO `account` (`username`,`password`,`email`) VALUES ('yuchen','4aad2e5a0908a29c7664cd1cf3da1d14','yaoyuchen1998@gmail.com') [ RunTime:0.0010s ]
INFO: [ view_parse ] --START--
INFO: [ template_filter ] --START--
INFO: Run Behavior\ContentReplaceBehavior [ RunTime:0.000000s ]
INFO: [ template_filter ] --END-- [ RunTime:0.000000s ]
INFO: Run Behavior\ParseTemplateBehavior [ RunTime:0.010000s ]
INFO: [ view_parse ] --END-- [ RunTime:0.011000s ]
INFO: [ view_filter ] --START--
INFO: Run Behavior\WriteHtmlCacheBehavior [ RunTime:0.000000s ]
INFO: [ view_filter ] --END-- [ RunTime:0.001000s ]
INFO: [ view_parse ] --START--
INFO: [ template_filter ] --START--
INFO: Run Behavior\ContentReplaceBehavior [ RunTime:0.000000s ]
INFO: [ template_filter ] --END-- [ RunTime:-0.006001s ]
NOTIC: [2] include(errors.php): failed to open stream: No such file or directory D:\temporary folder\Personal-project\registration system using thinkphp framework\Application\Runtime\Cache\Home\1892cd3e84dc8c99d319e166f66229fc.php 第 13 行.
NOTIC: [2] include(errors.php): failed to open stream: No such file or directory D:\temporary folder\Personal-project\registration system using thinkphp framework\Application\Runtime\Cache\Home\1892cd3e84dc8c99d319e166f66229fc.php 第 13 行.
NOTIC: [2] include(): Failed opening 'errors.php' for inclusion (include_path='.;C:\php\pear') D:\temporary folder\Personal-project\registration system using thinkphp framework\Application\Runtime\Cache\Home\1892cd3e84dc8c99d319e166f66229fc.php 第 13 行.
NOTIC: [8] Undefined variable: username D:\temporary folder\Personal-project\registration system using thinkphp framework\Application\Runtime\Cache\Home\1892cd3e84dc8c99d319e166f66229fc.php 第 16 行.
NOTIC: [8] Undefined variable: error D:\temporary folder\Personal-project\registration system using thinkphp framework\Application\Runtime\Cache\Home\1892cd3e84dc8c99d319e166f66229fc.php 第 42 行.
INFO: Run Behavior\ParseTemplateBehavior [ RunTime:0.004001s ]
INFO: [ view_parse ] --END-- [ RunTime:-0.002000s ]
INFO: [ view_filter ] --START--
INFO: Run Behavior\WriteHtmlCacheBehavior [ RunTime:0.000000s ]
INFO: [ view_filter ] --END-- [ RunTime:-0.005001s ]
INFO: [ app_end ] --START--
INFO: Run Behavior\ShowPageTraceBehavior [ RunTime:0.002000s ]
INFO: [ app_end ] --END-- [ RunTime:0.002000s ]

[ 2018-12-29T11:38:38+08:00 ] 127.0.0.1 /index.php/Home/Application/test
INFO: [ app_init ] --START--
INFO: Run Behavior\BuildLiteBehavior [ RunTime:0.000000s ]
INFO: [ app_init ] --END-- [ RunTime:0.000000s ]
INFO: [ app_begin ] --START--
INFO: Run Behavior\ReadHtmlCacheBehavior [ RunTime:0.015600s ]
INFO: [ app_begin ] --END-- [ RunTime:0.015600s ]
INFO: [ view_parse ] --START--
INFO: [ template_filter ] --START--
INFO: Run Behavior\ContentReplaceBehavior [ RunTime:0.000000s ]
INFO: [ template_filter ] --END-- [ RunTime:0.000000s ]
NOTIC: [8] A session had already been started - ignoring session_start() D:\temporary folder\Personal-project\registration system using thinkphp framework\Application\Runtime\Cache\Home\31e61444e42dae58dcb88771f6cbe5ec.php 第 1 行.
INFO: Run Behavior\ParseTemplateBehavior [ RunTime:0.007000s ]
INFO: [ view_parse ] --END-- [ RunTime:0.007000s ]
INFO: [ view_filter ] --START--
INFO: Run Behavior\WriteHtmlCacheBehavior [ RunTime:0.000000s ]
INFO: [ view_filter ] --END-- [ RunTime:0.000000s ]
INFO: [ app_end ] --START--
INFO: Run Behavior\ShowPageTraceBehavior [ RunTime:0.001000s ]
INFO: [ app_end ] --END-- [ RunTime:0.001000s ]

[ 2018-12-29T11:38:40+08:00 ] 127.0.0.1 /index.php/Home/Application/test.html?logout=%271%27
INFO: [ app_init ] --START--
INFO: Run Behavior\BuildLiteBehavior [ RunTime:0.000000s ]
INFO: [ app_init ] --END-- [ RunTime:0.001000s ]
INFO: [ app_begin ] --START--
INFO: Run Behavior\ReadHtmlCacheBehavior [ RunTime:0.001000s ]
INFO: [ app_begin ] --END-- [ RunTime:0.001000s ]
INFO: [ view_parse ] --START--
INFO: [ template_filter ] --START--
INFO: Run Behavior\ContentReplaceBehavior [ RunTime:0.001000s ]
INFO: [ template_filter ] --END-- [ RunTime:0.001000s ]
NOTIC: [8] A session had already been started - ignoring session_start() D:\temporary folder\Personal-project\registration system using thinkphp framework\Application\Runtime\Cache\Home\31e61444e42dae58dcb88771f6cbe5ec.php 第 1 行.
INFO: Run Behavior\ParseTemplateBehavior [ RunTime:0.007000s ]
INFO: [ view_parse ] --END-- [ RunTime:0.007000s ]
INFO: [ view_filter ] --START--
INFO: Run Behavior\WriteHtmlCacheBehavior [ RunTime:0.001000s ]
INFO: [ view_filter ] --END-- [ RunTime:0.001000s ]
INFO: [ app_end ] --START--
INFO: Run Behavior\ShowPageTraceBehavior [ RunTime:0.001000s ]
INFO: [ app_end ] --END-- [ RunTime:0.001000s ]

[ 2018-12-29T11:38:40+08:00 ] 127.0.0.1 /index.php/Home/Application/login.html
INFO: [ app_init ] --START--
INFO: Run Behavior\BuildLiteBehavior [ RunTime:0.000000s ]
INFO: [ app_init ] --END-- [ RunTime:0.001000s ]
INFO: [ app_begin ] --START--
INFO: Run Behavior\ReadHtmlCacheBehavior [ RunTime:0.001000s ]
INFO: [ app_begin ] --END-- [ RunTime:0.001000s ]
INFO: [ view_parse ] --START--
INFO: [ template_filter ] --START--
INFO: Run Behavior\ContentReplaceBehavior [ RunTime:0.000000s ]
INFO: [ template_filter ] --END-- [ RunTime:0.000000s ]
NOTIC: [2] include(errors.php): failed to open stream: No such file or directory D:\temporary folder\Personal-project\registration system using thinkphp framework\Application\Runtime\Cache\Home\ce08001826bf659e465af77c5ac813e5.php 第 13 行.
NOTIC: [2] include(errors.php): failed to open stream: No such file or directory D:\temporary folder\Personal-project\registration system using thinkphp framework\Application\Runtime\Cache\Home\ce08001826bf659e465af77c5ac813e5.php 第 13 行.
NOTIC: [2] include(): Failed opening 'errors.php' for inclusion (include_path='.;C:\php\pear') D:\temporary folder\Personal-project\registration system using thinkphp framework\Application\Runtime\Cache\Home\ce08001826bf659e465af77c5ac813e5.php 第 13 行.
NOTIC: [8] Undefined variable: errMessage D:\temporary folder\Personal-project\registration system using thinkphp framework\Application\Runtime\Cache\Home\ce08001826bf659e465af77c5ac813e5.php 第 32 行.
INFO: Run Behavior\ParseTemplateBehavior [ RunTime:0.007000s ]
INFO: [ view_parse ] --END-- [ RunTime:0.007000s ]
INFO: [ view_filter ] --START--
INFO: Run Behavior\WriteHtmlCacheBehavior [ RunTime:0.000000s ]
INFO: [ view_filter ] --END-- [ RunTime:0.000000s ]
INFO: [ app_end ] --START--
INFO: Run Behavior\ShowPageTraceBehavior [ RunTime:0.001000s ]
INFO: [ app_end ] --END-- [ RunTime:0.001000s ]

[ 2018-12-29T11:38:46+08:00 ] 127.0.0.1 /index.php/Home/Application/login.html
INFO: [ app_init ] --START--
INFO: Run Behavior\BuildLiteBehavior [ RunTime:0.000000s ]
INFO: [ app_init ] --END-- [ RunTime:0.001000s ]
INFO: [ app_begin ] --START--
INFO: Run Behavior\ReadHtmlCacheBehavior [ RunTime:0.001000s ]
INFO: [ app_begin ] --END-- [ RunTime:0.001000s ]
SQL: SHOW COLUMNS FROM `account` [ RunTime:0.0070s ]
SQL: SELECT `email` FROM `account`  [ RunTime:0.0000s ]
SQL: SELECT `username` FROM `account`  [ RunTime:0.0000s ]
SQL: SELECT `password` FROM `account` WHERE `email` = 'yaoyuchen1998@gmail.com'  [ RunTime:0.0010s ]
SQL: SELECT `password` FROM `account` WHERE `username` = 'yaoyuchen1998@gmail.com'  [ RunTime:0.0000s ]
NOTIC: [2] implode(): Invalid arguments passed D:\temporary folder\Personal-project\registration system using thinkphp framework\Application\Home\Controller\ApplicationController.class.php 第 74 行.
INFO: [ view_parse ] --START--
INFO: [ template_filter ] --START--
INFO: Run Behavior\ContentReplaceBehavior [ RunTime:0.000000s ]
INFO: [ template_filter ] --END-- [ RunTime:0.000000s ]
INFO: Run Behavior\ParseTemplateBehavior [ RunTime:0.011001s ]
INFO: [ view_parse ] --END-- [ RunTime:0.011001s ]
INFO: [ view_filter ] --START--
INFO: Run Behavior\WriteHtmlCacheBehavior [ RunTime:0.001000s ]
INFO: [ view_filter ] --END-- [ RunTime:0.001000s ]
INFO: [ view_parse ] --START--
INFO: [ template_filter ] --START--
INFO: Run Behavior\ContentReplaceBehavior [ RunTime:0.000000s ]
INFO: [ template_filter ] --END-- [ RunTime:-0.005000s ]
NOTIC: [2] include(errors.php): failed to open stream: No such file or directory D:\temporary folder\Personal-project\registration system using thinkphp framework\Application\Runtime\Cache\Home\ce08001826bf659e465af77c5ac813e5.php 第 13 行.
NOTIC: [2] include(errors.php): failed to open stream: No such file or directory D:\temporary folder\Personal-project\registration system using thinkphp framework\Application\Runtime\Cache\Home\ce08001826bf659e465af77c5ac813e5.php 第 13 行.
NOTIC: [2] include(): Failed opening 'errors.php' for inclusion (include_path='.;C:\php\pear') D:\temporary folder\Personal-project\registration system using thinkphp framework\Application\Runtime\Cache\Home\ce08001826bf659e465af77c5ac813e5.php 第 13 行.
NOTIC: [8] Undefined variable: errMessage D:\temporary folder\Personal-project\registration system using thinkphp framework\Application\Runtime\Cache\Home\ce08001826bf659e465af77c5ac813e5.php 第 32 行.
INFO: Run Behavior\ParseTemplateBehavior [ RunTime:0.004000s ]
INFO: [ view_parse ] --END-- [ RunTime:-0.001000s ]
INFO: [ view_filter ] --START--
INFO: Run Behavior\WriteHtmlCacheBehavior [ RunTime:0.001000s ]
INFO: [ view_filter ] --END-- [ RunTime:-0.004000s ]
INFO: [ app_end ] --START--
INFO: Run Behavior\ShowPageTraceBehavior [ RunTime:0.001000s ]
INFO: [ app_end ] --END-- [ RunTime:0.001000s ]

[ 2018-12-29T11:38:47+08:00 ] 127.0.0.1 /index.php/Home/Application/test
INFO: [ app_init ] --START--
INFO: Run Behavior\BuildLiteBehavior [ RunTime:0.000000s ]
INFO: [ app_init ] --END-- [ RunTime:0.001000s ]
INFO: [ app_begin ] --START--
INFO: Run Behavior\ReadHtmlCacheBehavior [ RunTime:0.001000s ]
INFO: [ app_begin ] --END-- [ RunTime:0.001000s ]
INFO: [ view_parse ] --START--
INFO: [ template_filter ] --START--
INFO: Run Behavior\ContentReplaceBehavior [ RunTime:0.000000s ]
INFO: [ template_filter ] --END-- [ RunTime:0.000000s ]
NOTIC: [8] A session had already been started - ignoring session_start() D:\temporary folder\Personal-project\registration system using thinkphp framework\Application\Runtime\Cache\Home\31e61444e42dae58dcb88771f6cbe5ec.php 第 1 行.
INFO: Run Behavior\ParseTemplateBehavior [ RunTime:0.007000s ]
INFO: [ view_parse ] --END-- [ RunTime:0.007000s ]
INFO: [ view_filter ] --START--
INFO: Run Behavior\WriteHtmlCacheBehavior [ RunTime:0.000000s ]
INFO: [ view_filter ] --END-- [ RunTime:0.001000s ]
INFO: [ app_end ] --START--
INFO: Run Behavior\ShowPageTraceBehavior [ RunTime:0.000000s ]
INFO: [ app_end ] --END-- [ RunTime:0.000000s ]

[ 2018-12-29T11:38:48+08:00 ] 127.0.0.1 /index.php/Home/Application/test.html?logout=%271%27
INFO: [ app_init ] --START--
INFO: Run Behavior\BuildLiteBehavior [ RunTime:0.000000s ]
INFO: [ app_init ] --END-- [ RunTime:0.001000s ]
INFO: [ app_begin ] --START--
INFO: Run Behavior\ReadHtmlCacheBehavior [ RunTime:0.001000s ]
INFO: [ app_begin ] --END-- [ RunTime:0.001000s ]
INFO: [ view_parse ] --START--
INFO: [ template_filter ] --START--
INFO: Run Behavior\ContentReplaceBehavior [ RunTime:0.000000s ]
INFO: [ template_filter ] --END-- [ RunTime:0.000000s ]
NOTIC: [8] A session had already been started - ignoring session_start() D:\temporary folder\Personal-project\registration system using thinkphp framework\Application\Runtime\Cache\Home\31e61444e42dae58dcb88771f6cbe5ec.php 第 1 行.
INFO: Run Behavior\ParseTemplateBehavior [ RunTime:0.006000s ]
INFO: [ view_parse ] --END-- [ RunTime:0.006000s ]
INFO: [ view_filter ] --START--
INFO: Run Behavior\WriteHtmlCacheBehavior [ RunTime:0.001000s ]
INFO: [ view_filter ] --END-- [ RunTime:0.001000s ]
INFO: [ app_end ] --START--
INFO: Run Behavior\ShowPageTraceBehavior [ RunTime:0.001000s ]
INFO: [ app_end ] --END-- [ RunTime:0.001000s ]

[ 2018-12-29T11:38:48+08:00 ] 127.0.0.1 /index.php/Home/Application/login.html
INFO: [ app_init ] --START--
INFO: Run Behavior\BuildLiteBehavior [ RunTime:0.000000s ]
INFO: [ app_init ] --END-- [ RunTime:0.001000s ]
INFO: [ app_begin ] --START--
INFO: Run Behavior\ReadHtmlCacheBehavior [ RunTime:0.001000s ]
INFO: [ app_begin ] --END-- [ RunTime:0.001000s ]
INFO: [ view_parse ] --START--
INFO: [ template_filter ] --START--
INFO: Run Behavior\ContentReplaceBehavior [ RunTime:0.000000s ]
INFO: [ template_filter ] --END-- [ RunTime:0.000000s ]
NOTIC: [2] include(errors.php): failed to open stream: No such file or directory D:\temporary folder\Personal-project\registration system using thinkphp framework\Application\Runtime\Cache\Home\ce08001826bf659e465af77c5ac813e5.php 第 13 行.
NOTIC: [2] include(errors.php): failed to open stream: No such file or directory D:\temporary folder\Personal-project\registration system using thinkphp framework\Application\Runtime\Cache\Home\ce08001826bf659e465af77c5ac813e5.php 第 13 行.
NOTIC: [2] include(): Failed opening 'errors.php' for inclusion (include_path='.;C:\php\pear') D:\temporary folder\Personal-project\registration system using thinkphp framework\Application\Runtime\Cache\Home\ce08001826bf659e465af77c5ac813e5.php 第 13 行.
NOTIC: [8] Undefined variable: errMessage D:\temporary folder\Personal-project\registration system using thinkphp framework\Application\Runtime\Cache\Home\ce08001826bf659e465af77c5ac813e5.php 第 32 行.
INFO: Run Behavior\ParseTemplateBehavior [ RunTime:0.006000s ]
INFO: [ view_parse ] --END-- [ RunTime:0.006000s ]
INFO: [ view_filter ] --START--
INFO: Run Behavior\WriteHtmlCacheBehavior [ RunTime:0.001001s ]
INFO: [ view_filter ] --END-- [ RunTime:0.001001s ]
INFO: [ app_end ] --START--
INFO: Run Behavior\ShowPageTraceBehavior [ RunTime:0.001000s ]
INFO: [ app_end ] --END-- [ RunTime:0.001000s ]

[ 2018-12-29T11:38:55+08:00 ] 127.0.0.1 /index.php/Home/Application/login.html
INFO: [ app_init ] --START--
INFO: Run Behavior\BuildLiteBehavior [ RunTime:0.000000s ]
INFO: [ app_init ] --END-- [ RunTime:0.001000s ]
INFO: [ app_begin ] --START--
INFO: Run Behavior\ReadHtmlCacheBehavior [ RunTime:0.001000s ]
INFO: [ app_begin ] --END-- [ RunTime:0.001000s ]
SQL: SHOW COLUMNS FROM `account` [ RunTime:0.0080s ]
SQL: SELECT `email` FROM `account`  [ RunTime:0.0000s ]
SQL: SELECT `username` FROM `account`  [ RunTime:0.0000s ]
SQL: SELECT `password` FROM `account` WHERE `email` = 'yuchen'  [ RunTime:0.0010s ]
NOTIC: [2] implode(): Invalid arguments passed D:\temporary folder\Personal-project\registration system using thinkphp framework\Application\Home\Controller\ApplicationController.class.php 第 72 行.
SQL: SELECT `password` FROM `account` WHERE `username` = 'yuchen'  [ RunTime:0.0010s ]
INFO: [ view_parse ] --START--
INFO: [ template_filter ] --START--
INFO: Run Behavior\ContentReplaceBehavior [ RunTime:0.000000s ]
INFO: [ template_filter ] --END-- [ RunTime:0.000000s ]
NOTIC: [2] include(errors.php): failed to open stream: No such file or directory D:\temporary folder\Personal-project\registration system using thinkphp framework\Application\Runtime\Cache\Home\ce08001826bf659e465af77c5ac813e5.php 第 13 行.
NOTIC: [2] include(errors.php): failed to open stream: No such file or directory D:\temporary folder\Personal-project\registration system using thinkphp framework\Application\Runtime\Cache\Home\ce08001826bf659e465af77c5ac813e5.php 第 13 行.
NOTIC: [2] include(): Failed opening 'errors.php' for inclusion (include_path='.;C:\php\pear') D:\temporary folder\Personal-project\registration system using thinkphp framework\Application\Runtime\Cache\Home\ce08001826bf659e465af77c5ac813e5.php 第 13 行.
INFO: Run Behavior\ParseTemplateBehavior [ RunTime:0.011001s ]
INFO: [ view_parse ] --END-- [ RunTime:0.011001s ]
INFO: [ view_filter ] --START--
INFO: Run Behavior\WriteHtmlCacheBehavior [ RunTime:0.001000s ]
INFO: [ view_filter ] --END-- [ RunTime:0.001000s ]
INFO: [ app_end ] --START--
INFO: Run Behavior\ShowPageTraceBehavior [ RunTime:0.001000s ]
INFO: [ app_end ] --END-- [ RunTime:0.001000s ]

[ 2018-12-29T11:39:03+08:00 ] 127.0.0.1 /index.php/Home/Application/login.html
INFO: [ app_init ] --START--
INFO: Run Behavior\BuildLiteBehavior [ RunTime:0.000000s ]
INFO: [ app_init ] --END-- [ RunTime:0.000000s ]
INFO: [ app_begin ] --START--
INFO: Run Behavior\ReadHtmlCacheBehavior [ RunTime:0.000000s ]
INFO: [ app_begin ] --END-- [ RunTime:0.000000s ]
SQL: SHOW COLUMNS FROM `account` [ RunTime:0.0080s ]
SQL: SELECT `email` FROM `account`  [ RunTime:0.0010s ]
SQL: SELECT `username` FROM `account`  [ RunTime:0.0000s ]
SQL: SELECT `password` FROM `account` WHERE `email` = 'yuchen'  [ RunTime:0.0000s ]
NOTIC: [2] implode(): Invalid arguments passed D:\temporary folder\Personal-project\registration system using thinkphp framework\Application\Home\Controller\ApplicationController.class.php 第 72 行.
SQL: SELECT `password` FROM `account` WHERE `username` = 'yuchen'  [ RunTime:0.0010s ]
INFO: [ view_parse ] --START--
INFO: [ template_filter ] --START--
INFO: Run Behavior\ContentReplaceBehavior [ RunTime:0.001001s ]
INFO: [ template_filter ] --END-- [ RunTime:0.001001s ]
NOTIC: [2] include(errors.php): failed to open stream: No such file or directory D:\temporary folder\Personal-project\registration system using thinkphp framework\Application\Runtime\Cache\Home\ce08001826bf659e465af77c5ac813e5.php 第 13 行.
NOTIC: [2] include(errors.php): failed to open stream: No such file or directory D:\temporary folder\Personal-project\registration system using thinkphp framework\Application\Runtime\Cache\Home\ce08001826bf659e465af77c5ac813e5.php 第 13 行.
NOTIC: [2] include(): Failed opening 'errors.php' for inclusion (include_path='.;C:\php\pear') D:\temporary folder\Personal-project\registration system using thinkphp framework\Application\Runtime\Cache\Home\ce08001826bf659e465af77c5ac813e5.php 第 13 行.
INFO: Run Behavior\ParseTemplateBehavior [ RunTime:0.011001s ]
INFO: [ view_parse ] --END-- [ RunTime:0.011001s ]
INFO: [ view_filter ] --START--
INFO: Run Behavior\WriteHtmlCacheBehavior [ RunTime:0.001000s ]
INFO: [ view_filter ] --END-- [ RunTime:0.001000s ]
INFO: [ app_end ] --START--
INFO: Run Behavior\ShowPageTraceBehavior [ RunTime:0.001000s ]
INFO: [ app_end ] --END-- [ RunTime:0.001000s ]

[ 2018-12-29T11:39:08+08:00 ] 127.0.0.1 /index.php/Home/Application/login.html
INFO: [ app_init ] --START--
INFO: Run Behavior\BuildLiteBehavior [ RunTime:0.000000s ]
INFO: [ app_init ] --END-- [ RunTime:0.001000s ]
INFO: [ app_begin ] --START--
INFO: Run Behavior\ReadHtmlCacheBehavior [ RunTime:0.001000s ]
INFO: [ app_begin ] --END-- [ RunTime:0.001000s ]
SQL: SHOW COLUMNS FROM `account` [ RunTime:0.0080s ]
SQL: SELECT `email` FROM `account`  [ RunTime:0.0010s ]
SQL: SELECT `username` FROM `account`  [ RunTime:0.0010s ]
SQL: SELECT `password` FROM `account` WHERE `email` = 'yuchen'  [ RunTime:0.0000s ]
NOTIC: [2] implode(): Invalid arguments passed D:\temporary folder\Personal-project\registration system using thinkphp framework\Application\Home\Controller\ApplicationController.class.php 第 72 行.
SQL: SELECT `password` FROM `account` WHERE `username` = 'yuchen'  [ RunTime:0.0010s ]
INFO: [ view_parse ] --START--
INFO: [ template_filter ] --START--
INFO: Run Behavior\ContentReplaceBehavior [ RunTime:0.000000s ]
INFO: [ template_filter ] --END-- [ RunTime:0.000000s ]
NOTIC: [2] include(errors.php): failed to open stream: No such file or directory D:\temporary folder\Personal-project\registration system using thinkphp framework\Application\Runtime\Cache\Home\ce08001826bf659e465af77c5ac813e5.php 第 13 行.
NOTIC: [2] include(errors.php): failed to open stream: No such file or directory D:\temporary folder\Personal-project\registration system using thinkphp framework\Application\Runtime\Cache\Home\ce08001826bf659e465af77c5ac813e5.php 第 13 行.
NOTIC: [2] include(): Failed opening 'errors.php' for inclusion (include_path='.;C:\php\pear') D:\temporary folder\Personal-project\registration system using thinkphp framework\Application\Runtime\Cache\Home\ce08001826bf659e465af77c5ac813e5.php 第 13 行.
INFO: Run Behavior\ParseTemplateBehavior [ RunTime:0.011001s ]
INFO: [ view_parse ] --END-- [ RunTime:0.011001s ]
INFO: [ view_filter ] --START--
INFO: Run Behavior\WriteHtmlCacheBehavior [ RunTime:0.001000s ]
INFO: [ view_filter ] --END-- [ RunTime:0.001000s ]
INFO: [ app_end ] --START--
INFO: Run Behavior\ShowPageTraceBehavior [ RunTime:0.001000s ]
INFO: [ app_end ] --END-- [ RunTime:0.001000s ]

[ 2018-12-29T11:39:13+08:00 ] 127.0.0.1 /index.php/Home/Application/login.html
INFO: [ app_init ] --START--
INFO: Run Behavior\BuildLiteBehavior [ RunTime:0.000000s ]
INFO: [ app_init ] --END-- [ RunTime:0.000000s ]
INFO: [ app_begin ] --START--
INFO: Run Behavior\ReadHtmlCacheBehavior [ RunTime:0.001000s ]
INFO: [ app_begin ] --END-- [ RunTime:0.001000s ]
SQL: SHOW COLUMNS FROM `account` [ RunTime:0.0080s ]
SQL: SELECT `email` FROM `account`  [ RunTime:0.0010s ]
SQL: SELECT `username` FROM `account`  [ RunTime:0.0000s ]
SQL: SELECT `password` FROM `account` WHERE `email` = ''  [ RunTime:0.0010s ]
NOTIC: [2] implode(): Invalid arguments passed D:\temporary folder\Personal-project\registration system using thinkphp framework\Application\Home\Controller\ApplicationController.class.php 第 72 行.
SQL: SELECT `password` FROM `account` WHERE `username` = ''  [ RunTime:0.0010s ]
NOTIC: [2] implode(): Invalid arguments passed D:\temporary folder\Personal-project\registration system using thinkphp framework\Application\Home\Controller\ApplicationController.class.php 第 74 行.
INFO: [ view_parse ] --START--
INFO: [ template_filter ] --START--
INFO: Run Behavior\ContentReplaceBehavior [ RunTime:0.000000s ]
INFO: [ template_filter ] --END-- [ RunTime:0.000000s ]
NOTIC: [2] include(errors.php): failed to open stream: No such file or directory D:\temporary folder\Personal-project\registration system using thinkphp framework\Application\Runtime\Cache\Home\ce08001826bf659e465af77c5ac813e5.php 第 13 行.
NOTIC: [2] include(errors.php): failed to open stream: No such file or directory D:\temporary folder\Personal-project\registration system using thinkphp framework\Application\Runtime\Cache\Home\ce08001826bf659e465af77c5ac813e5.php 第 13 行.
NOTIC: [2] include(): Failed opening 'errors.php' for inclusion (include_path='.;C:\php\pear') D:\temporary folder\Personal-project\registration system using thinkphp framework\Application\Runtime\Cache\Home\ce08001826bf659e465af77c5ac813e5.php 第 13 行.
INFO: Run Behavior\ParseTemplateBehavior [ RunTime:0.011000s ]
INFO: [ view_parse ] --END-- [ RunTime:0.011000s ]
INFO: [ view_filter ] --START--
INFO: Run Behavior\WriteHtmlCacheBehavior [ RunTime:0.001000s ]
INFO: [ view_filter ] --END-- [ RunTime:0.001000s ]
INFO: [ app_end ] --START--
INFO: Run Behavior\ShowPageTraceBehavior [ RunTime:0.001001s ]
INFO: [ app_end ] --END-- [ RunTime:0.001001s ]

[ 2018-12-29T11:39:17+08:00 ] 127.0.0.1 /index.php/Home/Application/login.html
INFO: [ app_init ] --START--
INFO: Run Behavior\BuildLiteBehavior [ RunTime:0.000000s ]
INFO: [ app_init ] --END-- [ RunTime:0.001000s ]
INFO: [ app_begin ] --START--
INFO: Run Behavior\ReadHtmlCacheBehavior [ RunTime:0.001000s ]
INFO: [ app_begin ] --END-- [ RunTime:0.001000s ]
SQL: SHOW COLUMNS FROM `account` [ RunTime:0.0080s ]
SQL: SELECT `email` FROM `account`  [ RunTime:0.0010s ]
SQL: SELECT `username` FROM `account`  [ RunTime:0.0000s ]
SQL: SELECT `password` FROM `account` WHERE `email` = 'd'  [ RunTime:0.0010s ]
NOTIC: [2] implode(): Invalid arguments passed D:\temporary folder\Personal-project\registration system using thinkphp framework\Application\Home\Controller\ApplicationController.class.php 第 72 行.
SQL: SELECT `password` FROM `account` WHERE `username` = 'd'  [ RunTime:0.0000s ]
NOTIC: [2] implode(): Invalid arguments passed D:\temporary folder\Personal-project\registration system using thinkphp framework\Application\Home\Controller\ApplicationController.class.php 第 74 行.
INFO: [ view_parse ] --START--
INFO: [ template_filter ] --START--
INFO: Run Behavior\ContentReplaceBehavior [ RunTime:0.000000s ]
INFO: [ template_filter ] --END-- [ RunTime:0.000000s ]
NOTIC: [2] include(errors.php): failed to open stream: No such file or directory D:\temporary folder\Personal-project\registration system using thinkphp framework\Application\Runtime\Cache\Home\ce08001826bf659e465af77c5ac813e5.php 第 13 行.
NOTIC: [2] include(errors.php): failed to open stream: No such file or directory D:\temporary folder\Personal-project\registration system using thinkphp framework\Application\Runtime\Cache\Home\ce08001826bf659e465af77c5ac813e5.php 第 13 行.
NOTIC: [2] include(): Failed opening 'errors.php' for inclusion (include_path='.;C:\php\pear') D:\temporary folder\Personal-project\registration system using thinkphp framework\Application\Runtime\Cache\Home\ce08001826bf659e465af77c5ac813e5.php 第 13 行.
INFO: Run Behavior\ParseTemplateBehavior [ RunTime:0.010001s ]
INFO: [ view_parse ] --END-- [ RunTime:0.010001s ]
INFO: [ view_filter ] --START--
INFO: Run Behavior\WriteHtmlCacheBehavior [ RunTime:0.000000s ]
INFO: [ view_filter ] --END-- [ RunTime:0.000000s ]
INFO: [ app_end ] --START--
INFO: Run Behavior\ShowPageTraceBehavior [ RunTime:0.001000s ]
INFO: [ app_end ] --END-- [ RunTime:0.001000s ]

[ 2018-12-29T11:39:27+08:00 ] 127.0.0.1 /index.php/Home/Application/login.html
INFO: [ app_init ] --START--
INFO: Run Behavior\BuildLiteBehavior [ RunTime:0.000000s ]
INFO: [ app_init ] --END-- [ RunTime:0.001001s ]
INFO: [ app_begin ] --START--
INFO: Run Behavior\ReadHtmlCacheBehavior [ RunTime:0.001000s ]
INFO: [ app_begin ] --END-- [ RunTime:0.001000s ]
SQL: SHOW COLUMNS FROM `account` [ RunTime:0.0070s ]
SQL: SELECT `email` FROM `account`  [ RunTime:0.0000s ]
SQL: SELECT `username` FROM `account`  [ RunTime:0.0000s ]
SQL: SELECT `password` FROM `account` WHERE `email` = 'yuchen'  [ RunTime:0.0010s ]
NOTIC: [2] implode(): Invalid arguments passed D:\temporary folder\Personal-project\registration system using thinkphp framework\Application\Home\Controller\ApplicationController.class.php 第 72 行.
SQL: SELECT `password` FROM `account` WHERE `username` = 'yuchen'  [ RunTime:0.0000s ]
INFO: [ view_parse ] --START--
INFO: [ template_filter ] --START--
INFO: Run Behavior\ContentReplaceBehavior [ RunTime:0.000000s ]
INFO: [ template_filter ] --END-- [ RunTime:0.000000s ]
NOTIC: [2] include(errors.php): failed to open stream: No such file or directory D:\temporary folder\Personal-project\registration system using thinkphp framework\Application\Runtime\Cache\Home\ce08001826bf659e465af77c5ac813e5.php 第 13 行.
NOTIC: [2] include(errors.php): failed to open stream: No such file or directory D:\temporary folder\Personal-project\registration system using thinkphp framework\Application\Runtime\Cache\Home\ce08001826bf659e465af77c5ac813e5.php 第 13 行.
NOTIC: [2] include(): Failed opening 'errors.php' for inclusion (include_path='.;C:\php\pear') D:\temporary folder\Personal-project\registration system using thinkphp framework\Application\Runtime\Cache\Home\ce08001826bf659e465af77c5ac813e5.php 第 13 行.
INFO: Run Behavior\ParseTemplateBehavior [ RunTime:0.007001s ]
INFO: [ view_parse ] --END-- [ RunTime:0.007001s ]
INFO: [ view_filter ] --START--
INFO: Run Behavior\WriteHtmlCacheBehavior [ RunTime:0.001000s ]
INFO: [ view_filter ] --END-- [ RunTime:0.001000s ]
INFO: [ app_end ] --START--
INFO: Run Behavior\ShowPageTraceBehavior [ RunTime:0.001000s ]
INFO: [ app_end ] --END-- [ RunTime:0.001000s ]

[ 2018-12-29T11:39:45+08:00 ] 127.0.0.1 /index.php/Home/Application/login.html
INFO: [ app_init ] --START--
INFO: Run Behavior\BuildLiteBehavior [ RunTime:0.000000s ]
INFO: [ app_init ] --END-- [ RunTime:0.000000s ]
INFO: [ app_begin ] --START--
INFO: Run Behavior\ReadHtmlCacheBehavior [ RunTime:0.001000s ]
INFO: [ app_begin ] --END-- [ RunTime:0.001000s ]
SQL: SHOW COLUMNS FROM `account` [ RunTime:0.0080s ]
SQL: SELECT `email` FROM `account`  [ RunTime:0.0000s ]
SQL: SELECT `username` FROM `account`  [ RunTime:0.0010s ]
SQL: SELECT `password` FROM `account` WHERE `email` = 'yuchen'  [ RunTime:0.0000s ]
NOTIC: [2] implode(): Invalid arguments passed D:\temporary folder\Personal-project\registration system using thinkphp framework\Application\Home\Controller\ApplicationController.class.php 第 72 行.
SQL: SELECT `password` FROM `account` WHERE `username` = 'yuchen'  [ RunTime:0.0000s ]
INFO: [ view_parse ] --START--
INFO: [ template_filter ] --START--
INFO: Run Behavior\ContentReplaceBehavior [ RunTime:0.000000s ]
INFO: [ template_filter ] --END-- [ RunTime:0.000000s ]
NOTIC: [2] include(errors.php): failed to open stream: No such file or directory D:\temporary folder\Personal-project\registration system using thinkphp framework\Application\Runtime\Cache\Home\ce08001826bf659e465af77c5ac813e5.php 第 13 行.
NOTIC: [2] include(errors.php): failed to open stream: No such file or directory D:\temporary folder\Personal-project\registration system using thinkphp framework\Application\Runtime\Cache\Home\ce08001826bf659e465af77c5ac813e5.php 第 13 行.
NOTIC: [2] include(): Failed opening 'errors.php' for inclusion (include_path='.;C:\php\pear') D:\temporary folder\Personal-project\registration system using thinkphp framework\Application\Runtime\Cache\Home\ce08001826bf659e465af77c5ac813e5.php 第 13 行.
INFO: Run Behavior\ParseTemplateBehavior [ RunTime:0.010001s ]
INFO: [ view_parse ] --END-- [ RunTime:0.010001s ]
INFO: [ view_filter ] --START--
INFO: Run Behavior\WriteHtmlCacheBehavior [ RunTime:0.000000s ]
INFO: [ view_filter ] --END-- [ RunTime:0.000000s ]
INFO: [ app_end ] --START--
INFO: Run Behavior\ShowPageTraceBehavior [ RunTime:0.001000s ]
INFO: [ app_end ] --END-- [ RunTime:0.001000s ]

[ 2018-12-29T11:39:51+08:00 ] 127.0.0.1 /index.php/Home/Application/login.html
INFO: [ app_init ] --START--
INFO: Run Behavior\BuildLiteBehavior [ RunTime:0.000000s ]
INFO: [ app_init ] --END-- [ RunTime:0.001000s ]
INFO: [ app_begin ] --START--
INFO: Run Behavior\ReadHtmlCacheBehavior [ RunTime:0.001000s ]
INFO: [ app_begin ] --END-- [ RunTime:0.001000s ]
SQL: SHOW COLUMNS FROM `account` [ RunTime:0.0080s ]
SQL: SELECT `email` FROM `account`  [ RunTime:0.0010s ]
SQL: SELECT `username` FROM `account`  [ RunTime:0.0000s ]
SQL: SELECT `password` FROM `account` WHERE `email` = 'yuchen'  [ RunTime:0.0000s ]
NOTIC: [2] implode(): Invalid arguments passed D:\temporary folder\Personal-project\registration system using thinkphp framework\Application\Home\Controller\ApplicationController.class.php 第 72 行.
SQL: SELECT `password` FROM `account` WHERE `username` = 'yuchen'  [ RunTime:0.0010s ]
INFO: [ view_parse ] --START--
INFO: [ template_filter ] --START--
INFO: Run Behavior\ContentReplaceBehavior [ RunTime:0.000000s ]
INFO: [ template_filter ] --END-- [ RunTime:0.000000s ]
INFO: Run Behavior\ParseTemplateBehavior [ RunTime:0.011000s ]
INFO: [ view_parse ] --END-- [ RunTime:0.011000s ]
INFO: [ view_filter ] --START--
INFO: Run Behavior\WriteHtmlCacheBehavior [ RunTime:0.001001s ]
INFO: [ view_filter ] --END-- [ RunTime:0.001001s ]
INFO: [ view_parse ] --START--
INFO: [ template_filter ] --START--
INFO: Run Behavior\ContentReplaceBehavior [ RunTime:0.000000s ]
INFO: [ template_filter ] --END-- [ RunTime:-0.005001s ]
NOTIC: [2] include(errors.php): failed to open stream: No such file or directory D:\temporary folder\Personal-project\registration system using thinkphp framework\Application\Runtime\Cache\Home\ce08001826bf659e465af77c5ac813e5.php 第 13 行.
NOTIC: [2] include(errors.php): failed to open stream: No such file or directory D:\temporary folder\Personal-project\registration system using thinkphp framework\Application\Runtime\Cache\Home\ce08001826bf659e465af77c5ac813e5.php 第 13 行.
NOTIC: [2] include(): Failed opening 'errors.php' for inclusion (include_path='.;C:\php\pear') D:\temporary folder\Personal-project\registration system using thinkphp framework\Application\Runtime\Cache\Home\ce08001826bf659e465af77c5ac813e5.php 第 13 行.
NOTIC: [8] Undefined variable: errMessage D:\temporary folder\Personal-project\registration system using thinkphp framework\Application\Runtime\Cache\Home\ce08001826bf659e465af77c5ac813e5.php 第 32 行.
INFO: Run Behavior\ParseTemplateBehavior [ RunTime:0.004000s ]
INFO: [ view_parse ] --END-- [ RunTime:-0.001001s ]
INFO: [ view_filter ] --START--
INFO: Run Behavior\WriteHtmlCacheBehavior [ RunTime:0.000000s ]
INFO: [ view_filter ] --END-- [ RunTime:-0.004000s ]
INFO: [ app_end ] --START--
INFO: Run Behavior\ShowPageTraceBehavior [ RunTime:0.001000s ]
INFO: [ app_end ] --END-- [ RunTime:0.001000s ]

[ 2018-12-29T11:39:52+08:00 ] 127.0.0.1 /index.php/Home/Application/test
INFO: [ app_init ] --START--
INFO: Run Behavior\BuildLiteBehavior [ RunTime:0.000000s ]
INFO: [ app_init ] --END-- [ RunTime:0.001000s ]
INFO: [ app_begin ] --START--
INFO: Run Behavior\ReadHtmlCacheBehavior [ RunTime:0.001000s ]
INFO: [ app_begin ] --END-- [ RunTime:0.001000s ]
INFO: [ view_parse ] --START--
INFO: [ template_filter ] --START--
INFO: Run Behavior\ContentReplaceBehavior [ RunTime:0.000000s ]
INFO: [ template_filter ] --END-- [ RunTime:0.001000s ]
NOTIC: [8] A session had already been started - ignoring session_start() D:\temporary folder\Personal-project\registration system using thinkphp framework\Application\Runtime\Cache\Home\31e61444e42dae58dcb88771f6cbe5ec.php 第 1 行.
INFO: Run Behavior\ParseTemplateBehavior [ RunTime:0.007000s ]
INFO: [ view_parse ] --END-- [ RunTime:0.007000s ]
INFO: [ view_filter ] --START--
INFO: Run Behavior\WriteHtmlCacheBehavior [ RunTime:0.000000s ]
INFO: [ view_filter ] --END-- [ RunTime:0.000000s ]
INFO: [ app_end ] --START--
INFO: Run Behavior\ShowPageTraceBehavior [ RunTime:0.001000s ]
INFO: [ app_end ] --END-- [ RunTime:0.001000s ]

[ 2018-12-29T11:39:53+08:00 ] 127.0.0.1 /index.php/Home/Application/test.html?logout=%271%27
INFO: [ app_init ] --START--
INFO: Run Behavior\BuildLiteBehavior [ RunTime:0.000000s ]
INFO: [ app_init ] --END-- [ RunTime:0.001000s ]
INFO: [ app_begin ] --START--
INFO: Run Behavior\ReadHtmlCacheBehavior [ RunTime:0.001001s ]
INFO: [ app_begin ] --END-- [ RunTime:0.001001s ]
INFO: [ view_parse ] --START--
INFO: [ template_filter ] --START--
INFO: Run Behavior\ContentReplaceBehavior [ RunTime:0.000000s ]
INFO: [ template_filter ] --END-- [ RunTime:0.000000s ]
NOTIC: [8] A session had already been started - ignoring session_start() D:\temporary folder\Personal-project\registration system using thinkphp framework\Application\Runtime\Cache\Home\31e61444e42dae58dcb88771f6cbe5ec.php 第 1 行.
INFO: Run Behavior\ParseTemplateBehavior [ RunTime:0.008000s ]
INFO: [ view_parse ] --END-- [ RunTime:0.008000s ]
INFO: [ view_filter ] --START--
INFO: Run Behavior\WriteHtmlCacheBehavior [ RunTime:0.001000s ]
INFO: [ view_filter ] --END-- [ RunTime:0.001000s ]
INFO: [ app_end ] --START--
INFO: Run Behavior\ShowPageTraceBehavior [ RunTime:0.001000s ]
INFO: [ app_end ] --END-- [ RunTime:0.001000s ]

[ 2018-12-29T11:39:53+08:00 ] 127.0.0.1 /index.php/Home/Application/login.html
INFO: [ app_init ] --START--
INFO: Run Behavior\BuildLiteBehavior [ RunTime:0.000000s ]
INFO: [ app_init ] --END-- [ RunTime:0.001000s ]
INFO: [ app_begin ] --START--
INFO: Run Behavior\ReadHtmlCacheBehavior [ RunTime:0.000000s ]
INFO: [ app_begin ] --END-- [ RunTime:0.000000s ]
INFO: [ view_parse ] --START--
INFO: [ template_filter ] --START--
INFO: Run Behavior\ContentReplaceBehavior [ RunTime:0.000000s ]
INFO: [ template_filter ] --END-- [ RunTime:0.000000s ]
NOTIC: [2] include(errors.php): failed to open stream: No such file or directory D:\temporary folder\Personal-project\registration system using thinkphp framework\Application\Runtime\Cache\Home\ce08001826bf659e465af77c5ac813e5.php 第 13 行.
NOTIC: [2] include(errors.php): failed to open stream: No such file or directory D:\temporary folder\Personal-project\registration system using thinkphp framework\Application\Runtime\Cache\Home\ce08001826bf659e465af77c5ac813e5.php 第 13 行.
NOTIC: [2] include(): Failed opening 'errors.php' for inclusion (include_path='.;C:\php\pear') D:\temporary folder\Personal-project\registration system using thinkphp framework\Application\Runtime\Cache\Home\ce08001826bf659e465af77c5ac813e5.php 第 13 行.
NOTIC: [8] Undefined variable: errMessage D:\temporary folder\Personal-project\registration system using thinkphp framework\Application\Runtime\Cache\Home\ce08001826bf659e465af77c5ac813e5.php 第 32 行.
INFO: Run Behavior\ParseTemplateBehavior [ RunTime:0.007000s ]
INFO: [ view_parse ] --END-- [ RunTime:0.007000s ]
INFO: [ view_filter ] --START--
INFO: Run Behavior\WriteHtmlCacheBehavior [ RunTime:0.000000s ]
INFO: [ view_filter ] --END-- [ RunTime:0.000000s ]
INFO: [ app_end ] --START--
INFO: Run Behavior\ShowPageTraceBehavior [ RunTime:0.001000s ]
INFO: [ app_end ] --END-- [ RunTime:0.001000s ]

[ 2018-12-29T11:40:04+08:00 ] 127.0.0.1 /index.php/Home/Application/login.html
INFO: [ app_init ] --START--
INFO: Run Behavior\BuildLiteBehavior [ RunTime:0.000000s ]
INFO: [ app_init ] --END-- [ RunTime:0.001001s ]
INFO: [ app_begin ] --START--
INFO: Run Behavior\ReadHtmlCacheBehavior [ RunTime:0.001000s ]
INFO: [ app_begin ] --END-- [ RunTime:0.001000s ]
SQL: SHOW COLUMNS FROM `account` [ RunTime:0.0080s ]
SQL: SELECT `email` FROM `account`  [ RunTime:0.0000s ]
SQL: SELECT `username` FROM `account`  [ RunTime:0.0000s ]
SQL: SELECT `password` FROM `account` WHERE `email` = 'tanaka_hime'  [ RunTime:0.0010s ]
NOTIC: [2] implode(): Invalid arguments passed D:\temporary folder\Personal-project\registration system using thinkphp framework\Application\Home\Controller\ApplicationController.class.php 第 72 行.
SQL: SELECT `password` FROM `account` WHERE `username` = 'tanaka_hime'  [ RunTime:0.0000s ]
INFO: [ view_parse ] --START--
INFO: [ template_filter ] --START--
INFO: Run Behavior\ContentReplaceBehavior [ RunTime:0.000000s ]
INFO: [ template_filter ] --END-- [ RunTime:0.000000s ]
INFO: Run Behavior\ParseTemplateBehavior [ RunTime:0.011001s ]
INFO: [ view_parse ] --END-- [ RunTime:0.011001s ]
INFO: [ view_filter ] --START--
INFO: Run Behavior\WriteHtmlCacheBehavior [ RunTime:0.001000s ]
INFO: [ view_filter ] --END-- [ RunTime:0.001000s ]
INFO: [ view_parse ] --START--
INFO: [ template_filter ] --START--
INFO: Run Behavior\ContentReplaceBehavior [ RunTime:0.000000s ]
INFO: [ template_filter ] --END-- [ RunTime:-0.006001s ]
NOTIC: [2] include(errors.php): failed to open stream: No such file or directory D:\temporary folder\Personal-project\registration system using thinkphp framework\Application\Runtime\Cache\Home\ce08001826bf659e465af77c5ac813e5.php 第 13 行.
NOTIC: [2] include(errors.php): failed to open stream: No such file or directory D:\temporary folder\Personal-project\registration system using thinkphp framework\Application\Runtime\Cache\Home\ce08001826bf659e465af77c5ac813e5.php 第 13 行.
NOTIC: [2] include(): Failed opening 'errors.php' for inclusion (include_path='.;C:\php\pear') D:\temporary folder\Personal-project\registration system using thinkphp framework\Application\Runtime\Cache\Home\ce08001826bf659e465af77c5ac813e5.php 第 13 行.
NOTIC: [8] Undefined variable: errMessage D:\temporary folder\Personal-project\registration system using thinkphp framework\Application\Runtime\Cache\Home\ce08001826bf659e465af77c5ac813e5.php 第 32 行.
INFO: Run Behavior\ParseTemplateBehavior [ RunTime:0.004000s ]
INFO: [ view_parse ] --END-- [ RunTime:-0.001000s ]
INFO: [ view_filter ] --START--
INFO: Run Behavior\WriteHtmlCacheBehavior [ RunTime:0.000000s ]
INFO: [ view_filter ] --END-- [ RunTime:-0.004000s ]
INFO: [ app_end ] --START--
INFO: Run Behavior\ShowPageTraceBehavior [ RunTime:0.001000s ]
INFO: [ app_end ] --END-- [ RunTime:0.001000s ]

[ 2018-12-29T11:40:06+08:00 ] 127.0.0.1 /index.php/Home/Application/test
INFO: [ app_init ] --START--
INFO: Run Behavior\BuildLiteBehavior [ RunTime:0.000000s ]
INFO: [ app_init ] --END-- [ RunTime:0.001000s ]
INFO: [ app_begin ] --START--
INFO: Run Behavior\ReadHtmlCacheBehavior [ RunTime:0.001000s ]
INFO: [ app_begin ] --END-- [ RunTime:0.001000s ]
INFO: [ view_parse ] --START--
INFO: [ template_filter ] --START--
INFO: Run Behavior\ContentReplaceBehavior [ RunTime:0.000000s ]
INFO: [ template_filter ] --END-- [ RunTime:0.000000s ]
NOTIC: [8] A session had already been started - ignoring session_start() D:\temporary folder\Personal-project\registration system using thinkphp framework\Application\Runtime\Cache\Home\31e61444e42dae58dcb88771f6cbe5ec.php 第 1 行.
INFO: Run Behavior\ParseTemplateBehavior [ RunTime:0.006001s ]
INFO: [ view_parse ] --END-- [ RunTime:0.006001s ]
INFO: [ view_filter ] --START--
INFO: Run Behavior\WriteHtmlCacheBehavior [ RunTime:0.001000s ]
INFO: [ view_filter ] --END-- [ RunTime:0.001000s ]
INFO: [ app_end ] --START--
INFO: Run Behavior\ShowPageTraceBehavior [ RunTime:0.001000s ]
INFO: [ app_end ] --END-- [ RunTime:0.001000s ]

