[ 2018-12-18T17:06:19+08:00 ] 127.0.0.1 /index.php/Home/index/login
INFO: [ app_init ] --START--
INFO: Run Behavior\BuildLiteBehavior [ RunTime:0.000000s ]
INFO: [ app_init ] --END-- [ RunTime:0.007000s ]
INFO: [ app_begin ] --START--
INFO: Run Behavior\ReadHtmlCacheBehavior [ RunTime:0.002000s ]
INFO: [ app_begin ] --END-- [ RunTime:0.002000s ]
INFO: [ view_parse ] --START--
INFO: [ template_filter ] --START--
INFO: Run Behavior\ContentReplaceBehavior [ RunTime:0.000000s ]
INFO: [ template_filter ] --END-- [ RunTime:0.000000s ]
NOTIC: [2] include(errors.php): failed to open stream: No such file or directory D:\webroot\registration system using thinkphp framework\Application\Runtime\Cache\Home\ccea6a400660ce54d68cab67b9f68781.php 第 13 行.
NOTIC: [2] include(errors.php): failed to open stream: No such file or directory D:\webroot\registration system using thinkphp framework\Application\Runtime\Cache\Home\ccea6a400660ce54d68cab67b9f68781.php 第 13 行.
NOTIC: [2] include(): Failed opening 'errors.php' for inclusion (include_path='.;C:\php\pear') D:\webroot\registration system using thinkphp framework\Application\Runtime\Cache\Home\ccea6a400660ce54d68cab67b9f68781.php 第 13 行.
NOTIC: [8] Undefined variable: errMessage D:\webroot\registration system using thinkphp framework\Application\Runtime\Cache\Home\ccea6a400660ce54d68cab67b9f68781.php 第 37 行.
INFO: Run Behavior\ParseTemplateBehavior [ RunTime:0.029001s ]
INFO: [ view_parse ] --END-- [ RunTime:0.029001s ]
INFO: [ view_filter ] --START--
INFO: Run Behavior\WriteHtmlCacheBehavior [ RunTime:0.001001s ]
INFO: [ view_filter ] --END-- [ RunTime:0.001001s ]
INFO: [ app_end ] --START--
INFO: Run Behavior\ShowPageTraceBehavior [ RunTime:0.002000s ]
INFO: [ app_end ] --END-- [ RunTime:0.002000s ]

[ 2018-12-18T17:07:22+08:00 ] 127.0.0.1 /index.php/Home/index/register.html
INFO: [ app_init ] --START--
INFO: Run Behavior\BuildLiteBehavior [ RunTime:0.000000s ]
INFO: [ app_init ] --END-- [ RunTime:0.000000s ]
INFO: [ app_begin ] --START--
INFO: Run Behavior\ReadHtmlCacheBehavior [ RunTime:0.001000s ]
INFO: [ app_begin ] --END-- [ RunTime:0.001000s ]
INFO: [ view_parse ] --START--
INFO: [ template_filter ] --START--
INFO: Run Behavior\ContentReplaceBehavior [ RunTime:0.000000s ]
INFO: [ template_filter ] --END-- [ RunTime:0.000000s ]
NOTIC: [2] include(errors.php): failed to open stream: No such file or directory D:\webroot\registration system using thinkphp framework\Application\Runtime\Cache\Home\e2f1e8739761dd1b07196da7c9136d50.php 第 13 行.
NOTIC: [2] include(errors.php): failed to open stream: No such file or directory D:\webroot\registration system using thinkphp framework\Application\Runtime\Cache\Home\e2f1e8739761dd1b07196da7c9136d50.php 第 13 行.
NOTIC: [2] include(): Failed opening 'errors.php' for inclusion (include_path='.;C:\php\pear') D:\webroot\registration system using thinkphp framework\Application\Runtime\Cache\Home\e2f1e8739761dd1b07196da7c9136d50.php 第 13 行.
NOTIC: [8] Undefined variable: username D:\webroot\registration system using thinkphp framework\Application\Runtime\Cache\Home\e2f1e8739761dd1b07196da7c9136d50.php 第 16 行.
NOTIC: [8] Undefined variable: error D:\webroot\registration system using thinkphp framework\Application\Runtime\Cache\Home\e2f1e8739761dd1b07196da7c9136d50.php 第 42 行.
INFO: Run Behavior\ParseTemplateBehavior [ RunTime:0.009000s ]
INFO: [ view_parse ] --END-- [ RunTime:0.009000s ]
INFO: [ view_filter ] --START--
INFO: Run Behavior\WriteHtmlCacheBehavior [ RunTime:0.000000s ]
INFO: [ view_filter ] --END-- [ RunTime:0.000000s ]
INFO: [ app_end ] --START--
INFO: Run Behavior\ShowPageTraceBehavior [ RunTime:0.001000s ]
INFO: [ app_end ] --END-- [ RunTime:0.001000s ]

[ 2018-12-18T17:08:12+08:00 ] 127.0.0.1 /index.php/Home/index/register.html
INFO: [ app_init ] --START--
INFO: Run Behavior\BuildLiteBehavior [ RunTime:0.000000s ]
INFO: [ app_init ] --END-- [ RunTime:0.000000s ]
INFO: [ app_begin ] --START--
INFO: Run Behavior\ReadHtmlCacheBehavior [ RunTime:0.001000s ]
INFO: [ app_begin ] --END-- [ RunTime:0.001000s ]
INFO: [ view_parse ] --START--
INFO: [ template_filter ] --START--
INFO: Run Behavior\ContentReplaceBehavior [ RunTime:0.000000s ]
INFO: [ template_filter ] --END-- [ RunTime:0.000000s ]
NOTIC: [2] include(errors.php): failed to open stream: No such file or directory D:\webroot\registration system using thinkphp framework\Application\Runtime\Cache\Home\e2f1e8739761dd1b07196da7c9136d50.php 第 13 行.
NOTIC: [2] include(errors.php): failed to open stream: No such file or directory D:\webroot\registration system using thinkphp framework\Application\Runtime\Cache\Home\e2f1e8739761dd1b07196da7c9136d50.php 第 13 行.
NOTIC: [2] include(): Failed opening 'errors.php' for inclusion (include_path='.;C:\php\pear') D:\webroot\registration system using thinkphp framework\Application\Runtime\Cache\Home\e2f1e8739761dd1b07196da7c9136d50.php 第 13 行.
NOTIC: [8] Undefined variable: username D:\webroot\registration system using thinkphp framework\Application\Runtime\Cache\Home\e2f1e8739761dd1b07196da7c9136d50.php 第 16 行.
NOTIC: [8] Undefined variable: error D:\webroot\registration system using thinkphp framework\Application\Runtime\Cache\Home\e2f1e8739761dd1b07196da7c9136d50.php 第 42 行.
INFO: Run Behavior\ParseTemplateBehavior [ RunTime:0.007000s ]
INFO: [ view_parse ] --END-- [ RunTime:0.008000s ]
INFO: [ view_filter ] --START--
INFO: Run Behavior\WriteHtmlCacheBehavior [ RunTime:0.000000s ]
INFO: [ view_filter ] --END-- [ RunTime:0.000000s ]
INFO: [ app_end ] --START--
INFO: Run Behavior\ShowPageTraceBehavior [ RunTime:0.001000s ]
INFO: [ app_end ] --END-- [ RunTime:0.001000s ]

[ 2018-12-18T17:08:14+08:00 ] 127.0.0.1 /index.php/Home/index/register.html
INFO: [ app_init ] --START--
INFO: Run Behavior\BuildLiteBehavior [ RunTime:0.000000s ]
INFO: [ app_init ] --END-- [ RunTime:0.001000s ]
INFO: [ app_begin ] --START--
INFO: Run Behavior\ReadHtmlCacheBehavior [ RunTime:0.001000s ]
INFO: [ app_begin ] --END-- [ RunTime:0.002000s ]
INFO: [ view_parse ] --START--
INFO: [ template_filter ] --START--
INFO: Run Behavior\ContentReplaceBehavior [ RunTime:0.000000s ]
INFO: [ template_filter ] --END-- [ RunTime:0.000000s ]
NOTIC: [2] include(errors.php): failed to open stream: No such file or directory D:\webroot\registration system using thinkphp framework\Application\Runtime\Cache\Home\e2f1e8739761dd1b07196da7c9136d50.php 第 13 行.
NOTIC: [2] include(errors.php): failed to open stream: No such file or directory D:\webroot\registration system using thinkphp framework\Application\Runtime\Cache\Home\e2f1e8739761dd1b07196da7c9136d50.php 第 13 行.
NOTIC: [2] include(): Failed opening 'errors.php' for inclusion (include_path='.;C:\php\pear') D:\webroot\registration system using thinkphp framework\Application\Runtime\Cache\Home\e2f1e8739761dd1b07196da7c9136d50.php 第 13 行.
NOTIC: [8] Undefined variable: username D:\webroot\registration system using thinkphp framework\Application\Runtime\Cache\Home\e2f1e8739761dd1b07196da7c9136d50.php 第 16 行.
NOTIC: [8] Undefined variable: error D:\webroot\registration system using thinkphp framework\Application\Runtime\Cache\Home\e2f1e8739761dd1b07196da7c9136d50.php 第 42 行.
INFO: Run Behavior\ParseTemplateBehavior [ RunTime:0.009001s ]
INFO: [ view_parse ] --END-- [ RunTime:0.009001s ]
INFO: [ view_filter ] --START--
INFO: Run Behavior\WriteHtmlCacheBehavior [ RunTime:0.000000s ]
INFO: [ view_filter ] --END-- [ RunTime:0.000000s ]
INFO: [ app_end ] --START--
INFO: Run Behavior\ShowPageTraceBehavior [ RunTime:0.001000s ]
INFO: [ app_end ] --END-- [ RunTime:0.001000s ]

[ 2018-12-18T17:08:15+08:00 ] 127.0.0.1 /index.php/Home/index/register.html
INFO: [ app_init ] --START--
INFO: Run Behavior\BuildLiteBehavior [ RunTime:0.000000s ]
INFO: [ app_init ] --END-- [ RunTime:0.001000s ]
INFO: [ app_begin ] --START--
INFO: Run Behavior\ReadHtmlCacheBehavior [ RunTime:0.000000s ]
INFO: [ app_begin ] --END-- [ RunTime:0.000000s ]
INFO: [ view_parse ] --START--
INFO: [ template_filter ] --START--
INFO: Run Behavior\ContentReplaceBehavior [ RunTime:0.000000s ]
INFO: [ template_filter ] --END-- [ RunTime:0.000000s ]
NOTIC: [2] include(errors.php): failed to open stream: No such file or directory D:\webroot\registration system using thinkphp framework\Application\Runtime\Cache\Home\e2f1e8739761dd1b07196da7c9136d50.php 第 13 行.
NOTIC: [2] include(errors.php): failed to open stream: No such file or directory D:\webroot\registration system using thinkphp framework\Application\Runtime\Cache\Home\e2f1e8739761dd1b07196da7c9136d50.php 第 13 行.
NOTIC: [2] include(): Failed opening 'errors.php' for inclusion (include_path='.;C:\php\pear') D:\webroot\registration system using thinkphp framework\Application\Runtime\Cache\Home\e2f1e8739761dd1b07196da7c9136d50.php 第 13 行.
NOTIC: [8] Undefined variable: username D:\webroot\registration system using thinkphp framework\Application\Runtime\Cache\Home\e2f1e8739761dd1b07196da7c9136d50.php 第 16 行.
NOTIC: [8] Undefined variable: error D:\webroot\registration system using thinkphp framework\Application\Runtime\Cache\Home\e2f1e8739761dd1b07196da7c9136d50.php 第 42 行.
INFO: Run Behavior\ParseTemplateBehavior [ RunTime:0.010001s ]
INFO: [ view_parse ] --END-- [ RunTime:0.010001s ]
INFO: [ view_filter ] --START--
INFO: Run Behavior\WriteHtmlCacheBehavior [ RunTime:0.000000s ]
INFO: [ view_filter ] --END-- [ RunTime:0.000000s ]
INFO: [ app_end ] --START--
INFO: Run Behavior\ShowPageTraceBehavior [ RunTime:0.001000s ]
INFO: [ app_end ] --END-- [ RunTime:0.001000s ]

[ 2018-12-18T17:08:15+08:00 ] 127.0.0.1 /index.php/Home/index/register.html
INFO: [ app_init ] --START--
INFO: Run Behavior\BuildLiteBehavior [ RunTime:0.000000s ]
INFO: [ app_init ] --END-- [ RunTime:0.001000s ]
INFO: [ app_begin ] --START--
INFO: Run Behavior\ReadHtmlCacheBehavior [ RunTime:0.000000s ]
INFO: [ app_begin ] --END-- [ RunTime:0.000000s ]
INFO: [ view_parse ] --START--
INFO: [ template_filter ] --START--
INFO: Run Behavior\ContentReplaceBehavior [ RunTime:0.001000s ]
INFO: [ template_filter ] --END-- [ RunTime:0.001000s ]
NOTIC: [2] include(errors.php): failed to open stream: No such file or directory D:\webroot\registration system using thinkphp framework\Application\Runtime\Cache\Home\e2f1e8739761dd1b07196da7c9136d50.php 第 13 行.
NOTIC: [2] include(errors.php): failed to open stream: No such file or directory D:\webroot\registration system using thinkphp framework\Application\Runtime\Cache\Home\e2f1e8739761dd1b07196da7c9136d50.php 第 13 行.
NOTIC: [2] include(): Failed opening 'errors.php' for inclusion (include_path='.;C:\php\pear') D:\webroot\registration system using thinkphp framework\Application\Runtime\Cache\Home\e2f1e8739761dd1b07196da7c9136d50.php 第 13 行.
NOTIC: [8] Undefined variable: username D:\webroot\registration system using thinkphp framework\Application\Runtime\Cache\Home\e2f1e8739761dd1b07196da7c9136d50.php 第 16 行.
NOTIC: [8] Undefined variable: error D:\webroot\registration system using thinkphp framework\Application\Runtime\Cache\Home\e2f1e8739761dd1b07196da7c9136d50.php 第 42 行.
INFO: Run Behavior\ParseTemplateBehavior [ RunTime:0.008001s ]
INFO: [ view_parse ] --END-- [ RunTime:0.008001s ]
INFO: [ view_filter ] --START--
INFO: Run Behavior\WriteHtmlCacheBehavior [ RunTime:0.001000s ]
INFO: [ view_filter ] --END-- [ RunTime:0.001000s ]
INFO: [ app_end ] --START--
INFO: Run Behavior\ShowPageTraceBehavior [ RunTime:0.001000s ]
INFO: [ app_end ] --END-- [ RunTime:0.001000s ]

[ 2018-12-18T17:08:16+08:00 ] 127.0.0.1 /index.php/Home/index/register.html
INFO: [ app_init ] --START--
INFO: Run Behavior\BuildLiteBehavior [ RunTime:0.000000s ]
INFO: [ app_init ] --END-- [ RunTime:0.001000s ]
INFO: [ app_begin ] --START--
INFO: Run Behavior\ReadHtmlCacheBehavior [ RunTime:0.001000s ]
INFO: [ app_begin ] --END-- [ RunTime:0.001000s ]
INFO: [ view_parse ] --START--
INFO: [ template_filter ] --START--
INFO: Run Behavior\ContentReplaceBehavior [ RunTime:0.000000s ]
INFO: [ template_filter ] --END-- [ RunTime:0.000000s ]
NOTIC: [2] include(errors.php): failed to open stream: No such file or directory D:\webroot\registration system using thinkphp framework\Application\Runtime\Cache\Home\e2f1e8739761dd1b07196da7c9136d50.php 第 13 行.
NOTIC: [2] include(errors.php): failed to open stream: No such file or directory D:\webroot\registration system using thinkphp framework\Application\Runtime\Cache\Home\e2f1e8739761dd1b07196da7c9136d50.php 第 13 行.
NOTIC: [2] include(): Failed opening 'errors.php' for inclusion (include_path='.;C:\php\pear') D:\webroot\registration system using thinkphp framework\Application\Runtime\Cache\Home\e2f1e8739761dd1b07196da7c9136d50.php 第 13 行.
NOTIC: [8] Undefined variable: username D:\webroot\registration system using thinkphp framework\Application\Runtime\Cache\Home\e2f1e8739761dd1b07196da7c9136d50.php 第 16 行.
NOTIC: [8] Undefined variable: error D:\webroot\registration system using thinkphp framework\Application\Runtime\Cache\Home\e2f1e8739761dd1b07196da7c9136d50.php 第 42 行.
INFO: Run Behavior\ParseTemplateBehavior [ RunTime:0.007001s ]
INFO: [ view_parse ] --END-- [ RunTime:0.007001s ]
INFO: [ view_filter ] --START--
INFO: Run Behavior\WriteHtmlCacheBehavior [ RunTime:0.000000s ]
INFO: [ view_filter ] --END-- [ RunTime:0.000000s ]
INFO: [ app_end ] --START--
INFO: Run Behavior\ShowPageTraceBehavior [ RunTime:0.001000s ]
INFO: [ app_end ] --END-- [ RunTime:0.001000s ]

[ 2018-12-18T17:08:16+08:00 ] 127.0.0.1 /index.php/Home/index/register.html
INFO: [ app_init ] --START--
INFO: Run Behavior\BuildLiteBehavior [ RunTime:0.000000s ]
INFO: [ app_init ] --END-- [ RunTime:0.000000s ]
INFO: [ app_begin ] --START--
INFO: Run Behavior\ReadHtmlCacheBehavior [ RunTime:0.001000s ]
INFO: [ app_begin ] --END-- [ RunTime:0.001000s ]
INFO: [ view_parse ] --START--
INFO: [ template_filter ] --START--
INFO: Run Behavior\ContentReplaceBehavior [ RunTime:0.000000s ]
INFO: [ template_filter ] --END-- [ RunTime:0.000000s ]
NOTIC: [2] include(errors.php): failed to open stream: No such file or directory D:\webroot\registration system using thinkphp framework\Application\Runtime\Cache\Home\e2f1e8739761dd1b07196da7c9136d50.php 第 13 行.
NOTIC: [2] include(errors.php): failed to open stream: No such file or directory D:\webroot\registration system using thinkphp framework\Application\Runtime\Cache\Home\e2f1e8739761dd1b07196da7c9136d50.php 第 13 行.
NOTIC: [2] include(): Failed opening 'errors.php' for inclusion (include_path='.;C:\php\pear') D:\webroot\registration system using thinkphp framework\Application\Runtime\Cache\Home\e2f1e8739761dd1b07196da7c9136d50.php 第 13 行.
NOTIC: [8] Undefined variable: username D:\webroot\registration system using thinkphp framework\Application\Runtime\Cache\Home\e2f1e8739761dd1b07196da7c9136d50.php 第 16 行.
NOTIC: [8] Undefined variable: error D:\webroot\registration system using thinkphp framework\Application\Runtime\Cache\Home\e2f1e8739761dd1b07196da7c9136d50.php 第 42 行.
INFO: Run Behavior\ParseTemplateBehavior [ RunTime:0.009001s ]
INFO: [ view_parse ] --END-- [ RunTime:0.009001s ]
INFO: [ view_filter ] --START--
INFO: Run Behavior\WriteHtmlCacheBehavior [ RunTime:0.000000s ]
INFO: [ view_filter ] --END-- [ RunTime:0.000000s ]
INFO: [ app_end ] --START--
INFO: Run Behavior\ShowPageTraceBehavior [ RunTime:0.001000s ]
INFO: [ app_end ] --END-- [ RunTime:0.001000s ]

[ 2018-12-18T17:08:16+08:00 ] 127.0.0.1 /index.php/Home/index/register.html
INFO: [ app_init ] --START--
INFO: Run Behavior\BuildLiteBehavior [ RunTime:0.000000s ]
INFO: [ app_init ] --END-- [ RunTime:0.000000s ]
INFO: [ app_begin ] --START--
INFO: Run Behavior\ReadHtmlCacheBehavior [ RunTime:0.001000s ]
INFO: [ app_begin ] --END-- [ RunTime:0.001000s ]
INFO: [ view_parse ] --START--
INFO: [ template_filter ] --START--
INFO: Run Behavior\ContentReplaceBehavior [ RunTime:0.000000s ]
INFO: [ template_filter ] --END-- [ RunTime:0.000000s ]
NOTIC: [2] include(errors.php): failed to open stream: No such file or directory D:\webroot\registration system using thinkphp framework\Application\Runtime\Cache\Home\e2f1e8739761dd1b07196da7c9136d50.php 第 13 行.
NOTIC: [2] include(errors.php): failed to open stream: No such file or directory D:\webroot\registration system using thinkphp framework\Application\Runtime\Cache\Home\e2f1e8739761dd1b07196da7c9136d50.php 第 13 行.
NOTIC: [2] include(): Failed opening 'errors.php' for inclusion (include_path='.;C:\php\pear') D:\webroot\registration system using thinkphp framework\Application\Runtime\Cache\Home\e2f1e8739761dd1b07196da7c9136d50.php 第 13 行.
NOTIC: [8] Undefined variable: username D:\webroot\registration system using thinkphp framework\Application\Runtime\Cache\Home\e2f1e8739761dd1b07196da7c9136d50.php 第 16 行.
NOTIC: [8] Undefined variable: error D:\webroot\registration system using thinkphp framework\Application\Runtime\Cache\Home\e2f1e8739761dd1b07196da7c9136d50.php 第 42 行.
INFO: Run Behavior\ParseTemplateBehavior [ RunTime:0.009001s ]
INFO: [ view_parse ] --END-- [ RunTime:0.009001s ]
INFO: [ view_filter ] --START--
INFO: Run Behavior\WriteHtmlCacheBehavior [ RunTime:0.000000s ]
INFO: [ view_filter ] --END-- [ RunTime:0.000000s ]
INFO: [ app_end ] --START--
INFO: Run Behavior\ShowPageTraceBehavior [ RunTime:0.001000s ]
INFO: [ app_end ] --END-- [ RunTime:0.001000s ]

[ 2018-12-18T17:08:26+08:00 ] 127.0.0.1 /index.php/Home/index/register.html
INFO: [ app_init ] --START--
INFO: Run Behavior\BuildLiteBehavior [ RunTime:0.000000s ]
INFO: [ app_init ] --END-- [ RunTime:0.000000s ]
INFO: [ app_begin ] --START--
INFO: Run Behavior\ReadHtmlCacheBehavior [ RunTime:0.002000s ]
INFO: [ app_begin ] --END-- [ RunTime:0.002000s ]
INFO: [ view_parse ] --START--
INFO: [ template_filter ] --START--
INFO: Run Behavior\ContentReplaceBehavior [ RunTime:0.000000s ]
INFO: [ template_filter ] --END-- [ RunTime:0.000000s ]
NOTIC: [2] include(errors.php): failed to open stream: No such file or directory D:\webroot\registration system using thinkphp framework\Application\Runtime\Cache\Home\e2f1e8739761dd1b07196da7c9136d50.php 第 13 行.
NOTIC: [2] include(errors.php): failed to open stream: No such file or directory D:\webroot\registration system using thinkphp framework\Application\Runtime\Cache\Home\e2f1e8739761dd1b07196da7c9136d50.php 第 13 行.
NOTIC: [2] include(): Failed opening 'errors.php' for inclusion (include_path='.;C:\php\pear') D:\webroot\registration system using thinkphp framework\Application\Runtime\Cache\Home\e2f1e8739761dd1b07196da7c9136d50.php 第 13 行.
NOTIC: [8] Undefined variable: username D:\webroot\registration system using thinkphp framework\Application\Runtime\Cache\Home\e2f1e8739761dd1b07196da7c9136d50.php 第 16 行.
NOTIC: [8] Undefined variable: error D:\webroot\registration system using thinkphp framework\Application\Runtime\Cache\Home\e2f1e8739761dd1b07196da7c9136d50.php 第 42 行.
INFO: Run Behavior\ParseTemplateBehavior [ RunTime:0.010001s ]
INFO: [ view_parse ] --END-- [ RunTime:0.010001s ]
INFO: [ view_filter ] --START--
INFO: Run Behavior\WriteHtmlCacheBehavior [ RunTime:0.001000s ]
INFO: [ view_filter ] --END-- [ RunTime:0.001000s ]
INFO: [ app_end ] --START--
INFO: Run Behavior\ShowPageTraceBehavior [ RunTime:0.000000s ]
INFO: [ app_end ] --END-- [ RunTime:0.001000s ]

[ 2018-12-18T17:08:26+08:00 ] 127.0.0.1 /index.php/Home/index/register.html
INFO: [ app_init ] --START--
INFO: Run Behavior\BuildLiteBehavior [ RunTime:0.001000s ]
INFO: [ app_init ] --END-- [ RunTime:0.001000s ]
INFO: [ app_begin ] --START--
INFO: Run Behavior\ReadHtmlCacheBehavior [ RunTime:0.000000s ]
INFO: [ app_begin ] --END-- [ RunTime:0.000000s ]
INFO: [ view_parse ] --START--
INFO: [ template_filter ] --START--
INFO: Run Behavior\ContentReplaceBehavior [ RunTime:0.000000s ]
INFO: [ template_filter ] --END-- [ RunTime:0.000000s ]
NOTIC: [2] include(errors.php): failed to open stream: No such file or directory D:\webroot\registration system using thinkphp framework\Application\Runtime\Cache\Home\e2f1e8739761dd1b07196da7c9136d50.php 第 13 行.
NOTIC: [2] include(errors.php): failed to open stream: No such file or directory D:\webroot\registration system using thinkphp framework\Application\Runtime\Cache\Home\e2f1e8739761dd1b07196da7c9136d50.php 第 13 行.
NOTIC: [2] include(): Failed opening 'errors.php' for inclusion (include_path='.;C:\php\pear') D:\webroot\registration system using thinkphp framework\Application\Runtime\Cache\Home\e2f1e8739761dd1b07196da7c9136d50.php 第 13 行.
NOTIC: [8] Undefined variable: username D:\webroot\registration system using thinkphp framework\Application\Runtime\Cache\Home\e2f1e8739761dd1b07196da7c9136d50.php 第 16 行.
NOTIC: [8] Undefined variable: error D:\webroot\registration system using thinkphp framework\Application\Runtime\Cache\Home\e2f1e8739761dd1b07196da7c9136d50.php 第 42 行.
INFO: Run Behavior\ParseTemplateBehavior [ RunTime:0.009001s ]
INFO: [ view_parse ] --END-- [ RunTime:0.009001s ]
INFO: [ view_filter ] --START--
INFO: Run Behavior\WriteHtmlCacheBehavior [ RunTime:0.001000s ]
INFO: [ view_filter ] --END-- [ RunTime:0.001000s ]
INFO: [ app_end ] --START--
INFO: Run Behavior\ShowPageTraceBehavior [ RunTime:0.001000s ]
INFO: [ app_end ] --END-- [ RunTime:0.001000s ]

[ 2018-12-18T17:08:27+08:00 ] 127.0.0.1 /index.php/Home/index/register.html
INFO: [ app_init ] --START--
INFO: Run Behavior\BuildLiteBehavior [ RunTime:0.000000s ]
INFO: [ app_init ] --END-- [ RunTime:0.000000s ]
INFO: [ app_begin ] --START--
INFO: Run Behavior\ReadHtmlCacheBehavior [ RunTime:0.000000s ]
INFO: [ app_begin ] --END-- [ RunTime:0.001000s ]
INFO: [ view_parse ] --START--
INFO: [ template_filter ] --START--
INFO: Run Behavior\ContentReplaceBehavior [ RunTime:0.000000s ]
INFO: [ template_filter ] --END-- [ RunTime:0.000000s ]
NOTIC: [2] include(errors.php): failed to open stream: No such file or directory D:\webroot\registration system using thinkphp framework\Application\Runtime\Cache\Home\e2f1e8739761dd1b07196da7c9136d50.php 第 13 行.
NOTIC: [2] include(errors.php): failed to open stream: No such file or directory D:\webroot\registration system using thinkphp framework\Application\Runtime\Cache\Home\e2f1e8739761dd1b07196da7c9136d50.php 第 13 行.
NOTIC: [2] include(): Failed opening 'errors.php' for inclusion (include_path='.;C:\php\pear') D:\webroot\registration system using thinkphp framework\Application\Runtime\Cache\Home\e2f1e8739761dd1b07196da7c9136d50.php 第 13 行.
NOTIC: [8] Undefined variable: username D:\webroot\registration system using thinkphp framework\Application\Runtime\Cache\Home\e2f1e8739761dd1b07196da7c9136d50.php 第 16 行.
NOTIC: [8] Undefined variable: error D:\webroot\registration system using thinkphp framework\Application\Runtime\Cache\Home\e2f1e8739761dd1b07196da7c9136d50.php 第 42 行.
INFO: Run Behavior\ParseTemplateBehavior [ RunTime:0.009000s ]
INFO: [ view_parse ] --END-- [ RunTime:0.009000s ]
INFO: [ view_filter ] --START--
INFO: Run Behavior\WriteHtmlCacheBehavior [ RunTime:0.001000s ]
INFO: [ view_filter ] --END-- [ RunTime:0.001000s ]
INFO: [ app_end ] --START--
INFO: Run Behavior\ShowPageTraceBehavior [ RunTime:0.001001s ]
INFO: [ app_end ] --END-- [ RunTime:0.001001s ]

[ 2018-12-18T17:08:30+08:00 ] 127.0.0.1 /index.php/Home/index/login.html
INFO: [ app_init ] --START--
INFO: Run Behavior\BuildLiteBehavior [ RunTime:0.000000s ]
INFO: [ app_init ] --END-- [ RunTime:0.001000s ]
INFO: [ app_begin ] --START--
INFO: Run Behavior\ReadHtmlCacheBehavior [ RunTime:0.001001s ]
INFO: [ app_begin ] --END-- [ RunTime:0.001001s ]
INFO: [ view_parse ] --START--
INFO: [ template_filter ] --START--
INFO: Run Behavior\ContentReplaceBehavior [ RunTime:0.000000s ]
INFO: [ template_filter ] --END-- [ RunTime:0.000000s ]
NOTIC: [2] include(errors.php): failed to open stream: No such file or directory D:\webroot\registration system using thinkphp framework\Application\Runtime\Cache\Home\ccea6a400660ce54d68cab67b9f68781.php 第 13 行.
NOTIC: [2] include(errors.php): failed to open stream: No such file or directory D:\webroot\registration system using thinkphp framework\Application\Runtime\Cache\Home\ccea6a400660ce54d68cab67b9f68781.php 第 13 行.
NOTIC: [2] include(): Failed opening 'errors.php' for inclusion (include_path='.;C:\php\pear') D:\webroot\registration system using thinkphp framework\Application\Runtime\Cache\Home\ccea6a400660ce54d68cab67b9f68781.php 第 13 行.
NOTIC: [8] Undefined variable: errMessage D:\webroot\registration system using thinkphp framework\Application\Runtime\Cache\Home\ccea6a400660ce54d68cab67b9f68781.php 第 37 行.
INFO: Run Behavior\ParseTemplateBehavior [ RunTime:0.008000s ]
INFO: [ view_parse ] --END-- [ RunTime:0.008000s ]
INFO: [ view_filter ] --START--
INFO: Run Behavior\WriteHtmlCacheBehavior [ RunTime:0.001000s ]
INFO: [ view_filter ] --END-- [ RunTime:0.001000s ]
INFO: [ app_end ] --START--
INFO: Run Behavior\ShowPageTraceBehavior [ RunTime:0.001000s ]
INFO: [ app_end ] --END-- [ RunTime:0.001000s ]

[ 2018-12-18T17:08:47+08:00 ] 127.0.0.1 /index.php/Home/index/register.html
INFO: [ app_init ] --START--
INFO: Run Behavior\BuildLiteBehavior [ RunTime:0.000000s ]
INFO: [ app_init ] --END-- [ RunTime:0.001000s ]
INFO: [ app_begin ] --START--
INFO: Run Behavior\ReadHtmlCacheBehavior [ RunTime:0.001001s ]
INFO: [ app_begin ] --END-- [ RunTime:0.001001s ]
INFO: [ view_parse ] --START--
INFO: [ template_filter ] --START--
INFO: Run Behavior\ContentReplaceBehavior [ RunTime:0.000000s ]
INFO: [ template_filter ] --END-- [ RunTime:0.000000s ]
NOTIC: [2] include(errors.php): failed to open stream: No such file or directory D:\webroot\registration system using thinkphp framework\Application\Runtime\Cache\Home\e2f1e8739761dd1b07196da7c9136d50.php 第 13 行.
NOTIC: [2] include(errors.php): failed to open stream: No such file or directory D:\webroot\registration system using thinkphp framework\Application\Runtime\Cache\Home\e2f1e8739761dd1b07196da7c9136d50.php 第 13 行.
NOTIC: [2] include(): Failed opening 'errors.php' for inclusion (include_path='.;C:\php\pear') D:\webroot\registration system using thinkphp framework\Application\Runtime\Cache\Home\e2f1e8739761dd1b07196da7c9136d50.php 第 13 行.
NOTIC: [8] Undefined variable: username D:\webroot\registration system using thinkphp framework\Application\Runtime\Cache\Home\e2f1e8739761dd1b07196da7c9136d50.php 第 16 行.
NOTIC: [8] Undefined variable: error D:\webroot\registration system using thinkphp framework\Application\Runtime\Cache\Home\e2f1e8739761dd1b07196da7c9136d50.php 第 42 行.
INFO: Run Behavior\ParseTemplateBehavior [ RunTime:0.007000s ]
INFO: [ view_parse ] --END-- [ RunTime:0.007000s ]
INFO: [ view_filter ] --START--
INFO: Run Behavior\WriteHtmlCacheBehavior [ RunTime:0.001000s ]
INFO: [ view_filter ] --END-- [ RunTime:0.001000s ]
INFO: [ app_end ] --START--
INFO: Run Behavior\ShowPageTraceBehavior [ RunTime:0.001000s ]
INFO: [ app_end ] --END-- [ RunTime:0.001000s ]

[ 2018-12-18T17:08:55+08:00 ] 127.0.0.1 /index.php/Home/index/login.html
INFO: [ app_init ] --START--
INFO: Run Behavior\BuildLiteBehavior [ RunTime:0.000000s ]
INFO: [ app_init ] --END-- [ RunTime:0.000000s ]
INFO: [ app_begin ] --START--
INFO: Run Behavior\ReadHtmlCacheBehavior [ RunTime:0.000000s ]
INFO: [ app_begin ] --END-- [ RunTime:0.001000s ]
INFO: [ view_parse ] --START--
INFO: [ template_filter ] --START--
INFO: Run Behavior\ContentReplaceBehavior [ RunTime:0.000000s ]
INFO: [ template_filter ] --END-- [ RunTime:0.000000s ]
NOTIC: [2] include(errors.php): failed to open stream: No such file or directory D:\webroot\registration system using thinkphp framework\Application\Runtime\Cache\Home\ccea6a400660ce54d68cab67b9f68781.php 第 13 行.
NOTIC: [2] include(errors.php): failed to open stream: No such file or directory D:\webroot\registration system using thinkphp framework\Application\Runtime\Cache\Home\ccea6a400660ce54d68cab67b9f68781.php 第 13 行.
NOTIC: [2] include(): Failed opening 'errors.php' for inclusion (include_path='.;C:\php\pear') D:\webroot\registration system using thinkphp framework\Application\Runtime\Cache\Home\ccea6a400660ce54d68cab67b9f68781.php 第 13 行.
NOTIC: [8] Undefined variable: errMessage D:\webroot\registration system using thinkphp framework\Application\Runtime\Cache\Home\ccea6a400660ce54d68cab67b9f68781.php 第 37 行.
INFO: Run Behavior\ParseTemplateBehavior [ RunTime:0.007000s ]
INFO: [ view_parse ] --END-- [ RunTime:0.007000s ]
INFO: [ view_filter ] --START--
INFO: Run Behavior\WriteHtmlCacheBehavior [ RunTime:0.001001s ]
INFO: [ view_filter ] --END-- [ RunTime:0.001001s ]
INFO: [ app_end ] --START--
INFO: Run Behavior\ShowPageTraceBehavior [ RunTime:0.000000s ]
INFO: [ app_end ] --END-- [ RunTime:0.000000s ]

[ 2018-12-18T17:09:25+08:00 ] 127.0.0.1 /index.php/Home/index/login.html
INFO: [ app_init ] --START--
INFO: Run Behavior\BuildLiteBehavior [ RunTime:0.000000s ]
INFO: [ app_init ] --END-- [ RunTime:0.000000s ]
INFO: [ app_begin ] --START--
INFO: Run Behavior\ReadHtmlCacheBehavior [ RunTime:0.000000s ]
INFO: [ app_begin ] --END-- [ RunTime:0.000000s ]
INFO: [ view_parse ] --START--
INFO: [ template_filter ] --START--
INFO: Run Behavior\ContentReplaceBehavior [ RunTime:0.000000s ]
INFO: [ template_filter ] --END-- [ RunTime:0.000000s ]
NOTIC: [2] include(errors.php): failed to open stream: No such file or directory D:\webroot\registration system using thinkphp framework\Application\Runtime\Cache\Home\ccea6a400660ce54d68cab67b9f68781.php 第 13 行.
NOTIC: [2] include(errors.php): failed to open stream: No such file or directory D:\webroot\registration system using thinkphp framework\Application\Runtime\Cache\Home\ccea6a400660ce54d68cab67b9f68781.php 第 13 行.
NOTIC: [2] include(): Failed opening 'errors.php' for inclusion (include_path='.;C:\php\pear') D:\webroot\registration system using thinkphp framework\Application\Runtime\Cache\Home\ccea6a400660ce54d68cab67b9f68781.php 第 13 行.
NOTIC: [8] Undefined variable: errMessage D:\webroot\registration system using thinkphp framework\Application\Runtime\Cache\Home\ccea6a400660ce54d68cab67b9f68781.php 第 37 行.
INFO: Run Behavior\ParseTemplateBehavior [ RunTime:0.008000s ]
INFO: [ view_parse ] --END-- [ RunTime:0.008000s ]
INFO: [ view_filter ] --START--
INFO: Run Behavior\WriteHtmlCacheBehavior [ RunTime:0.000000s ]
INFO: [ view_filter ] --END-- [ RunTime:0.000000s ]
INFO: [ app_end ] --START--
INFO: Run Behavior\ShowPageTraceBehavior [ RunTime:0.001001s ]
INFO: [ app_end ] --END-- [ RunTime:0.001001s ]

[ 2018-12-18T17:09:51+08:00 ] 127.0.0.1 /index.php/Home/index/register.html
INFO: [ app_init ] --START--
INFO: Run Behavior\BuildLiteBehavior [ RunTime:0.001000s ]
INFO: [ app_init ] --END-- [ RunTime:0.001000s ]
INFO: [ app_begin ] --START--
INFO: Run Behavior\ReadHtmlCacheBehavior [ RunTime:0.000000s ]
INFO: [ app_begin ] --END-- [ RunTime:0.000000s ]
INFO: [ view_parse ] --START--
INFO: [ template_filter ] --START--
INFO: Run Behavior\ContentReplaceBehavior [ RunTime:0.000000s ]
INFO: [ template_filter ] --END-- [ RunTime:0.001000s ]
NOTIC: [2] include(errors.php): failed to open stream: No such file or directory D:\webroot\registration system using thinkphp framework\Application\Runtime\Cache\Home\e2f1e8739761dd1b07196da7c9136d50.php 第 13 行.
NOTIC: [2] include(errors.php): failed to open stream: No such file or directory D:\webroot\registration system using thinkphp framework\Application\Runtime\Cache\Home\e2f1e8739761dd1b07196da7c9136d50.php 第 13 行.
NOTIC: [2] include(): Failed opening 'errors.php' for inclusion (include_path='.;C:\php\pear') D:\webroot\registration system using thinkphp framework\Application\Runtime\Cache\Home\e2f1e8739761dd1b07196da7c9136d50.php 第 13 行.
NOTIC: [8] Undefined variable: username D:\webroot\registration system using thinkphp framework\Application\Runtime\Cache\Home\e2f1e8739761dd1b07196da7c9136d50.php 第 16 行.
NOTIC: [8] Undefined variable: error D:\webroot\registration system using thinkphp framework\Application\Runtime\Cache\Home\e2f1e8739761dd1b07196da7c9136d50.php 第 42 行.
INFO: Run Behavior\ParseTemplateBehavior [ RunTime:0.007000s ]
INFO: [ view_parse ] --END-- [ RunTime:0.007000s ]
INFO: [ view_filter ] --START--
INFO: Run Behavior\WriteHtmlCacheBehavior [ RunTime:0.001000s ]
INFO: [ view_filter ] --END-- [ RunTime:0.001000s ]
INFO: [ app_end ] --START--
INFO: Run Behavior\ShowPageTraceBehavior [ RunTime:0.001000s ]
INFO: [ app_end ] --END-- [ RunTime:0.001000s ]

[ 2018-12-18T17:14:16+08:00 ] 127.0.0.1 /index.php/Home/index/register.html
INFO: [ app_init ] --START--
INFO: Run Behavior\BuildLiteBehavior [ RunTime:0.000000s ]
INFO: [ app_init ] --END-- [ RunTime:0.000000s ]
INFO: [ app_begin ] --START--
INFO: Run Behavior\ReadHtmlCacheBehavior [ RunTime:0.001000s ]
INFO: [ app_begin ] --END-- [ RunTime:0.001000s ]
SQL: SHOW COLUMNS FROM `users` [ RunTime:0.0150s ]
NOTIC: [8] Undefined index: validate D:\webroot\registration system using thinkphp framework\ThinkPHP\Library\Think\Model.class.php 第 1185 行.
NOTIC: [8] Undefined index: auto D:\webroot\registration system using thinkphp framework\ThinkPHP\Library\Think\Model.class.php 第 1128 行.
SQL: SELECT * FROM `users` WHERE `username` = 'yuchen' LIMIT 1   [ RunTime:0.0010s ]
INFO: [ view_parse ] --START--
INFO: [ template_filter ] --START--
INFO: Run Behavior\ContentReplaceBehavior [ RunTime:0.000000s ]
INFO: [ template_filter ] --END-- [ RunTime:0.001000s ]
NOTIC: [2] include(errors.php): failed to open stream: No such file or directory D:\webroot\registration system using thinkphp framework\Application\Runtime\Cache\Home\e2f1e8739761dd1b07196da7c9136d50.php 第 13 行.
NOTIC: [2] include(errors.php): failed to open stream: No such file or directory D:\webroot\registration system using thinkphp framework\Application\Runtime\Cache\Home\e2f1e8739761dd1b07196da7c9136d50.php 第 13 行.
NOTIC: [2] include(): Failed opening 'errors.php' for inclusion (include_path='.;C:\php\pear') D:\webroot\registration system using thinkphp framework\Application\Runtime\Cache\Home\e2f1e8739761dd1b07196da7c9136d50.php 第 13 行.
NOTIC: [8] Undefined variable: username D:\webroot\registration system using thinkphp framework\Application\Runtime\Cache\Home\e2f1e8739761dd1b07196da7c9136d50.php 第 16 行.
INFO: Run Behavior\ParseTemplateBehavior [ RunTime:0.022001s ]
INFO: [ view_parse ] --END-- [ RunTime:0.023001s ]
INFO: [ view_filter ] --START--
INFO: Run Behavior\WriteHtmlCacheBehavior [ RunTime:0.000000s ]
INFO: [ view_filter ] --END-- [ RunTime:0.000000s ]
INFO: [ app_end ] --START--
INFO: Run Behavior\ShowPageTraceBehavior [ RunTime:0.001000s ]
INFO: [ app_end ] --END-- [ RunTime:0.001000s ]

[ 2018-12-18T17:14:50+08:00 ] 127.0.0.1 /index.php/Home/index/register.html
INFO: [ app_init ] --START--
INFO: Run Behavior\BuildLiteBehavior [ RunTime:0.000000s ]
INFO: [ app_init ] --END-- [ RunTime:0.001000s ]
INFO: [ app_begin ] --START--
INFO: Run Behavior\ReadHtmlCacheBehavior [ RunTime:0.001000s ]
INFO: [ app_begin ] --END-- [ RunTime:0.001000s ]
INFO: [ view_parse ] --START--
INFO: [ template_filter ] --START--
INFO: Run Behavior\ContentReplaceBehavior [ RunTime:0.000000s ]
INFO: [ template_filter ] --END-- [ RunTime:0.000000s ]
NOTIC: [2] include(errors.php): failed to open stream: No such file or directory D:\webroot\registration system using thinkphp framework\Application\Runtime\Cache\Home\e2f1e8739761dd1b07196da7c9136d50.php 第 13 行.
NOTIC: [2] include(errors.php): failed to open stream: No such file or directory D:\webroot\registration system using thinkphp framework\Application\Runtime\Cache\Home\e2f1e8739761dd1b07196da7c9136d50.php 第 13 行.
NOTIC: [2] include(): Failed opening 'errors.php' for inclusion (include_path='.;C:\php\pear') D:\webroot\registration system using thinkphp framework\Application\Runtime\Cache\Home\e2f1e8739761dd1b07196da7c9136d50.php 第 13 行.
NOTIC: [8] Undefined variable: username D:\webroot\registration system using thinkphp framework\Application\Runtime\Cache\Home\e2f1e8739761dd1b07196da7c9136d50.php 第 16 行.
NOTIC: [8] Undefined variable: error D:\webroot\registration system using thinkphp framework\Application\Runtime\Cache\Home\e2f1e8739761dd1b07196da7c9136d50.php 第 42 行.
INFO: Run Behavior\ParseTemplateBehavior [ RunTime:0.022001s ]
INFO: [ view_parse ] --END-- [ RunTime:0.022001s ]
INFO: [ view_filter ] --START--
INFO: Run Behavior\WriteHtmlCacheBehavior [ RunTime:0.001000s ]
INFO: [ view_filter ] --END-- [ RunTime:0.001000s ]
INFO: [ app_end ] --START--
INFO: Run Behavior\ShowPageTraceBehavior [ RunTime:0.001000s ]
INFO: [ app_end ] --END-- [ RunTime:0.001000s ]

[ 2018-12-18T17:15:05+08:00 ] 127.0.0.1 /index.php/Home/index/register.html
INFO: [ app_init ] --START--
INFO: Run Behavior\BuildLiteBehavior [ RunTime:0.000000s ]
INFO: [ app_init ] --END-- [ RunTime:0.001000s ]
INFO: [ app_begin ] --START--
INFO: Run Behavior\ReadHtmlCacheBehavior [ RunTime:0.002000s ]
INFO: [ app_begin ] --END-- [ RunTime:0.002000s ]
SQL: SHOW COLUMNS FROM `users` [ RunTime:0.0100s ]
NOTIC: [8] Undefined index: validate D:\webroot\registration system using thinkphp framework\ThinkPHP\Library\Think\Model.class.php 第 1185 行.
NOTIC: [8] Undefined index: auto D:\webroot\registration system using thinkphp framework\ThinkPHP\Library\Think\Model.class.php 第 1128 行.
SQL: SELECT * FROM `users` WHERE `username` = 'yuchen' LIMIT 1   [ RunTime:0.0010s ]
INFO: [ view_parse ] --START--
INFO: [ template_filter ] --START--
INFO: Run Behavior\ContentReplaceBehavior [ RunTime:0.000000s ]
INFO: [ template_filter ] --END-- [ RunTime:0.000000s ]
NOTIC: [2] include(errors.php): failed to open stream: No such file or directory D:\webroot\registration system using thinkphp framework\Application\Runtime\Cache\Home\e2f1e8739761dd1b07196da7c9136d50.php 第 13 行.
NOTIC: [2] include(errors.php): failed to open stream: No such file or directory D:\webroot\registration system using thinkphp framework\Application\Runtime\Cache\Home\e2f1e8739761dd1b07196da7c9136d50.php 第 13 行.
NOTIC: [2] include(): Failed opening 'errors.php' for inclusion (include_path='.;C:\php\pear') D:\webroot\registration system using thinkphp framework\Application\Runtime\Cache\Home\e2f1e8739761dd1b07196da7c9136d50.php 第 13 行.
NOTIC: [8] Undefined variable: username D:\webroot\registration system using thinkphp framework\Application\Runtime\Cache\Home\e2f1e8739761dd1b07196da7c9136d50.php 第 16 行.
INFO: Run Behavior\ParseTemplateBehavior [ RunTime:0.016001s ]
INFO: [ view_parse ] --END-- [ RunTime:0.016001s ]
INFO: [ view_filter ] --START--
INFO: Run Behavior\WriteHtmlCacheBehavior [ RunTime:0.001000s ]
INFO: [ view_filter ] --END-- [ RunTime:0.001000s ]
INFO: [ app_end ] --START--
INFO: Run Behavior\ShowPageTraceBehavior [ RunTime:0.002001s ]
INFO: [ app_end ] --END-- [ RunTime:0.002001s ]

[ 2018-12-18T17:15:36+08:00 ] 127.0.0.1 /index.php/Home/index/register
INFO: [ app_init ] --START--
INFO: Run Behavior\BuildLiteBehavior [ RunTime:0.000000s ]
INFO: [ app_init ] --END-- [ RunTime:0.001000s ]
INFO: [ app_begin ] --START--
INFO: Run Behavior\ReadHtmlCacheBehavior [ RunTime:0.001000s ]
INFO: [ app_begin ] --END-- [ RunTime:0.001000s ]
INFO: [ view_parse ] --START--
INFO: [ template_filter ] --START--
INFO: Run Behavior\ContentReplaceBehavior [ RunTime:0.000000s ]
INFO: [ template_filter ] --END-- [ RunTime:0.000000s ]
NOTIC: [2] include(errors.php): failed to open stream: No such file or directory D:\webroot\registration system using thinkphp framework\Application\Runtime\Cache\Home\e2f1e8739761dd1b07196da7c9136d50.php 第 13 行.
NOTIC: [2] include(errors.php): failed to open stream: No such file or directory D:\webroot\registration system using thinkphp framework\Application\Runtime\Cache\Home\e2f1e8739761dd1b07196da7c9136d50.php 第 13 行.
NOTIC: [2] include(): Failed opening 'errors.php' for inclusion (include_path='.;C:\php\pear') D:\webroot\registration system using thinkphp framework\Application\Runtime\Cache\Home\e2f1e8739761dd1b07196da7c9136d50.php 第 13 行.
NOTIC: [8] Undefined variable: username D:\webroot\registration system using thinkphp framework\Application\Runtime\Cache\Home\e2f1e8739761dd1b07196da7c9136d50.php 第 16 行.
NOTIC: [8] Undefined variable: error D:\webroot\registration system using thinkphp framework\Application\Runtime\Cache\Home\e2f1e8739761dd1b07196da7c9136d50.php 第 42 行.
INFO: Run Behavior\ParseTemplateBehavior [ RunTime:0.024002s ]
INFO: [ view_parse ] --END-- [ RunTime:0.024002s ]
INFO: [ view_filter ] --START--
INFO: Run Behavior\WriteHtmlCacheBehavior [ RunTime:0.001000s ]
INFO: [ view_filter ] --END-- [ RunTime:0.001000s ]
INFO: [ app_end ] --START--
INFO: Run Behavior\ShowPageTraceBehavior [ RunTime:0.001000s ]
INFO: [ app_end ] --END-- [ RunTime:0.001000s ]

[ 2018-12-18T17:17:35+08:00 ] 127.0.0.1 /index.php/Home/index/register.html
INFO: [ app_init ] --START--
INFO: Run Behavior\BuildLiteBehavior [ RunTime:0.000000s ]
INFO: [ app_init ] --END-- [ RunTime:0.001000s ]
INFO: [ app_begin ] --START--
INFO: Run Behavior\ReadHtmlCacheBehavior [ RunTime:0.001000s ]
INFO: [ app_begin ] --END-- [ RunTime:0.001000s ]
SQL: SHOW COLUMNS FROM `users` [ RunTime:0.0110s ]
NOTIC: [8] Undefined index: validate D:\webroot\registration system using thinkphp framework\ThinkPHP\Library\Think\Model.class.php 第 1185 行.
NOTIC: [8] Undefined index: auto D:\webroot\registration system using thinkphp framework\ThinkPHP\Library\Think\Model.class.php 第 1128 行.
SQL: SELECT * FROM `users` WHERE `username` = 'yuchen' LIMIT 1   [ RunTime:0.0010s ]
SQL: INSERT INTO `users` (`username`,`password`) VALUES ('yuchen','MFys980304') [ RunTime:0.0010s ]
INFO: [ view_parse ] --START--
INFO: [ template_filter ] --START--
INFO: Run Behavior\ContentReplaceBehavior [ RunTime:0.000000s ]
INFO: [ template_filter ] --END-- [ RunTime:0.000000s ]
INFO: Run Behavior\ParseTemplateBehavior [ RunTime:0.034002s ]
INFO: [ view_parse ] --END-- [ RunTime:0.034002s ]
INFO: [ view_filter ] --START--
INFO: Run Behavior\WriteHtmlCacheBehavior [ RunTime:0.001000s ]
INFO: [ view_filter ] --END-- [ RunTime:0.001000s ]
INFO: [ view_parse ] --START--
INFO: [ template_filter ] --START--
INFO: Run Behavior\ContentReplaceBehavior [ RunTime:0.000000s ]
INFO: [ template_filter ] --END-- [ RunTime:-0.006001s ]
NOTIC: [2] include(errors.php): failed to open stream: No such file or directory D:\webroot\registration system using thinkphp framework\Application\Runtime\Cache\Home\e2f1e8739761dd1b07196da7c9136d50.php 第 13 行.
NOTIC: [2] include(errors.php): failed to open stream: No such file or directory D:\webroot\registration system using thinkphp framework\Application\Runtime\Cache\Home\e2f1e8739761dd1b07196da7c9136d50.php 第 13 行.
NOTIC: [2] include(): Failed opening 'errors.php' for inclusion (include_path='.;C:\php\pear') D:\webroot\registration system using thinkphp framework\Application\Runtime\Cache\Home\e2f1e8739761dd1b07196da7c9136d50.php 第 13 行.
NOTIC: [8] Undefined variable: username D:\webroot\registration system using thinkphp framework\Application\Runtime\Cache\Home\e2f1e8739761dd1b07196da7c9136d50.php 第 16 行.
NOTIC: [8] Undefined variable: error D:\webroot\registration system using thinkphp framework\Application\Runtime\Cache\Home\e2f1e8739761dd1b07196da7c9136d50.php 第 42 行.
INFO: Run Behavior\ParseTemplateBehavior [ RunTime:0.005000s ]
INFO: [ view_parse ] --END-- [ RunTime:-0.001000s ]
INFO: [ view_filter ] --START--
INFO: Run Behavior\WriteHtmlCacheBehavior [ RunTime:0.000000s ]
INFO: [ view_filter ] --END-- [ RunTime:-0.005000s ]
INFO: [ app_end ] --START--
INFO: Run Behavior\ShowPageTraceBehavior [ RunTime:0.002000s ]
INFO: [ app_end ] --END-- [ RunTime:0.002000s ]

[ 2018-12-18T17:17:36+08:00 ] 127.0.0.1 /index.php/Home/index/test
INFO: [ app_init ] --START--
INFO: Run Behavior\BuildLiteBehavior [ RunTime:0.000000s ]
INFO: [ app_init ] --END-- [ RunTime:0.001000s ]
INFO: [ app_begin ] --START--
INFO: Run Behavior\ReadHtmlCacheBehavior [ RunTime:0.001000s ]
INFO: [ app_begin ] --END-- [ RunTime:0.001000s ]
INFO: [ view_parse ] --START--
INFO: [ template_filter ] --START--
INFO: Run Behavior\ContentReplaceBehavior [ RunTime:0.000000s ]
INFO: [ template_filter ] --END-- [ RunTime:0.000000s ]
NOTIC: [8] A session had already been started - ignoring session_start() D:\webroot\registration system using thinkphp framework\Application\Runtime\Cache\Home\4913b3ab5f520f6dd350e21137b73fb2.php 第 1 行.
INFO: Run Behavior\ParseTemplateBehavior [ RunTime:0.008001s ]
INFO: [ view_parse ] --END-- [ RunTime:0.008001s ]
INFO: [ view_filter ] --START--
INFO: Run Behavior\WriteHtmlCacheBehavior [ RunTime:0.001000s ]
INFO: [ view_filter ] --END-- [ RunTime:0.001000s ]
INFO: [ app_end ] --START--
INFO: Run Behavior\ShowPageTraceBehavior [ RunTime:0.001000s ]
INFO: [ app_end ] --END-- [ RunTime:0.001000s ]

[ 2018-12-18T17:36:16+08:00 ] 127.0.0.1 /index.php/Home/index/test.html?logout=%271%27
INFO: [ app_init ] --START--
INFO: Run Behavior\BuildLiteBehavior [ RunTime:0.000000s ]
INFO: [ app_init ] --END-- [ RunTime:0.000000s ]
INFO: [ app_begin ] --START--
INFO: Run Behavior\ReadHtmlCacheBehavior [ RunTime:0.000000s ]
INFO: [ app_begin ] --END-- [ RunTime:0.000000s ]
INFO: [ view_parse ] --START--
INFO: [ template_filter ] --START--
INFO: Run Behavior\ContentReplaceBehavior [ RunTime:0.000000s ]
INFO: [ template_filter ] --END-- [ RunTime:0.000000s ]
NOTIC: [8] A session had already been started - ignoring session_start() D:\webroot\registration system using thinkphp framework\Application\Runtime\Cache\Home\4913b3ab5f520f6dd350e21137b73fb2.php 第 1 行.
INFO: Run Behavior\ParseTemplateBehavior [ RunTime:0.020001s ]
INFO: [ view_parse ] --END-- [ RunTime:0.020001s ]
INFO: [ view_filter ] --START--
INFO: Run Behavior\WriteHtmlCacheBehavior [ RunTime:0.000000s ]
INFO: [ view_filter ] --END-- [ RunTime:0.001000s ]
INFO: [ app_end ] --START--
INFO: Run Behavior\ShowPageTraceBehavior [ RunTime:0.001000s ]
INFO: [ app_end ] --END-- [ RunTime:0.001000s ]

[ 2018-12-18T17:36:16+08:00 ] 127.0.0.1 /index.php/Home/index/login.html
INFO: [ app_init ] --START--
INFO: Run Behavior\BuildLiteBehavior [ RunTime:0.000000s ]
INFO: [ app_init ] --END-- [ RunTime:0.001000s ]
INFO: [ app_begin ] --START--
INFO: Run Behavior\ReadHtmlCacheBehavior [ RunTime:0.000000s ]
INFO: [ app_begin ] --END-- [ RunTime:0.000000s ]
INFO: [ view_parse ] --START--
INFO: [ template_filter ] --START--
INFO: Run Behavior\ContentReplaceBehavior [ RunTime:0.000000s ]
INFO: [ template_filter ] --END-- [ RunTime:0.000000s ]
NOTIC: [2] include(errors.php): failed to open stream: No such file or directory D:\webroot\registration system using thinkphp framework\Application\Runtime\Cache\Home\ccea6a400660ce54d68cab67b9f68781.php 第 13 行.
NOTIC: [2] include(errors.php): failed to open stream: No such file or directory D:\webroot\registration system using thinkphp framework\Application\Runtime\Cache\Home\ccea6a400660ce54d68cab67b9f68781.php 第 13 行.
NOTIC: [2] include(): Failed opening 'errors.php' for inclusion (include_path='.;C:\php\pear') D:\webroot\registration system using thinkphp framework\Application\Runtime\Cache\Home\ccea6a400660ce54d68cab67b9f68781.php 第 13 行.
NOTIC: [8] Undefined variable: errMessage D:\webroot\registration system using thinkphp framework\Application\Runtime\Cache\Home\ccea6a400660ce54d68cab67b9f68781.php 第 32 行.
INFO: Run Behavior\ParseTemplateBehavior [ RunTime:0.009001s ]
INFO: [ view_parse ] --END-- [ RunTime:0.009001s ]
INFO: [ view_filter ] --START--
INFO: Run Behavior\WriteHtmlCacheBehavior [ RunTime:0.001000s ]
INFO: [ view_filter ] --END-- [ RunTime:0.001000s ]
INFO: [ app_end ] --START--
INFO: Run Behavior\ShowPageTraceBehavior [ RunTime:0.001000s ]
INFO: [ app_end ] --END-- [ RunTime:0.001000s ]

